#-----------------------------------------------------------
# Vivado v2024.2 (64-bit)
# SW Build 5239630 on Fri Nov 08 22:35:27 MST 2024
# IP Build 5239520 on Sun Nov 10 16:12:51 MST 2024
# SharedData Build 5239561 on Fri Nov 08 14:39:27 MST 2024
# Start of session at: Tue Feb 11 14:22:36 2025
# Process ID         : 85096
# Current directory  : C:/Users/linds/OneDrive/Desktop/2024-2025_Semester_1/GIM/GIM-2024-2025/spi_directio/vitis_files/spi_master/spi_master/hls/impl/ip
# Command line       : vivado.exe -notrace -mode batch -source run_ippack.tcl
# Log file           : C:/Users/linds/OneDrive/Desktop/2024-2025_Semester_1/GIM/GIM-2024-2025/spi_directio/vitis_files/spi_master/spi_master/hls/impl/ip/vivado.log
# Journal file       : C:/Users/linds/OneDrive/Desktop/2024-2025_Semester_1/GIM/GIM-2024-2025/spi_directio/vitis_files/spi_master/spi_master/hls/impl/ip\vivado.jou
# Running On         : Lindsey_laptop
# Platform           : Windows Server 2016 or Windows 10
# Operating System   : 22631
# Processor Detail   : 12th Gen Intel(R) Core(TM) i7-12700H
# CPU Frequency      : 2688 MHz
# CPU Physical cores : 14
# CPU Logical cores  : 20
# Host memory        : 34042 MB
# Swap memory        : 11274 MB
# Total Virtual      : 45317 MB
# Available Virtual  : 8456 MB
#-----------------------------------------------------------
source run_ippack.tcl -notrace
INFO: calling package_hls_ip ip_types=vitis sysgen json_file=C:/Users/linds/OneDrive/Desktop/2024-2025_Semester_1/GIM/GIM-2024-2025/spi_directio/vitis_files/spi_master/spi_master/hls/hls_data.json outdir=C:/Users/linds/OneDrive/Desktop/2024-2025_Semester_1/GIM/GIM-2024-2025/spi_directio/vitis_files/spi_master/spi_master/hls/impl/ip srcdir=C:/Users/linds/OneDrive/Desktop/2024-2025_Semester_1/GIM/GIM-2024-2025/spi_directio/vitis_files/spi_master/spi_master/hls sort_interfaces_ports=false
INFO: Copied 1 ipmisc file(s) to C:/Users/linds/OneDrive/Desktop/2024-2025_Semester_1/GIM/GIM-2024-2025/spi_directio/vitis_files/spi_master/spi_master/hls/impl/ip/misc
INFO: Copied 1 verilog file(s) to C:/Users/linds/OneDrive/Desktop/2024-2025_Semester_1/GIM/GIM-2024-2025/spi_directio/vitis_files/spi_master/spi_master/hls/impl/ip/hdl/verilog
INFO: Copied 1 vhdl file(s) to C:/Users/linds/OneDrive/Desktop/2024-2025_Semester_1/GIM/GIM-2024-2025/spi_directio/vitis_files/spi_master/spi_master/hls/impl/ip/hdl/vhdl
ipx::create_core: Time (s): cpu = 00:00:02 ; elapsed = 00:00:13 . Memory (MB): peak = 625.168 ; gain = 185.746
INFO: Import ports from HDL: C:/Users/linds/OneDrive/Desktop/2024-2025_Semester_1/GIM/GIM-2024-2025/spi_directio/vitis_files/spi_master/spi_master/hls/impl/ip/hdl/vhdl/spi_master.vhd (spi_master)
INFO: Add clock interface ap_clk
INFO: Add reset interface ap_rst
INFO: Add data interface sclk
INFO: [IP_Flow 19-234] Refreshing IP repositories
INFO: [IP_Flow 19-1704] No user IP repositories specified
INFO: [IP_Flow 19-2313] Loaded Vivado IP repository 'C:/Xilinx/Vivado/2024.2/data/ip'.
INFO: Add data interface cs
INFO: Add data interface mosi
INFO: Add data interface miso
INFO: Add data interface data_out
INFO: Add data interface data_in
INFO: Calling post_process_vitis to specialize IP
INFO: Calling post_process_sysgen to specialize IP
Generating sysgen info xml from json file
INFO: Created IP C:/Users/linds/OneDrive/Desktop/2024-2025_Semester_1/GIM/GIM-2024-2025/spi_directio/vitis_files/spi_master/spi_master/hls/impl/ip/component.xml
INFO: Created IP archive C:/Users/linds/OneDrive/Desktop/2024-2025_Semester_1/GIM/GIM-2024-2025/spi_directio/vitis_files/spi_master/spi_master/hls/impl/ip/xilinx_com_hls_spi_master_1_0.zip
INFO: [Common 17-206] Exiting Vivado at Tue Feb 11 14:23:08 2025...
