INFO: [vitis-run 60-1548] Creating build summary session with primary output C:/Users/Dawso/GIM-2024-2025/spi_directio/hls_daw/example_acc/example_acc\example_acc.hlsrun_cosim_summary, at 02/16/25 00:20:34
INFO: [vitis-run 82-31] Launching vitis_hls: vitis_hls -nolog -run cosim -work_dir C:/Users/Dawso/GIM-2024-2025/spi_directio/hls_daw/example_acc/example_acc -config C:/Users/Dawso/GIM-2024-2025/spi_directio/hls_daw/example_acc/hls_config.cfg -cmdlineconfig C:/Users/Dawso/GIM-2024-2025/spi_directio/hls_daw/example_acc/example_acc/hls/config.cmdline

****** Vitis HLS - High-Level Synthesis from C, C++ and OpenCL v2024.1 (64-bit)
  **** SW Build 5069499 on May 21 2024
  **** IP Build 5075265 on Wed May 22 21:45:21 MDT 2024
  **** SharedData Build 5076995 on Wed May 22 18:29:18 MDT 2024
  **** Start of session at: Sun Feb 16 00:20:36 2025
    ** Copyright 1986-2022 Xilinx, Inc. All Rights Reserved.
    ** Copyright 2022-2024 Advanced Micro Devices, Inc. All Rights Reserved.

source C:/Xilinx/Vitis_HLS/2024.1/scripts/vitis_hls/hls.tcl -notrace
INFO: [HLS 200-10] For user 'Dawso' on host 'laptop-dp0ojsk0' (Windows NT_amd64 version 10.0) on Sun Feb 16 00:20:37 -0600 2025
INFO: [HLS 200-10] In directory 'C:/Users/Dawso/GIM-2024-2025/spi_directio/hls_daw/example_acc'
INFO: [HLS 200-2005] Using work_dir C:/Users/Dawso/GIM-2024-2025/spi_directio/hls_daw/example_acc/example_acc 
INFO: [HLS 200-1611] Setting target device to 'xczu3eg-sfvc784-1-e'
INFO: [HLS 200-1505] Using default flow_target 'vivado'
Resolution: For help on HLS 200-1505 see docs.xilinx.com/access/sources/dita/topic?Doc_Version=2024.1%20English&url=ug1448-hls-guidance&resourceid=200-1505.html
INFO: [HLS 200-1465] Applying ini 'syn.file=C:/Users/Dawso/GIM-2024-2025/spi_directio/hls_daw/example_acc.cpp' from C:/Users/Dawso/GIM-2024-2025/spi_directio/hls_daw/example_acc/hls_config.cfg(12)
INFO: [HLS 200-10] Adding design file 'C:/Users/Dawso/GIM-2024-2025/spi_directio/hls_daw/example_acc.cpp' to the project
INFO: [HLS 200-1465] Applying ini 'syn.file=C:\Users\Dawso\GIM-2024-2025\spi_directio\hls_daw\send_data.cpp' from C:/Users/Dawso/GIM-2024-2025/spi_directio/hls_daw/example_acc/hls_config.cfg(13)
INFO: [HLS 200-10] Adding design file 'C:/Users/Dawso/GIM-2024-2025/spi_directio/hls_daw/send_data.cpp' to the project
INFO: [HLS 200-1465] Applying ini 'tb.file=C:/Users/Dawso/GIM-2024-2025/spi_directio/hls_daw/example_acc_tb.cpp' from C:/Users/Dawso/GIM-2024-2025/spi_directio/hls_daw/example_acc/hls_config.cfg(8)
INFO: [HLS 200-10] Adding test bench file 'C:/Users/Dawso/GIM-2024-2025/spi_directio/hls_daw/example_acc_tb.cpp' to the project
INFO: [HLS 200-1465] Applying ini 'tb.file_cflags=C:/Users/Dawso/GIM-2024-2025/spi_directio/hls_daw/example_acc_tb.cpp,-D HW_COSIM' from C:/Users/Dawso/GIM-2024-2025/spi_directio/hls_daw/example_acc/hls_config.cfg(9)
INFO: [HLS 200-1465] Applying ini 'syn.top=example_acc' from C:/Users/Dawso/GIM-2024-2025/spi_directio/hls_daw/example_acc/hls_config.cfg(7)
INFO: [HLS 200-1465] Applying ini 'flow_target=vivado' from C:/Users/Dawso/GIM-2024-2025/spi_directio/hls_daw/example_acc/hls_config.cfg(4)
INFO: [HLS 200-1505] Using flow_target 'vivado'
Resolution: For help on HLS 200-1505 see docs.xilinx.com/access/sources/dita/topic?Doc_Version=2024.1%20English&url=ug1448-hls-guidance&resourceid=200-1505.html
INFO: [HLS 200-1465] Applying ini 'part=xczu3eg-sfvc784-1-e' from C:/Users/Dawso/GIM-2024-2025/spi_directio/hls_daw/example_acc/hls_config.cfg(1)
INFO: [HLS 200-1465] Applying ini 'clock=10ns' from C:/Users/Dawso/GIM-2024-2025/spi_directio/hls_daw/example_acc/hls_config.cfg(10)
INFO: [SYN 201-201] Setting up clock 'default' with a period of 10ns.
INFO: [HLS 200-1465] Applying ini 'clock_uncertainty=2ns' from C:/Users/Dawso/GIM-2024-2025/spi_directio/hls_daw/example_acc/hls_config.cfg(11)
INFO: [SYN 201-201] Setting up clock 'default' with an uncertainty of 2ns.
INFO: [HLS 200-1465] Applying ini 'package.output.format=ip_catalog' from C:/Users/Dawso/GIM-2024-2025/spi_directio/hls_daw/example_acc/hls_config.cfg(5)
WARNING: [HLS 200-626] This design is unable to schedule all read ports in the first II cycle. The RTL testbench may treat the design as non-pipelined
INFO: [COSIM 212-47] Using XSIM for RTL simulation.
INFO: [COSIM 212-14] Instrumenting C test bench ...
   Build using "C:/Xilinx/Vitis_HLS/2024.1/vcxx/libexec/clang++"
   Compiling example_acc.cpp_pre.cpp.tb.cpp
   Compiling apatb_example_acc_util.cpp
   Compiling send_data.cpp_pre.cpp.tb.cpp
   Compiling example_acc_tb.cpp_pre.cpp.tb.cpp
cosim.tv.mk:87: recipe for target 'obj/example_acc_tb.cpp_pre.cpp.tb.o' failed
In file included from C:/Users/Dawso/GIM-2024-2025/spi_directio/hls_daw/example_acc.cpp:3:
In file included from C:/Xilinx/Vitis_HLS/2024.1/include/ap_axi_sdata.h:15:
In file included from C:/Xilinx/Vitis_HLS/2024.1/include/ap_int.h:10:
In file included from C:/Xilinx/Vitis_HLS/2024.1/include/etc/ap_common.h:658:
In file included from C:/Xilinx/Vitis_HLS/2024.1/include/etc/ap_private.h:68:
In file included from C:/Xilinx/Vitis_HLS/2024.1/include/hls_half.h:26:
In file included from C:/Xilinx/Vitis_HLS/2024.1/include/etc/hls_half_fpo.h:19:
In file included from C:/Xilinx/Vitis_HLS/2024.1/include/hls_fpo.h:140:
In file included from C:/Xilinx/Vitis_HLS/2024.1/include/floating_point_v7_1_bitacc_cmodel.h:150:
C:/Xilinx/Vitis_HLS/2024.1/include/gmp.h:2304:345: warning: equality comparison with extraneous parentheses [-Wparentheses-equality]
  do { mp_size_t __gmp_i; mp_limb_t __gmp_x; __gmp_i = (__gmp_ysize); if (__gmp_i != 0) { if (__gmpn_add_n (__gmp_wp, __gmp_xp, __gmp_yp, __gmp_i)) { do { if (__gmp_i >= (__gmp_xsize)) { (__gmp_c) = 1; goto __gmp_done; } __gmp_x = (__gmp_xp)[__gmp_i]; } while ((((__gmp_wp)[__gmp_i++] = (__gmp_x + 1) & ((~ (static_cast<mp_limb_t> (0))) >> 0)) == 0)); } } if ((__gmp_wp) != (__gmp_xp)) do { mp_size_t __gmp_j; for (__gmp_j = (__gmp_i); __gmp_j < (__gmp_xsize); __gmp_j++) (__gmp_wp)[__gmp_j] = (__gmp_xp)[__gmp_j]; } while (0); (__gmp_c) = 0; __gmp_done: ; } while (0);
                                                                                                                                                                                                                                                                      ~~~~~~~~~~~~~~~~~~~~~~~~~~~~~~~~~~~~~~~~~~~~~~~~~~~~~~~~~~~~~~~~~~~~~~~~~~~~~~~~~~^~~~
C:/Xilinx/Vitis_HLS/2024.1/include/gmp.h:2304:345: note: remove extraneous parentheses around the comparison to silence this warning
  do { mp_size_t __gmp_i; mp_limb_t __gmp_x; __gmp_i = (__gmp_ysize); if (__gmp_i != 0) { if (__gmpn_add_n (__gmp_wp, __gmp_xp, __gmp_yp, __gmp_i)) { do { if (__gmp_i >= (__gmp_xsize)) { (__gmp_c) = 1; goto __gmp_done; } __gmp_x = (__gmp_xp)[__gmp_i]; } while ((((__gmp_wp)[__gmp_i++] = (__gmp_x + 1) & ((~ (static_cast<mp_limb_t> (0))) >> 0)) == 0)); } } if ((__gmp_wp) != (__gmp_xp)) do { mp_size_t __gmp_j; for (__gmp_j = (__gmp_i); __gmp_j < (__gmp_xsize); __gmp_j++) (__gmp_wp)[__gmp_j] = (__gmp_xp)[__gmp_j]; } while (0); (__gmp_c) = 0; __gmp_done: ; } while (0);
                                                                                                                                                                                                                                                                     ~                                                                                  ^   ~
C:/Xilinx/Vitis_HLS/2024.1/include/gmp.h:2304:345: note: use '=' to turn this equality comparison into an assignment
  do { mp_size_t __gmp_i; mp_limb_t __gmp_x; __gmp_i = (__gmp_ysize); if (__gmp_i != 0) { if (__gmpn_add_n (__gmp_wp, __gmp_xp, __gmp_yp, __gmp_i)) { do { if (__gmp_i >= (__gmp_xsize)) { (__gmp_c) = 1; goto __gmp_done; } __gmp_x = (__gmp_xp)[__gmp_i]; } while ((((__gmp_wp)[__gmp_i++] = (__gmp_x + 1) & ((~ (static_cast<mp_limb_t> (0))) >> 0)) == 0)); } } if ((__gmp_wp) != (__gmp_xp)) do { mp_size_t __gmp_j; for (__gmp_j = (__gmp_i); __gmp_j < (__gmp_xsize); __gmp_j++) (__gmp_wp)[__gmp_j] = (__gmp_xp)[__gmp_j]; } while (0); (__gmp_c) = 0; __gmp_done: ; } while (0);
                                                                                                                                                                                                                                                                                                                                                        ^~
                                                                                                                                                                                                                                                                                                                                                        =
In file included from C:/Users/Dawso/GIM-2024-2025/spi_directio/hls_daw/example_acc.cpp:3:
In file included from C:/Xilinx/Vitis_HLS/2024.1/include/ap_axi_sdata.h:15:
In file included from C:/Xilinx/Vitis_HLS/2024.1/include/ap_int.h:10:
In file included from C:/Xilinx/Vitis_HLS/2024.1/include/etc/ap_common.h:658:
In file included from C:/Xilinx/Vitis_HLS/2024.1/include/etc/ap_private.h:68:
In file included from C:/Xilinx/Vitis_HLS/2024.1/include/hls_half.h:26:
C:/Xilinx/Vitis_HLS/2024.1/include/etc/hls_half_fpo.h:375:30: warning: equality comparison with extraneous parentheses [-Wparentheses-equality]
        if (((fr)->_mpfr_exp == (0 - ((mpfr_exp_t) (((mpfr_uexp_t) -1) >> 1))))) {
             ~~~~~~~~~~~~~~~~^~~~~~~~~~~~~~~~~~~~~~~~~~~~~~~~~~~~~~~~~~~~~~~~~
C:/Xilinx/Vitis_HLS/2024.1/include/etc/hls_half_fpo.h:375:30: note: remove extraneous parentheses around the comparison to silence this warning
        if (((fr)->_mpfr_exp == (0 - ((mpfr_exp_t) (((mpfr_uexp_t) -1) >> 1))))) {
            ~                ^                                                ~
C:/Xilinx/Vitis_HLS/2024.1/include/etc/hls_half_fpo.h:375:30: note: use '=' to turn this equality comparison into an assignment
        if (((fr)->_mpfr_exp == (0 - ((mpfr_exp_t) (((mpfr_uexp_t) -1) >> 1))))) {
                             ^~
                             =
C:/Xilinx/Vitis_HLS/2024.1/include/etc/hls_half_fpo.h:377:37: warning: equality comparison with extraneous parentheses [-Wparentheses-equality]
        } else if (((fr)->_mpfr_exp == (2 - ((mpfr_exp_t) (((mpfr_uexp_t) -1) >> 1))))) {
                    ~~~~~~~~~~~~~~~~^~~~~~~~~~~~~~~~~~~~~~~~~~~~~~~~~~~~~~~~~~~~~~~~~
C:/Xilinx/Vitis_HLS/2024.1/include/etc/hls_half_fpo.h:377:37: note: remove extraneous parentheses around the comparison to silence this warning
        } else if (((fr)->_mpfr_exp == (2 - ((mpfr_exp_t) (((mpfr_uexp_t) -1) >> 1))))) {
                   ~                ^                                                ~
C:/Xilinx/Vitis_HLS/2024.1/include/etc/hls_half_fpo.h:377:37: note: use '=' to turn this equality comparison into an assignment
        } else if (((fr)->_mpfr_exp == (2 - ((mpfr_exp_t) (((mpfr_uexp_t) -1) >> 1))))) {
                                    ^~
                                    =
C:/Xilinx/Vitis_HLS/2024.1/include/etc/hls_half_fpo.h:379:37: warning: equality comparison with extraneous parentheses [-Wparentheses-equality]
        } else if (((fr)->_mpfr_exp == (1 - ((mpfr_exp_t) (((mpfr_uexp_t) -1) >> 1))))) {
                    ~~~~~~~~~~~~~~~~^~~~~~~~~~~~~~~~~~~~~~~~~~~~~~~~~~~~~~~~~~~~~~~~~
C:/Xilinx/Vitis_HLS/2024.1/include/etc/hls_half_fpo.h:379:37: note: remove extraneous parentheses around the comparison to silence this warning
        } else if (((fr)->_mpfr_exp == (1 - ((mpfr_exp_t) (((mpfr_uexp_t) -1) >> 1))))) {
                   ~                ^                                                ~
C:/Xilinx/Vitis_HLS/2024.1/include/etc/hls_half_fpo.h:379:37: note: use '=' to turn this equality comparison into an assignment
        } else if (((fr)->_mpfr_exp == (1 - ((mpfr_exp_t) (((mpfr_uexp_t) -1) >> 1))))) {
                                    ^~
                                    =
In file included from C:/Users/Dawso/GIM-2024-2025/spi_directio/hls_daw/example_acc.cpp:3:
In file included from C:/Xilinx/Vitis_HLS/2024.1/include/ap_axi_sdata.h:15:
In file included from C:/Xilinx/Vitis_HLS/2024.1/include/ap_int.h:11:
C:/Xilinx/Vitis_HLS/2024.1/include/etc/ap_int_base.h:392:22: warning: equality comparison with extraneous parentheses [-Wparentheses-equality]
    do { if ((length == 0)) { fprintf((__acrt_iob_func(2)), "WARNING: " "ap_int<> is being initialized with an empty C string, which can result in undefined behavior during simulation/synthesis"); fprintf((__acrt_iob_func(2)), "\n"); } } while (0);
              ~~~~~~~^~~~
C:/Xilinx/Vitis_HLS/2024.1/include/etc/ap_int_base.h:392:22: note: remove extraneous parentheses around the comparison to silence this warning
    do { if ((length == 0)) { fprintf((__acrt_iob_func(2)), "WARNING: " "ap_int<> is being initialized with an empty C string, which can result in undefined behavior during simulation/synthesis"); fprintf((__acrt_iob_func(2)), "\n"); } } while (0);
             ~       ^   ~
C:/Xilinx/Vitis_HLS/2024.1/include/etc/ap_int_base.h:392:22: note: use '=' to turn this equality comparison into an assignment
    do { if ((length == 0)) { fprintf((__acrt_iob_func(2)), "WARNING: " "ap_int<> is being initialized with an empty C string, which can result in undefined behavior during simulation/synthesis"); fprintf((__acrt_iob_func(2)), "\n"); } } while (0);
                     ^~
                     =
In file included from C:/Users/Dawso/GIM-2024-2025/spi_directio/hls_daw/example_acc.cpp:3:
In file included from C:/Xilinx/Vitis_HLS/2024.1/include/ap_axi_sdata.h:15:
In file included from C:/Xilinx/Vitis_HLS/2024.1/include/ap_int.h:360:
In file included from C:/Xilinx/Vitis_HLS/2024.1/include/ap_fixed.h:10:
C:/Xilinx/Vitis_HLS/2024.1/include/etc/ap_fixed_base.h:445:21: warning: equality comparison with extraneous parentheses [-Wparentheses-equality]
    do { if ((radix == 0)) { fprintf((__acrt_iob_func(2)), "ERROR: " "ap_fixed_base(const char* \"%s\", %d), str=%s, radix = %d", s, rd, str.c_str(), radix); fprintf((__acrt_iob_func(2)), "\n"); abort(); } } while (0);
              ~~~~~~^~~~
C:/Xilinx/Vitis_HLS/2024.1/include/etc/ap_fixed_base.h:445:21: note: remove extraneous parentheses around the comparison to silence this warning
    do { if ((radix == 0)) { fprintf((__acrt_iob_func(2)), "ERROR: " "ap_fixed_base(const char* \"%s\", %d), str=%s, radix = %d", s, rd, str.c_str(), radix); fprintf((__acrt_iob_func(2)), "\n"); abort(); } } while (0);
             ~      ^   ~
C:/Xilinx/Vitis_HLS/2024.1/include/etc/ap_fixed_base.h:445:21: note: use '=' to turn this equality comparison into an assignment
    do { if ((radix == 0)) { fprintf((__acrt_iob_func(2)), "ERROR: " "ap_fixed_base(const char* \"%s\", %d), str=%s, radix = %d", s, rd, str.c_str(), radix); fprintf((__acrt_iob_func(2)), "\n"); abort(); } } while (0);
                    ^~
                    =
6 warnings generated.
In file included from C:/Users/Dawso/GIM-2024-2025/spi_directio/hls_daw/send_data.cpp:3:
In file included from C:/Xilinx/Vitis_HLS/2024.1/include/ap_axi_sdata.h:15:
In file included from C:/Xilinx/Vitis_HLS/2024.1/include/ap_int.h:10:
In file included from C:/Xilinx/Vitis_HLS/2024.1/include/etc/ap_common.h:658:
In file included from C:/Xilinx/Vitis_HLS/2024.1/include/etc/ap_private.h:68:
In file included from C:/Xilinx/Vitis_HLS/2024.1/include/hls_half.h:26:
In file included from C:/Xilinx/Vitis_HLS/2024.1/include/etc/hls_half_fpo.h:19:
In file included from C:/Xilinx/Vitis_HLS/2024.1/include/hls_fpo.h:140:
In file included from C:/Xilinx/Vitis_HLS/2024.1/include/floating_point_v7_1_bitacc_cmodel.h:150:
C:/Xilinx/Vitis_HLS/2024.1/include/gmp.h:2304:345: warning: equality comparison with extraneous parentheses [-Wparentheses-equality]
  do { mp_size_t __gmp_i; mp_limb_t __gmp_x; __gmp_i = (__gmp_ysize); if (__gmp_i != 0) { if (__gmpn_add_n (__gmp_wp, __gmp_xp, __gmp_yp, __gmp_i)) { do { if (__gmp_i >= (__gmp_xsize)) { (__gmp_c) = 1; goto __gmp_done; } __gmp_x = (__gmp_xp)[__gmp_i]; } while ((((__gmp_wp)[__gmp_i++] = (__gmp_x + 1) & ((~ (static_cast<mp_limb_t> (0))) >> 0)) == 0)); } } if ((__gmp_wp) != (__gmp_xp)) do { mp_size_t __gmp_j; for (__gmp_j = (__gmp_i); __gmp_j < (__gmp_xsize); __gmp_j++) (__gmp_wp)[__gmp_j] = (__gmp_xp)[__gmp_j]; } while (0); (__gmp_c) = 0; __gmp_done: ; } while (0);
                                                                                                                                                                                                                                                                      ~~~~~~~~~~~~~~~~~~~~~~~~~~~~~~~~~~~~~~~~~~~~~~~~~~~~~~~~~~~~~~~~~~~~~~~~~~~~~~~~~~^~~~
C:/Xilinx/Vitis_HLS/2024.1/include/gmp.h:2304:345: note: remove extraneous parentheses around the comparison to silence this warning
  do { mp_size_t __gmp_i; mp_limb_t __gmp_x; __gmp_i = (__gmp_ysize); if (__gmp_i != 0) { if (__gmpn_add_n (__gmp_wp, __gmp_xp, __gmp_yp, __gmp_i)) { do { if (__gmp_i >= (__gmp_xsize)) { (__gmp_c) = 1; goto __gmp_done; } __gmp_x = (__gmp_xp)[__gmp_i]; } while ((((__gmp_wp)[__gmp_i++] = (__gmp_x + 1) & ((~ (static_cast<mp_limb_t> (0))) >> 0)) == 0)); } } if ((__gmp_wp) != (__gmp_xp)) do { mp_size_t __gmp_j; for (__gmp_j = (__gmp_i); __gmp_j < (__gmp_xsize); __gmp_j++) (__gmp_wp)[__gmp_j] = (__gmp_xp)[__gmp_j]; } while (0); (__gmp_c) = 0; __gmp_done: ; } while (0);
                                                                                                                                                                                                                                                                     ~                                                                                  ^   ~
C:/Xilinx/Vitis_HLS/2024.1/include/gmp.h:2304:345: note: use '=' to turn this equality comparison into an assignment
  do { mp_size_t __gmp_i; mp_limb_t __gmp_x; __gmp_i = (__gmp_ysize); if (__gmp_i != 0) { if (__gmpn_add_n (__gmp_wp, __gmp_xp, __gmp_yp, __gmp_i)) { do { if (__gmp_i >= (__gmp_xsize)) { (__gmp_c) = 1; goto __gmp_done; } __gmp_x = (__gmp_xp)[__gmp_i]; } while ((((__gmp_wp)[__gmp_i++] = (__gmp_x + 1) & ((~ (static_cast<mp_limb_t> (0))) >> 0)) == 0)); } } if ((__gmp_wp) != (__gmp_xp)) do { mp_size_t __gmp_j; for (__gmp_j = (__gmp_i); __gmp_j < (__gmp_xsize); __gmp_j++) (__gmp_wp)[__gmp_j] = (__gmp_xp)[__gmp_j]; } while (0); (__gmp_c) = 0; __gmp_done: ; } while (0);
                                                                                                                                                                                                                                                                                                                                                        ^~
                                                                                                                                                                                                                                                                                                                                                        =
In file included from C:/Users/Dawso/GIM-2024-2025/spi_directio/hls_daw/send_data.cpp:3:
In file included from C:/Xilinx/Vitis_HLS/2024.1/include/ap_axi_sdata.h:15:
In file included from C:/Xilinx/Vitis_HLS/2024.1/include/ap_int.h:10:
In file included from C:/Xilinx/Vitis_HLS/2024.1/include/etc/ap_common.h:658:
In file included from C:/Xilinx/Vitis_HLS/2024.1/include/etc/ap_private.h:68:
In file included from C:/Xilinx/Vitis_HLS/2024.1/include/hls_half.h:26:
C:/Xilinx/Vitis_HLS/2024.1/include/etc/hls_half_fpo.h:375:30: warning: equality comparison with extraneous parentheses [-Wparentheses-equality]
        if (((fr)->_mpfr_exp == (0 - ((mpfr_exp_t) (((mpfr_uexp_t) -1) >> 1))))) {
             ~~~~~~~~~~~~~~~~^~~~~~~~~~~~~~~~~~~~~~~~~~~~~~~~~~~~~~~~~~~~~~~~~
C:/Xilinx/Vitis_HLS/2024.1/include/etc/hls_half_fpo.h:375:30: note: remove extraneous parentheses around the comparison to silence this warning
        if (((fr)->_mpfr_exp == (0 - ((mpfr_exp_t) (((mpfr_uexp_t) -1) >> 1))))) {
            ~                ^                                                ~
C:/Xilinx/Vitis_HLS/2024.1/include/etc/hls_half_fpo.h:375:30: note: use '=' to turn this equality comparison into an assignment
        if (((fr)->_mpfr_exp == (0 - ((mpfr_exp_t) (((mpfr_uexp_t) -1) >> 1))))) {
                             ^~
                             =
C:/Xilinx/Vitis_HLS/2024.1/include/etc/hls_half_fpo.h:377:37: warning: equality comparison with extraneous parentheses [-Wparentheses-equality]
        } else if (((fr)->_mpfr_exp == (2 - ((mpfr_exp_t) (((mpfr_uexp_t) -1) >> 1))))) {
                    ~~~~~~~~~~~~~~~~^~~~~~~~~~~~~~~~~~~~~~~~~~~~~~~~~~~~~~~~~~~~~~~~~
C:/Xilinx/Vitis_HLS/2024.1/include/etc/hls_half_fpo.h:377:37: note: remove extraneous parentheses around the comparison to silence this warning
        } else if (((fr)->_mpfr_exp == (2 - ((mpfr_exp_t) (((mpfr_uexp_t) -1) >> 1))))) {
                   ~                ^                                                ~
C:/Xilinx/Vitis_HLS/2024.1/include/etc/hls_half_fpo.h:377:37: note: use '=' to turn this equality comparison into an assignment
        } else if (((fr)->_mpfr_exp == (2 - ((mpfr_exp_t) (((mpfr_uexp_t) -1) >> 1))))) {
                                    ^~
                                    =
C:/Xilinx/Vitis_HLS/2024.1/include/etc/hls_half_fpo.h:379:37: warning: equality comparison with extraneous parentheses [-Wparentheses-equality]
        } else if (((fr)->_mpfr_exp == (1 - ((mpfr_exp_t) (((mpfr_uexp_t) -1) >> 1))))) {
                    ~~~~~~~~~~~~~~~~^~~~~~~~~~~~~~~~~~~~~~~~~~~~~~~~~~~~~~~~~~~~~~~~~
C:/Xilinx/Vitis_HLS/2024.1/include/etc/hls_half_fpo.h:379:37: note: remove extraneous parentheses around the comparison to silence this warning
        } else if (((fr)->_mpfr_exp == (1 - ((mpfr_exp_t) (((mpfr_uexp_t) -1) >> 1))))) {
                   ~                ^                                                ~
C:/Xilinx/Vitis_HLS/2024.1/include/etc/hls_half_fpo.h:379:37: note: use '=' to turn this equality comparison into an assignment
        } else if (((fr)->_mpfr_exp == (1 - ((mpfr_exp_t) (((mpfr_uexp_t) -1) >> 1))))) {
                                    ^~
                                    =
In file included from C:/Users/Dawso/GIM-2024-2025/spi_directio/hls_daw/send_data.cpp:3:
In file included from C:/Xilinx/Vitis_HLS/2024.1/include/ap_axi_sdata.h:15:
In file included from C:/Xilinx/Vitis_HLS/2024.1/include/ap_int.h:11:
C:/Xilinx/Vitis_HLS/2024.1/include/etc/ap_int_base.h:392:22: warning: equality comparison with extraneous parentheses [-Wparentheses-equality]
    do { if ((length == 0)) { fprintf((__acrt_iob_func(2)), "WARNING: " "ap_int<> is being initialized with an empty C string, which can result in undefined behavior during simulation/synthesis"); fprintf((__acrt_iob_func(2)), "\n"); } } while (0);
              ~~~~~~~^~~~
C:/Xilinx/Vitis_HLS/2024.1/include/etc/ap_int_base.h:392:22: note: remove extraneous parentheses around the comparison to silence this warning
    do { if ((length == 0)) { fprintf((__acrt_iob_func(2)), "WARNING: " "ap_int<> is being initialized with an empty C string, which can result in undefined behavior during simulation/synthesis"); fprintf((__acrt_iob_func(2)), "\n"); } } while (0);
             ~       ^   ~
C:/Xilinx/Vitis_HLS/2024.1/include/etc/ap_int_base.h:392:22: note: use '=' to turn this equality comparison into an assignment
    do { if ((length == 0)) { fprintf((__acrt_iob_func(2)), "WARNING: " "ap_int<> is being initialized with an empty C string, which can result in undefined behavior during simulation/synthesis"); fprintf((__acrt_iob_func(2)), "\n"); } } while (0);
                     ^~
                     =
In file included from C:/Users/Dawso/GIM-2024-2025/spi_directio/hls_daw/send_data.cpp:3:
In file included from C:/Xilinx/Vitis_HLS/2024.1/include/ap_axi_sdata.h:15:
In file included from C:/Xilinx/Vitis_HLS/2024.1/include/ap_int.h:360:
In file included from C:/Xilinx/Vitis_HLS/2024.1/include/ap_fixed.h:10:
C:/Xilinx/Vitis_HLS/2024.1/include/etc/ap_fixed_base.h:445:21: warning: equality comparison with extraneous parentheses [-Wparentheses-equality]
    do { if ((radix == 0)) { fprintf((__acrt_iob_func(2)), "ERROR: " "ap_fixed_base(const char* \"%s\", %d), str=%s, radix = %d", s, rd, str.c_str(), radix); fprintf((__acrt_iob_func(2)), "\n"); abort(); } } while (0);
              ~~~~~~^~~~
C:/Xilinx/Vitis_HLS/2024.1/include/etc/ap_fixed_base.h:445:21: note: remove extraneous parentheses around the comparison to silence this warning
    do { if ((radix == 0)) { fprintf((__acrt_iob_func(2)), "ERROR: " "ap_fixed_base(const char* \"%s\", %d), str=%s, radix = %d", s, rd, str.c_str(), radix); fprintf((__acrt_iob_func(2)), "\n"); abort(); } } while (0);
             ~      ^   ~
C:/Xilinx/Vitis_HLS/2024.1/include/etc/ap_fixed_base.h:445:21: note: use '=' to turn this equality comparison into an assignment
    do { if ((radix == 0)) { fprintf((__acrt_iob_func(2)), "ERROR: " "ap_fixed_base(const char* \"%s\", %d), str=%s, radix = %d", s, rd, str.c_str(), radix); fprintf((__acrt_iob_func(2)), "\n"); abort(); } } while (0);
                    ^~
                    =
6 warnings generated.
In file included from C:/Users/Dawso/GIM-2024-2025/spi_directio/hls_daw/example_acc_tb.cpp:4:
In file included from C:/Users/Dawso/GIM-2024-2025/spi_directio/hls_daw/GIM_comm.h:1:
In file included from C:/Xilinx/Vitis_HLS/2024.1/include/ap_axi_sdata.h:15:
In file included from C:/Xilinx/Vitis_HLS/2024.1/include/ap_int.h:10:
In file included from C:/Xilinx/Vitis_HLS/2024.1/include/etc/ap_common.h:658:
In file included from C:/Xilinx/Vitis_HLS/2024.1/include/etc/ap_private.h:68:
In file included from C:/Xilinx/Vitis_HLS/2024.1/include/hls_half.h:26:
In file included from C:/Xilinx/Vitis_HLS/2024.1/include/etc/hls_half_fpo.h:19:
In file included from C:/Xilinx/Vitis_HLS/2024.1/include/hls_fpo.h:140:
In file included from C:/Xilinx/Vitis_HLS/2024.1/include/floating_point_v7_1_bitacc_cmodel.h:150:
C:/Xilinx/Vitis_HLS/2024.1/include/gmp.h:2304:345: warning: equality comparison with extraneous parentheses [-Wparentheses-equality]
  do { mp_size_t __gmp_i; mp_limb_t __gmp_x; __gmp_i = (__gmp_ysize); if (__gmp_i != 0) { if (__gmpn_add_n (__gmp_wp, __gmp_xp, __gmp_yp, __gmp_i)) { do { if (__gmp_i >= (__gmp_xsize)) { (__gmp_c) = 1; goto __gmp_done; } __gmp_x = (__gmp_xp)[__gmp_i]; } while ((((__gmp_wp)[__gmp_i++] = (__gmp_x + 1) & ((~ (static_cast<mp_limb_t> (0))) >> 0)) == 0)); } } if ((__gmp_wp) != (__gmp_xp)) do { mp_size_t __gmp_j; for (__gmp_j = (__gmp_i); __gmp_j < (__gmp_xsize); __gmp_j++) (__gmp_wp)[__gmp_j] = (__gmp_xp)[__gmp_j]; } while (0); (__gmp_c) = 0; __gmp_done: ; } while (0);
                                                                                                                                                                                                                                                                      ~~~~~~~~~~~~~~~~~~~~~~~~~~~~~~~~~~~~~~~~~~~~~~~~~~~~~~~~~~~~~~~~~~~~~~~~~~~~~~~~~~^~~~
C:/Xilinx/Vitis_HLS/2024.1/include/gmp.h:2304:345: note: remove extraneous parentheses around the comparison to silence this warning
  do { mp_size_t __gmp_i; mp_limb_t __gmp_x; __gmp_i = (__gmp_ysize); if (__gmp_i != 0) { if (__gmpn_add_n (__gmp_wp, __gmp_xp, __gmp_yp, __gmp_i)) { do { if (__gmp_i >= (__gmp_xsize)) { (__gmp_c) = 1; goto __gmp_done; } __gmp_x = (__gmp_xp)[__gmp_i]; } while ((((__gmp_wp)[__gmp_i++] = (__gmp_x + 1) & ((~ (static_cast<mp_limb_t> (0))) >> 0)) == 0)); } } if ((__gmp_wp) != (__gmp_xp)) do { mp_size_t __gmp_j; for (__gmp_j = (__gmp_i); __gmp_j < (__gmp_xsize); __gmp_j++) (__gmp_wp)[__gmp_j] = (__gmp_xp)[__gmp_j]; } while (0); (__gmp_c) = 0; __gmp_done: ; } while (0);
                                                                                                                                                                                                                                                                     ~                                                                                  ^   ~
C:/Xilinx/Vitis_HLS/2024.1/include/gmp.h:2304:345: note: use '=' to turn this equality comparison into an assignment
  do { mp_size_t __gmp_i; mp_limb_t __gmp_x; __gmp_i = (__gmp_ysize); if (__gmp_i != 0) { if (__gmpn_add_n (__gmp_wp, __gmp_xp, __gmp_yp, __gmp_i)) { do { if (__gmp_i >= (__gmp_xsize)) { (__gmp_c) = 1; goto __gmp_done; } __gmp_x = (__gmp_xp)[__gmp_i]; } while ((((__gmp_wp)[__gmp_i++] = (__gmp_x + 1) & ((~ (static_cast<mp_limb_t> (0))) >> 0)) == 0)); } } if ((__gmp_wp) != (__gmp_xp)) do { mp_size_t __gmp_j; for (__gmp_j = (__gmp_i); __gmp_j < (__gmp_xsize); __gmp_j++) (__gmp_wp)[__gmp_j] = (__gmp_xp)[__gmp_j]; } while (0); (__gmp_c) = 0; __gmp_done: ; } while (0);
                                                                                                                                                                                                                                                                                                                                                        ^~
                                                                                                                                                                                                                                                                                                                                                        =
In file included from C:/Users/Dawso/GIM-2024-2025/spi_directio/hls_daw/example_acc_tb.cpp:4:
In file included from C:/Users/Dawso/GIM-2024-2025/spi_directio/hls_daw/GIM_comm.h:1:
In file included from C:/Xilinx/Vitis_HLS/2024.1/include/ap_axi_sdata.h:15:
In file included from C:/Xilinx/Vitis_HLS/2024.1/include/ap_int.h:10:
In file included from C:/Xilinx/Vitis_HLS/2024.1/include/etc/ap_common.h:658:
In file included from C:/Xilinx/Vitis_HLS/2024.1/include/etc/ap_private.h:68:
In file included from C:/Xilinx/Vitis_HLS/2024.1/include/hls_half.h:26:
C:/Xilinx/Vitis_HLS/2024.1/include/etc/hls_half_fpo.h:375:30: warning: equality comparison with extraneous parentheses [-Wparentheses-equality]
        if (((fr)->_mpfr_exp == (0 - ((mpfr_exp_t) (((mpfr_uexp_t) -1) >> 1))))) {
             ~~~~~~~~~~~~~~~~^~~~~~~~~~~~~~~~~~~~~~~~~~~~~~~~~~~~~~~~~~~~~~~~~
C:/Xilinx/Vitis_HLS/2024.1/include/etc/hls_half_fpo.h:375:30: note: remove extraneous parentheses around the comparison to silence this warning
        if (((fr)->_mpfr_exp == (0 - ((mpfr_exp_t) (((mpfr_uexp_t) -1) >> 1))))) {
            ~                ^                                                ~
C:/Xilinx/Vitis_HLS/2024.1/include/etc/hls_half_fpo.h:375:30: note: use '=' to turn this equality comparison into an assignment
        if (((fr)->_mpfr_exp == (0 - ((mpfr_exp_t) (((mpfr_uexp_t) -1) >> 1))))) {
                             ^~
                             =
C:/Xilinx/Vitis_HLS/2024.1/include/etc/hls_half_fpo.h:377:37: warning: equality comparison with extraneous parentheses [-Wparentheses-equality]
        } else if (((fr)->_mpfr_exp == (2 - ((mpfr_exp_t) (((mpfr_uexp_t) -1) >> 1))))) {
                    ~~~~~~~~~~~~~~~~^~~~~~~~~~~~~~~~~~~~~~~~~~~~~~~~~~~~~~~~~~~~~~~~~
C:/Xilinx/Vitis_HLS/2024.1/include/etc/hls_half_fpo.h:377:37: note: remove extraneous parentheses around the comparison to silence this warning
        } else if (((fr)->_mpfr_exp == (2 - ((mpfr_exp_t) (((mpfr_uexp_t) -1) >> 1))))) {
                   ~                ^                                                ~
C:/Xilinx/Vitis_HLS/2024.1/include/etc/hls_half_fpo.h:377:37: note: use '=' to turn this equality comparison into an assignment
        } else if (((fr)->_mpfr_exp == (2 - ((mpfr_exp_t) (((mpfr_uexp_t) -1) >> 1))))) {
                                    ^~
                                    =
C:/Xilinx/Vitis_HLS/2024.1/include/etc/hls_half_fpo.h:379:37: warning: equality comparison with extraneous parentheses [-Wparentheses-equality]
        } else if (((fr)->_mpfr_exp == (1 - ((mpfr_exp_t) (((mpfr_uexp_t) -1) >> 1))))) {
                    ~~~~~~~~~~~~~~~~^~~~~~~~~~~~~~~~~~~~~~~~~~~~~~~~~~~~~~~~~~~~~~~~~
C:/Xilinx/Vitis_HLS/2024.1/include/etc/hls_half_fpo.h:379:37: note: remove extraneous parentheses around the comparison to silence this warning
        } else if (((fr)->_mpfr_exp == (1 - ((mpfr_exp_t) (((mpfr_uexp_t) -1) >> 1))))) {
                   ~                ^                                                ~
C:/Xilinx/Vitis_HLS/2024.1/include/etc/hls_half_fpo.h:379:37: note: use '=' to turn this equality comparison into an assignment
        } else if (((fr)->_mpfr_exp == (1 - ((mpfr_exp_t) (((mpfr_uexp_t) -1) >> 1))))) {
                                    ^~
                                    =
In file included from C:/Users/Dawso/GIM-2024-2025/spi_directio/hls_daw/example_acc_tb.cpp:4:
In file included from C:/Users/Dawso/GIM-2024-2025/spi_directio/hls_daw/GIM_comm.h:1:
In file included from C:/Xilinx/Vitis_HLS/2024.1/include/ap_axi_sdata.h:15:
In file included from C:/Xilinx/Vitis_HLS/2024.1/include/ap_int.h:11:
C:/Xilinx/Vitis_HLS/2024.1/include/etc/ap_int_base.h:392:22: warning: equality comparison with extraneous parentheses [-Wparentheses-equality]
    do { if ((length == 0)) { fprintf((__acrt_iob_func(2)), "WARNING: " "ap_int<> is being initialized with an empty C string, which can result in undefined behavior during simulation/synthesis"); fprintf((__acrt_iob_func(2)), "\n"); } } while (0);
              ~~~~~~~^~~~
C:/Xilinx/Vitis_HLS/2024.1/include/etc/ap_int_base.h:392:22: note: remove extraneous parentheses around the comparison to silence this warning
    do { if ((length == 0)) { fprintf((__acrt_iob_func(2)), "WARNING: " "ap_int<> is being initialized with an empty C string, which can result in undefined behavior during simulation/synthesis"); fprintf((__acrt_iob_func(2)), "\n"); } } while (0);
             ~       ^   ~
C:/Xilinx/Vitis_HLS/2024.1/include/etc/ap_int_base.h:392:22: note: use '=' to turn this equality comparison into an assignment
    do { if ((length == 0)) { fprintf((__acrt_iob_func(2)), "WARNING: " "ap_int<> is being initialized with an empty C string, which can result in undefined behavior during simulation/synthesis"); fprintf((__acrt_iob_func(2)), "\n"); } } while (0);
                     ^~
                     =
In file included from C:/Users/Dawso/GIM-2024-2025/spi_directio/hls_daw/example_acc_tb.cpp:4:
In file included from C:/Users/Dawso/GIM-2024-2025/spi_directio/hls_daw/GIM_comm.h:1:
In file included from C:/Xilinx/Vitis_HLS/2024.1/include/ap_axi_sdata.h:15:
In file included from C:/Xilinx/Vitis_HLS/2024.1/include/ap_int.h:360:
In file included from C:/Xilinx/Vitis_HLS/2024.1/include/ap_fixed.h:10:
C:/Xilinx/Vitis_HLS/2024.1/include/etc/ap_fixed_base.h:445:21: warning: equality comparison with extraneous parentheses [-Wparentheses-equality]
    do { if ((radix == 0)) { fprintf((__acrt_iob_func(2)), "ERROR: " "ap_fixed_base(const char* \"%s\", %d), str=%s, radix = %d", s, rd, str.c_str(), radix); fprintf((__acrt_iob_func(2)), "\n"); abort(); } } while (0);
              ~~~~~~^~~~
C:/Xilinx/Vitis_HLS/2024.1/include/etc/ap_fixed_base.h:445:21: note: remove extraneous parentheses around the comparison to silence this warning
    do { if ((radix == 0)) { fprintf((__acrt_iob_func(2)), "ERROR: " "ap_fixed_base(const char* \"%s\", %d), str=%s, radix = %d", s, rd, str.c_str(), radix); fprintf((__acrt_iob_func(2)), "\n"); abort(); } } while (0);
             ~      ^   ~
C:/Xilinx/Vitis_HLS/2024.1/include/etc/ap_fixed_base.h:445:21: note: use '=' to turn this equality comparison into an assignment
    do { if ((radix == 0)) { fprintf((__acrt_iob_func(2)), "ERROR: " "ap_fixed_base(const char* \"%s\", %d), str=%s, radix = %d", s, rd, str.c_str(), radix); fprintf((__acrt_iob_func(2)), "\n"); abort(); } } while (0);
                    ^~
                    =
C:/Users/Dawso/GIM-2024-2025/spi_directio/hls_daw/example_acc_tb.cpp:22:1: error: no matching function for call to 'apatb_example_acc_sw'
example_acc(w1,w2, data_out, start);
^~~~~~~~~~~
C:/Users/Dawso/GIM-2024-2025/spi_directio/hls_daw/example_acc_tb.cpp:24:21: note: expanded from macro 'example_acc'
#define example_acc apatb_example_acc_sw
                    ^~~~~~~~~~~~~~~~~~~~
C:/Users/Dawso/GIM-2024-2025/spi_directio/hls_daw/example_acc_tb.cpp:12:5: note: candidate function not viable: requires 3 arguments, but 4 were provided
int apatb_example_acc_sw(int, int, hls::directio<int> &);
    ^
6 warnings and 1 error generated.
make: *** [obj/example_acc_tb.cpp_pre.cpp.tb.o] Error 1
ERROR: [COSIM 212-317] C++ compile error.
ERROR: [COSIM 212-321] EXE file generate failed.
ERROR: [COSIM 212-321] EXE file generate failed.
ERROR: [COSIM 212-331] Aborting co-simulation: C simulation failed, compilation errors.
ERROR: [COSIM 212-5] *** C/RTL co-simulation file generation failed. ***
ERROR: [COSIM 212-4] *** C/RTL co-simulation finished: FAIL ***
ERROR: 
INFO: [HLS 200-112] Total CPU user time: 3 seconds. Total CPU system time: 1 seconds. Total elapsed time: 23.28 seconds; peak allocated memory: 295.066 MB.
