INFO: [vitis-run 60-1548] Creating build summary session with primary output C:/Users/Dawso/GIM-2024-2025/spi_directio/hls_daw/example_acc/example_acc\example_acc.hlsrun_cosim_summary, at 02/19/25 22:05:03
INFO: [vitis-run 82-31] Launching vitis_hls: vitis_hls -nolog -run cosim -work_dir C:/Users/Dawso/GIM-2024-2025/spi_directio/hls_daw/example_acc/example_acc -config C:/Users/Dawso/GIM-2024-2025/spi_directio/hls_daw/example_acc/hls_config.cfg -cmdlineconfig C:/Users/Dawso/GIM-2024-2025/spi_directio/hls_daw/example_acc/example_acc/hls/config.cmdline

****** Vitis HLS - High-Level Synthesis from C, C++ and OpenCL v2024.1 (64-bit)
  **** SW Build 5069499 on May 21 2024
  **** IP Build 5075265 on Wed May 22 21:45:21 MDT 2024
  **** SharedData Build 5076995 on Wed May 22 18:29:18 MDT 2024
  **** Start of session at: Wed Feb 19 22:05:05 2025
    ** Copyright 1986-2022 Xilinx, Inc. All Rights Reserved.
    ** Copyright 2022-2024 Advanced Micro Devices, Inc. All Rights Reserved.

source C:/Xilinx/Vitis_HLS/2024.1/scripts/vitis_hls/hls.tcl -notrace
INFO: [HLS 200-10] For user 'Dawso' on host 'laptop-dp0ojsk0' (Windows NT_amd64 version 10.0) on Wed Feb 19 22:05:06 -0600 2025
INFO: [HLS 200-10] In directory 'C:/Users/Dawso/GIM-2024-2025/spi_directio/hls_daw/example_acc'
INFO: [HLS 200-2005] Using work_dir C:/Users/Dawso/GIM-2024-2025/spi_directio/hls_daw/example_acc/example_acc 
INFO: [HLS 200-1611] Setting target device to 'xczu3eg-sfvc784-1-e'
INFO: [HLS 200-1505] Using default flow_target 'vivado'
Resolution: For help on HLS 200-1505 see docs.xilinx.com/access/sources/dita/topic?Doc_Version=2024.1%20English&url=ug1448-hls-guidance&resourceid=200-1505.html
INFO: [HLS 200-1465] Applying ini 'syn.file=C:/Users/Dawso/GIM-2024-2025/spi_directio/hls_daw/example_acc.cpp' from C:/Users/Dawso/GIM-2024-2025/spi_directio/hls_daw/example_acc/hls_config.cfg(8)
INFO: [HLS 200-10] Adding design file 'C:/Users/Dawso/GIM-2024-2025/spi_directio/hls_daw/example_acc.cpp' to the project
INFO: [HLS 200-1465] Applying ini 'syn.file=C:/Users/Dawso/GIM-2024-2025/spi_directio/hls_daw/receive_data.cpp' from C:/Users/Dawso/GIM-2024-2025/spi_directio/hls_daw/example_acc/hls_config.cfg(9)
INFO: [HLS 200-10] Adding design file 'C:/Users/Dawso/GIM-2024-2025/spi_directio/hls_daw/receive_data.cpp' to the project
INFO: [HLS 200-1465] Applying ini 'tb.file=C:/Users/Dawso/GIM-2024-2025/spi_directio/hls_daw/example_acc_tb.cpp' from C:/Users/Dawso/GIM-2024-2025/spi_directio/hls_daw/example_acc/hls_config.cfg(10)
INFO: [HLS 200-10] Adding test bench file 'C:/Users/Dawso/GIM-2024-2025/spi_directio/hls_daw/example_acc_tb.cpp' to the project
INFO: [HLS 200-1465] Applying ini 'tb.file_cflags=C:/Users/Dawso/GIM-2024-2025/spi_directio/hls_daw/example_acc_tb.cpp,-D HW_COSIM' from C:/Users/Dawso/GIM-2024-2025/spi_directio/hls_daw/example_acc/hls_config.cfg(11)
INFO: [HLS 200-1465] Applying ini 'syn.top=example_acc' from C:/Users/Dawso/GIM-2024-2025/spi_directio/hls_daw/example_acc/hls_config.cfg(7)
INFO: [HLS 200-1465] Applying ini 'flow_target=vivado' from C:/Users/Dawso/GIM-2024-2025/spi_directio/hls_daw/example_acc/hls_config.cfg(4)
INFO: [HLS 200-1505] Using flow_target 'vivado'
Resolution: For help on HLS 200-1505 see docs.xilinx.com/access/sources/dita/topic?Doc_Version=2024.1%20English&url=ug1448-hls-guidance&resourceid=200-1505.html
INFO: [HLS 200-1465] Applying ini 'part=xczu3eg-sfvc784-1-e' from C:/Users/Dawso/GIM-2024-2025/spi_directio/hls_daw/example_acc/hls_config.cfg(1)
INFO: [HLS 200-1465] Applying ini 'clock=10ns' from C:/Users/Dawso/GIM-2024-2025/spi_directio/hls_daw/example_acc/hls_config.cfg(12)
INFO: [SYN 201-201] Setting up clock 'default' with a period of 10ns.
INFO: [HLS 200-1465] Applying ini 'clock_uncertainty=2ns' from C:/Users/Dawso/GIM-2024-2025/spi_directio/hls_daw/example_acc/hls_config.cfg(13)
INFO: [SYN 201-201] Setting up clock 'default' with an uncertainty of 2ns.
INFO: [HLS 200-1465] Applying ini 'csim.code_analyzer=0' from C:/Users/Dawso/GIM-2024-2025/spi_directio/hls_daw/example_acc/hls_config.cfg(14)
INFO: [HLS 200-1465] Applying ini 'package.output.format=ip_catalog' from C:/Users/Dawso/GIM-2024-2025/spi_directio/hls_daw/example_acc/hls_config.cfg(5)
WARNING: [HLS 200-626] This design is unable to schedule all read ports in the first II cycle. The RTL testbench may treat the design as non-pipelined
INFO: [COSIM 212-47] Using XSIM for RTL simulation.
INFO: [COSIM 212-14] Instrumenting C test bench ...
   Build using "C:/Xilinx/Vitis_HLS/2024.1/vcxx/libexec/clang++"
   Compiling example_acc.cpp_pre.cpp.tb.cpp
   Compiling apatb_example_acc_util.cpp
   Compiling receive_data.cpp_pre.cpp.tb.cpp
   Compiling example_acc_tb.cpp_pre.cpp.tb.cpp
   Compiling apatb_example_acc.cpp
   Compiling apatb_example_acc_ir.ll
   Generating cosim.tv.exe
INFO: [COSIM 212-302] Starting C TB testing ... 
Starting Testbench
Beginning HLS Func
ERROR [HLS SIM]: an hls::directio is read while empty, which may result in RTL simulation hanging.
If this is not expected, execute C simulation in debug mode in the GUI and examine the source code location of the blocked hls::directio::read() call to debug.
ERROR: [COSIM 212-359] Aborting co-simulation: C TB simulation failed, nonzero return value '3'.
ERROR: [COSIM 212-320] C TB testing failed, stop generating test vectors. Please check C TB or re-run cosim.
ERROR: [COSIM 212-5] *** C/RTL co-simulation file generation failed. ***
ERROR: [COSIM 212-4] *** C/RTL co-simulation finished: FAIL ***
ERROR: 
INFO: [HLS 200-112] Total CPU user time: 5 seconds. Total CPU system time: 2 seconds. Total elapsed time: 26.729 seconds; peak allocated memory: 295.785 MB.
