02/15/25 20:04:45: Running xcd server. This server was NOT built by gradle, but presumably rdi.
02/15/25 20:04:45: Server was asked to start on port: '56156'
02/15/25 20:04:45: Server is using token UUID: '0b75e077-2b5c-4fb1-9dfa-a9f1dafac75d'
02/15/25 20:04:45: SESSION_MGR: creating session with session uuid: '6d04a3e9-ade5-4ab9-8d63-1f78fcd2ec76' and name 'default'
02/15/25 20:04:45: Attempting to start server on port '56156'
02/15/25 20:04:45: Running Dispatch Server
02/15/25 20:04:45: Version 2.2.0
02/15/25 20:04:46: Dispatch Server: Accepted socket connection from client
02/15/25 20:04:46: Starting Socket connection
02/15/25 20:04:46: EXCHANGE_TOKEN received, server token: 0b75e077-2b5c-4fb1-9dfa-a9f1dafac75d, passed token: 0b75e077-2b5c-4fb1-9dfa-a9f1dafac75d
02/15/25 20:04:46: DISPATCH_HANDLER: Adding handler from function makeHandler in library librdi_system_diagram failed with exception: Could not dynamically load librdi_system_diagram.dll
02/15/25 20:04:46: SESSION_MGR: creating session with session uuid: '023e3bdc-132c-4806-b4d3-5c4019c50293' and name 'vitis-run_compile_example_acc'
02/15/25 20:04:46: KERNEL_SVC: creating session with uuid: '023e3bdc-132c-4806-b4d3-5c4019c50293' and name 'vitis-run_compile_example_acc'
02/15/25 20:04:46: GUIDANCE_SMGR: creating guidance session with uuid: '023e3bdc-132c-4806-b4d3-5c4019c50293' and name 'vitis-run_compile_example_acc'
02/15/25 20:04:54: Dispatch Server: Accepted socket connection from client
02/15/25 20:04:54: Starting Socket connection
02/15/25 20:04:58: SESSION_MGR: closing session for UUID '023e3bdc-132c-4806-b4d3-5c4019c50293' with name 'vitis-run_compile_example_acc'
02/15/25 20:04:58: KERNEL_SVC: closing session for UUID '023e3bdc-132c-4806-b4d3-5c4019c50293' with name 'vitis-run_compile_example_acc'
02/15/25 20:04:58: GUIDANCE_SMGR: closing session for UUID '023e3bdc-132c-4806-b4d3-5c4019c50293' with name 'vitis-run_compile_example_acc'
02/15/25 20:04:58: STOP_SERVER received, server token: 0b75e077-2b5c-4fb1-9dfa-a9f1dafac75d, passed token: 0b75e077-2b5c-4fb1-9dfa-a9f1dafac75d
02/15/25 20:04:58: Socket received request to stop server.
02/15/25 20:04:58: Dispatch Server: do_await_stop
02/15/25 20:04:58: SERVER: destructor for server bound to port 56156
02/15/25 20:04:58: Server exiting with status 0.
02/15/25 20:04:58: Closing log file.
02/15/25 20:06:00: Running xcd server. This server was NOT built by gradle, but presumably rdi.
02/15/25 20:06:00: Server was asked to start on port: '56168'
02/15/25 20:06:00: Server is using token UUID: '7f3fbc91-20ac-49f7-a941-4cd69c9b742e'
02/15/25 20:06:00: SESSION_MGR: creating session with session uuid: '6d04a3e9-ade5-4ab9-8d63-1f78fcd2ec76' and name 'default'
02/15/25 20:06:00: Attempting to start server on port '56168'
02/15/25 20:06:00: Running Dispatch Server
02/15/25 20:06:00: Version 2.2.0
02/15/25 20:06:01: Dispatch Server: Accepted socket connection from client
02/15/25 20:06:01: Starting Socket connection
02/15/25 20:06:01: EXCHANGE_TOKEN received, server token: 7f3fbc91-20ac-49f7-a941-4cd69c9b742e, passed token: 7f3fbc91-20ac-49f7-a941-4cd69c9b742e
02/15/25 20:06:01: DISPATCH_HANDLER: Adding handler from function makeHandler in library librdi_system_diagram failed with exception: Could not dynamically load librdi_system_diagram.dll
02/15/25 20:06:01: SESSION_MGR: creating session with session uuid: '79c2fcd7-98ba-4e25-a697-5da203477e44' and name 'vitis-run_compile_example_acc'
02/15/25 20:06:01: KERNEL_SVC: creating session with uuid: '79c2fcd7-98ba-4e25-a697-5da203477e44' and name 'vitis-run_compile_example_acc'
02/15/25 20:06:01: GUIDANCE_SMGR: creating guidance session with uuid: '79c2fcd7-98ba-4e25-a697-5da203477e44' and name 'vitis-run_compile_example_acc'
02/15/25 20:06:09: Dispatch Server: Accepted socket connection from client
02/15/25 20:06:09: Starting Socket connection
02/15/25 20:06:16: SESSION_MGR: closing session for UUID '79c2fcd7-98ba-4e25-a697-5da203477e44' with name 'vitis-run_compile_example_acc'
02/15/25 20:06:16: KERNEL_SVC: closing session for UUID '79c2fcd7-98ba-4e25-a697-5da203477e44' with name 'vitis-run_compile_example_acc'
02/15/25 20:06:16: GUIDANCE_SMGR: closing session for UUID '79c2fcd7-98ba-4e25-a697-5da203477e44' with name 'vitis-run_compile_example_acc'
02/15/25 20:06:16: STOP_SERVER received, server token: 7f3fbc91-20ac-49f7-a941-4cd69c9b742e, passed token: 7f3fbc91-20ac-49f7-a941-4cd69c9b742e
02/15/25 20:06:16: Socket received request to stop server.
02/15/25 20:06:16: Dispatch Server: do_await_stop
02/15/25 20:06:16: SERVER: destructor for server bound to port 56168
02/15/25 20:06:16: Server exiting with status 0.
02/15/25 20:06:16: Closing log file.
02/15/25 20:10:13: Running xcd server. This server was NOT built by gradle, but presumably rdi.
02/15/25 20:10:13: Server was asked to start on port: '56232'
02/15/25 20:10:13: Server is using token UUID: '1df73ce8-5406-4729-b4f6-be06c0425634'
02/15/25 20:10:13: SESSION_MGR: creating session with session uuid: '6d04a3e9-ade5-4ab9-8d63-1f78fcd2ec76' and name 'default'
02/15/25 20:10:13: Attempting to start server on port '56232'
02/15/25 20:10:13: Running Dispatch Server
02/15/25 20:10:13: Version 2.2.0
02/15/25 20:10:14: Dispatch Server: Accepted socket connection from client
02/15/25 20:10:14: Starting Socket connection
02/15/25 20:10:14: EXCHANGE_TOKEN received, server token: 1df73ce8-5406-4729-b4f6-be06c0425634, passed token: 1df73ce8-5406-4729-b4f6-be06c0425634
02/15/25 20:10:14: DISPATCH_HANDLER: Adding handler from function makeHandler in library librdi_system_diagram failed with exception: Could not dynamically load librdi_system_diagram.dll
02/15/25 20:10:14: SESSION_MGR: creating session with session uuid: 'd1317908-de02-4a6a-8854-66f9999107b3' and name 'vitis-run_compile_example_acc'
02/15/25 20:10:14: KERNEL_SVC: creating session with uuid: 'd1317908-de02-4a6a-8854-66f9999107b3' and name 'vitis-run_compile_example_acc'
02/15/25 20:10:14: GUIDANCE_SMGR: creating guidance session with uuid: 'd1317908-de02-4a6a-8854-66f9999107b3' and name 'vitis-run_compile_example_acc'
02/15/25 20:10:22: Dispatch Server: Accepted socket connection from client
02/15/25 20:10:22: Starting Socket connection
02/15/25 20:10:29: SESSION_MGR: closing session for UUID 'd1317908-de02-4a6a-8854-66f9999107b3' with name 'vitis-run_compile_example_acc'
02/15/25 20:10:29: KERNEL_SVC: closing session for UUID 'd1317908-de02-4a6a-8854-66f9999107b3' with name 'vitis-run_compile_example_acc'
02/15/25 20:10:29: GUIDANCE_SMGR: closing session for UUID 'd1317908-de02-4a6a-8854-66f9999107b3' with name 'vitis-run_compile_example_acc'
02/15/25 20:10:29: STOP_SERVER received, server token: 1df73ce8-5406-4729-b4f6-be06c0425634, passed token: 1df73ce8-5406-4729-b4f6-be06c0425634
02/15/25 20:10:29: Socket received request to stop server.
02/15/25 20:10:29: Dispatch Server: do_await_stop
02/15/25 20:10:29: SERVER: destructor for server bound to port 56232
02/15/25 20:10:29: Server exiting with status 0.
02/15/25 20:10:29: Closing log file.
02/15/25 20:10:54: Running xcd server. This server was NOT built by gradle, but presumably rdi.
02/15/25 20:10:54: Server was asked to start on port: '56244'
02/15/25 20:10:54: Server is using token UUID: '9899fd23-e991-4b88-ba14-48c7140afc6a'
02/15/25 20:10:54: SESSION_MGR: creating session with session uuid: '6d04a3e9-ade5-4ab9-8d63-1f78fcd2ec76' and name 'default'
02/15/25 20:10:54: Attempting to start server on port '56244'
02/15/25 20:10:54: Running Dispatch Server
02/15/25 20:10:54: Version 2.2.0
02/15/25 20:10:55: Dispatch Server: Accepted socket connection from client
02/15/25 20:10:55: Starting Socket connection
02/15/25 20:10:55: EXCHANGE_TOKEN received, server token: 9899fd23-e991-4b88-ba14-48c7140afc6a, passed token: 9899fd23-e991-4b88-ba14-48c7140afc6a
02/15/25 20:10:55: DISPATCH_HANDLER: Adding handler from function makeHandler in library librdi_system_diagram failed with exception: Could not dynamically load librdi_system_diagram.dll
02/15/25 20:10:55: SESSION_MGR: creating session with session uuid: 'edc94cd7-7a47-4498-b720-1791c4280597' and name 'vitis-run_compile_example_acc'
02/15/25 20:10:55: KERNEL_SVC: creating session with uuid: 'edc94cd7-7a47-4498-b720-1791c4280597' and name 'vitis-run_compile_example_acc'
02/15/25 20:10:55: GUIDANCE_SMGR: creating guidance session with uuid: 'edc94cd7-7a47-4498-b720-1791c4280597' and name 'vitis-run_compile_example_acc'
02/15/25 20:11:04: Dispatch Server: Accepted socket connection from client
02/15/25 20:11:04: Starting Socket connection
02/15/25 20:11:08: SESSION_MGR: closing session for UUID 'edc94cd7-7a47-4498-b720-1791c4280597' with name 'vitis-run_compile_example_acc'
02/15/25 20:11:08: KERNEL_SVC: closing session for UUID 'edc94cd7-7a47-4498-b720-1791c4280597' with name 'vitis-run_compile_example_acc'
02/15/25 20:11:08: GUIDANCE_SMGR: closing session for UUID 'edc94cd7-7a47-4498-b720-1791c4280597' with name 'vitis-run_compile_example_acc'
02/15/25 20:11:08: STOP_SERVER received, server token: 9899fd23-e991-4b88-ba14-48c7140afc6a, passed token: 9899fd23-e991-4b88-ba14-48c7140afc6a
02/15/25 20:11:08: Socket received request to stop server.
02/15/25 20:11:08: Dispatch Server: do_await_stop
02/15/25 20:11:08: SERVER: destructor for server bound to port 56244
02/15/25 20:11:08: Server exiting with status 0.
02/15/25 20:11:08: Closing log file.
02/15/25 20:13:50: Running xcd server. This server was NOT built by gradle, but presumably rdi.
02/15/25 20:13:50: Server was asked to start on port: '56270'
02/15/25 20:13:50: Server is using token UUID: 'ab24609e-bd38-4607-91a4-03e00403d439'
02/15/25 20:13:50: SESSION_MGR: creating session with session uuid: '6d04a3e9-ade5-4ab9-8d63-1f78fcd2ec76' and name 'default'
02/15/25 20:13:50: Attempting to start server on port '56270'
02/15/25 20:13:50: Running Dispatch Server
02/15/25 20:13:50: Version 2.2.0
02/15/25 20:13:51: Dispatch Server: Accepted socket connection from client
02/15/25 20:13:51: Starting Socket connection
02/15/25 20:13:51: EXCHANGE_TOKEN received, server token: ab24609e-bd38-4607-91a4-03e00403d439, passed token: ab24609e-bd38-4607-91a4-03e00403d439
02/15/25 20:13:51: DISPATCH_HANDLER: Adding handler from function makeHandler in library librdi_system_diagram failed with exception: Could not dynamically load librdi_system_diagram.dll
02/15/25 20:13:51: SESSION_MGR: creating session with session uuid: '0bb27e10-aecf-437a-90dd-eaf2c67b6951' and name 'vitis-run_compile_example_acc'
02/15/25 20:13:51: KERNEL_SVC: creating session with uuid: '0bb27e10-aecf-437a-90dd-eaf2c67b6951' and name 'vitis-run_compile_example_acc'
02/15/25 20:13:51: GUIDANCE_SMGR: creating guidance session with uuid: '0bb27e10-aecf-437a-90dd-eaf2c67b6951' and name 'vitis-run_compile_example_acc'
02/15/25 20:14:00: Dispatch Server: Accepted socket connection from client
02/15/25 20:14:00: Starting Socket connection
02/15/25 20:14:07: SESSION_MGR: closing session for UUID '0bb27e10-aecf-437a-90dd-eaf2c67b6951' with name 'vitis-run_compile_example_acc'
02/15/25 20:14:07: KERNEL_SVC: closing session for UUID '0bb27e10-aecf-437a-90dd-eaf2c67b6951' with name 'vitis-run_compile_example_acc'
02/15/25 20:14:07: GUIDANCE_SMGR: closing session for UUID '0bb27e10-aecf-437a-90dd-eaf2c67b6951' with name 'vitis-run_compile_example_acc'
02/15/25 20:14:07: STOP_SERVER received, server token: ab24609e-bd38-4607-91a4-03e00403d439, passed token: ab24609e-bd38-4607-91a4-03e00403d439
02/15/25 20:14:07: Socket received request to stop server.
02/15/25 20:14:07: Dispatch Server: do_await_stop
02/15/25 20:14:07: SERVER: destructor for server bound to port 56270
02/15/25 20:14:07: Server exiting with status 0.
02/15/25 20:14:07: Closing log file.
02/15/25 20:15:29: Running xcd server. This server was NOT built by gradle, but presumably rdi.
02/15/25 20:15:29: Server was asked to start on port: '56285'
02/15/25 20:15:29: Server is using token UUID: 'ab5ab078-d191-462b-b503-26ba6450bab6'
02/15/25 20:15:29: SESSION_MGR: creating session with session uuid: '6d04a3e9-ade5-4ab9-8d63-1f78fcd2ec76' and name 'default'
02/15/25 20:15:29: Attempting to start server on port '56285'
02/15/25 20:15:29: Running Dispatch Server
02/15/25 20:15:29: Version 2.2.0
02/15/25 20:15:30: Dispatch Server: Accepted socket connection from client
02/15/25 20:15:30: Starting Socket connection
02/15/25 20:15:30: EXCHANGE_TOKEN received, server token: ab5ab078-d191-462b-b503-26ba6450bab6, passed token: ab5ab078-d191-462b-b503-26ba6450bab6
02/15/25 20:15:30: DISPATCH_HANDLER: Adding handler from function makeHandler in library librdi_system_diagram failed with exception: Could not dynamically load librdi_system_diagram.dll
02/15/25 20:15:30: SESSION_MGR: creating session with session uuid: '50411c6e-9ab3-45a0-9133-c3a15b1952c9' and name 'vitis-run_compile_example_acc'
02/15/25 20:15:30: KERNEL_SVC: creating session with uuid: '50411c6e-9ab3-45a0-9133-c3a15b1952c9' and name 'vitis-run_compile_example_acc'
02/15/25 20:15:30: GUIDANCE_SMGR: creating guidance session with uuid: '50411c6e-9ab3-45a0-9133-c3a15b1952c9' and name 'vitis-run_compile_example_acc'
02/15/25 20:15:38: Dispatch Server: Accepted socket connection from client
02/15/25 20:15:38: Starting Socket connection
02/15/25 20:15:42: SESSION_MGR: closing session for UUID '50411c6e-9ab3-45a0-9133-c3a15b1952c9' with name 'vitis-run_compile_example_acc'
02/15/25 20:15:42: KERNEL_SVC: closing session for UUID '50411c6e-9ab3-45a0-9133-c3a15b1952c9' with name 'vitis-run_compile_example_acc'
02/15/25 20:15:42: GUIDANCE_SMGR: closing session for UUID '50411c6e-9ab3-45a0-9133-c3a15b1952c9' with name 'vitis-run_compile_example_acc'
02/15/25 20:15:42: STOP_SERVER received, server token: ab5ab078-d191-462b-b503-26ba6450bab6, passed token: ab5ab078-d191-462b-b503-26ba6450bab6
02/15/25 20:15:42: Socket received request to stop server.
02/15/25 20:15:42: Dispatch Server: do_await_stop
02/15/25 20:15:42: SERVER: destructor for server bound to port 56285
02/15/25 20:15:42: Server exiting with status 0.
02/15/25 20:15:42: Closing log file.
02/15/25 20:19:18: Running xcd server. This server was NOT built by gradle, but presumably rdi.
02/15/25 20:19:18: Server was asked to start on port: '56321'
02/15/25 20:19:18: Server is using token UUID: 'f5b392c6-d875-4689-a8cd-4729eff2d693'
02/15/25 20:19:18: SESSION_MGR: creating session with session uuid: '6d04a3e9-ade5-4ab9-8d63-1f78fcd2ec76' and name 'default'
02/15/25 20:19:18: Attempting to start server on port '56321'
02/15/25 20:19:18: Running Dispatch Server
02/15/25 20:19:18: Version 2.2.0
02/15/25 20:19:20: Dispatch Server: Accepted socket connection from client
02/15/25 20:19:20: Starting Socket connection
02/15/25 20:19:20: EXCHANGE_TOKEN received, server token: f5b392c6-d875-4689-a8cd-4729eff2d693, passed token: f5b392c6-d875-4689-a8cd-4729eff2d693
02/15/25 20:19:20: DISPATCH_HANDLER: Adding handler from function makeHandler in library librdi_system_diagram failed with exception: Could not dynamically load librdi_system_diagram.dll
02/15/25 20:19:20: SESSION_MGR: creating session with session uuid: '69de13c0-8d13-4476-90e7-879aa14b6554' and name 'vitis-run_compile_example_acc'
02/15/25 20:19:20: KERNEL_SVC: creating session with uuid: '69de13c0-8d13-4476-90e7-879aa14b6554' and name 'vitis-run_compile_example_acc'
02/15/25 20:19:20: GUIDANCE_SMGR: creating guidance session with uuid: '69de13c0-8d13-4476-90e7-879aa14b6554' and name 'vitis-run_compile_example_acc'
02/15/25 20:19:28: Dispatch Server: Accepted socket connection from client
02/15/25 20:19:28: Starting Socket connection
02/15/25 20:19:35: SESSION_MGR: closing session for UUID '69de13c0-8d13-4476-90e7-879aa14b6554' with name 'vitis-run_compile_example_acc'
02/15/25 20:19:35: KERNEL_SVC: closing session for UUID '69de13c0-8d13-4476-90e7-879aa14b6554' with name 'vitis-run_compile_example_acc'
02/15/25 20:19:35: GUIDANCE_SMGR: closing session for UUID '69de13c0-8d13-4476-90e7-879aa14b6554' with name 'vitis-run_compile_example_acc'
02/15/25 20:19:35: STOP_SERVER received, server token: f5b392c6-d875-4689-a8cd-4729eff2d693, passed token: f5b392c6-d875-4689-a8cd-4729eff2d693
02/15/25 20:19:35: Socket received request to stop server.
02/15/25 20:19:35: Dispatch Server: do_await_stop
02/15/25 20:19:35: SERVER: destructor for server bound to port 56321
02/15/25 20:19:35: Server exiting with status 0.
02/15/25 20:19:35: Closing log file.
02/15/25 20:21:50: Running xcd server. This server was NOT built by gradle, but presumably rdi.
02/15/25 20:21:50: Server was asked to start on port: '56363'
02/15/25 20:21:50: Server is using token UUID: '9e5e2330-e9ac-4111-8dd0-cf357f126298'
02/15/25 20:21:50: SESSION_MGR: creating session with session uuid: '6d04a3e9-ade5-4ab9-8d63-1f78fcd2ec76' and name 'default'
02/15/25 20:21:50: Attempting to start server on port '56363'
02/15/25 20:21:50: Running Dispatch Server
02/15/25 20:21:50: Version 2.2.0
02/15/25 20:21:52: Dispatch Server: Accepted socket connection from client
02/15/25 20:21:52: Starting Socket connection
02/15/25 20:21:52: EXCHANGE_TOKEN received, server token: 9e5e2330-e9ac-4111-8dd0-cf357f126298, passed token: 9e5e2330-e9ac-4111-8dd0-cf357f126298
02/15/25 20:21:52: DISPATCH_HANDLER: Adding handler from function makeHandler in library librdi_system_diagram failed with exception: Could not dynamically load librdi_system_diagram.dll
02/15/25 20:21:52: SESSION_MGR: creating session with session uuid: '7a520f6a-a1aa-480b-858b-fa6f66fab648' and name 'vitis-run_compile_example_acc'
02/15/25 20:21:52: KERNEL_SVC: creating session with uuid: '7a520f6a-a1aa-480b-858b-fa6f66fab648' and name 'vitis-run_compile_example_acc'
02/15/25 20:21:52: GUIDANCE_SMGR: creating guidance session with uuid: '7a520f6a-a1aa-480b-858b-fa6f66fab648' and name 'vitis-run_compile_example_acc'
02/15/25 20:22:00: Dispatch Server: Accepted socket connection from client
02/15/25 20:22:00: Starting Socket connection
02/15/25 20:22:04: SESSION_MGR: closing session for UUID '7a520f6a-a1aa-480b-858b-fa6f66fab648' with name 'vitis-run_compile_example_acc'
02/15/25 20:22:04: KERNEL_SVC: closing session for UUID '7a520f6a-a1aa-480b-858b-fa6f66fab648' with name 'vitis-run_compile_example_acc'
02/15/25 20:22:04: GUIDANCE_SMGR: closing session for UUID '7a520f6a-a1aa-480b-858b-fa6f66fab648' with name 'vitis-run_compile_example_acc'
02/15/25 20:22:04: STOP_SERVER received, server token: 9e5e2330-e9ac-4111-8dd0-cf357f126298, passed token: 9e5e2330-e9ac-4111-8dd0-cf357f126298
02/15/25 20:22:04: Socket received request to stop server.
02/15/25 20:22:04: Dispatch Server: do_await_stop
02/15/25 20:22:04: SERVER: destructor for server bound to port 56363
02/15/25 20:22:04: Server exiting with status 0.
02/15/25 20:22:04: Closing log file.
02/15/25 20:23:32: Running xcd server. This server was NOT built by gradle, but presumably rdi.
02/15/25 20:23:32: Server was asked to start on port: '56384'
02/15/25 20:23:32: Server is using token UUID: '0466f9c2-a1bf-4b26-a100-21b271c43356'
02/15/25 20:23:32: SESSION_MGR: creating session with session uuid: '6d04a3e9-ade5-4ab9-8d63-1f78fcd2ec76' and name 'default'
02/15/25 20:23:32: Attempting to start server on port '56384'
02/15/25 20:23:32: Running Dispatch Server
02/15/25 20:23:32: Version 2.2.0
02/15/25 20:23:33: Dispatch Server: Accepted socket connection from client
02/15/25 20:23:33: Starting Socket connection
02/15/25 20:23:33: EXCHANGE_TOKEN received, server token: 0466f9c2-a1bf-4b26-a100-21b271c43356, passed token: 0466f9c2-a1bf-4b26-a100-21b271c43356
02/15/25 20:23:33: DISPATCH_HANDLER: Adding handler from function makeHandler in library librdi_system_diagram failed with exception: Could not dynamically load librdi_system_diagram.dll
02/15/25 20:23:33: SESSION_MGR: creating session with session uuid: '03b4fc82-77e3-4872-9304-a538b4c6e048' and name 'vitis-run_compile_example_acc'
02/15/25 20:23:33: KERNEL_SVC: creating session with uuid: '03b4fc82-77e3-4872-9304-a538b4c6e048' and name 'vitis-run_compile_example_acc'
02/15/25 20:23:33: GUIDANCE_SMGR: creating guidance session with uuid: '03b4fc82-77e3-4872-9304-a538b4c6e048' and name 'vitis-run_compile_example_acc'
02/15/25 20:23:42: Dispatch Server: Accepted socket connection from client
02/15/25 20:23:42: Starting Socket connection
02/15/25 20:23:47: SESSION_MGR: closing session for UUID '03b4fc82-77e3-4872-9304-a538b4c6e048' with name 'vitis-run_compile_example_acc'
02/15/25 20:23:47: KERNEL_SVC: closing session for UUID '03b4fc82-77e3-4872-9304-a538b4c6e048' with name 'vitis-run_compile_example_acc'
02/15/25 20:23:47: GUIDANCE_SMGR: closing session for UUID '03b4fc82-77e3-4872-9304-a538b4c6e048' with name 'vitis-run_compile_example_acc'
02/15/25 20:23:47: STOP_SERVER received, server token: 0466f9c2-a1bf-4b26-a100-21b271c43356, passed token: 0466f9c2-a1bf-4b26-a100-21b271c43356
02/15/25 20:23:47: Socket received request to stop server.
02/15/25 20:23:47: Dispatch Server: do_await_stop
02/15/25 20:23:47: SERVER: destructor for server bound to port 56384
02/15/25 20:23:47: Server exiting with status 0.
02/15/25 20:23:47: Closing log file.
02/15/25 20:27:01: Running xcd server. This server was NOT built by gradle, but presumably rdi.
02/15/25 20:27:01: Server was asked to start on port: '56419'
02/15/25 20:27:01: Server is using token UUID: '389a8c70-2862-4ced-a58f-29d31afa5ed2'
02/15/25 20:27:01: SESSION_MGR: creating session with session uuid: '6d04a3e9-ade5-4ab9-8d63-1f78fcd2ec76' and name 'default'
02/15/25 20:27:01: Attempting to start server on port '56419'
02/15/25 20:27:01: Running Dispatch Server
02/15/25 20:27:01: Version 2.2.0
02/15/25 20:27:03: Dispatch Server: Accepted socket connection from client
02/15/25 20:27:03: Starting Socket connection
02/15/25 20:27:03: EXCHANGE_TOKEN received, server token: 389a8c70-2862-4ced-a58f-29d31afa5ed2, passed token: 389a8c70-2862-4ced-a58f-29d31afa5ed2
02/15/25 20:27:03: DISPATCH_HANDLER: Adding handler from function makeHandler in library librdi_system_diagram failed with exception: Could not dynamically load librdi_system_diagram.dll
02/15/25 20:27:03: SESSION_MGR: creating session with session uuid: '551d5b0f-af86-48a9-8f86-cda60127f5d6' and name 'vitis-run_compile_example_acc'
02/15/25 20:27:03: KERNEL_SVC: creating session with uuid: '551d5b0f-af86-48a9-8f86-cda60127f5d6' and name 'vitis-run_compile_example_acc'
02/15/25 20:27:03: GUIDANCE_SMGR: creating guidance session with uuid: '551d5b0f-af86-48a9-8f86-cda60127f5d6' and name 'vitis-run_compile_example_acc'
02/15/25 20:27:11: Dispatch Server: Accepted socket connection from client
02/15/25 20:27:11: Starting Socket connection
02/15/25 20:27:20: SESSION_MGR: closing session for UUID '551d5b0f-af86-48a9-8f86-cda60127f5d6' with name 'vitis-run_compile_example_acc'
02/15/25 20:27:20: KERNEL_SVC: closing session for UUID '551d5b0f-af86-48a9-8f86-cda60127f5d6' with name 'vitis-run_compile_example_acc'
02/15/25 20:27:20: GUIDANCE_SMGR: closing session for UUID '551d5b0f-af86-48a9-8f86-cda60127f5d6' with name 'vitis-run_compile_example_acc'
02/15/25 20:27:20: STOP_SERVER received, server token: 389a8c70-2862-4ced-a58f-29d31afa5ed2, passed token: 389a8c70-2862-4ced-a58f-29d31afa5ed2
02/15/25 20:27:20: Socket received request to stop server.
02/15/25 20:27:20: Dispatch Server: do_await_stop
02/15/25 20:27:20: SERVER: destructor for server bound to port 56419
02/15/25 20:27:20: Server exiting with status 0.
02/15/25 20:27:20: Closing log file.
02/15/25 20:28:06: Running xcd server. This server was NOT built by gradle, but presumably rdi.
02/15/25 20:28:06: Server was asked to start on port: '63282'
02/15/25 20:28:06: Server is using token UUID: '6d3914b6-8fc5-40e6-8d8e-4726dfd600c5'
02/15/25 20:28:06: SESSION_MGR: creating session with session uuid: '6d04a3e9-ade5-4ab9-8d63-1f78fcd2ec76' and name 'default'
02/15/25 20:28:06: Attempting to start server on port '63282'
02/15/25 20:28:06: Running Dispatch Server
02/15/25 20:28:06: Version 2.2.0
02/15/25 20:28:08: Dispatch Server: Accepted socket connection from client
02/15/25 20:28:08: Starting Socket connection
02/15/25 20:28:08: EXCHANGE_TOKEN received, server token: 6d3914b6-8fc5-40e6-8d8e-4726dfd600c5, passed token: 6d3914b6-8fc5-40e6-8d8e-4726dfd600c5
02/15/25 20:28:08: DISPATCH_HANDLER: Adding handler from function makeHandler in library librdi_system_diagram failed with exception: Could not dynamically load librdi_system_diagram.dll
02/15/25 20:28:08: SESSION_MGR: creating session with session uuid: 'a6540795-f5bb-40c7-a9f7-ed370ea96d38' and name 'v++_compile_example_acc'
02/15/25 20:28:08: KERNEL_SVC: creating session with uuid: 'a6540795-f5bb-40c7-a9f7-ed370ea96d38' and name 'v++_compile_example_acc'
02/15/25 20:28:08: GUIDANCE_SMGR: creating guidance session with uuid: 'a6540795-f5bb-40c7-a9f7-ed370ea96d38' and name 'v++_compile_example_acc'
02/15/25 20:28:16: Dispatch Server: Accepted socket connection from client
02/15/25 20:28:16: Starting Socket connection
02/15/25 20:28:41: SESSION_MGR: closing session for UUID 'a6540795-f5bb-40c7-a9f7-ed370ea96d38' with name 'v++_compile_example_acc'
02/15/25 20:28:41: KERNEL_SVC: closing session for UUID 'a6540795-f5bb-40c7-a9f7-ed370ea96d38' with name 'v++_compile_example_acc'
02/15/25 20:28:41: GUIDANCE_SMGR: closing session for UUID 'a6540795-f5bb-40c7-a9f7-ed370ea96d38' with name 'v++_compile_example_acc'
02/15/25 20:28:41: STOP_SERVER received, server token: 6d3914b6-8fc5-40e6-8d8e-4726dfd600c5, passed token: 6d3914b6-8fc5-40e6-8d8e-4726dfd600c5
02/15/25 20:28:41: Socket received request to stop server.
02/15/25 20:28:41: Dispatch Server: do_await_stop
02/15/25 20:28:41: SERVER: destructor for server bound to port 63282
02/15/25 20:28:41: Server exiting with status 0.
02/15/25 20:28:41: Closing log file.
02/15/25 20:30:06: Running xcd server. This server was NOT built by gradle, but presumably rdi.
02/15/25 20:30:06: Server was asked to start on port: '62607'
02/15/25 20:30:06: Server is using token UUID: '670dd3e8-8c8c-42fa-9c83-4f5f10068ed4'
02/15/25 20:30:06: SESSION_MGR: creating session with session uuid: '6d04a3e9-ade5-4ab9-8d63-1f78fcd2ec76' and name 'default'
02/15/25 20:30:06: Attempting to start server on port '62607'
02/15/25 20:30:06: Running Dispatch Server
02/15/25 20:30:06: Version 2.2.0
02/15/25 20:30:07: Dispatch Server: Accepted socket connection from client
02/15/25 20:30:07: Starting Socket connection
02/15/25 20:30:07: EXCHANGE_TOKEN received, server token: 670dd3e8-8c8c-42fa-9c83-4f5f10068ed4, passed token: 670dd3e8-8c8c-42fa-9c83-4f5f10068ed4
02/15/25 20:30:07: DISPATCH_HANDLER: Adding handler from function makeHandler in library librdi_system_diagram failed with exception: Could not dynamically load librdi_system_diagram.dll
02/15/25 20:30:07: SESSION_MGR: creating session with session uuid: '5d5ecde1-ce3f-4c1d-aa98-4382ca3657c1' and name 'v++_compile_example_acc'
02/15/25 20:30:07: KERNEL_SVC: creating session with uuid: '5d5ecde1-ce3f-4c1d-aa98-4382ca3657c1' and name 'v++_compile_example_acc'
02/15/25 20:30:07: GUIDANCE_SMGR: creating guidance session with uuid: '5d5ecde1-ce3f-4c1d-aa98-4382ca3657c1' and name 'v++_compile_example_acc'
02/15/25 20:30:16: Dispatch Server: Accepted socket connection from client
02/15/25 20:30:16: Starting Socket connection
02/15/25 20:30:40: SESSION_MGR: closing session for UUID '5d5ecde1-ce3f-4c1d-aa98-4382ca3657c1' with name 'v++_compile_example_acc'
02/15/25 20:30:40: KERNEL_SVC: closing session for UUID '5d5ecde1-ce3f-4c1d-aa98-4382ca3657c1' with name 'v++_compile_example_acc'
02/15/25 20:30:40: GUIDANCE_SMGR: closing session for UUID '5d5ecde1-ce3f-4c1d-aa98-4382ca3657c1' with name 'v++_compile_example_acc'
02/15/25 20:30:40: STOP_SERVER received, server token: 670dd3e8-8c8c-42fa-9c83-4f5f10068ed4, passed token: 670dd3e8-8c8c-42fa-9c83-4f5f10068ed4
02/15/25 20:30:40: Socket received request to stop server.
02/15/25 20:30:40: Dispatch Server: do_await_stop
02/15/25 20:30:40: SERVER: destructor for server bound to port 62607
02/15/25 20:30:40: Server exiting with status 0.
02/15/25 20:30:40: Closing log file.
02/15/25 20:32:08: Running xcd server. This server was NOT built by gradle, but presumably rdi.
02/15/25 20:32:08: Server was asked to start on port: '62174'
02/15/25 20:32:08: Server is using token UUID: 'a3a2f19f-8695-4ceb-8a72-c7e6f90eac0e'
02/15/25 20:32:08: SESSION_MGR: creating session with session uuid: '6d04a3e9-ade5-4ab9-8d63-1f78fcd2ec76' and name 'default'
02/15/25 20:32:08: Attempting to start server on port '62174'
02/15/25 20:32:08: Running Dispatch Server
02/15/25 20:32:08: Version 2.2.0
02/15/25 20:32:10: Dispatch Server: Accepted socket connection from client
02/15/25 20:32:10: Starting Socket connection
02/15/25 20:32:10: EXCHANGE_TOKEN received, server token: a3a2f19f-8695-4ceb-8a72-c7e6f90eac0e, passed token: a3a2f19f-8695-4ceb-8a72-c7e6f90eac0e
02/15/25 20:32:10: DISPATCH_HANDLER: Adding handler from function makeHandler in library librdi_system_diagram failed with exception: Could not dynamically load librdi_system_diagram.dll
02/15/25 20:32:10: SESSION_MGR: creating session with session uuid: '7aee2058-82a3-4cd9-9e95-2b802ceae318' and name 'v++_compile_example_acc'
02/15/25 20:32:10: KERNEL_SVC: creating session with uuid: '7aee2058-82a3-4cd9-9e95-2b802ceae318' and name 'v++_compile_example_acc'
02/15/25 20:32:10: GUIDANCE_SMGR: creating guidance session with uuid: '7aee2058-82a3-4cd9-9e95-2b802ceae318' and name 'v++_compile_example_acc'
02/15/25 20:32:17: Dispatch Server: Accepted socket connection from client
02/15/25 20:32:17: Starting Socket connection
02/15/25 20:32:41: SESSION_MGR: closing session for UUID '7aee2058-82a3-4cd9-9e95-2b802ceae318' with name 'v++_compile_example_acc'
02/15/25 20:32:41: KERNEL_SVC: closing session for UUID '7aee2058-82a3-4cd9-9e95-2b802ceae318' with name 'v++_compile_example_acc'
02/15/25 20:32:41: GUIDANCE_SMGR: closing session for UUID '7aee2058-82a3-4cd9-9e95-2b802ceae318' with name 'v++_compile_example_acc'
02/15/25 20:32:41: STOP_SERVER received, server token: a3a2f19f-8695-4ceb-8a72-c7e6f90eac0e, passed token: a3a2f19f-8695-4ceb-8a72-c7e6f90eac0e
02/15/25 20:32:41: Socket received request to stop server.
02/15/25 20:32:41: Dispatch Server: do_await_stop
02/15/25 20:32:41: SERVER: destructor for server bound to port 62174
02/15/25 20:32:41: Server exiting with status 0.
02/15/25 20:32:41: Closing log file.
02/15/25 21:04:55: Running xcd server. This server was NOT built by gradle, but presumably rdi.
02/15/25 21:04:55: Server was asked to start on port: '54732'
02/15/25 21:04:55: Server is using token UUID: '9bb42b4b-220d-4aa6-bb54-b5a6f459b29a'
02/15/25 21:04:55: SESSION_MGR: creating session with session uuid: '6d04a3e9-ade5-4ab9-8d63-1f78fcd2ec76' and name 'default'
02/15/25 21:04:55: Attempting to start server on port '54732'
02/15/25 21:04:55: Running Dispatch Server
02/15/25 21:04:55: Version 2.2.0
02/15/25 21:04:57: Dispatch Server: Accepted socket connection from client
02/15/25 21:04:57: Starting Socket connection
02/15/25 21:04:57: EXCHANGE_TOKEN received, server token: 9bb42b4b-220d-4aa6-bb54-b5a6f459b29a, passed token: 9bb42b4b-220d-4aa6-bb54-b5a6f459b29a
02/15/25 21:04:57: DISPATCH_HANDLER: Adding handler from function makeHandler in library librdi_system_diagram failed with exception: Could not dynamically load librdi_system_diagram.dll
02/15/25 21:04:57: SESSION_MGR: creating session with session uuid: '98208c88-f68c-4f5f-8494-83bc9d5f4dd7' and name 'vitis-run_compile_example_acc'
02/15/25 21:04:57: KERNEL_SVC: creating session with uuid: '98208c88-f68c-4f5f-8494-83bc9d5f4dd7' and name 'vitis-run_compile_example_acc'
02/15/25 21:04:57: GUIDANCE_SMGR: creating guidance session with uuid: '98208c88-f68c-4f5f-8494-83bc9d5f4dd7' and name 'vitis-run_compile_example_acc'
02/15/25 21:05:05: Dispatch Server: Accepted socket connection from client
02/15/25 21:05:05: Starting Socket connection
02/15/25 21:05:08: SESSION_MGR: closing session for UUID '98208c88-f68c-4f5f-8494-83bc9d5f4dd7' with name 'vitis-run_compile_example_acc'
02/15/25 21:05:08: KERNEL_SVC: closing session for UUID '98208c88-f68c-4f5f-8494-83bc9d5f4dd7' with name 'vitis-run_compile_example_acc'
02/15/25 21:05:08: GUIDANCE_SMGR: closing session for UUID '98208c88-f68c-4f5f-8494-83bc9d5f4dd7' with name 'vitis-run_compile_example_acc'
02/15/25 21:05:08: STOP_SERVER received, server token: 9bb42b4b-220d-4aa6-bb54-b5a6f459b29a, passed token: 9bb42b4b-220d-4aa6-bb54-b5a6f459b29a
02/15/25 21:05:08: Socket received request to stop server.
02/15/25 21:05:08: Dispatch Server: do_await_stop
02/15/25 21:05:08: SERVER: destructor for server bound to port 54732
02/15/25 21:05:08: Server exiting with status 0.
02/15/25 21:05:08: Closing log file.
02/15/25 21:08:37: Running xcd server. This server was NOT built by gradle, but presumably rdi.
02/15/25 21:08:37: Server was asked to start on port: '53357'
02/15/25 21:08:37: Server is using token UUID: 'f69c1b75-e579-4e78-9f4d-aeaa53f5fe33'
02/15/25 21:08:37: SESSION_MGR: creating session with session uuid: '6d04a3e9-ade5-4ab9-8d63-1f78fcd2ec76' and name 'default'
02/15/25 21:08:37: Attempting to start server on port '53357'
02/15/25 21:08:37: Running Dispatch Server
02/15/25 21:08:37: Version 2.2.0
02/15/25 21:08:39: Dispatch Server: Accepted socket connection from client
02/15/25 21:08:39: Starting Socket connection
02/15/25 21:08:39: EXCHANGE_TOKEN received, server token: f69c1b75-e579-4e78-9f4d-aeaa53f5fe33, passed token: f69c1b75-e579-4e78-9f4d-aeaa53f5fe33
02/15/25 21:08:39: DISPATCH_HANDLER: Adding handler from function makeHandler in library librdi_system_diagram failed with exception: Could not dynamically load librdi_system_diagram.dll
02/15/25 21:08:39: SESSION_MGR: creating session with session uuid: 'ec3427af-58b5-4d98-934a-7a68d2c287f8' and name 'vitis-run_compile_example_acc'
02/15/25 21:08:39: KERNEL_SVC: creating session with uuid: 'ec3427af-58b5-4d98-934a-7a68d2c287f8' and name 'vitis-run_compile_example_acc'
02/15/25 21:08:39: GUIDANCE_SMGR: creating guidance session with uuid: 'ec3427af-58b5-4d98-934a-7a68d2c287f8' and name 'vitis-run_compile_example_acc'
02/15/25 21:08:44: Dispatch Server: Accepted socket connection from client
02/15/25 21:08:44: Starting Socket connection
02/15/25 21:08:54: SESSION_MGR: closing session for UUID 'ec3427af-58b5-4d98-934a-7a68d2c287f8' with name 'vitis-run_compile_example_acc'
02/15/25 21:08:54: KERNEL_SVC: closing session for UUID 'ec3427af-58b5-4d98-934a-7a68d2c287f8' with name 'vitis-run_compile_example_acc'
02/15/25 21:08:54: GUIDANCE_SMGR: closing session for UUID 'ec3427af-58b5-4d98-934a-7a68d2c287f8' with name 'vitis-run_compile_example_acc'
02/15/25 21:08:54: STOP_SERVER received, server token: f69c1b75-e579-4e78-9f4d-aeaa53f5fe33, passed token: f69c1b75-e579-4e78-9f4d-aeaa53f5fe33
02/15/25 21:08:54: Socket received request to stop server.
02/15/25 21:08:54: Dispatch Server: do_await_stop
02/15/25 21:08:54: SERVER: destructor for server bound to port 53357
02/15/25 21:08:54: Server exiting with status 0.
02/15/25 21:08:54: Closing log file.
02/15/25 21:10:55: Running xcd server. This server was NOT built by gradle, but presumably rdi.
02/15/25 21:10:55: Server was asked to start on port: '61115'
02/15/25 21:10:55: Server is using token UUID: '654f85f6-30ea-42f9-a2ff-658f73d4eb8b'
02/15/25 21:10:55: SESSION_MGR: creating session with session uuid: '6d04a3e9-ade5-4ab9-8d63-1f78fcd2ec76' and name 'default'
02/15/25 21:10:55: Attempting to start server on port '61115'
02/15/25 21:10:55: Running Dispatch Server
02/15/25 21:10:55: Version 2.2.0
02/15/25 21:10:57: Dispatch Server: Accepted socket connection from client
02/15/25 21:10:57: Starting Socket connection
02/15/25 21:10:57: EXCHANGE_TOKEN received, server token: 654f85f6-30ea-42f9-a2ff-658f73d4eb8b, passed token: 654f85f6-30ea-42f9-a2ff-658f73d4eb8b
02/15/25 21:10:57: DISPATCH_HANDLER: Adding handler from function makeHandler in library librdi_system_diagram failed with exception: Could not dynamically load librdi_system_diagram.dll
02/15/25 21:10:57: SESSION_MGR: creating session with session uuid: 'c77098d5-e424-4a9e-8649-461d5483d57b' and name 'vitis-run_compile_example_acc'
02/15/25 21:10:57: KERNEL_SVC: creating session with uuid: 'c77098d5-e424-4a9e-8649-461d5483d57b' and name 'vitis-run_compile_example_acc'
02/15/25 21:10:57: GUIDANCE_SMGR: creating guidance session with uuid: 'c77098d5-e424-4a9e-8649-461d5483d57b' and name 'vitis-run_compile_example_acc'
02/15/25 21:11:03: Dispatch Server: Accepted socket connection from client
02/15/25 21:11:03: Starting Socket connection
02/15/25 21:11:07: SESSION_MGR: closing session for UUID 'c77098d5-e424-4a9e-8649-461d5483d57b' with name 'vitis-run_compile_example_acc'
02/15/25 21:11:07: KERNEL_SVC: closing session for UUID 'c77098d5-e424-4a9e-8649-461d5483d57b' with name 'vitis-run_compile_example_acc'
02/15/25 21:11:07: GUIDANCE_SMGR: closing session for UUID 'c77098d5-e424-4a9e-8649-461d5483d57b' with name 'vitis-run_compile_example_acc'
02/15/25 21:11:07: STOP_SERVER received, server token: 654f85f6-30ea-42f9-a2ff-658f73d4eb8b, passed token: 654f85f6-30ea-42f9-a2ff-658f73d4eb8b
02/15/25 21:11:07: Socket received request to stop server.
02/15/25 21:11:07: Dispatch Server: do_await_stop
02/15/25 21:11:07: SERVER: destructor for server bound to port 61115
02/15/25 21:11:07: Server exiting with status 0.
02/15/25 21:11:07: Closing log file.
02/15/25 21:12:07: Running xcd server. This server was NOT built by gradle, but presumably rdi.
02/15/25 21:12:07: Server was asked to start on port: '61125'
02/15/25 21:12:07: Server is using token UUID: '221ec13d-e6a7-4502-9394-d89fecf240a4'
02/15/25 21:12:07: SESSION_MGR: creating session with session uuid: '6d04a3e9-ade5-4ab9-8d63-1f78fcd2ec76' and name 'default'
02/15/25 21:12:07: Attempting to start server on port '61125'
02/15/25 21:12:07: Running Dispatch Server
02/15/25 21:12:07: Version 2.2.0
02/15/25 21:12:09: Dispatch Server: Accepted socket connection from client
02/15/25 21:12:09: Starting Socket connection
02/15/25 21:12:09: EXCHANGE_TOKEN received, server token: 221ec13d-e6a7-4502-9394-d89fecf240a4, passed token: 221ec13d-e6a7-4502-9394-d89fecf240a4
02/15/25 21:12:09: DISPATCH_HANDLER: Adding handler from function makeHandler in library librdi_system_diagram failed with exception: Could not dynamically load librdi_system_diagram.dll
02/15/25 21:12:09: SESSION_MGR: creating session with session uuid: '5c381ec2-80a8-4860-b75b-bf7ec93463e1' and name 'vitis-run_compile_example_acc'
02/15/25 21:12:09: KERNEL_SVC: creating session with uuid: '5c381ec2-80a8-4860-b75b-bf7ec93463e1' and name 'vitis-run_compile_example_acc'
02/15/25 21:12:09: GUIDANCE_SMGR: creating guidance session with uuid: '5c381ec2-80a8-4860-b75b-bf7ec93463e1' and name 'vitis-run_compile_example_acc'
02/15/25 21:12:15: Dispatch Server: Accepted socket connection from client
02/15/25 21:12:15: Starting Socket connection
02/15/25 21:12:23: SESSION_MGR: closing session for UUID '5c381ec2-80a8-4860-b75b-bf7ec93463e1' with name 'vitis-run_compile_example_acc'
02/15/25 21:12:23: KERNEL_SVC: closing session for UUID '5c381ec2-80a8-4860-b75b-bf7ec93463e1' with name 'vitis-run_compile_example_acc'
02/15/25 21:12:23: GUIDANCE_SMGR: closing session for UUID '5c381ec2-80a8-4860-b75b-bf7ec93463e1' with name 'vitis-run_compile_example_acc'
02/15/25 21:12:23: STOP_SERVER received, server token: 221ec13d-e6a7-4502-9394-d89fecf240a4, passed token: 221ec13d-e6a7-4502-9394-d89fecf240a4
02/15/25 21:12:23: Socket received request to stop server.
02/15/25 21:12:23: Dispatch Server: do_await_stop
02/15/25 21:12:23: SERVER: destructor for server bound to port 61125
02/15/25 21:12:23: Server exiting with status 0.
02/15/25 21:12:23: Closing log file.
02/15/25 21:12:31: Running xcd server. This server was NOT built by gradle, but presumably rdi.
02/15/25 21:12:31: Server was asked to start on port: '61138'
02/15/25 21:12:31: Server is using token UUID: '82664792-4cb9-4d58-91f3-fa0803174ed3'
02/15/25 21:12:31: SESSION_MGR: creating session with session uuid: '6d04a3e9-ade5-4ab9-8d63-1f78fcd2ec76' and name 'default'
02/15/25 21:12:31: Attempting to start server on port '61138'
02/15/25 21:12:31: Running Dispatch Server
02/15/25 21:12:31: Version 2.2.0
02/15/25 21:12:33: Dispatch Server: Accepted socket connection from client
02/15/25 21:12:33: Starting Socket connection
02/15/25 21:12:33: EXCHANGE_TOKEN received, server token: 82664792-4cb9-4d58-91f3-fa0803174ed3, passed token: 82664792-4cb9-4d58-91f3-fa0803174ed3
02/15/25 21:12:33: DISPATCH_HANDLER: Adding handler from function makeHandler in library librdi_system_diagram failed with exception: Could not dynamically load librdi_system_diagram.dll
02/15/25 21:12:33: SESSION_MGR: creating session with session uuid: '05489afb-55d4-4613-910d-cabf5e179807' and name 'v++_compile_example_acc'
02/15/25 21:12:33: KERNEL_SVC: creating session with uuid: '05489afb-55d4-4613-910d-cabf5e179807' and name 'v++_compile_example_acc'
02/15/25 21:12:33: GUIDANCE_SMGR: creating guidance session with uuid: '05489afb-55d4-4613-910d-cabf5e179807' and name 'v++_compile_example_acc'
02/15/25 21:12:39: Dispatch Server: Accepted socket connection from client
02/15/25 21:12:39: Starting Socket connection
02/15/25 21:13:05: SESSION_MGR: closing session for UUID '05489afb-55d4-4613-910d-cabf5e179807' with name 'v++_compile_example_acc'
02/15/25 21:13:05: KERNEL_SVC: closing session for UUID '05489afb-55d4-4613-910d-cabf5e179807' with name 'v++_compile_example_acc'
02/15/25 21:13:05: GUIDANCE_SMGR: closing session for UUID '05489afb-55d4-4613-910d-cabf5e179807' with name 'v++_compile_example_acc'
02/15/25 21:13:05: STOP_SERVER received, server token: 82664792-4cb9-4d58-91f3-fa0803174ed3, passed token: 82664792-4cb9-4d58-91f3-fa0803174ed3
02/15/25 21:13:05: Socket received request to stop server.
02/15/25 21:13:05: Dispatch Server: do_await_stop
02/15/25 21:13:05: SERVER: destructor for server bound to port 61138
02/15/25 21:13:05: Server exiting with status 0.
02/15/25 21:13:05: Closing log file.
02/15/25 21:14:34: Running xcd server. This server was NOT built by gradle, but presumably rdi.
02/15/25 21:14:34: Server was asked to start on port: '52394'
02/15/25 21:14:34: Server is using token UUID: 'a71c0f1c-a620-495c-bc70-7425d1bb6f77'
02/15/25 21:14:34: SESSION_MGR: creating session with session uuid: '6d04a3e9-ade5-4ab9-8d63-1f78fcd2ec76' and name 'default'
02/15/25 21:14:34: Attempting to start server on port '52394'
02/15/25 21:14:34: Running Dispatch Server
02/15/25 21:14:34: Version 2.2.0
02/15/25 21:14:36: Dispatch Server: Accepted socket connection from client
02/15/25 21:14:36: Starting Socket connection
02/15/25 21:14:36: EXCHANGE_TOKEN received, server token: a71c0f1c-a620-495c-bc70-7425d1bb6f77, passed token: a71c0f1c-a620-495c-bc70-7425d1bb6f77
02/15/25 21:14:36: DISPATCH_HANDLER: Adding handler from function makeHandler in library librdi_system_diagram failed with exception: Could not dynamically load librdi_system_diagram.dll
02/15/25 21:14:36: SESSION_MGR: creating session with session uuid: '07d6892a-e641-4302-bb69-90f6242e1741' and name 'vitis-run_compile_example_acc'
02/15/25 21:14:36: KERNEL_SVC: creating session with uuid: '07d6892a-e641-4302-bb69-90f6242e1741' and name 'vitis-run_compile_example_acc'
02/15/25 21:14:36: GUIDANCE_SMGR: creating guidance session with uuid: '07d6892a-e641-4302-bb69-90f6242e1741' and name 'vitis-run_compile_example_acc'
02/15/25 21:14:42: Dispatch Server: Accepted socket connection from client
02/15/25 21:14:42: Starting Socket connection
02/15/25 21:14:45: SESSION_MGR: closing session for UUID '07d6892a-e641-4302-bb69-90f6242e1741' with name 'vitis-run_compile_example_acc'
02/15/25 21:14:45: KERNEL_SVC: closing session for UUID '07d6892a-e641-4302-bb69-90f6242e1741' with name 'vitis-run_compile_example_acc'
02/15/25 21:14:45: GUIDANCE_SMGR: closing session for UUID '07d6892a-e641-4302-bb69-90f6242e1741' with name 'vitis-run_compile_example_acc'
02/15/25 21:14:45: STOP_SERVER received, server token: a71c0f1c-a620-495c-bc70-7425d1bb6f77, passed token: a71c0f1c-a620-495c-bc70-7425d1bb6f77
02/15/25 21:14:45: Socket received request to stop server.
02/15/25 21:14:45: Dispatch Server: do_await_stop
02/15/25 21:14:45: SERVER: destructor for server bound to port 52394
02/15/25 21:14:45: Server exiting with status 0.
02/15/25 21:14:45: Closing log file.
02/15/25 21:14:50: Running xcd server. This server was NOT built by gradle, but presumably rdi.
02/15/25 21:14:50: Server was asked to start on port: '52398'
02/15/25 21:14:50: Server is using token UUID: 'edf60952-f428-4270-a526-471f55ba1077'
02/15/25 21:14:50: SESSION_MGR: creating session with session uuid: '6d04a3e9-ade5-4ab9-8d63-1f78fcd2ec76' and name 'default'
02/15/25 21:14:50: Attempting to start server on port '52398'
02/15/25 21:14:50: Running Dispatch Server
02/15/25 21:14:50: Version 2.2.0
02/15/25 21:14:52: Dispatch Server: Accepted socket connection from client
02/15/25 21:14:52: Starting Socket connection
02/15/25 21:14:52: EXCHANGE_TOKEN received, server token: edf60952-f428-4270-a526-471f55ba1077, passed token: edf60952-f428-4270-a526-471f55ba1077
02/15/25 21:14:52: DISPATCH_HANDLER: Adding handler from function makeHandler in library librdi_system_diagram failed with exception: Could not dynamically load librdi_system_diagram.dll
02/15/25 21:14:52: SESSION_MGR: creating session with session uuid: '2d784c4e-9aec-45c3-9114-eac78e4ab4f7' and name 'v++_compile_example_acc'
02/15/25 21:14:52: KERNEL_SVC: creating session with uuid: '2d784c4e-9aec-45c3-9114-eac78e4ab4f7' and name 'v++_compile_example_acc'
02/15/25 21:14:52: GUIDANCE_SMGR: creating guidance session with uuid: '2d784c4e-9aec-45c3-9114-eac78e4ab4f7' and name 'v++_compile_example_acc'
02/15/25 21:14:58: Dispatch Server: Accepted socket connection from client
02/15/25 21:14:58: Starting Socket connection
02/15/25 21:15:24: SESSION_MGR: closing session for UUID '2d784c4e-9aec-45c3-9114-eac78e4ab4f7' with name 'v++_compile_example_acc'
02/15/25 21:15:24: KERNEL_SVC: closing session for UUID '2d784c4e-9aec-45c3-9114-eac78e4ab4f7' with name 'v++_compile_example_acc'
02/15/25 21:15:24: GUIDANCE_SMGR: closing session for UUID '2d784c4e-9aec-45c3-9114-eac78e4ab4f7' with name 'v++_compile_example_acc'
02/15/25 21:15:24: STOP_SERVER received, server token: edf60952-f428-4270-a526-471f55ba1077, passed token: edf60952-f428-4270-a526-471f55ba1077
02/15/25 21:15:24: Socket received request to stop server.
02/15/25 21:15:24: Dispatch Server: do_await_stop
02/15/25 21:15:24: SERVER: destructor for server bound to port 52398
02/15/25 21:15:24: Server exiting with status 0.
02/15/25 21:15:24: Closing log file.
02/15/25 21:16:06: Running xcd server. This server was NOT built by gradle, but presumably rdi.
02/15/25 21:16:06: Server was asked to start on port: '52412'
02/15/25 21:16:06: Server is using token UUID: '257f46dc-cd2e-4a33-afda-6004821c6b1b'
02/15/25 21:16:06: SESSION_MGR: creating session with session uuid: '6d04a3e9-ade5-4ab9-8d63-1f78fcd2ec76' and name 'default'
02/15/25 21:16:06: Attempting to start server on port '52412'
02/15/25 21:16:06: Running Dispatch Server
02/15/25 21:16:06: Version 2.2.0
02/15/25 21:16:08: Dispatch Server: Accepted socket connection from client
02/15/25 21:16:08: Starting Socket connection
02/15/25 21:16:08: EXCHANGE_TOKEN received, server token: 257f46dc-cd2e-4a33-afda-6004821c6b1b, passed token: 257f46dc-cd2e-4a33-afda-6004821c6b1b
02/15/25 21:16:08: DISPATCH_HANDLER: Adding handler from function makeHandler in library librdi_system_diagram failed with exception: Could not dynamically load librdi_system_diagram.dll
02/15/25 21:16:08: SESSION_MGR: creating session with session uuid: 'd980a913-85f7-4e46-b237-d52ff48f3fb5' and name 'vitis-run_compile_example_acc'
02/15/25 21:16:08: KERNEL_SVC: creating session with uuid: 'd980a913-85f7-4e46-b237-d52ff48f3fb5' and name 'vitis-run_compile_example_acc'
02/15/25 21:16:08: GUIDANCE_SMGR: creating guidance session with uuid: 'd980a913-85f7-4e46-b237-d52ff48f3fb5' and name 'vitis-run_compile_example_acc'
02/15/25 21:16:14: Dispatch Server: Accepted socket connection from client
02/15/25 21:16:14: Starting Socket connection
02/15/25 21:16:47: SESSION_MGR: closing session for UUID 'd980a913-85f7-4e46-b237-d52ff48f3fb5' with name 'vitis-run_compile_example_acc'
02/15/25 21:16:47: KERNEL_SVC: closing session for UUID 'd980a913-85f7-4e46-b237-d52ff48f3fb5' with name 'vitis-run_compile_example_acc'
02/15/25 21:16:47: GUIDANCE_SMGR: closing session for UUID 'd980a913-85f7-4e46-b237-d52ff48f3fb5' with name 'vitis-run_compile_example_acc'
02/15/25 21:16:47: STOP_SERVER received, server token: 257f46dc-cd2e-4a33-afda-6004821c6b1b, passed token: 257f46dc-cd2e-4a33-afda-6004821c6b1b
02/15/25 21:16:47: Socket received request to stop server.
02/15/25 21:16:47: Dispatch Server: do_await_stop
02/15/25 21:16:47: SERVER: destructor for server bound to port 52412
02/15/25 21:16:47: Server exiting with status 0.
02/15/25 21:16:47: Closing log file.
02/15/25 21:17:39: Running xcd server. This server was NOT built by gradle, but presumably rdi.
02/15/25 21:17:39: Server was asked to start on port: '52438'
02/15/25 21:17:39: Server is using token UUID: '3fe77b11-5cdf-4949-9061-19f0bc009e7b'
02/15/25 21:17:39: SESSION_MGR: creating session with session uuid: '6d04a3e9-ade5-4ab9-8d63-1f78fcd2ec76' and name 'default'
02/15/25 21:17:39: Attempting to start server on port '52438'
02/15/25 21:17:39: Running Dispatch Server
02/15/25 21:17:39: Version 2.2.0
02/15/25 21:17:40: Dispatch Server: Accepted socket connection from client
02/15/25 21:17:40: Starting Socket connection
02/15/25 21:17:40: EXCHANGE_TOKEN received, server token: 3fe77b11-5cdf-4949-9061-19f0bc009e7b, passed token: 3fe77b11-5cdf-4949-9061-19f0bc009e7b
02/15/25 21:17:40: DISPATCH_HANDLER: Adding handler from function makeHandler in library librdi_system_diagram failed with exception: Could not dynamically load librdi_system_diagram.dll
02/15/25 21:17:40: SESSION_MGR: creating session with session uuid: '88bcbe6f-43ef-4e1c-8371-582343500cf1' and name 'vitis-run_compile_example_acc'
02/15/25 21:17:40: KERNEL_SVC: creating session with uuid: '88bcbe6f-43ef-4e1c-8371-582343500cf1' and name 'vitis-run_compile_example_acc'
02/15/25 21:17:40: GUIDANCE_SMGR: creating guidance session with uuid: '88bcbe6f-43ef-4e1c-8371-582343500cf1' and name 'vitis-run_compile_example_acc'
02/15/25 21:17:46: Dispatch Server: Accepted socket connection from client
02/15/25 21:17:46: Starting Socket connection
02/15/25 21:17:50: SESSION_MGR: closing session for UUID '88bcbe6f-43ef-4e1c-8371-582343500cf1' with name 'vitis-run_compile_example_acc'
02/15/25 21:17:50: KERNEL_SVC: closing session for UUID '88bcbe6f-43ef-4e1c-8371-582343500cf1' with name 'vitis-run_compile_example_acc'
02/15/25 21:17:50: GUIDANCE_SMGR: closing session for UUID '88bcbe6f-43ef-4e1c-8371-582343500cf1' with name 'vitis-run_compile_example_acc'
02/15/25 21:17:50: STOP_SERVER received, server token: 3fe77b11-5cdf-4949-9061-19f0bc009e7b, passed token: 3fe77b11-5cdf-4949-9061-19f0bc009e7b
02/15/25 21:17:50: Socket received request to stop server.
02/15/25 21:17:50: Dispatch Server: do_await_stop
02/15/25 21:17:50: SERVER: destructor for server bound to port 52438
02/15/25 21:17:50: Server exiting with status 0.
02/15/25 21:17:50: Closing log file.
02/15/25 21:18:08: Running xcd server. This server was NOT built by gradle, but presumably rdi.
02/15/25 21:18:08: Server was asked to start on port: '52453'
02/15/25 21:18:08: Server is using token UUID: '4eca2769-118f-4553-a1ea-3454fab86e7e'
02/15/25 21:18:08: SESSION_MGR: creating session with session uuid: '6d04a3e9-ade5-4ab9-8d63-1f78fcd2ec76' and name 'default'
02/15/25 21:18:08: Attempting to start server on port '52453'
02/15/25 21:18:08: Running Dispatch Server
02/15/25 21:18:08: Version 2.2.0
02/15/25 21:18:10: Dispatch Server: Accepted socket connection from client
02/15/25 21:18:10: Starting Socket connection
02/15/25 21:18:10: EXCHANGE_TOKEN received, server token: 4eca2769-118f-4553-a1ea-3454fab86e7e, passed token: 4eca2769-118f-4553-a1ea-3454fab86e7e
02/15/25 21:18:10: DISPATCH_HANDLER: Adding handler from function makeHandler in library librdi_system_diagram failed with exception: Could not dynamically load librdi_system_diagram.dll
02/15/25 21:18:10: SESSION_MGR: creating session with session uuid: 'c5d8a1f2-02db-4b71-8a3d-b97fa58324dc' and name 'vitis-run_compile_example_acc'
02/15/25 21:18:10: KERNEL_SVC: creating session with uuid: 'c5d8a1f2-02db-4b71-8a3d-b97fa58324dc' and name 'vitis-run_compile_example_acc'
02/15/25 21:18:10: GUIDANCE_SMGR: creating guidance session with uuid: 'c5d8a1f2-02db-4b71-8a3d-b97fa58324dc' and name 'vitis-run_compile_example_acc'
02/15/25 21:18:16: Dispatch Server: Accepted socket connection from client
02/15/25 21:18:16: Starting Socket connection
02/15/25 21:18:25: SESSION_MGR: closing session for UUID 'c5d8a1f2-02db-4b71-8a3d-b97fa58324dc' with name 'vitis-run_compile_example_acc'
02/15/25 21:18:25: KERNEL_SVC: closing session for UUID 'c5d8a1f2-02db-4b71-8a3d-b97fa58324dc' with name 'vitis-run_compile_example_acc'
02/15/25 21:18:25: GUIDANCE_SMGR: closing session for UUID 'c5d8a1f2-02db-4b71-8a3d-b97fa58324dc' with name 'vitis-run_compile_example_acc'
02/15/25 21:18:25: STOP_SERVER received, server token: 4eca2769-118f-4553-a1ea-3454fab86e7e, passed token: 4eca2769-118f-4553-a1ea-3454fab86e7e
02/15/25 21:18:25: Socket received request to stop server.
02/15/25 21:18:25: Dispatch Server: do_await_stop
02/15/25 21:18:25: SERVER: destructor for server bound to port 52453
02/15/25 21:18:25: Server exiting with status 0.
02/15/25 21:18:25: Closing log file.
02/15/25 21:18:31: Running xcd server. This server was NOT built by gradle, but presumably rdi.
02/15/25 21:18:31: Server was asked to start on port: '52463'
02/15/25 21:18:31: Server is using token UUID: '191441af-ccf2-4a54-8088-da06f047cbf9'
02/15/25 21:18:31: SESSION_MGR: creating session with session uuid: '6d04a3e9-ade5-4ab9-8d63-1f78fcd2ec76' and name 'default'
02/15/25 21:18:31: Attempting to start server on port '52463'
02/15/25 21:18:31: Running Dispatch Server
02/15/25 21:18:31: Version 2.2.0
02/15/25 21:18:32: Dispatch Server: Accepted socket connection from client
02/15/25 21:18:32: Starting Socket connection
02/15/25 21:18:32: EXCHANGE_TOKEN received, server token: 191441af-ccf2-4a54-8088-da06f047cbf9, passed token: 191441af-ccf2-4a54-8088-da06f047cbf9
02/15/25 21:18:32: DISPATCH_HANDLER: Adding handler from function makeHandler in library librdi_system_diagram failed with exception: Could not dynamically load librdi_system_diagram.dll
02/15/25 21:18:32: SESSION_MGR: creating session with session uuid: '668ff36a-a5c1-4cc7-91c3-e19dac9d209e' and name 'v++_compile_example_acc'
02/15/25 21:18:32: KERNEL_SVC: creating session with uuid: '668ff36a-a5c1-4cc7-91c3-e19dac9d209e' and name 'v++_compile_example_acc'
02/15/25 21:18:32: GUIDANCE_SMGR: creating guidance session with uuid: '668ff36a-a5c1-4cc7-91c3-e19dac9d209e' and name 'v++_compile_example_acc'
02/15/25 21:18:38: Dispatch Server: Accepted socket connection from client
02/15/25 21:18:38: Starting Socket connection
02/15/25 21:19:02: SESSION_MGR: closing session for UUID '668ff36a-a5c1-4cc7-91c3-e19dac9d209e' with name 'v++_compile_example_acc'
02/15/25 21:19:02: KERNEL_SVC: closing session for UUID '668ff36a-a5c1-4cc7-91c3-e19dac9d209e' with name 'v++_compile_example_acc'
02/15/25 21:19:02: GUIDANCE_SMGR: closing session for UUID '668ff36a-a5c1-4cc7-91c3-e19dac9d209e' with name 'v++_compile_example_acc'
02/15/25 21:19:02: STOP_SERVER received, server token: 191441af-ccf2-4a54-8088-da06f047cbf9, passed token: 191441af-ccf2-4a54-8088-da06f047cbf9
02/15/25 21:19:02: Socket received request to stop server.
02/15/25 21:19:02: Dispatch Server: do_await_stop
02/15/25 21:19:02: SERVER: destructor for server bound to port 52463
02/15/25 21:19:02: Server exiting with status 0.
02/15/25 21:19:02: Closing log file.
02/15/25 21:22:50: Running xcd server. This server was NOT built by gradle, but presumably rdi.
02/15/25 21:22:50: Server was asked to start on port: '52499'
02/15/25 21:22:50: Server is using token UUID: '3d12a5e6-7642-4322-ba76-a39b4d829f01'
02/15/25 21:22:50: SESSION_MGR: creating session with session uuid: '6d04a3e9-ade5-4ab9-8d63-1f78fcd2ec76' and name 'default'
02/15/25 21:22:50: Attempting to start server on port '52499'
02/15/25 21:22:50: Running Dispatch Server
02/15/25 21:22:50: Version 2.2.0
02/15/25 21:22:52: Dispatch Server: Accepted socket connection from client
02/15/25 21:22:52: Starting Socket connection
02/15/25 21:22:52: EXCHANGE_TOKEN received, server token: 3d12a5e6-7642-4322-ba76-a39b4d829f01, passed token: 3d12a5e6-7642-4322-ba76-a39b4d829f01
02/15/25 21:22:52: DISPATCH_HANDLER: Adding handler from function makeHandler in library librdi_system_diagram failed with exception: Could not dynamically load librdi_system_diagram.dll
02/15/25 21:22:52: SESSION_MGR: creating session with session uuid: 'ef3098cb-227a-4863-be70-3ee2273555cd' and name 'vitis-run_compile_example_acc'
02/15/25 21:22:52: KERNEL_SVC: creating session with uuid: 'ef3098cb-227a-4863-be70-3ee2273555cd' and name 'vitis-run_compile_example_acc'
02/15/25 21:22:52: GUIDANCE_SMGR: creating guidance session with uuid: 'ef3098cb-227a-4863-be70-3ee2273555cd' and name 'vitis-run_compile_example_acc'
02/15/25 21:22:57: Dispatch Server: Accepted socket connection from client
02/15/25 21:22:57: Starting Socket connection
02/15/25 21:23:04: SESSION_MGR: closing session for UUID 'ef3098cb-227a-4863-be70-3ee2273555cd' with name 'vitis-run_compile_example_acc'
02/15/25 21:23:04: KERNEL_SVC: closing session for UUID 'ef3098cb-227a-4863-be70-3ee2273555cd' with name 'vitis-run_compile_example_acc'
02/15/25 21:23:04: GUIDANCE_SMGR: closing session for UUID 'ef3098cb-227a-4863-be70-3ee2273555cd' with name 'vitis-run_compile_example_acc'
02/15/25 21:23:04: STOP_SERVER received, server token: 3d12a5e6-7642-4322-ba76-a39b4d829f01, passed token: 3d12a5e6-7642-4322-ba76-a39b4d829f01
02/15/25 21:23:04: Socket received request to stop server.
02/15/25 21:23:04: Dispatch Server: do_await_stop
02/15/25 21:23:04: SERVER: destructor for server bound to port 52499
02/15/25 21:23:04: Server exiting with status 0.
02/15/25 21:23:04: Closing log file.
02/15/25 21:23:25: Running xcd server. This server was NOT built by gradle, but presumably rdi.
02/15/25 21:23:25: Server was asked to start on port: '65394'
02/15/25 21:23:25: Server is using token UUID: '1596d620-29ad-456b-8d50-c46101b5a779'
02/15/25 21:23:25: SESSION_MGR: creating session with session uuid: '6d04a3e9-ade5-4ab9-8d63-1f78fcd2ec76' and name 'default'
02/15/25 21:23:25: Attempting to start server on port '65394'
02/15/25 21:23:25: Running Dispatch Server
02/15/25 21:23:25: Version 2.2.0
02/15/25 21:23:27: Dispatch Server: Accepted socket connection from client
02/15/25 21:23:27: Starting Socket connection
02/15/25 21:23:27: EXCHANGE_TOKEN received, server token: 1596d620-29ad-456b-8d50-c46101b5a779, passed token: 1596d620-29ad-456b-8d50-c46101b5a779
02/15/25 21:23:27: DISPATCH_HANDLER: Adding handler from function makeHandler in library librdi_system_diagram failed with exception: Could not dynamically load librdi_system_diagram.dll
02/15/25 21:23:27: SESSION_MGR: creating session with session uuid: 'b9c1de2b-d036-4031-8a1f-a9bb3725a411' and name 'vitis-run_compile_example_acc'
02/15/25 21:23:27: KERNEL_SVC: creating session with uuid: 'b9c1de2b-d036-4031-8a1f-a9bb3725a411' and name 'vitis-run_compile_example_acc'
02/15/25 21:23:27: GUIDANCE_SMGR: creating guidance session with uuid: 'b9c1de2b-d036-4031-8a1f-a9bb3725a411' and name 'vitis-run_compile_example_acc'
02/15/25 21:23:33: Dispatch Server: Accepted socket connection from client
02/15/25 21:23:33: Starting Socket connection
02/15/25 21:23:36: SESSION_MGR: closing session for UUID 'b9c1de2b-d036-4031-8a1f-a9bb3725a411' with name 'vitis-run_compile_example_acc'
02/15/25 21:23:36: KERNEL_SVC: closing session for UUID 'b9c1de2b-d036-4031-8a1f-a9bb3725a411' with name 'vitis-run_compile_example_acc'
02/15/25 21:23:36: GUIDANCE_SMGR: closing session for UUID 'b9c1de2b-d036-4031-8a1f-a9bb3725a411' with name 'vitis-run_compile_example_acc'
02/15/25 21:23:36: STOP_SERVER received, server token: 1596d620-29ad-456b-8d50-c46101b5a779, passed token: 1596d620-29ad-456b-8d50-c46101b5a779
02/15/25 21:23:36: Socket received request to stop server.
02/15/25 21:23:36: Dispatch Server: do_await_stop
02/15/25 21:23:36: SERVER: destructor for server bound to port 65394
02/15/25 21:23:36: Server exiting with status 0.
02/15/25 21:23:36: Closing log file.
02/15/25 21:23:43: Running xcd server. This server was NOT built by gradle, but presumably rdi.
02/15/25 21:23:43: Server was asked to start on port: '65398'
02/15/25 21:23:43: Server is using token UUID: '91a7c4b9-de45-499e-8185-72ef7ba2a613'
02/15/25 21:23:43: SESSION_MGR: creating session with session uuid: '6d04a3e9-ade5-4ab9-8d63-1f78fcd2ec76' and name 'default'
02/15/25 21:23:43: Attempting to start server on port '65398'
02/15/25 21:23:43: Running Dispatch Server
02/15/25 21:23:43: Version 2.2.0
02/15/25 21:23:45: Dispatch Server: Accepted socket connection from client
02/15/25 21:23:45: Starting Socket connection
02/15/25 21:23:45: EXCHANGE_TOKEN received, server token: 91a7c4b9-de45-499e-8185-72ef7ba2a613, passed token: 91a7c4b9-de45-499e-8185-72ef7ba2a613
02/15/25 21:23:45: DISPATCH_HANDLER: Adding handler from function makeHandler in library librdi_system_diagram failed with exception: Could not dynamically load librdi_system_diagram.dll
02/15/25 21:23:45: SESSION_MGR: creating session with session uuid: 'ab7fbac7-ae4a-4545-ab99-5def75e6bfc2' and name 'v++_compile_example_acc'
02/15/25 21:23:45: KERNEL_SVC: creating session with uuid: 'ab7fbac7-ae4a-4545-ab99-5def75e6bfc2' and name 'v++_compile_example_acc'
02/15/25 21:23:45: GUIDANCE_SMGR: creating guidance session with uuid: 'ab7fbac7-ae4a-4545-ab99-5def75e6bfc2' and name 'v++_compile_example_acc'
02/15/25 21:23:51: Dispatch Server: Accepted socket connection from client
02/15/25 21:23:51: Starting Socket connection
02/15/25 21:24:16: SESSION_MGR: closing session for UUID 'ab7fbac7-ae4a-4545-ab99-5def75e6bfc2' with name 'v++_compile_example_acc'
02/15/25 21:24:16: KERNEL_SVC: closing session for UUID 'ab7fbac7-ae4a-4545-ab99-5def75e6bfc2' with name 'v++_compile_example_acc'
02/15/25 21:24:16: GUIDANCE_SMGR: closing session for UUID 'ab7fbac7-ae4a-4545-ab99-5def75e6bfc2' with name 'v++_compile_example_acc'
02/15/25 21:24:16: STOP_SERVER received, server token: 91a7c4b9-de45-499e-8185-72ef7ba2a613, passed token: 91a7c4b9-de45-499e-8185-72ef7ba2a613
02/15/25 21:24:16: Socket received request to stop server.
02/15/25 21:24:16: Dispatch Server: do_await_stop
02/15/25 21:24:16: SERVER: destructor for server bound to port 65398
02/15/25 21:24:16: Server exiting with status 0.
02/15/25 21:24:16: Closing log file.
02/15/25 21:24:53: Running xcd server. This server was NOT built by gradle, but presumably rdi.
02/15/25 21:24:53: Server was asked to start on port: '65413'
02/15/25 21:24:53: Server is using token UUID: 'c7741f31-b173-4ce0-b99d-4b74326c8952'
02/15/25 21:24:53: SESSION_MGR: creating session with session uuid: '6d04a3e9-ade5-4ab9-8d63-1f78fcd2ec76' and name 'default'
02/15/25 21:24:53: Attempting to start server on port '65413'
02/15/25 21:24:53: Running Dispatch Server
02/15/25 21:24:53: Version 2.2.0
02/15/25 21:24:55: Dispatch Server: Accepted socket connection from client
02/15/25 21:24:55: Starting Socket connection
02/15/25 21:24:55: EXCHANGE_TOKEN received, server token: c7741f31-b173-4ce0-b99d-4b74326c8952, passed token: c7741f31-b173-4ce0-b99d-4b74326c8952
02/15/25 21:24:55: DISPATCH_HANDLER: Adding handler from function makeHandler in library librdi_system_diagram failed with exception: Could not dynamically load librdi_system_diagram.dll
02/15/25 21:24:55: SESSION_MGR: creating session with session uuid: '751c7044-9d97-401c-9b2e-c1d36e877061' and name 'vitis-run_compile_example_acc'
02/15/25 21:24:55: KERNEL_SVC: creating session with uuid: '751c7044-9d97-401c-9b2e-c1d36e877061' and name 'vitis-run_compile_example_acc'
02/15/25 21:24:55: GUIDANCE_SMGR: creating guidance session with uuid: '751c7044-9d97-401c-9b2e-c1d36e877061' and name 'vitis-run_compile_example_acc'
02/15/25 21:25:01: Dispatch Server: Accepted socket connection from client
02/15/25 21:25:01: Starting Socket connection
02/15/25 21:25:31: SESSION_MGR: closing session for UUID '751c7044-9d97-401c-9b2e-c1d36e877061' with name 'vitis-run_compile_example_acc'
02/15/25 21:25:31: KERNEL_SVC: closing session for UUID '751c7044-9d97-401c-9b2e-c1d36e877061' with name 'vitis-run_compile_example_acc'
02/15/25 21:25:31: GUIDANCE_SMGR: closing session for UUID '751c7044-9d97-401c-9b2e-c1d36e877061' with name 'vitis-run_compile_example_acc'
02/15/25 21:25:31: STOP_SERVER received, server token: c7741f31-b173-4ce0-b99d-4b74326c8952, passed token: c7741f31-b173-4ce0-b99d-4b74326c8952
02/15/25 21:25:31: Socket received request to stop server.
02/15/25 21:25:31: Dispatch Server: do_await_stop
02/15/25 21:25:31: SERVER: destructor for server bound to port 65413
02/15/25 21:25:31: Server exiting with status 0.
02/15/25 21:25:31: Closing log file.
02/15/25 21:25:39: Running xcd server. This server was NOT built by gradle, but presumably rdi.
02/15/25 21:25:39: Server was asked to start on port: '65428'
02/15/25 21:25:39: Server is using token UUID: 'cbc491a6-ae2b-4c02-8557-6a36c7ee70f9'
02/15/25 21:25:39: SESSION_MGR: creating session with session uuid: '6d04a3e9-ade5-4ab9-8d63-1f78fcd2ec76' and name 'default'
02/15/25 21:25:39: Attempting to start server on port '65428'
02/15/25 21:25:39: Running Dispatch Server
02/15/25 21:25:39: Version 2.2.0
02/15/25 21:25:41: Dispatch Server: Accepted socket connection from client
02/15/25 21:25:41: Starting Socket connection
02/15/25 21:25:41: EXCHANGE_TOKEN received, server token: cbc491a6-ae2b-4c02-8557-6a36c7ee70f9, passed token: cbc491a6-ae2b-4c02-8557-6a36c7ee70f9
02/15/25 21:25:41: DISPATCH_HANDLER: Adding handler from function makeHandler in library librdi_system_diagram failed with exception: Could not dynamically load librdi_system_diagram.dll
02/15/25 21:25:41: SESSION_MGR: creating session with session uuid: '4310e9f1-975e-47a3-9a76-6dcafed3e446' and name 'vitis-run_compile_example_acc'
02/15/25 21:25:41: KERNEL_SVC: creating session with uuid: '4310e9f1-975e-47a3-9a76-6dcafed3e446' and name 'vitis-run_compile_example_acc'
02/15/25 21:25:41: GUIDANCE_SMGR: creating guidance session with uuid: '4310e9f1-975e-47a3-9a76-6dcafed3e446' and name 'vitis-run_compile_example_acc'
02/15/25 21:25:47: Dispatch Server: Accepted socket connection from client
02/15/25 21:25:47: Starting Socket connection
02/15/25 21:26:07: SESSION_MGR: closing session for UUID '4310e9f1-975e-47a3-9a76-6dcafed3e446' with name 'vitis-run_compile_example_acc'
02/15/25 21:26:07: KERNEL_SVC: closing session for UUID '4310e9f1-975e-47a3-9a76-6dcafed3e446' with name 'vitis-run_compile_example_acc'
02/15/25 21:26:07: GUIDANCE_SMGR: closing session for UUID '4310e9f1-975e-47a3-9a76-6dcafed3e446' with name 'vitis-run_compile_example_acc'
02/15/25 21:26:07: STOP_SERVER received, server token: cbc491a6-ae2b-4c02-8557-6a36c7ee70f9, passed token: cbc491a6-ae2b-4c02-8557-6a36c7ee70f9
02/15/25 21:26:07: Socket received request to stop server.
02/15/25 21:26:07: Dispatch Server: do_await_stop
02/15/25 21:26:07: SERVER: destructor for server bound to port 65428
02/15/25 21:26:07: Server exiting with status 0.
02/15/25 21:26:07: Closing log file.
02/15/25 21:36:47: Running xcd server. This server was NOT built by gradle, but presumably rdi.
02/15/25 21:36:47: Server was asked to start on port: '49204'
02/15/25 21:36:47: Server is using token UUID: '230be09a-e387-43e3-ae82-f28e96d10106'
02/15/25 21:36:47: SESSION_MGR: creating session with session uuid: '6d04a3e9-ade5-4ab9-8d63-1f78fcd2ec76' and name 'default'
02/15/25 21:36:47: Attempting to start server on port '49204'
02/15/25 21:36:47: Running Dispatch Server
02/15/25 21:36:47: Version 2.2.0
02/15/25 21:36:49: Dispatch Server: Accepted socket connection from client
02/15/25 21:36:49: Starting Socket connection
02/15/25 21:36:49: EXCHANGE_TOKEN received, server token: 230be09a-e387-43e3-ae82-f28e96d10106, passed token: 230be09a-e387-43e3-ae82-f28e96d10106
02/15/25 21:36:49: DISPATCH_HANDLER: Adding handler from function makeHandler in library librdi_system_diagram failed with exception: Could not dynamically load librdi_system_diagram.dll
02/15/25 21:36:49: SESSION_MGR: creating session with session uuid: 'd8fc1fe6-72c5-42cd-9d38-85a31b612733' and name 'vitis-run_compile_example_acc'
02/15/25 21:36:49: KERNEL_SVC: creating session with uuid: 'd8fc1fe6-72c5-42cd-9d38-85a31b612733' and name 'vitis-run_compile_example_acc'
02/15/25 21:36:49: GUIDANCE_SMGR: creating guidance session with uuid: 'd8fc1fe6-72c5-42cd-9d38-85a31b612733' and name 'vitis-run_compile_example_acc'
02/15/25 21:36:56: Dispatch Server: Accepted socket connection from client
02/15/25 21:36:56: Starting Socket connection
02/15/25 21:37:01: SESSION_MGR: closing session for UUID 'd8fc1fe6-72c5-42cd-9d38-85a31b612733' with name 'vitis-run_compile_example_acc'
02/15/25 21:37:01: KERNEL_SVC: closing session for UUID 'd8fc1fe6-72c5-42cd-9d38-85a31b612733' with name 'vitis-run_compile_example_acc'
02/15/25 21:37:01: GUIDANCE_SMGR: closing session for UUID 'd8fc1fe6-72c5-42cd-9d38-85a31b612733' with name 'vitis-run_compile_example_acc'
02/15/25 21:37:01: STOP_SERVER received, server token: 230be09a-e387-43e3-ae82-f28e96d10106, passed token: 230be09a-e387-43e3-ae82-f28e96d10106
02/15/25 21:37:01: Socket received request to stop server.
02/15/25 21:37:01: Dispatch Server: do_await_stop
02/15/25 21:37:01: SERVER: destructor for server bound to port 49204
02/15/25 21:37:01: Server exiting with status 0.
02/15/25 21:37:01: Closing log file.
02/15/25 21:37:07: Running xcd server. This server was NOT built by gradle, but presumably rdi.
02/15/25 21:37:07: Server was asked to start on port: '49218'
02/15/25 21:37:07: Server is using token UUID: 'b996a88d-273b-4208-8bfe-e0d15354c07e'
02/15/25 21:37:07: SESSION_MGR: creating session with session uuid: '6d04a3e9-ade5-4ab9-8d63-1f78fcd2ec76' and name 'default'
02/15/25 21:37:07: Attempting to start server on port '49218'
02/15/25 21:37:07: Running Dispatch Server
02/15/25 21:37:07: Version 2.2.0
02/15/25 21:37:09: Dispatch Server: Accepted socket connection from client
02/15/25 21:37:09: Starting Socket connection
02/15/25 21:37:09: EXCHANGE_TOKEN received, server token: b996a88d-273b-4208-8bfe-e0d15354c07e, passed token: b996a88d-273b-4208-8bfe-e0d15354c07e
02/15/25 21:37:09: DISPATCH_HANDLER: Adding handler from function makeHandler in library librdi_system_diagram failed with exception: Could not dynamically load librdi_system_diagram.dll
02/15/25 21:37:09: SESSION_MGR: creating session with session uuid: 'f3f6212a-2ba6-45a6-94ac-c235d87c81ca' and name 'v++_compile_example_acc'
02/15/25 21:37:09: KERNEL_SVC: creating session with uuid: 'f3f6212a-2ba6-45a6-94ac-c235d87c81ca' and name 'v++_compile_example_acc'
02/15/25 21:37:09: GUIDANCE_SMGR: creating guidance session with uuid: 'f3f6212a-2ba6-45a6-94ac-c235d87c81ca' and name 'v++_compile_example_acc'
02/15/25 21:37:16: Dispatch Server: Accepted socket connection from client
02/15/25 21:37:16: Starting Socket connection
02/15/25 21:37:42: SESSION_MGR: closing session for UUID 'f3f6212a-2ba6-45a6-94ac-c235d87c81ca' with name 'v++_compile_example_acc'
02/15/25 21:37:42: KERNEL_SVC: closing session for UUID 'f3f6212a-2ba6-45a6-94ac-c235d87c81ca' with name 'v++_compile_example_acc'
02/15/25 21:37:42: GUIDANCE_SMGR: closing session for UUID 'f3f6212a-2ba6-45a6-94ac-c235d87c81ca' with name 'v++_compile_example_acc'
02/15/25 21:37:42: STOP_SERVER received, server token: b996a88d-273b-4208-8bfe-e0d15354c07e, passed token: b996a88d-273b-4208-8bfe-e0d15354c07e
02/15/25 21:37:42: Socket received request to stop server.
02/15/25 21:37:42: Dispatch Server: do_await_stop
02/15/25 21:37:42: SERVER: destructor for server bound to port 49218
02/15/25 21:37:42: Server exiting with status 0.
02/15/25 21:37:42: Closing log file.
02/15/25 21:42:02: Running xcd server. This server was NOT built by gradle, but presumably rdi.
02/15/25 21:42:02: Server was asked to start on port: '49320'
02/15/25 21:42:02: Server is using token UUID: '7a229e69-41a0-44b8-9780-d84251451714'
02/15/25 21:42:02: SESSION_MGR: creating session with session uuid: '6d04a3e9-ade5-4ab9-8d63-1f78fcd2ec76' and name 'default'
02/15/25 21:42:02: Attempting to start server on port '49320'
02/15/25 21:42:02: Running Dispatch Server
02/15/25 21:42:02: Version 2.2.0
02/15/25 21:42:04: Dispatch Server: Accepted socket connection from client
02/15/25 21:42:04: Starting Socket connection
02/15/25 21:42:04: EXCHANGE_TOKEN received, server token: 7a229e69-41a0-44b8-9780-d84251451714, passed token: 7a229e69-41a0-44b8-9780-d84251451714
02/15/25 21:42:04: DISPATCH_HANDLER: Adding handler from function makeHandler in library librdi_system_diagram failed with exception: Could not dynamically load librdi_system_diagram.dll
02/15/25 21:42:04: SESSION_MGR: creating session with session uuid: 'e1de4dbc-028b-46b0-ae48-2beb0c8dfc6a' and name 'vitis-run_compile_example_acc'
02/15/25 21:42:04: KERNEL_SVC: creating session with uuid: 'e1de4dbc-028b-46b0-ae48-2beb0c8dfc6a' and name 'vitis-run_compile_example_acc'
02/15/25 21:42:04: GUIDANCE_SMGR: creating guidance session with uuid: 'e1de4dbc-028b-46b0-ae48-2beb0c8dfc6a' and name 'vitis-run_compile_example_acc'
02/15/25 21:42:11: Dispatch Server: Accepted socket connection from client
02/15/25 21:42:11: Starting Socket connection
02/15/25 21:42:15: SESSION_MGR: closing session for UUID 'e1de4dbc-028b-46b0-ae48-2beb0c8dfc6a' with name 'vitis-run_compile_example_acc'
02/15/25 21:42:15: KERNEL_SVC: closing session for UUID 'e1de4dbc-028b-46b0-ae48-2beb0c8dfc6a' with name 'vitis-run_compile_example_acc'
02/15/25 21:42:15: GUIDANCE_SMGR: closing session for UUID 'e1de4dbc-028b-46b0-ae48-2beb0c8dfc6a' with name 'vitis-run_compile_example_acc'
02/15/25 21:42:15: STOP_SERVER received, server token: 7a229e69-41a0-44b8-9780-d84251451714, passed token: 7a229e69-41a0-44b8-9780-d84251451714
02/15/25 21:42:15: Socket received request to stop server.
02/15/25 21:42:15: Dispatch Server: do_await_stop
02/15/25 21:42:15: SERVER: destructor for server bound to port 49320
02/15/25 21:42:15: Server exiting with status 0.
02/15/25 21:42:15: Closing log file.
02/15/25 21:54:51: Running xcd server. This server was NOT built by gradle, but presumably rdi.
02/15/25 21:54:51: Server was asked to start on port: '49524'
02/15/25 21:54:51: Server is using token UUID: '5153db83-ebcb-4e8b-b9c7-0121e5f4f920'
02/15/25 21:54:51: SESSION_MGR: creating session with session uuid: '6d04a3e9-ade5-4ab9-8d63-1f78fcd2ec76' and name 'default'
02/15/25 21:54:51: Attempting to start server on port '49524'
02/15/25 21:54:51: Running Dispatch Server
02/15/25 21:54:51: Version 2.2.0
02/15/25 21:54:52: Dispatch Server: Accepted socket connection from client
02/15/25 21:54:52: Starting Socket connection
02/15/25 21:54:52: EXCHANGE_TOKEN received, server token: 5153db83-ebcb-4e8b-b9c7-0121e5f4f920, passed token: 5153db83-ebcb-4e8b-b9c7-0121e5f4f920
02/15/25 21:54:52: DISPATCH_HANDLER: Adding handler from function makeHandler in library librdi_system_diagram failed with exception: Could not dynamically load librdi_system_diagram.dll
02/15/25 21:54:52: SESSION_MGR: creating session with session uuid: 'dafb3d69-b42f-460a-8312-5277a8d7fbb3' and name 'vitis-run_compile_example_acc'
02/15/25 21:54:52: KERNEL_SVC: creating session with uuid: 'dafb3d69-b42f-460a-8312-5277a8d7fbb3' and name 'vitis-run_compile_example_acc'
02/15/25 21:54:52: GUIDANCE_SMGR: creating guidance session with uuid: 'dafb3d69-b42f-460a-8312-5277a8d7fbb3' and name 'vitis-run_compile_example_acc'
02/15/25 21:55:01: Dispatch Server: Accepted socket connection from client
02/15/25 21:55:01: Starting Socket connection
02/15/25 21:55:04: SESSION_MGR: closing session for UUID 'dafb3d69-b42f-460a-8312-5277a8d7fbb3' with name 'vitis-run_compile_example_acc'
02/15/25 21:55:04: KERNEL_SVC: closing session for UUID 'dafb3d69-b42f-460a-8312-5277a8d7fbb3' with name 'vitis-run_compile_example_acc'
02/15/25 21:55:04: GUIDANCE_SMGR: closing session for UUID 'dafb3d69-b42f-460a-8312-5277a8d7fbb3' with name 'vitis-run_compile_example_acc'
02/15/25 21:55:04: STOP_SERVER received, server token: 5153db83-ebcb-4e8b-b9c7-0121e5f4f920, passed token: 5153db83-ebcb-4e8b-b9c7-0121e5f4f920
02/15/25 21:55:04: Socket received request to stop server.
02/15/25 21:55:04: Dispatch Server: do_await_stop
02/15/25 21:55:04: SERVER: destructor for server bound to port 49524
02/15/25 21:55:04: Server exiting with status 0.
02/15/25 21:55:04: Closing log file.
02/15/25 21:56:10: Running xcd server. This server was NOT built by gradle, but presumably rdi.
02/15/25 21:56:10: Server was asked to start on port: '49542'
02/15/25 21:56:10: Server is using token UUID: 'cd6179c6-9720-403e-b39a-279538afe4f1'
02/15/25 21:56:10: SESSION_MGR: creating session with session uuid: '6d04a3e9-ade5-4ab9-8d63-1f78fcd2ec76' and name 'default'
02/15/25 21:56:10: Attempting to start server on port '49542'
02/15/25 21:56:10: Running Dispatch Server
02/15/25 21:56:10: Version 2.2.0
02/15/25 21:56:11: Dispatch Server: Accepted socket connection from client
02/15/25 21:56:11: Starting Socket connection
02/15/25 21:56:11: EXCHANGE_TOKEN received, server token: cd6179c6-9720-403e-b39a-279538afe4f1, passed token: cd6179c6-9720-403e-b39a-279538afe4f1
02/15/25 21:56:11: DISPATCH_HANDLER: Adding handler from function makeHandler in library librdi_system_diagram failed with exception: Could not dynamically load librdi_system_diagram.dll
02/15/25 21:56:11: SESSION_MGR: creating session with session uuid: 'acb55a43-9d6b-4a49-a1a5-dcc6363f1756' and name 'vitis-run_compile_example_acc'
02/15/25 21:56:11: KERNEL_SVC: creating session with uuid: 'acb55a43-9d6b-4a49-a1a5-dcc6363f1756' and name 'vitis-run_compile_example_acc'
02/15/25 21:56:11: GUIDANCE_SMGR: creating guidance session with uuid: 'acb55a43-9d6b-4a49-a1a5-dcc6363f1756' and name 'vitis-run_compile_example_acc'
02/15/25 21:56:19: Dispatch Server: Accepted socket connection from client
02/15/25 21:56:19: Starting Socket connection
02/15/25 21:56:29: SESSION_MGR: closing session for UUID 'acb55a43-9d6b-4a49-a1a5-dcc6363f1756' with name 'vitis-run_compile_example_acc'
02/15/25 21:56:29: KERNEL_SVC: closing session for UUID 'acb55a43-9d6b-4a49-a1a5-dcc6363f1756' with name 'vitis-run_compile_example_acc'
02/15/25 21:56:29: GUIDANCE_SMGR: closing session for UUID 'acb55a43-9d6b-4a49-a1a5-dcc6363f1756' with name 'vitis-run_compile_example_acc'
02/15/25 21:56:29: STOP_SERVER received, server token: cd6179c6-9720-403e-b39a-279538afe4f1, passed token: cd6179c6-9720-403e-b39a-279538afe4f1
02/15/25 21:56:29: Socket received request to stop server.
02/15/25 21:56:29: Dispatch Server: do_await_stop
02/15/25 21:56:29: SERVER: destructor for server bound to port 49542
02/15/25 21:56:29: Server exiting with status 0.
02/15/25 21:56:29: Closing log file.
02/15/25 21:56:39: Running xcd server. This server was NOT built by gradle, but presumably rdi.
02/15/25 21:56:39: Server was asked to start on port: '49555'
02/15/25 21:56:39: Server is using token UUID: '71cd35b4-403b-427f-9bf6-01894cd3890e'
02/15/25 21:56:39: SESSION_MGR: creating session with session uuid: '6d04a3e9-ade5-4ab9-8d63-1f78fcd2ec76' and name 'default'
02/15/25 21:56:39: Attempting to start server on port '49555'
02/15/25 21:56:39: Running Dispatch Server
02/15/25 21:56:39: Version 2.2.0
02/15/25 21:56:40: Dispatch Server: Accepted socket connection from client
02/15/25 21:56:40: Starting Socket connection
02/15/25 21:56:40: EXCHANGE_TOKEN received, server token: 71cd35b4-403b-427f-9bf6-01894cd3890e, passed token: 71cd35b4-403b-427f-9bf6-01894cd3890e
02/15/25 21:56:40: DISPATCH_HANDLER: Adding handler from function makeHandler in library librdi_system_diagram failed with exception: Could not dynamically load librdi_system_diagram.dll
02/15/25 21:56:40: SESSION_MGR: creating session with session uuid: '033b5d3b-5ef5-4219-9b88-3afbb60d824c' and name 'v++_compile_example_acc'
02/15/25 21:56:40: KERNEL_SVC: creating session with uuid: '033b5d3b-5ef5-4219-9b88-3afbb60d824c' and name 'v++_compile_example_acc'
02/15/25 21:56:40: GUIDANCE_SMGR: creating guidance session with uuid: '033b5d3b-5ef5-4219-9b88-3afbb60d824c' and name 'v++_compile_example_acc'
02/15/25 21:56:48: Dispatch Server: Accepted socket connection from client
02/15/25 21:56:48: Starting Socket connection
02/15/25 21:57:19: SESSION_MGR: closing session for UUID '033b5d3b-5ef5-4219-9b88-3afbb60d824c' with name 'v++_compile_example_acc'
02/15/25 21:57:19: KERNEL_SVC: closing session for UUID '033b5d3b-5ef5-4219-9b88-3afbb60d824c' with name 'v++_compile_example_acc'
02/15/25 21:57:19: GUIDANCE_SMGR: closing session for UUID '033b5d3b-5ef5-4219-9b88-3afbb60d824c' with name 'v++_compile_example_acc'
02/15/25 21:57:20: STOP_SERVER received, server token: 71cd35b4-403b-427f-9bf6-01894cd3890e, passed token: 71cd35b4-403b-427f-9bf6-01894cd3890e
02/15/25 21:57:20: Socket received request to stop server.
02/15/25 21:57:20: Dispatch Server: do_await_stop
02/15/25 21:57:20: SERVER: destructor for server bound to port 49555
02/15/25 21:57:20: Server exiting with status 0.
02/15/25 21:57:20: Closing log file.
02/15/25 21:59:37: Running xcd server. This server was NOT built by gradle, but presumably rdi.
02/15/25 21:59:37: Server was asked to start on port: '49587'
02/15/25 21:59:37: Server is using token UUID: '6681dbae-c3cc-4b4a-9cca-4ebda5dc242e'
02/15/25 21:59:37: SESSION_MGR: creating session with session uuid: '6d04a3e9-ade5-4ab9-8d63-1f78fcd2ec76' and name 'default'
02/15/25 21:59:37: Attempting to start server on port '49587'
02/15/25 21:59:37: Running Dispatch Server
02/15/25 21:59:37: Version 2.2.0
02/15/25 21:59:38: Dispatch Server: Accepted socket connection from client
02/15/25 21:59:38: Starting Socket connection
02/15/25 21:59:38: EXCHANGE_TOKEN received, server token: 6681dbae-c3cc-4b4a-9cca-4ebda5dc242e, passed token: 6681dbae-c3cc-4b4a-9cca-4ebda5dc242e
02/15/25 21:59:38: DISPATCH_HANDLER: Adding handler from function makeHandler in library librdi_system_diagram failed with exception: Could not dynamically load librdi_system_diagram.dll
02/15/25 21:59:38: SESSION_MGR: creating session with session uuid: '7c07662f-9fd2-42d0-904a-267a7b277438' and name 'vitis-run_compile_example_acc'
02/15/25 21:59:38: KERNEL_SVC: creating session with uuid: '7c07662f-9fd2-42d0-904a-267a7b277438' and name 'vitis-run_compile_example_acc'
02/15/25 21:59:38: GUIDANCE_SMGR: creating guidance session with uuid: '7c07662f-9fd2-42d0-904a-267a7b277438' and name 'vitis-run_compile_example_acc'
02/15/25 21:59:46: Dispatch Server: Accepted socket connection from client
02/15/25 21:59:46: Starting Socket connection
02/15/25 22:00:28: SESSION_MGR: closing session for UUID '7c07662f-9fd2-42d0-904a-267a7b277438' with name 'vitis-run_compile_example_acc'
02/15/25 22:00:28: KERNEL_SVC: closing session for UUID '7c07662f-9fd2-42d0-904a-267a7b277438' with name 'vitis-run_compile_example_acc'
02/15/25 22:00:28: GUIDANCE_SMGR: closing session for UUID '7c07662f-9fd2-42d0-904a-267a7b277438' with name 'vitis-run_compile_example_acc'
02/15/25 22:00:28: STOP_SERVER received, server token: 6681dbae-c3cc-4b4a-9cca-4ebda5dc242e, passed token: 6681dbae-c3cc-4b4a-9cca-4ebda5dc242e
02/15/25 22:00:28: Socket received request to stop server.
02/15/25 22:00:28: Dispatch Server: do_await_stop
02/15/25 22:00:28: SERVER: destructor for server bound to port 49587
02/15/25 22:00:28: Server exiting with status 0.
02/15/25 22:00:28: Closing log file.
02/15/25 22:00:49: Running xcd server. This server was NOT built by gradle, but presumably rdi.
02/15/25 22:00:49: Server was asked to start on port: '49630'
02/15/25 22:00:49: Server is using token UUID: 'cff64c3a-0806-4aec-bb62-e72a2376d3c0'
02/15/25 22:00:49: SESSION_MGR: creating session with session uuid: '6d04a3e9-ade5-4ab9-8d63-1f78fcd2ec76' and name 'default'
02/15/25 22:00:49: Attempting to start server on port '49630'
02/15/25 22:00:49: Running Dispatch Server
02/15/25 22:00:49: Version 2.2.0
02/15/25 22:00:50: Dispatch Server: Accepted socket connection from client
02/15/25 22:00:50: Starting Socket connection
02/15/25 22:00:50: EXCHANGE_TOKEN received, server token: cff64c3a-0806-4aec-bb62-e72a2376d3c0, passed token: cff64c3a-0806-4aec-bb62-e72a2376d3c0
02/15/25 22:00:50: DISPATCH_HANDLER: Adding handler from function makeHandler in library librdi_system_diagram failed with exception: Could not dynamically load librdi_system_diagram.dll
02/15/25 22:00:50: SESSION_MGR: creating session with session uuid: 'c0d4b405-848c-4559-9dd5-54ef56178e0d' and name 'vitis-run_compile_example_acc'
02/15/25 22:00:50: KERNEL_SVC: creating session with uuid: 'c0d4b405-848c-4559-9dd5-54ef56178e0d' and name 'vitis-run_compile_example_acc'
02/15/25 22:00:50: GUIDANCE_SMGR: creating guidance session with uuid: 'c0d4b405-848c-4559-9dd5-54ef56178e0d' and name 'vitis-run_compile_example_acc'
02/15/25 22:00:58: Dispatch Server: Accepted socket connection from client
02/15/25 22:00:58: Starting Socket connection
02/15/25 22:01:03: SESSION_MGR: closing session for UUID 'c0d4b405-848c-4559-9dd5-54ef56178e0d' with name 'vitis-run_compile_example_acc'
02/15/25 22:01:03: KERNEL_SVC: closing session for UUID 'c0d4b405-848c-4559-9dd5-54ef56178e0d' with name 'vitis-run_compile_example_acc'
02/15/25 22:01:03: GUIDANCE_SMGR: closing session for UUID 'c0d4b405-848c-4559-9dd5-54ef56178e0d' with name 'vitis-run_compile_example_acc'
02/15/25 22:01:03: STOP_SERVER received, server token: cff64c3a-0806-4aec-bb62-e72a2376d3c0, passed token: cff64c3a-0806-4aec-bb62-e72a2376d3c0
02/15/25 22:01:03: Socket received request to stop server.
02/15/25 22:01:03: Dispatch Server: do_await_stop
02/15/25 22:01:03: SERVER: destructor for server bound to port 49630
02/15/25 22:01:03: Server exiting with status 0.
02/15/25 22:01:03: Closing log file.
02/15/25 22:01:11: Running xcd server. This server was NOT built by gradle, but presumably rdi.
02/15/25 22:01:11: Server was asked to start on port: '49638'
02/15/25 22:01:11: Server is using token UUID: '8d434642-77a9-4bad-a439-1a3db693bbff'
02/15/25 22:01:11: SESSION_MGR: creating session with session uuid: '6d04a3e9-ade5-4ab9-8d63-1f78fcd2ec76' and name 'default'
02/15/25 22:01:11: Attempting to start server on port '49638'
02/15/25 22:01:11: Running Dispatch Server
02/15/25 22:01:11: Version 2.2.0
02/15/25 22:01:12: Dispatch Server: Accepted socket connection from client
02/15/25 22:01:12: Starting Socket connection
02/15/25 22:01:12: EXCHANGE_TOKEN received, server token: 8d434642-77a9-4bad-a439-1a3db693bbff, passed token: 8d434642-77a9-4bad-a439-1a3db693bbff
02/15/25 22:01:12: DISPATCH_HANDLER: Adding handler from function makeHandler in library librdi_system_diagram failed with exception: Could not dynamically load librdi_system_diagram.dll
02/15/25 22:01:12: SESSION_MGR: creating session with session uuid: 'ef8d77f6-f333-4161-8ffe-438a20e43d60' and name 'v++_compile_example_acc'
02/15/25 22:01:12: KERNEL_SVC: creating session with uuid: 'ef8d77f6-f333-4161-8ffe-438a20e43d60' and name 'v++_compile_example_acc'
02/15/25 22:01:12: GUIDANCE_SMGR: creating guidance session with uuid: 'ef8d77f6-f333-4161-8ffe-438a20e43d60' and name 'v++_compile_example_acc'
02/15/25 22:01:20: Dispatch Server: Accepted socket connection from client
02/15/25 22:01:20: Starting Socket connection
02/15/25 22:01:49: SESSION_MGR: closing session for UUID 'ef8d77f6-f333-4161-8ffe-438a20e43d60' with name 'v++_compile_example_acc'
02/15/25 22:01:49: KERNEL_SVC: closing session for UUID 'ef8d77f6-f333-4161-8ffe-438a20e43d60' with name 'v++_compile_example_acc'
02/15/25 22:01:49: GUIDANCE_SMGR: closing session for UUID 'ef8d77f6-f333-4161-8ffe-438a20e43d60' with name 'v++_compile_example_acc'
02/15/25 22:01:49: STOP_SERVER received, server token: 8d434642-77a9-4bad-a439-1a3db693bbff, passed token: 8d434642-77a9-4bad-a439-1a3db693bbff
02/15/25 22:01:49: Socket received request to stop server.
02/15/25 22:01:49: Dispatch Server: do_await_stop
02/15/25 22:01:49: SERVER: destructor for server bound to port 49638
02/15/25 22:01:49: Server exiting with status 0.
02/15/25 22:01:49: Closing log file.
02/15/25 22:02:00: Running xcd server. This server was NOT built by gradle, but presumably rdi.
02/15/25 22:02:00: Server was asked to start on port: '49652'
02/15/25 22:02:00: Server is using token UUID: '21290227-e64d-4254-bfbe-703ab0c18e32'
02/15/25 22:02:00: SESSION_MGR: creating session with session uuid: '6d04a3e9-ade5-4ab9-8d63-1f78fcd2ec76' and name 'default'
02/15/25 22:02:00: Attempting to start server on port '49652'
02/15/25 22:02:00: Running Dispatch Server
02/15/25 22:02:00: Version 2.2.0
02/15/25 22:02:02: Dispatch Server: Accepted socket connection from client
02/15/25 22:02:02: Starting Socket connection
02/15/25 22:02:02: EXCHANGE_TOKEN received, server token: 21290227-e64d-4254-bfbe-703ab0c18e32, passed token: 21290227-e64d-4254-bfbe-703ab0c18e32
02/15/25 22:02:02: DISPATCH_HANDLER: Adding handler from function makeHandler in library librdi_system_diagram failed with exception: Could not dynamically load librdi_system_diagram.dll
02/15/25 22:02:02: SESSION_MGR: creating session with session uuid: '766626eb-3cee-4af3-9160-acf2d22012c8' and name 'vitis-run_compile_example_acc'
02/15/25 22:02:02: KERNEL_SVC: creating session with uuid: '766626eb-3cee-4af3-9160-acf2d22012c8' and name 'vitis-run_compile_example_acc'
02/15/25 22:02:02: GUIDANCE_SMGR: creating guidance session with uuid: '766626eb-3cee-4af3-9160-acf2d22012c8' and name 'vitis-run_compile_example_acc'
02/15/25 22:02:10: Running xcd server. This server was NOT built by gradle, but presumably rdi.
02/15/25 22:02:10: Server was asked to start on port: '49654'
02/15/25 22:02:10: Server is using token UUID: '88498a09-6ecc-45a8-a3f6-e4591589d56d'
02/15/25 22:02:10: SESSION_MGR: creating session with session uuid: '6d04a3e9-ade5-4ab9-8d63-1f78fcd2ec76' and name 'default'
02/15/25 22:02:10: Attempting to start server on port '49654'
02/15/25 22:02:10: Running Dispatch Server
02/15/25 22:02:10: Version 2.2.0
02/15/25 22:02:12: Dispatch Server: Accepted socket connection from client
02/15/25 22:02:12: Starting Socket connection
02/15/25 22:02:12: EXCHANGE_TOKEN received, server token: 88498a09-6ecc-45a8-a3f6-e4591589d56d, passed token: 88498a09-6ecc-45a8-a3f6-e4591589d56d
02/15/25 22:02:12: DISPATCH_HANDLER: Adding handler from function makeHandler in library librdi_system_diagram failed with exception: Could not dynamically load librdi_system_diagram.dll
02/15/25 22:02:12: SESSION_MGR: creating session with session uuid: '6c3cefde-1764-4ff6-af28-22c460e02800' and name 'v++_compile_example_acc'
02/15/25 22:02:12: KERNEL_SVC: creating session with uuid: '6c3cefde-1764-4ff6-af28-22c460e02800' and name 'v++_compile_example_acc'
02/15/25 22:02:12: GUIDANCE_SMGR: creating guidance session with uuid: '6c3cefde-1764-4ff6-af28-22c460e02800' and name 'v++_compile_example_acc'
02/15/25 22:02:18: Dispatch Server: Accepted socket connection from client
02/15/25 22:02:18: Starting Socket connection
02/15/25 22:02:43: SESSION_MGR: closing session for UUID '6c3cefde-1764-4ff6-af28-22c460e02800' with name 'v++_compile_example_acc'
02/15/25 22:02:43: KERNEL_SVC: closing session for UUID '6c3cefde-1764-4ff6-af28-22c460e02800' with name 'v++_compile_example_acc'
02/15/25 22:02:43: GUIDANCE_SMGR: closing session for UUID '6c3cefde-1764-4ff6-af28-22c460e02800' with name 'v++_compile_example_acc'
02/15/25 22:02:43: STOP_SERVER received, server token: 88498a09-6ecc-45a8-a3f6-e4591589d56d, passed token: 88498a09-6ecc-45a8-a3f6-e4591589d56d
02/15/25 22:02:43: Socket received request to stop server.
02/15/25 22:02:43: Dispatch Server: do_await_stop
02/15/25 22:02:43: SERVER: destructor for server bound to port 49654
02/15/25 22:02:43: Server exiting with status 0.
02/15/25 22:02:43: Closing log file.
02/15/25 22:03:17: Running xcd server. This server was NOT built by gradle, but presumably rdi.
02/15/25 22:03:17: Server was asked to start on port: '49683'
02/15/25 22:03:17: Server is using token UUID: '2cbe1948-c716-43cb-9d5d-787c0244f05c'
02/15/25 22:03:17: SESSION_MGR: creating session with session uuid: '6d04a3e9-ade5-4ab9-8d63-1f78fcd2ec76' and name 'default'
02/15/25 22:03:17: Attempting to start server on port '49683'
02/15/25 22:03:17: Running Dispatch Server
02/15/25 22:03:17: Version 2.2.0
02/15/25 22:03:18: Dispatch Server: Accepted socket connection from client
02/15/25 22:03:18: Starting Socket connection
02/15/25 22:03:18: EXCHANGE_TOKEN received, server token: 2cbe1948-c716-43cb-9d5d-787c0244f05c, passed token: 2cbe1948-c716-43cb-9d5d-787c0244f05c
02/15/25 22:03:18: DISPATCH_HANDLER: Adding handler from function makeHandler in library librdi_system_diagram failed with exception: Could not dynamically load librdi_system_diagram.dll
02/15/25 22:03:18: SESSION_MGR: creating session with session uuid: '1689c29e-41b4-4e76-ac23-c9ba8d2ce8ff' and name 'vitis-run_compile_example_acc'
02/15/25 22:03:18: KERNEL_SVC: creating session with uuid: '1689c29e-41b4-4e76-ac23-c9ba8d2ce8ff' and name 'vitis-run_compile_example_acc'
02/15/25 22:03:18: GUIDANCE_SMGR: creating guidance session with uuid: '1689c29e-41b4-4e76-ac23-c9ba8d2ce8ff' and name 'vitis-run_compile_example_acc'
02/15/25 22:03:24: Dispatch Server: Accepted socket connection from client
02/15/25 22:03:24: Starting Socket connection
02/15/25 22:03:58: SESSION_MGR: closing session for UUID '1689c29e-41b4-4e76-ac23-c9ba8d2ce8ff' with name 'vitis-run_compile_example_acc'
02/15/25 22:03:58: KERNEL_SVC: closing session for UUID '1689c29e-41b4-4e76-ac23-c9ba8d2ce8ff' with name 'vitis-run_compile_example_acc'
02/15/25 22:03:58: GUIDANCE_SMGR: closing session for UUID '1689c29e-41b4-4e76-ac23-c9ba8d2ce8ff' with name 'vitis-run_compile_example_acc'
02/15/25 22:03:58: STOP_SERVER received, server token: 2cbe1948-c716-43cb-9d5d-787c0244f05c, passed token: 2cbe1948-c716-43cb-9d5d-787c0244f05c
02/15/25 22:03:58: Socket received request to stop server.
02/15/25 22:03:58: Dispatch Server: do_await_stop
02/15/25 22:03:58: SERVER: destructor for server bound to port 49683
02/15/25 22:03:58: Server exiting with status 0.
02/15/25 22:03:58: Closing log file.
02/15/25 22:04:05: Running xcd server. This server was NOT built by gradle, but presumably rdi.
02/15/25 22:04:05: Server was asked to start on port: '49697'
02/15/25 22:04:05: Server is using token UUID: 'd3405c3f-859f-49be-ba5c-1bc1f4484a94'
02/15/25 22:04:05: SESSION_MGR: creating session with session uuid: '6d04a3e9-ade5-4ab9-8d63-1f78fcd2ec76' and name 'default'
02/15/25 22:04:05: Attempting to start server on port '49697'
02/15/25 22:04:05: Running Dispatch Server
02/15/25 22:04:05: Version 2.2.0
02/15/25 22:04:06: Dispatch Server: Accepted socket connection from client
02/15/25 22:04:06: Starting Socket connection
02/15/25 22:04:06: EXCHANGE_TOKEN received, server token: d3405c3f-859f-49be-ba5c-1bc1f4484a94, passed token: d3405c3f-859f-49be-ba5c-1bc1f4484a94
02/15/25 22:04:06: DISPATCH_HANDLER: Adding handler from function makeHandler in library librdi_system_diagram failed with exception: Could not dynamically load librdi_system_diagram.dll
02/15/25 22:04:06: SESSION_MGR: creating session with session uuid: '6f86457a-6910-4519-bc53-f8cb5ef908e9' and name 'vitis-run_compile_example_acc'
02/15/25 22:04:06: KERNEL_SVC: creating session with uuid: '6f86457a-6910-4519-bc53-f8cb5ef908e9' and name 'vitis-run_compile_example_acc'
02/15/25 22:04:06: GUIDANCE_SMGR: creating guidance session with uuid: '6f86457a-6910-4519-bc53-f8cb5ef908e9' and name 'vitis-run_compile_example_acc'
02/15/25 22:04:13: Dispatch Server: Accepted socket connection from client
02/15/25 22:04:13: Starting Socket connection
02/15/25 22:04:31: SESSION_MGR: closing session for UUID '6f86457a-6910-4519-bc53-f8cb5ef908e9' with name 'vitis-run_compile_example_acc'
02/15/25 22:04:31: KERNEL_SVC: closing session for UUID '6f86457a-6910-4519-bc53-f8cb5ef908e9' with name 'vitis-run_compile_example_acc'
02/15/25 22:04:31: GUIDANCE_SMGR: closing session for UUID '6f86457a-6910-4519-bc53-f8cb5ef908e9' with name 'vitis-run_compile_example_acc'
02/15/25 22:04:31: STOP_SERVER received, server token: d3405c3f-859f-49be-ba5c-1bc1f4484a94, passed token: d3405c3f-859f-49be-ba5c-1bc1f4484a94
02/15/25 22:04:31: Socket received request to stop server.
02/15/25 22:04:31: Dispatch Server: do_await_stop
02/15/25 22:04:31: SERVER: destructor for server bound to port 49697
02/15/25 22:04:31: Server exiting with status 0.
02/15/25 22:04:31: Closing log file.
