

================================================================
== Vitis HLS Report for 'example_acc'
================================================================
* Date:           Sat Feb 15 21:57:17 2025

* Version:        2024.1 (Build 5069499 on May 21 2024)
* Project:        example_acc
* Solution:       hls (Vivado IP Flow Target)
* Product family: zynquplus
* Target device:  xczu3eg-sfvc784-1-e


================================================================
== Performance Estimates
================================================================
+ Timing: 
    * Summary: 
    +--------+----------+----------+------------+
    |  Clock |  Target  | Estimated| Uncertainty|
    +--------+----------+----------+------------+
    |ap_clk  |  10.00 ns|  2.181 ns|     2.00 ns|
    +--------+----------+----------+------------+

+ Latency: 
    * Summary: 
    +---------+---------+----------+----------+-----+-----+-----------------------------------------------+
    |  Latency (cycles) |  Latency (absolute) |  Interval |                    Pipeline                   |
    |   min   |   max   |    min   |    max   | min | max |                      Type                     |
    +---------+---------+----------+----------+-----+-----+-----------------------------------------------+
    |       10|       10|  0.100 us|  0.100 us|    8|    8|  loop auto-rewind stp(delay=0 clock cycles(s))|
    +---------+---------+----------+----------+-----+-----+-----------------------------------------------+

    + Detail: 
        * Instance: 
        N/A

        * Loop: 
        +-------------------+---------+---------+----------+-----------+-----------+------+----------+
        |                   |  Latency (cycles) | Iteration|  Initiation Interval  | Trip |          |
        |     Loop Name     |   min   |   max   |  Latency |  achieved |   target  | Count| Pipelined|
        +-------------------+---------+---------+----------+-----------+-----------+------+----------+
        |- VITIS_LOOP_14_1  |        8|        8|         3|          2|          1|     4|       yes|
        +-------------------+---------+---------+----------+-----------+-----------+------+----------+



================================================================
== Utilization Estimates
================================================================
* Summary: 
+-----------------+---------+-----+--------+-------+-----+
|       Name      | BRAM_18K| DSP |   FF   |  LUT  | URAM|
+-----------------+---------+-----+--------+-------+-----+
|DSP              |        -|    -|       -|      -|    -|
|Expression       |        -|    -|       0|    112|    -|
|FIFO             |        -|    -|       -|      -|    -|
|Instance         |        -|    -|       -|      -|    -|
|Memory           |        -|    -|       -|      -|    -|
|Multiplexer      |        -|    -|       0|    118|    -|
|Register         |        -|    -|      73|      -|    -|
+-----------------+---------+-----+--------+-------+-----+
|Total            |        0|    0|      73|    230|    0|
+-----------------+---------+-----+--------+-------+-----+
|Available        |      432|  360|  141120|  70560|    0|
+-----------------+---------+-----+--------+-------+-----+
|Utilization (%)  |        0|    0|      ~0|     ~0|    0|
+-----------------+---------+-----+--------+-------+-----+

+ Detail: 
    * Instance: 
    N/A

    * DSP: 
    N/A

    * Memory: 
    N/A

    * FIFO: 
    N/A

    * Expression: 
    +----------------------------------+----------+----+---+----+------------+------------+
    |           Variable Name          | Operation| DSP| FF| LUT| Bitwidth P0| Bitwidth P1|
    +----------------------------------+----------+----+---+----+------------+------------+
    |example_pkt_data_1_fu_132_p2      |         +|   0|  0|  39|          32|           2|
    |example_pkt_data_fu_100_p2        |         +|   0|  0|  39|          32|           1|
    |i_fu_107_p2                       |         +|   0|  0|   9|           2|           1|
    |ap_condition_118                  |       and|   0|  0|   2|           1|           1|
    |ap_condition_234                  |       and|   0|  0|   2|           1|           1|
    |icmp_ln14_fu_113_p2               |      icmp|   0|  0|   9|           2|           2|
    |ap_block_pp0_stage0_01001         |        or|   0|  0|   2|           1|           1|
    |ap_block_pp0_stage0_11001         |        or|   0|  0|   2|           1|           1|
    |ap_block_pp0_stage1_01001         |        or|   0|  0|   2|           1|           1|
    |ap_block_pp0_stage1_11001         |        or|   0|  0|   2|           1|           1|
    |ap_block_state3_pp0_stage0_iter1  |        or|   0|  0|   2|           1|           1|
    |ap_enable_pp0                     |       xor|   0|  0|   2|           1|           2|
    +----------------------------------+----------+----+---+----+------------+------------+
    |Total                             |          |   0|  0| 112|          76|          15|
    +----------------------------------+----------+----+---+----+------------+------------+

    * Multiplexer: 
    +----------------------------------+----+-----------+-----+-----------+
    |               Name               | LUT| Input Size| Bits| Total Bits|
    +----------------------------------+----+-----------+-----+-----------+
    |ap_NS_fsm                         |  14|          3|    1|          3|
    |ap_done_int                       |   9|          2|    1|          2|
    |ap_enable_reg_pp0_iter0           |   9|          2|    1|          2|
    |ap_enable_reg_pp0_iter1           |   9|          2|    1|          2|
    |ap_loop_exit_ready_pp0_iter1_reg  |   9|          2|    1|          2|
    |ap_sig_allocacmp_i3_load          |   9|          2|    2|          4|
    |ap_sig_allocacmp_w1_assign1_load  |   9|          2|   32|         64|
    |data_out_blk_n                    |   9|          2|    1|          2|
    |data_out_int_regslice             |  14|          3|   32|         96|
    |i3_fu_56                          |   9|          2|    2|          4|
    |w1_assign1_fu_48                  |   9|          2|   32|         64|
    |w2_assign2_fu_52                  |   9|          2|   32|         64|
    +----------------------------------+----+-----------+-----+-----------+
    |Total                             | 118|         26|  138|        309|
    +----------------------------------+----+-----------+-----+-----------+

    * Register: 
    +----------------------------------+----+----+-----+-----------+
    |               Name               | FF | LUT| Bits| Const Bits|
    +----------------------------------+----+----+-----+-----------+
    |ap_CS_fsm                         |   2|   0|    2|          0|
    |ap_done_reg                       |   1|   0|    1|          0|
    |ap_enable_reg_pp0_iter0_reg       |   1|   0|    1|          0|
    |ap_enable_reg_pp0_iter1           |   1|   0|    1|          0|
    |ap_loop_exit_ready_pp0_iter1_reg  |   1|   0|    1|          0|
    |i3_fu_56                          |   2|   0|    2|          0|
    |icmp_ln14_reg_170                 |   1|   0|    1|          0|
    |w1_assign1_fu_48                  |  32|   0|   32|          0|
    |w2_assign2_fu_52                  |  32|   0|   32|          0|
    +----------------------------------+----+----+-----+-----------+
    |Total                             |  73|   0|   73|          0|
    +----------------------------------+----+----+-----+-----------+



================================================================
== Interface
================================================================
* Summary: 
+-----------------+-----+-----+------------+--------------+--------------+
|    RTL Ports    | Dir | Bits|  Protocol  | Source Object|    C Type    |
+-----------------+-----+-----+------------+--------------+--------------+
|ap_clk           |   in|    1|  ap_ctrl_hs|   example_acc|  return value|
|ap_rst           |   in|    1|  ap_ctrl_hs|   example_acc|  return value|
|ap_start         |   in|    1|  ap_ctrl_hs|   example_acc|  return value|
|ap_done          |  out|    1|  ap_ctrl_hs|   example_acc|  return value|
|ap_idle          |  out|    1|  ap_ctrl_hs|   example_acc|  return value|
|ap_ready         |  out|    1|  ap_ctrl_hs|   example_acc|  return value|
|ap_return        |  out|   32|  ap_ctrl_hs|   example_acc|  return value|
|data_out_ap_ack  |   in|    1|       ap_hs|      data_out|       pointer|
|data_out         |  out|   32|       ap_hs|      data_out|       pointer|
|data_out_ap_vld  |  out|    1|       ap_hs|      data_out|       pointer|
|w1               |   in|   32|     ap_none|            w1|        scalar|
|w2               |   in|   32|     ap_none|            w2|        scalar|
+-----------------+-----+-----+------------+--------------+--------------+

