C:\testing_comm\spi_directio\vitis_files\spi_master\spi_master\hls\.autopilot\db\dut.pp.0.cpp:2260:5: warning: Added loop label VITIS_LOOP_676_1:   [xilinx-label-all-loops]
    for (unsigned i = low; i != high+1; ++i) {
    ^~~
    VITIS_LOOP_676_1: 
C:\testing_comm\spi_directio\vitis_files\spi_master\spi_master\hls\.autopilot\db\dut.pp.0.cpp:2260:5: note: FIX-IT applied suggested code changes
C:\testing_comm\spi_directio\vitis_files\spi_master\spi_master\hls\.autopilot\db\dut.pp.0.cpp:2274:5: warning: Added loop label VITIS_LOOP_690_1:   [xilinx-label-all-loops]
    for (unsigned i = low; i != high+1; ++i) {
    ^~~
    VITIS_LOOP_690_1: 
C:\testing_comm\spi_directio\vitis_files\spi_master\spi_master\hls\.autopilot\db\dut.pp.0.cpp:2274:5: note: FIX-IT applied suggested code changes
C:\testing_comm\spi_directio\vitis_files\spi_master\spi_master\hls\.autopilot\db\dut.pp.0.cpp:2288:5: warning: Added loop label VITIS_LOOP_704_1:   [xilinx-label-all-loops]
    for (unsigned i = low; i != high+1; ++i) {
    ^~~
    VITIS_LOOP_704_1: 
C:\testing_comm\spi_directio\vitis_files\spi_master\spi_master\hls\.autopilot\db\dut.pp.0.cpp:2288:5: note: FIX-IT applied suggested code changes
C:\testing_comm\spi_directio\vitis_files\spi_master\spi_master\hls\.autopilot\db\dut.pp.0.cpp:3922:7: warning: Added loop label VITIS_LOOP_1248_1:   [xilinx-label-all-loops]
      for (i = 0; i < __N - 1; ++i) {
      ^~~
      VITIS_LOOP_1248_1: 
C:\testing_comm\spi_directio\vitis_files\spi_master\spi_master\hls\.autopilot\db\dut.pp.0.cpp:3922:7: note: FIX-IT applied suggested code changes
C:\testing_comm\spi_directio\vitis_files\spi_master\spi_master\hls\.autopilot\db\dut.pp.0.cpp:31897:5: warning: Added loop label VITIS_LOOP_19_1:   [xilinx-label-all-loops]
    while (true) {
    ^~~~~
    VITIS_LOOP_19_1: 
C:\testing_comm\spi_directio\vitis_files\spi_master\spi_master\hls\.autopilot\db\dut.pp.0.cpp:31897:5: note: FIX-IT applied suggested code changes
C:\testing_comm\spi_directio\vitis_files\spi_master\spi_master\hls\.autopilot\db\dut.pp.0.cpp:31906:13: warning: Added loop label VITIS_LOOP_28_2:   [xilinx-label-all-loops]
            for (int i = 0; i < BITS; i++) {
            ^~~
            VITIS_LOOP_28_2: 
C:\testing_comm\spi_directio\vitis_files\spi_master\spi_master\hls\.autopilot\db\dut.pp.0.cpp:31906:13: note: FIX-IT applied suggested code changes
