INFO: [SIM 2] *************** CSIM start ***************
INFO: [SIM 4] CSIM will launch CLANG as the compiler.
<<<<<<< HEAD
   Compiling ../../../../../main.cpp in debug mode
   Compiling ../../../../../weight_pe.cpp in debug mode
   Compiling ../../../../../error_pe.cpp in debug mode
   Compiling ../../../../../bias_pe.cpp in debug mode
   Compiling ../../../../../array.cpp in debug mode
   Compiling ../../../../../act_pe.cpp in debug mode
=======
>>>>>>> main
   Compiling ../../../../../accelerator.cpp in debug mode
   Generating csim.exe
The following are the predictions of the DNN:
1
1
0
0
INFO: [SIM 1] CSim done with 0 errors.
INFO: [SIM 3] *************** CSIM finish ***************
