#-----------------------------------------------------------
# xsim v2024.1 (64-bit)
# SW Build 5076996 on Wed May 22 18:37:14 MDT 2024
# IP Build 5075265 on Wed May 22 21:45:21 MDT 2024
# SharedData Build 5076995 on Wed May 22 18:29:18 MDT 2024
# Start of session at: Wed Feb 19 23:22:02 2025
# Process ID: 11660
# Current directory: C:/Users/Dawso/GIM-2024-2025/spi_directio/hls_daw/pulse_gen/pulse_gen/hls/sim/verilog
# Command line: xsim.exe -mode tcl -source {xsim.dir/pulse_gen/xsim_script.tcl}
# Log file: C:/Users/Dawso/GIM-2024-2025/spi_directio/hls_daw/pulse_gen/pulse_gen/hls/sim/verilog/xsim.log
# Journal file: C:/Users/Dawso/GIM-2024-2025/spi_directio/hls_daw/pulse_gen/pulse_gen/hls/sim/verilog\xsim.jou
# Running On        :LAPTOP-DP0OJSK0
# Platform          :Windows Server 2016 or Windows 10
# Operating System  :26100
# Processor Detail  :AMD Ryzen 9 4900HS with Radeon Graphics         
# CPU Frequency     :2994 MHz
# CPU Physical cores:8
# CPU Logical cores :16
# Host memory       :16556 MB
# Swap memory       :12348 MB
# Total Virtual     :28904 MB
# Available Virtual :2874 MB
#-----------------------------------------------------------
source xsim.dir/pulse_gen/xsim_script.tcl
# xsim {pulse_gen} -autoloadwcfg -tclbatch {pulse_gen.tcl}
Time resolution is 1 ps
source pulse_gen.tcl
## run all
////////////////////////////////////////////////////////////////////////////////////
// Inter-Transaction Progress: Completed Transaction / Total Transaction
// Intra-Transaction Progress: Measured Latency / Latency Estimation * 100%
//
// RTL Simulation : "Inter-Transaction Progress" ["Intra-Transaction Progress"] @ "Simulation Time"
////////////////////////////////////////////////////////////////////////////////////
// RTL Simulation : 0 / 1 [n/a] @ "125000"
// RTL Simulation : 1 / 1 [n/a] @ "155000"
////////////////////////////////////////////////////////////////////////////////////
$finish called at time : 195 ns : File "C:/Users/Dawso/GIM-2024-2025/spi_directio/hls_daw/pulse_gen/pulse_gen/hls/sim/verilog/pulse_gen.autotb.v" Line 366
## quit
INFO: [Common 17-206] Exiting xsim at Wed Feb 19 23:22:05 2025...
