================================================================
== Design Size Report
================================================================

* Total Instructions per Compilation Phase
+---------------+-----------------------------+--------------+----------------------------------------------------------------------------------------+
| Phase         | Step                        | Instructions | Description                                                                            |
+---------------+-----------------------------+--------------+----------------------------------------------------------------------------------------+
| Compile/Link  |                             | 10,558       | After all functions are compiled and linked into a single design                       |
|               |                             |              |                                                                                        |
| Unroll/Inline |                             |              | After user unroll and inline pragmas are applied                                       |
|               | (1) unroll                  |  2,443       | user unroll pragmas are applied                                                        |
|               | (2) simplification          |    882       | simplification of applied user unroll pragmas                                          |
|               | (3) inline                  |    795       | user inline pragmas are applied                                                        |
|               | (4) simplification          |    563       | simplification of applied user inline pragmas                                          |
|               |                             |              |                                                                                        |
| Array/Struct  |                             |              | After user array partition and struct aggregate/disaggregate pragmas are applied       |
|               | (1) array partition         |    551       | user array partition pragmas are applied                                               |
|               | (2) simplification          |    551       | simplification of applied user array partition & struct aggregate/disaggregate pragmas |
|               | (3) aggregate/disaggregate  |    552       | user struct aggregate/disaggregate pragmas are applied                                 |
|               | (4) array reshape           |    571       | apply array reshape pragmas                                                            |
|               | (5) access patterns         |    567       | array access pattern optmizations                                                      |
|               |                             |              |                                                                                        |
| Performance   |                             |              | After transformations are applied to meet performance pragma targets                   |
|               | (1) loop simplification     |    437       | loop and instruction simplification                                                    |
|               | (2) parallelization         |    335       | loops are unrolled or pipelined to meet performance targets                            |
|               | (3) array partition         |    358       | arrays are partitioned to meet performance targets                                     |
|               | (4) simplification          |    309       | simplification of design after performance transformations                             |
|               |                             |              |                                                                                        |
| HW Transforms |                             |              | After hardware transfomations                                                          |
|               | (1) lowering                |    288       | initial conversion to HW specific instructions                                         |
|               | (2) optimizations           |    246       | high level synthesis optimizations                                                     |
+---------------+-----------------------------+--------------+----------------------------------------------------------------------------------------+

* Instructions per Function for each Compilation Phase
+--------------------------+-------------------------------+-----------------+---------------+---------------+---------------+---------------+
| Function                 | Location                      | Compile/Link    | Unroll/Inline | Array/Struct  | Performance   | HW Transforms |
+--------------------------+-------------------------------+-----------------+---------------+---------------+---------------+---------------+
| + accelerator_controller | accelerator_controller.cpp:11 | 10,558          | 563           | 567           | 309           | 246           |
|  + model_array           | array.cpp:4                   | 7,236 (2 calls) | 380 (2 calls) | 378 (2 calls) | 110 (2 calls) | 110 (2 calls) |
|     Array                | gim_model_controller.h:52     |    10 (2 calls) |               |               |               |               |
|   + weights_pe           | weight_pe.cpp:5               | 2,700 (2 calls) |               |               |               |               |
|      Weight              | gim_model_controller.h:34     |     8 (2 calls) |               |               |               |               |
|   + bias_pe              | bias_pe.cpp:5                 | 1,268 (2 calls) |               |               |               |               |
|      Bias                | gim_model_controller.h:42     |     6 (2 calls) |               |               |               |               |
|     act_pe               | act_pe.cpp:4                  | 1,164 (2 calls) |               |               |               |               |
|     error_pe             | error_pe.cpp:5                | 1,150 (2 calls) |               |               |               |               |
+--------------------------+-------------------------------+-----------------+---------------+---------------+---------------+---------------+

* Design Size Message Settings
+---------------------------------------------+--------+------------------------------------------------------------------+
| Message Setting                             | Value  | Description                                                      |
+---------------------------------------------+--------+------------------------------------------------------------------+
| config_compile -design_size_maximum_warning | 100000 | Show a warning when total design instructions exceeds this value |
+---------------------------------------------+--------+------------------------------------------------------------------+


