  **** HLS Build v2024.2 5238294
INFO: [HLS 200-2005] Using work_dir C:/GIM/hls_ltr/example_acc/example_acc 
INFO: [HLS 200-1611] Setting target device to 'xczu3eg-sfvc784-1-e'
INFO: [HLS 200-1505] Using default flow_target 'vivado'
Resolution: For help on HLS 200-1505 see docs.xilinx.com/access/sources/dita/topic?Doc_Version=2024.2%20English&url=ug1448-hls-guidance&resourceid=200-1505.html
INFO: [HLS 200-1465] Applying ini 'syn.file=C:/GIM/hls_ltr/example_acc.cpp' from C:/GIM/hls_ltr/example_acc/hls_config.cfg(8)
INFO: [HLS 200-10] Adding design file 'C:/GIM/hls_ltr/example_acc.cpp' to the project
INFO: [HLS 200-1465] Applying ini 'syn.file=C:/GIM/hls_ltr/send_data.cpp' from C:/GIM/hls_ltr/example_acc/hls_config.cfg(9)
INFO: [HLS 200-10] Adding design file 'C:/GIM/hls_ltr/send_data.cpp' to the project
INFO: [HLS 200-1465] Applying ini 'tb.file=C:/GIM/hls_ltr/example_acc_tb.cpp' from C:/GIM/hls_ltr/example_acc/hls_config.cfg(10)
INFO: [HLS 200-10] Adding test bench file 'C:/GIM/hls_ltr/example_acc_tb.cpp' to the project
INFO: [HLS 200-1465] Applying ini 'tb.file_cflags=C:/GIM/hls_ltr/example_acc_tb.cpp,-D HW_COSIM' from C:/GIM/hls_ltr/example_acc/hls_config.cfg(11)
INFO: [HLS 200-1465] Applying ini 'syn.top=example_acc' from C:/GIM/hls_ltr/example_acc/hls_config.cfg(7)
INFO: [HLS 200-1465] Applying ini 'flow_target=vivado' from C:/GIM/hls_ltr/example_acc/hls_config.cfg(4)
INFO: [HLS 200-1505] Using flow_target 'vivado'
Resolution: For help on HLS 200-1505 see docs.xilinx.com/access/sources/dita/topic?Doc_Version=2024.2%20English&url=ug1448-hls-guidance&resourceid=200-1505.html
INFO: [HLS 200-1465] Applying ini 'part=xczu3eg-sfvc784-1-e' from C:/GIM/hls_ltr/example_acc/hls_config.cfg(1)
INFO: [HLS 200-1465] Applying ini 'clock=10ns' from C:/GIM/hls_ltr/example_acc/hls_config.cfg(12)
INFO: [SYN 201-201] Setting up clock 'default' with a period of 10ns.
INFO: [HLS 200-1465] Applying ini 'clock_uncertainty=2ns' from C:/GIM/hls_ltr/example_acc/hls_config.cfg(13)
INFO: [SYN 201-201] Setting up clock 'default' with an uncertainty of 2ns.
INFO: [HLS 200-1465] Applying ini 'package.output.format=ip_catalog' from C:/GIM/hls_ltr/example_acc/hls_config.cfg(5)
INFO: [COSIM 212-47] Using XSIM for RTL simulation.
INFO: [COSIM 212-14] Instrumenting C test bench ...
   Build using "C:/Xilinx/Vitis/2024.2/vcxx/libexec/clang++"
   Compiling example_acc.cpp_pre.cpp.tb.cpp
   Compiling apatb_example_acc_util.cpp
   Compiling send_data.cpp_pre.cpp.tb.cpp
   Compiling example_acc_tb.cpp_pre.cpp.tb.cpp
   Compiling apatb_example_acc.cpp
   Compiling apatb_example_acc_ir.ll
   Generating cosim.tv.exe
INFO: [COSIM 212-302] Starting C TB testing ... 
Starting Testbench
Beginning HLS Func
Converted number: 1280
Converted number: 1536
Converted bitstream: 83887616
Writing bit0
Writing bit0
Writing bit0
Writing bit0
Writing bit0
Writing bit1
Writing bit0
Writing bit1
Writing bit0
Writing bit0
Writing bit0
Writing bit0
Writing bit0
Writing bit0
Writing bit0
Writing bit0
Writing bit0
Writing bit0
Writing bit0
Writing bit0
Writing bit0
Writing bit1
Writing bit1
Writing bit0
Writing bit0
Writing bit0
Writing bit0
Writing bit0
Writing bit0
Writing bit0
Writing bit0
Writing bit0
WARNING [HLS SIM]: hls::directio 'hls::directio<bool, 0>0' contains leftover data, which may result in RTL simulation hanging.
INFO: [COSIM 212-333] Generating C post check test bench ...
INFO: [COSIM 212-12] Generating RTL test bench ...
INFO: [COSIM 212-1] *** C/RTL co-simulation file generation completed. ***
INFO: [COSIM 212-323] Starting verilog simulation. 
INFO: [COSIM 212-15] Starting XSIM ...

C:\GIM\hls_ltr\example_acc\example_acc\hls\sim\verilog>set PATH= 

C:\GIM\hls_ltr\example_acc\example_acc\hls\sim\verilog>call C:/Xilinx/Vivado/2024.2/bin/xelab xil_defaultlib.apatb_example_acc_top glbl -Oenable_linking_all_libraries  -prj example_acc.prj -L smartconnect_v1_0 -L axi_protocol_checker_v1_1_12 -L axi_protocol_checker_v1_1_13 -L axis_protocol_checker_v1_1_11 -L axis_protocol_checker_v1_1_12 -L xil_defaultlib -L unisims_ver -L xpm  -L floating_point_v7_0_24 -L floating_point_v7_1_19 --lib "ieee_proposed=./ieee_proposed" -s example_acc  
Vivado Simulator v2024.2.0
Copyright 1986-2022 Xilinx, Inc. All Rights Reserved.
Copyright 2022-2024 Advanced Micro Devices, Inc. All Rights Reserved.
Running: C:/Xilinx/Vivado/2024.2/bin/unwrapped/win64.o/xelab.exe xil_defaultlib.apatb_example_acc_top glbl -Oenable_linking_all_libraries -prj example_acc.prj -L smartconnect_v1_0 -L axi_protocol_checker_v1_1_12 -L axi_protocol_checker_v1_1_13 -L axis_protocol_checker_v1_1_11 -L axis_protocol_checker_v1_1_12 -L xil_defaultlib -L unisims_ver -L xpm -L floating_point_v7_0_24 -L floating_point_v7_1_19 --lib ieee_proposed=./ieee_proposed -s example_acc 
Multi-threading is on. Using 18 slave threads.
INFO: [VRFC 10-2263] Analyzing SystemVerilog file "C:/GIM/hls_ltr/example_acc/example_acc/hls/sim/verilog/glbl.v" into library work
INFO: [VRFC 10-311] analyzing module glbl
INFO: [VRFC 10-2263] Analyzing SystemVerilog file "C:/GIM/hls_ltr/example_acc/example_acc/hls/sim/verilog/AESL_autofifo_alpha_transmit_line.v" into library xil_defaultlib
INFO: [VRFC 10-311] analyzing module AESL_autofifo_alpha_transmit_line
INFO: [VRFC 10-2263] Analyzing SystemVerilog file "C:/GIM/hls_ltr/example_acc/example_acc/hls/sim/verilog/AESL_axi_slave_control.v" into library xil_defaultlib
INFO: [VRFC 10-311] analyzing module AESL_axi_slave_control
INFO: [VRFC 10-2263] Analyzing SystemVerilog file "C:/GIM/hls_ltr/example_acc/example_acc/hls/sim/verilog/example_acc.autotb.v" into library xil_defaultlib
INFO: [VRFC 10-311] analyzing module apatb_example_acc_top
INFO: [VRFC 10-2263] Analyzing SystemVerilog file "C:/GIM/hls_ltr/example_acc/example_acc/hls/sim/verilog/example_acc.v" into library xil_defaultlib
INFO: [VRFC 10-311] analyzing module example_acc
INFO: [VRFC 10-2263] Analyzing SystemVerilog file "C:/GIM/hls_ltr/example_acc/example_acc/hls/sim/verilog/example_acc_bitselect_1ns_32ns_32ns_1_1_1.v" into library xil_defaultlib
INFO: [VRFC 10-311] analyzing module example_acc_bitselect_1ns_32ns_32ns_1_1_1
INFO: [VRFC 10-2263] Analyzing SystemVerilog file "C:/GIM/hls_ltr/example_acc/example_acc/hls/sim/verilog/example_acc_control_s_axi.v" into library xil_defaultlib
INFO: [VRFC 10-311] analyzing module example_acc_control_s_axi
INFO: [VRFC 10-2263] Analyzing SystemVerilog file "C:/GIM/hls_ltr/example_acc/example_acc/hls/sim/verilog/example_acc_example_acc_Pipeline_VITIS_LOOP_11_1.v" into library xil_defaultlib
INFO: [VRFC 10-311] analyzing module example_acc_example_acc_Pipeline_VITIS_LOOP_11_1
INFO: [VRFC 10-2263] Analyzing SystemVerilog file "C:/GIM/hls_ltr/example_acc/example_acc/hls/sim/verilog/example_acc_example_acc_Pipeline_VITIS_LOOP_31_1.v" into library xil_defaultlib
INFO: [VRFC 10-311] analyzing module example_acc_example_acc_Pipeline_VITIS_LOOP_31_1
INFO: [VRFC 10-2263] Analyzing SystemVerilog file "C:/GIM/hls_ltr/example_acc/example_acc/hls/sim/verilog/example_acc_flow_control_loop_pipe_sequential_init.v" into library xil_defaultlib
INFO: [VRFC 10-311] analyzing module example_acc_flow_control_loop_pipe_sequential_init
INFO: [VRFC 10-2263] Analyzing SystemVerilog file "C:/GIM/hls_ltr/example_acc/example_acc/hls/sim/verilog/example_acc_regslice_both.v" into library xil_defaultlib
INFO: [VRFC 10-311] analyzing module example_acc_regslice_both
INFO: [VRFC 10-2263] Analyzing SystemVerilog file "C:/GIM/hls_ltr/example_acc/example_acc/hls/sim/verilog/dataflow_monitor.sv" into library xil_defaultlib
INFO: [VRFC 10-311] analyzing module dataflow_monitor
Starting static elaboration
Pass Through NonSizing Optimizer
Completed static elaboration
Starting simulation data flow analysis
Completed simulation data flow analysis
Time Resolution for simulation is 1ps
Compiling package xil_defaultlib.$unit_dataflow_monitor_sv
Compiling module xil_defaultlib.example_acc_flow_control_loop_pi...
Compiling module xil_defaultlib.example_acc_example_acc_Pipeline...
Compiling module xil_defaultlib.example_acc_bitselect_1ns_32ns_3...
Compiling module xil_defaultlib.example_acc_example_acc_Pipeline...
Compiling module xil_defaultlib.example_acc_control_s_axi
Compiling module xil_defaultlib.example_acc_regslice_both(DataWi...
Compiling module xil_defaultlib.example_acc
Compiling module xil_defaultlib.AESL_autofifo_alpha_transmit_lin...
Compiling module xil_defaultlib.AESL_axi_slave_control
Compiling module xil_defaultlib.nodf_module_intf_default
Compiling module xil_defaultlib.upc_loop_intf(FSM_WIDTH=1)
Compiling module xil_defaultlib.dataflow_monitor_1
Compiling module xil_defaultlib.apatb_example_acc_top
Compiling module work.glbl
Built simulation snapshot example_acc

****** xsim v2024.2 (64-bit)
  **** SW Build 5239630 on Fri Nov 08 22:35:27 MST 2024
  **** IP Build 5239520 on Sun Nov 10 16:12:51 MST 2024
  **** SharedData Build 5239561 on Fri Nov 08 14:39:27 MST 2024
  **** Start of session at: Thu Feb 20 10:57:55 2025
    ** Copyright 1986-2022 Xilinx, Inc. All Rights Reserved.
    ** Copyright 2022-2024 Advanced Micro Devices, Inc. All Rights Reserved.

source xsim.dir/example_acc/xsim_script.tcl
# xsim {example_acc} -autoloadwcfg -tclbatch {example_acc.tcl}
Time resolution is 1 ps
source example_acc.tcl
## run all
////////////////////////////////////////////////////////////////////////////////////
// Inter-Transaction Progress: Completed Transaction / Total Transaction
// Intra-Transaction Progress: Measured Latency / Latency Estimation * 100%
//
// RTL Simulation : "Inter-Transaction Progress" ["Intra-Transaction Progress"] @ "Simulation Time"
////////////////////////////////////////////////////////////////////////////////////
// RTL Simulation : 0 / 1 [0.00%] @ "125000"
// RTL Simulation : 1 / 1 [100.00%] @ "825000"
////////////////////////////////////////////////////////////////////////////////////
$finish called at time : 885 ns : File "C:/GIM/hls_ltr/example_acc/example_acc/hls/sim/verilog/example_acc.autotb.v" Line 336
## quit
INFO: [Common 17-206] Exiting xsim at Thu Feb 20 10:57:57 2025...
INFO: [COSIM 212-316] Starting C post checking ...
Starting Testbench
Beginning HLS Func
WARNING [HLS SIM]: hls::directio 'hls::directio<bool, 0>0' contains leftover data, which may result in RTL simulation hanging.
INFO: [COSIM 212-1000] *** C/RTL co-simulation finished: PASS ***
INFO: [COSIM 212-211] II is measurable only when transaction number is greater than 1 in RTL simulation. Otherwise, they will be marked as all NA. If user wants to calculate them, please make sure there are at least 2 transactions in RTL simulation.
INFO: [HLS 200-112] Total CPU user time: 5 seconds. Total CPU system time: 2 seconds. Total elapsed time: 40.194 seconds; peak allocated memory: 689.691 MB.
INFO: [vitis-run 60-791] Total elapsed time: 0h 0m 45s
