
*** Running vivado
    with args -log design_1_wrapper.vds -m64 -product Vivado -mode batch -messageDb vivado.pb -notrace -source design_1_wrapper.tcl



****** Vivado v2024.1 (64-bit)
  **** SW Build 5076996 on Wed May 22 18:37:14 MDT 2024
  **** IP Build 5075265 on Wed May 22 21:45:21 MDT 2024
  **** SharedData Build 5076995 on Wed May 22 18:29:18 MDT 2024
  **** Start of session at: Sun Feb 23 16:39:28 2025
    ** Copyright 1986-2022 Xilinx, Inc. All Rights Reserved.
    ** Copyright 2022-2024 Advanced Micro Devices, Inc. All Rights Reserved.

source design_1_wrapper.tcl -notrace
create_project: Time (s): cpu = 00:00:18 ; elapsed = 00:00:19 . Memory (MB): peak = 630.871 ; gain = 202.234
INFO: [IP_Flow 19-234] Refreshing IP repositories
INFO: [IP_Flow 19-1700] Loaded user IP repository 'c:/Users/Dawso/GIM-2024-2025/spi_directio/hls_daw/example_acc/example_acc/hls/impl/ip'.
INFO: [IP_Flow 19-1700] Loaded user IP repository 'c:/Users/Dawso/GIM-2024-2025/spi_directio/hls_daw/pulse_gen/pulse_gen/hls/impl/ip'.
INFO: [IP_Flow 19-2313] Loaded Vivado IP repository 'C:/Xilinx/Vivado/2024.1/data/ip'.
Command: read_checkpoint -auto_incremental -incremental C:/Users/Dawso/GIM-2024-2025/spi_directio/hls_daw/demo_rx/demo_rx.srcs/utils_1/imports/synth_1/design_1_wrapper.dcp
INFO: [Vivado 12-5825] Read reference checkpoint from C:/Users/Dawso/GIM-2024-2025/spi_directio/hls_daw/demo_rx/demo_rx.srcs/utils_1/imports/synth_1/design_1_wrapper.dcp for incremental synthesis
INFO: [Vivado 12-7989] Please ensure there are no constraint changes
Command: synth_design -top design_1_wrapper -part xczu3eg-sfvc784-1-e
Starting synth_design
Attempting to get a license for feature 'Synthesis' and/or device 'xczu3eg'
INFO: [Common 17-349] Got license for feature 'Synthesis' and/or device 'xczu3eg'
INFO: [Device 21-403] Loading part xczu3eg-sfvc784-1-e
INFO: [Designutils 20-5440] No compile time benefit to using incremental synthesis; A full resynthesis will be run
INFO: [Designutils 20-4379] Flow is switching to default flow due to incremental criteria not met. If you would like to alter this behaviour and have the flow terminate instead, please set the following parameter config_implementation {autoIncr.Synth.RejectBehavior Terminate}
INFO: [Synth 8-7079] Multithreading enabled for synth_design using a maximum of 2 processes.
INFO: [Synth 8-7078] Launching helper process for spawning children vivado processes
INFO: [Synth 8-7075] Helper process launched with PID 20896
---------------------------------------------------------------------------------
Starting RTL Elaboration : Time (s): cpu = 00:00:14 ; elapsed = 00:00:15 . Memory (MB): peak = 2001.953 ; gain = 396.629
---------------------------------------------------------------------------------
INFO: [Synth 8-6157] synthesizing module 'design_1_wrapper' [c:/Users/Dawso/GIM-2024-2025/spi_directio/hls_daw/demo_rx/demo_rx.gen/sources_1/bd/design_1/hdl/design_1_wrapper.v:13]
INFO: [Synth 8-6157] synthesizing module 'design_1' [c:/Users/Dawso/GIM-2024-2025/spi_directio/hls_daw/demo_rx/demo_rx.gen/sources_1/bd/design_1/synth/design_1.v:13]
INFO: [Synth 8-6157] synthesizing module 'design_1_example_acc_0_0' [C:/Users/Dawso/GIM-2024-2025/spi_directio/hls_daw/demo_rx/demo_rx.runs/synth_1/.Xil/Vivado-10556-LAPTOP-DP0OJSK0/realtime/design_1_example_acc_0_0_stub.v:6]
INFO: [Synth 8-6155] done synthesizing module 'design_1_example_acc_0_0' (0#1) [C:/Users/Dawso/GIM-2024-2025/spi_directio/hls_daw/demo_rx/demo_rx.runs/synth_1/.Xil/Vivado-10556-LAPTOP-DP0OJSK0/realtime/design_1_example_acc_0_0_stub.v:6]
WARNING: [Synth 8-7071] port 'interrupt' of module 'design_1_example_acc_0_0' is unconnected for instance 'example_acc_0' [c:/Users/Dawso/GIM-2024-2025/spi_directio/hls_daw/demo_rx/demo_rx.gen/sources_1/bd/design_1/synth/design_1.v:88]
WARNING: [Synth 8-7023] instance 'example_acc_0' of module 'design_1_example_acc_0_0' has 23 connections declared, but only 22 given [c:/Users/Dawso/GIM-2024-2025/spi_directio/hls_daw/demo_rx/demo_rx.gen/sources_1/bd/design_1/synth/design_1.v:88]
INFO: [Synth 8-6157] synthesizing module 'design_1_ps8_0_axi_periph_0' [c:/Users/Dawso/GIM-2024-2025/spi_directio/hls_daw/demo_rx/demo_rx.gen/sources_1/bd/design_1/synth/design_1.v:239]
INFO: [Synth 8-6157] synthesizing module 'm00_couplers_imp_QJIMLI' [c:/Users/Dawso/GIM-2024-2025/spi_directio/hls_daw/demo_rx/demo_rx.gen/sources_1/bd/design_1/synth/design_1.v:1073]
INFO: [Synth 8-6155] done synthesizing module 'm00_couplers_imp_QJIMLI' (0#1) [c:/Users/Dawso/GIM-2024-2025/spi_directio/hls_daw/demo_rx/demo_rx.gen/sources_1/bd/design_1/synth/design_1.v:1073]
INFO: [Synth 8-6157] synthesizing module 'm01_couplers_imp_1D3SAH3' [c:/Users/Dawso/GIM-2024-2025/spi_directio/hls_daw/demo_rx/demo_rx.gen/sources_1/bd/design_1/synth/design_1.v:1359]
INFO: [Synth 8-6157] synthesizing module 'design_1_auto_ds_0' [C:/Users/Dawso/GIM-2024-2025/spi_directio/hls_daw/demo_rx/demo_rx.runs/synth_1/.Xil/Vivado-10556-LAPTOP-DP0OJSK0/realtime/design_1_auto_ds_0_stub.v:6]
INFO: [Synth 8-6155] done synthesizing module 'design_1_auto_ds_0' (0#1) [C:/Users/Dawso/GIM-2024-2025/spi_directio/hls_daw/demo_rx/demo_rx.runs/synth_1/.Xil/Vivado-10556-LAPTOP-DP0OJSK0/realtime/design_1_auto_ds_0_stub.v:6]
INFO: [Synth 8-6157] synthesizing module 'design_1_auto_pc_0' [C:/Users/Dawso/GIM-2024-2025/spi_directio/hls_daw/demo_rx/demo_rx.runs/synth_1/.Xil/Vivado-10556-LAPTOP-DP0OJSK0/realtime/design_1_auto_pc_0_stub.v:6]
INFO: [Synth 8-6155] done synthesizing module 'design_1_auto_pc_0' (0#1) [C:/Users/Dawso/GIM-2024-2025/spi_directio/hls_daw/demo_rx/demo_rx.runs/synth_1/.Xil/Vivado-10556-LAPTOP-DP0OJSK0/realtime/design_1_auto_pc_0_stub.v:6]
WARNING: [Synth 8-7071] port 'm_axi_awprot' of module 'design_1_auto_pc_0' is unconnected for instance 'auto_pc' [c:/Users/Dawso/GIM-2024-2025/spi_directio/hls_daw/demo_rx/demo_rx.gen/sources_1/bd/design_1/synth/design_1.v:1710]
WARNING: [Synth 8-7071] port 'm_axi_arprot' of module 'design_1_auto_pc_0' is unconnected for instance 'auto_pc' [c:/Users/Dawso/GIM-2024-2025/spi_directio/hls_daw/demo_rx/demo_rx.gen/sources_1/bd/design_1/synth/design_1.v:1710]
WARNING: [Synth 8-7023] instance 'auto_pc' of module 'design_1_auto_pc_0' has 56 connections declared, but only 54 given [c:/Users/Dawso/GIM-2024-2025/spi_directio/hls_daw/demo_rx/demo_rx.gen/sources_1/bd/design_1/synth/design_1.v:1710]
INFO: [Synth 8-6155] done synthesizing module 'm01_couplers_imp_1D3SAH3' (0#1) [c:/Users/Dawso/GIM-2024-2025/spi_directio/hls_daw/demo_rx/demo_rx.gen/sources_1/bd/design_1/synth/design_1.v:1359]
INFO: [Synth 8-6157] synthesizing module 's00_couplers_imp_1A7ZMW4' [c:/Users/Dawso/GIM-2024-2025/spi_directio/hls_daw/demo_rx/demo_rx.gen/sources_1/bd/design_1/synth/design_1.v:1767]
INFO: [Synth 8-6155] done synthesizing module 's00_couplers_imp_1A7ZMW4' (0#1) [c:/Users/Dawso/GIM-2024-2025/spi_directio/hls_daw/demo_rx/demo_rx.gen/sources_1/bd/design_1/synth/design_1.v:1767]
INFO: [Synth 8-6157] synthesizing module 'design_1_xbar_0' [C:/Users/Dawso/GIM-2024-2025/spi_directio/hls_daw/demo_rx/demo_rx.runs/synth_1/.Xil/Vivado-10556-LAPTOP-DP0OJSK0/realtime/design_1_xbar_0_stub.v:6]
INFO: [Synth 8-6155] done synthesizing module 'design_1_xbar_0' (0#1) [C:/Users/Dawso/GIM-2024-2025/spi_directio/hls_daw/demo_rx/demo_rx.runs/synth_1/.Xil/Vivado-10556-LAPTOP-DP0OJSK0/realtime/design_1_xbar_0_stub.v:6]
WARNING: [Synth 8-689] width (16) of port connection 'm_axi_aruser' does not match port width (32) of module 'design_1_xbar_0' [c:/Users/Dawso/GIM-2024-2025/spi_directio/hls_daw/demo_rx/demo_rx.gen/sources_1/bd/design_1/synth/design_1.v:1002]
WARNING: [Synth 8-689] width (16) of port connection 'm_axi_awuser' does not match port width (32) of module 'design_1_xbar_0' [c:/Users/Dawso/GIM-2024-2025/spi_directio/hls_daw/demo_rx/demo_rx.gen/sources_1/bd/design_1/synth/design_1.v:1015]
INFO: [Synth 8-6155] done synthesizing module 'design_1_ps8_0_axi_periph_0' (0#1) [c:/Users/Dawso/GIM-2024-2025/spi_directio/hls_daw/demo_rx/demo_rx.gen/sources_1/bd/design_1/synth/design_1.v:239]
WARNING: [Synth 8-7071] port 'M00_AXI_araddr' of module 'design_1_ps8_0_axi_periph_0' is unconnected for instance 'ps8_0_axi_periph' [c:/Users/Dawso/GIM-2024-2025/spi_directio/hls_daw/demo_rx/demo_rx.gen/sources_1/bd/design_1/synth/design_1.v:111]
WARNING: [Synth 8-7071] port 'M00_AXI_arburst' of module 'design_1_ps8_0_axi_periph_0' is unconnected for instance 'ps8_0_axi_periph' [c:/Users/Dawso/GIM-2024-2025/spi_directio/hls_daw/demo_rx/demo_rx.gen/sources_1/bd/design_1/synth/design_1.v:111]
WARNING: [Synth 8-7071] port 'M00_AXI_arcache' of module 'design_1_ps8_0_axi_periph_0' is unconnected for instance 'ps8_0_axi_periph' [c:/Users/Dawso/GIM-2024-2025/spi_directio/hls_daw/demo_rx/demo_rx.gen/sources_1/bd/design_1/synth/design_1.v:111]
WARNING: [Synth 8-7071] port 'M00_AXI_arid' of module 'design_1_ps8_0_axi_periph_0' is unconnected for instance 'ps8_0_axi_periph' [c:/Users/Dawso/GIM-2024-2025/spi_directio/hls_daw/demo_rx/demo_rx.gen/sources_1/bd/design_1/synth/design_1.v:111]
WARNING: [Synth 8-7071] port 'M00_AXI_arlen' of module 'design_1_ps8_0_axi_periph_0' is unconnected for instance 'ps8_0_axi_periph' [c:/Users/Dawso/GIM-2024-2025/spi_directio/hls_daw/demo_rx/demo_rx.gen/sources_1/bd/design_1/synth/design_1.v:111]
WARNING: [Synth 8-7071] port 'M00_AXI_arlock' of module 'design_1_ps8_0_axi_periph_0' is unconnected for instance 'ps8_0_axi_periph' [c:/Users/Dawso/GIM-2024-2025/spi_directio/hls_daw/demo_rx/demo_rx.gen/sources_1/bd/design_1/synth/design_1.v:111]
WARNING: [Synth 8-7071] port 'M00_AXI_arprot' of module 'design_1_ps8_0_axi_periph_0' is unconnected for instance 'ps8_0_axi_periph' [c:/Users/Dawso/GIM-2024-2025/spi_directio/hls_daw/demo_rx/demo_rx.gen/sources_1/bd/design_1/synth/design_1.v:111]
WARNING: [Synth 8-7071] port 'M00_AXI_arqos' of module 'design_1_ps8_0_axi_periph_0' is unconnected for instance 'ps8_0_axi_periph' [c:/Users/Dawso/GIM-2024-2025/spi_directio/hls_daw/demo_rx/demo_rx.gen/sources_1/bd/design_1/synth/design_1.v:111]
WARNING: [Synth 8-7071] port 'M00_AXI_arsize' of module 'design_1_ps8_0_axi_periph_0' is unconnected for instance 'ps8_0_axi_periph' [c:/Users/Dawso/GIM-2024-2025/spi_directio/hls_daw/demo_rx/demo_rx.gen/sources_1/bd/design_1/synth/design_1.v:111]
WARNING: [Synth 8-7071] port 'M00_AXI_aruser' of module 'design_1_ps8_0_axi_periph_0' is unconnected for instance 'ps8_0_axi_periph' [c:/Users/Dawso/GIM-2024-2025/spi_directio/hls_daw/demo_rx/demo_rx.gen/sources_1/bd/design_1/synth/design_1.v:111]
WARNING: [Synth 8-7071] port 'M00_AXI_arvalid' of module 'design_1_ps8_0_axi_periph_0' is unconnected for instance 'ps8_0_axi_periph' [c:/Users/Dawso/GIM-2024-2025/spi_directio/hls_daw/demo_rx/demo_rx.gen/sources_1/bd/design_1/synth/design_1.v:111]
WARNING: [Synth 8-7071] port 'M00_AXI_awaddr' of module 'design_1_ps8_0_axi_periph_0' is unconnected for instance 'ps8_0_axi_periph' [c:/Users/Dawso/GIM-2024-2025/spi_directio/hls_daw/demo_rx/demo_rx.gen/sources_1/bd/design_1/synth/design_1.v:111]
WARNING: [Synth 8-7071] port 'M00_AXI_awburst' of module 'design_1_ps8_0_axi_periph_0' is unconnected for instance 'ps8_0_axi_periph' [c:/Users/Dawso/GIM-2024-2025/spi_directio/hls_daw/demo_rx/demo_rx.gen/sources_1/bd/design_1/synth/design_1.v:111]
WARNING: [Synth 8-7071] port 'M00_AXI_awcache' of module 'design_1_ps8_0_axi_periph_0' is unconnected for instance 'ps8_0_axi_periph' [c:/Users/Dawso/GIM-2024-2025/spi_directio/hls_daw/demo_rx/demo_rx.gen/sources_1/bd/design_1/synth/design_1.v:111]
WARNING: [Synth 8-7071] port 'M00_AXI_awid' of module 'design_1_ps8_0_axi_periph_0' is unconnected for instance 'ps8_0_axi_periph' [c:/Users/Dawso/GIM-2024-2025/spi_directio/hls_daw/demo_rx/demo_rx.gen/sources_1/bd/design_1/synth/design_1.v:111]
WARNING: [Synth 8-7071] port 'M00_AXI_awlen' of module 'design_1_ps8_0_axi_periph_0' is unconnected for instance 'ps8_0_axi_periph' [c:/Users/Dawso/GIM-2024-2025/spi_directio/hls_daw/demo_rx/demo_rx.gen/sources_1/bd/design_1/synth/design_1.v:111]
WARNING: [Synth 8-7071] port 'M00_AXI_awlock' of module 'design_1_ps8_0_axi_periph_0' is unconnected for instance 'ps8_0_axi_periph' [c:/Users/Dawso/GIM-2024-2025/spi_directio/hls_daw/demo_rx/demo_rx.gen/sources_1/bd/design_1/synth/design_1.v:111]
WARNING: [Synth 8-7071] port 'M00_AXI_awprot' of module 'design_1_ps8_0_axi_periph_0' is unconnected for instance 'ps8_0_axi_periph' [c:/Users/Dawso/GIM-2024-2025/spi_directio/hls_daw/demo_rx/demo_rx.gen/sources_1/bd/design_1/synth/design_1.v:111]
WARNING: [Synth 8-7071] port 'M00_AXI_awqos' of module 'design_1_ps8_0_axi_periph_0' is unconnected for instance 'ps8_0_axi_periph' [c:/Users/Dawso/GIM-2024-2025/spi_directio/hls_daw/demo_rx/demo_rx.gen/sources_1/bd/design_1/synth/design_1.v:111]
WARNING: [Synth 8-7071] port 'M00_AXI_awsize' of module 'design_1_ps8_0_axi_periph_0' is unconnected for instance 'ps8_0_axi_periph' [c:/Users/Dawso/GIM-2024-2025/spi_directio/hls_daw/demo_rx/demo_rx.gen/sources_1/bd/design_1/synth/design_1.v:111]
WARNING: [Synth 8-7071] port 'M00_AXI_awuser' of module 'design_1_ps8_0_axi_periph_0' is unconnected for instance 'ps8_0_axi_periph' [c:/Users/Dawso/GIM-2024-2025/spi_directio/hls_daw/demo_rx/demo_rx.gen/sources_1/bd/design_1/synth/design_1.v:111]
WARNING: [Synth 8-7071] port 'M00_AXI_awvalid' of module 'design_1_ps8_0_axi_periph_0' is unconnected for instance 'ps8_0_axi_periph' [c:/Users/Dawso/GIM-2024-2025/spi_directio/hls_daw/demo_rx/demo_rx.gen/sources_1/bd/design_1/synth/design_1.v:111]
WARNING: [Synth 8-7071] port 'M00_AXI_bready' of module 'design_1_ps8_0_axi_periph_0' is unconnected for instance 'ps8_0_axi_periph' [c:/Users/Dawso/GIM-2024-2025/spi_directio/hls_daw/demo_rx/demo_rx.gen/sources_1/bd/design_1/synth/design_1.v:111]
WARNING: [Synth 8-7071] port 'M00_AXI_rready' of module 'design_1_ps8_0_axi_periph_0' is unconnected for instance 'ps8_0_axi_periph' [c:/Users/Dawso/GIM-2024-2025/spi_directio/hls_daw/demo_rx/demo_rx.gen/sources_1/bd/design_1/synth/design_1.v:111]
WARNING: [Synth 8-7071] port 'M00_AXI_wdata' of module 'design_1_ps8_0_axi_periph_0' is unconnected for instance 'ps8_0_axi_periph' [c:/Users/Dawso/GIM-2024-2025/spi_directio/hls_daw/demo_rx/demo_rx.gen/sources_1/bd/design_1/synth/design_1.v:111]
WARNING: [Synth 8-7071] port 'M00_AXI_wlast' of module 'design_1_ps8_0_axi_periph_0' is unconnected for instance 'ps8_0_axi_periph' [c:/Users/Dawso/GIM-2024-2025/spi_directio/hls_daw/demo_rx/demo_rx.gen/sources_1/bd/design_1/synth/design_1.v:111]
WARNING: [Synth 8-7071] port 'M00_AXI_wstrb' of module 'design_1_ps8_0_axi_periph_0' is unconnected for instance 'ps8_0_axi_periph' [c:/Users/Dawso/GIM-2024-2025/spi_directio/hls_daw/demo_rx/demo_rx.gen/sources_1/bd/design_1/synth/design_1.v:111]
WARNING: [Synth 8-7071] port 'M00_AXI_wvalid' of module 'design_1_ps8_0_axi_periph_0' is unconnected for instance 'ps8_0_axi_periph' [c:/Users/Dawso/GIM-2024-2025/spi_directio/hls_daw/demo_rx/demo_rx.gen/sources_1/bd/design_1/synth/design_1.v:111]
WARNING: [Synth 8-7023] instance 'ps8_0_axi_periph' of module 'design_1_ps8_0_axi_periph_0' has 103 connections declared, but only 75 given [c:/Users/Dawso/GIM-2024-2025/spi_directio/hls_daw/demo_rx/demo_rx.gen/sources_1/bd/design_1/synth/design_1.v:111]
INFO: [Synth 8-6157] synthesizing module 'design_1_rst_ps8_0_99M_0' [C:/Users/Dawso/GIM-2024-2025/spi_directio/hls_daw/demo_rx/demo_rx.runs/synth_1/.Xil/Vivado-10556-LAPTOP-DP0OJSK0/realtime/design_1_rst_ps8_0_99M_0_stub.v:6]
INFO: [Synth 8-6155] done synthesizing module 'design_1_rst_ps8_0_99M_0' (0#1) [C:/Users/Dawso/GIM-2024-2025/spi_directio/hls_daw/demo_rx/demo_rx.runs/synth_1/.Xil/Vivado-10556-LAPTOP-DP0OJSK0/realtime/design_1_rst_ps8_0_99M_0_stub.v:6]
WARNING: [Synth 8-7071] port 'mb_reset' of module 'design_1_rst_ps8_0_99M_0' is unconnected for instance 'rst_ps8_0_99M' [c:/Users/Dawso/GIM-2024-2025/spi_directio/hls_daw/demo_rx/demo_rx.gen/sources_1/bd/design_1/synth/design_1.v:187]
WARNING: [Synth 8-7071] port 'bus_struct_reset' of module 'design_1_rst_ps8_0_99M_0' is unconnected for instance 'rst_ps8_0_99M' [c:/Users/Dawso/GIM-2024-2025/spi_directio/hls_daw/demo_rx/demo_rx.gen/sources_1/bd/design_1/synth/design_1.v:187]
WARNING: [Synth 8-7071] port 'peripheral_reset' of module 'design_1_rst_ps8_0_99M_0' is unconnected for instance 'rst_ps8_0_99M' [c:/Users/Dawso/GIM-2024-2025/spi_directio/hls_daw/demo_rx/demo_rx.gen/sources_1/bd/design_1/synth/design_1.v:187]
WARNING: [Synth 8-7071] port 'interconnect_aresetn' of module 'design_1_rst_ps8_0_99M_0' is unconnected for instance 'rst_ps8_0_99M' [c:/Users/Dawso/GIM-2024-2025/spi_directio/hls_daw/demo_rx/demo_rx.gen/sources_1/bd/design_1/synth/design_1.v:187]
WARNING: [Synth 8-7023] instance 'rst_ps8_0_99M' of module 'design_1_rst_ps8_0_99M_0' has 10 connections declared, but only 6 given [c:/Users/Dawso/GIM-2024-2025/spi_directio/hls_daw/demo_rx/demo_rx.gen/sources_1/bd/design_1/synth/design_1.v:187]
INFO: [Synth 8-6157] synthesizing module 'design_1_zynq_ultra_ps_e_0_0' [C:/Users/Dawso/GIM-2024-2025/spi_directio/hls_daw/demo_rx/demo_rx.runs/synth_1/.Xil/Vivado-10556-LAPTOP-DP0OJSK0/realtime/design_1_zynq_ultra_ps_e_0_0_stub.v:6]
INFO: [Synth 8-6155] done synthesizing module 'design_1_zynq_ultra_ps_e_0_0' (0#1) [C:/Users/Dawso/GIM-2024-2025/spi_directio/hls_daw/demo_rx/demo_rx.runs/synth_1/.Xil/Vivado-10556-LAPTOP-DP0OJSK0/realtime/design_1_zynq_ultra_ps_e_0_0_stub.v:6]
INFO: [Synth 8-6155] done synthesizing module 'design_1' (0#1) [c:/Users/Dawso/GIM-2024-2025/spi_directio/hls_daw/demo_rx/demo_rx.gen/sources_1/bd/design_1/synth/design_1.v:13]
INFO: [Synth 8-6155] done synthesizing module 'design_1_wrapper' (0#1) [c:/Users/Dawso/GIM-2024-2025/spi_directio/hls_daw/demo_rx/demo_rx.gen/sources_1/bd/design_1/hdl/design_1_wrapper.v:13]
WARNING: [Synth 8-7129] Port M_ACLK in module s00_couplers_imp_1A7ZMW4 is either unconnected or has no load
WARNING: [Synth 8-7129] Port M_ARESETN in module s00_couplers_imp_1A7ZMW4 is either unconnected or has no load
WARNING: [Synth 8-7129] Port S_ACLK in module s00_couplers_imp_1A7ZMW4 is either unconnected or has no load
WARNING: [Synth 8-7129] Port S_ARESETN in module s00_couplers_imp_1A7ZMW4 is either unconnected or has no load
WARNING: [Synth 8-7129] Port M_ACLK in module m01_couplers_imp_1D3SAH3 is either unconnected or has no load
WARNING: [Synth 8-7129] Port M_ARESETN in module m01_couplers_imp_1D3SAH3 is either unconnected or has no load
WARNING: [Synth 8-7129] Port M_ACLK in module m00_couplers_imp_QJIMLI is either unconnected or has no load
WARNING: [Synth 8-7129] Port M_ARESETN in module m00_couplers_imp_QJIMLI is either unconnected or has no load
WARNING: [Synth 8-7129] Port S_ACLK in module m00_couplers_imp_QJIMLI is either unconnected or has no load
WARNING: [Synth 8-7129] Port S_ARESETN in module m00_couplers_imp_QJIMLI is either unconnected or has no load
WARNING: [Synth 8-7129] Port M00_ACLK in module design_1_ps8_0_axi_periph_0 is either unconnected or has no load
WARNING: [Synth 8-7129] Port M00_ARESETN in module design_1_ps8_0_axi_periph_0 is either unconnected or has no load
WARNING: [Synth 8-7129] Port M01_ACLK in module design_1_ps8_0_axi_periph_0 is either unconnected or has no load
WARNING: [Synth 8-7129] Port M01_ARESETN in module design_1_ps8_0_axi_periph_0 is either unconnected or has no load
WARNING: [Synth 8-7129] Port S00_ACLK in module design_1_ps8_0_axi_periph_0 is either unconnected or has no load
WARNING: [Synth 8-7129] Port S00_ARESETN in module design_1_ps8_0_axi_periph_0 is either unconnected or has no load
---------------------------------------------------------------------------------
Finished RTL Elaboration : Time (s): cpu = 00:00:19 ; elapsed = 00:00:20 . Memory (MB): peak = 2118.410 ; gain = 513.086
---------------------------------------------------------------------------------
---------------------------------------------------------------------------------
Start Handling Custom Attributes
---------------------------------------------------------------------------------
---------------------------------------------------------------------------------
Finished Handling Custom Attributes : Time (s): cpu = 00:00:19 ; elapsed = 00:00:20 . Memory (MB): peak = 2118.410 ; gain = 513.086
---------------------------------------------------------------------------------
---------------------------------------------------------------------------------
Finished RTL Optimization Phase 1 : Time (s): cpu = 00:00:19 ; elapsed = 00:00:20 . Memory (MB): peak = 2118.410 ; gain = 513.086
---------------------------------------------------------------------------------
Netlist sorting complete. Time (s): cpu = 00:00:00 ; elapsed = 00:00:00.035 . Memory (MB): peak = 2118.410 ; gain = 0.000
INFO: [Project 1-570] Preparing netlist for logic optimization

Processing XDC Constraints
Initializing timing engine
Parsing XDC File [c:/Users/Dawso/GIM-2024-2025/spi_directio/hls_daw/demo_rx/demo_rx.gen/sources_1/bd/design_1/ip/design_1_zynq_ultra_ps_e_0_0/design_1_zynq_ultra_ps_e_0_0/design_1_zynq_ultra_ps_e_0_0_in_context.xdc] for cell 'design_1_i/zynq_ultra_ps_e_0'
create_clock: Time (s): cpu = 00:00:14 ; elapsed = 00:00:14 . Memory (MB): peak = 2129.508 ; gain = 11.098
Finished Parsing XDC File [c:/Users/Dawso/GIM-2024-2025/spi_directio/hls_daw/demo_rx/demo_rx.gen/sources_1/bd/design_1/ip/design_1_zynq_ultra_ps_e_0_0/design_1_zynq_ultra_ps_e_0_0/design_1_zynq_ultra_ps_e_0_0_in_context.xdc] for cell 'design_1_i/zynq_ultra_ps_e_0'
Parsing XDC File [c:/Users/Dawso/GIM-2024-2025/spi_directio/hls_daw/demo_rx/demo_rx.gen/sources_1/bd/design_1/ip/design_1_xbar_0/design_1_xbar_0/design_1_xbar_0_in_context.xdc] for cell 'design_1_i/ps8_0_axi_periph/xbar'
Finished Parsing XDC File [c:/Users/Dawso/GIM-2024-2025/spi_directio/hls_daw/demo_rx/demo_rx.gen/sources_1/bd/design_1/ip/design_1_xbar_0/design_1_xbar_0/design_1_xbar_0_in_context.xdc] for cell 'design_1_i/ps8_0_axi_periph/xbar'
Parsing XDC File [c:/Users/Dawso/GIM-2024-2025/spi_directio/hls_daw/demo_rx/demo_rx.gen/sources_1/bd/design_1/ip/design_1_auto_ds_0/design_1_auto_ds_0/design_1_auto_ds_0_in_context.xdc] for cell 'design_1_i/ps8_0_axi_periph/m01_couplers/auto_ds'
Finished Parsing XDC File [c:/Users/Dawso/GIM-2024-2025/spi_directio/hls_daw/demo_rx/demo_rx.gen/sources_1/bd/design_1/ip/design_1_auto_ds_0/design_1_auto_ds_0/design_1_auto_ds_0_in_context.xdc] for cell 'design_1_i/ps8_0_axi_periph/m01_couplers/auto_ds'
Parsing XDC File [c:/Users/Dawso/GIM-2024-2025/spi_directio/hls_daw/demo_rx/demo_rx.gen/sources_1/bd/design_1/ip/design_1_auto_pc_0/design_1_auto_pc_0/design_1_auto_pc_0_in_context.xdc] for cell 'design_1_i/ps8_0_axi_periph/m01_couplers/auto_pc'
Finished Parsing XDC File [c:/Users/Dawso/GIM-2024-2025/spi_directio/hls_daw/demo_rx/demo_rx.gen/sources_1/bd/design_1/ip/design_1_auto_pc_0/design_1_auto_pc_0/design_1_auto_pc_0_in_context.xdc] for cell 'design_1_i/ps8_0_axi_periph/m01_couplers/auto_pc'
Parsing XDC File [c:/Users/Dawso/GIM-2024-2025/spi_directio/hls_daw/demo_rx/demo_rx.gen/sources_1/bd/design_1/ip/design_1_rst_ps8_0_99M_0/design_1_rst_ps8_0_99M_0/design_1_rst_ps8_0_99M_0_in_context.xdc] for cell 'design_1_i/rst_ps8_0_99M'
Finished Parsing XDC File [c:/Users/Dawso/GIM-2024-2025/spi_directio/hls_daw/demo_rx/demo_rx.gen/sources_1/bd/design_1/ip/design_1_rst_ps8_0_99M_0/design_1_rst_ps8_0_99M_0/design_1_rst_ps8_0_99M_0_in_context.xdc] for cell 'design_1_i/rst_ps8_0_99M'
Parsing XDC File [c:/Users/Dawso/GIM-2024-2025/spi_directio/hls_daw/demo_rx/demo_rx.gen/sources_1/bd/design_1/ip/design_1_example_acc_0_0/design_1_example_acc_0_0/design_1_example_acc_0_0_in_context.xdc] for cell 'design_1_i/example_acc_0'
Finished Parsing XDC File [c:/Users/Dawso/GIM-2024-2025/spi_directio/hls_daw/demo_rx/demo_rx.gen/sources_1/bd/design_1/ip/design_1_example_acc_0_0/design_1_example_acc_0_0/design_1_example_acc_0_0_in_context.xdc] for cell 'design_1_i/example_acc_0'
Parsing XDC File [C:/Users/Dawso/GIM-2024-2025/spi_directio/hls_daw/demo_rx/demo_rx.srcs/constrs_1/new/io_ports.xdc]
Finished Parsing XDC File [C:/Users/Dawso/GIM-2024-2025/spi_directio/hls_daw/demo_rx/demo_rx.srcs/constrs_1/new/io_ports.xdc]
INFO: [Project 1-236] Implementation specific constraints were found while reading constraint file [C:/Users/Dawso/GIM-2024-2025/spi_directio/hls_daw/demo_rx/demo_rx.srcs/constrs_1/new/io_ports.xdc]. These constraints will be ignored for synthesis but will be used in implementation. Impacted constraints are listed in the file [.Xil/design_1_wrapper_propImpl.xdc].
Resolution: To avoid this warning, move constraints listed in [.Xil/design_1_wrapper_propImpl.xdc] to another XDC file and exclude this new file from synthesis with the used_in_synthesis property (File Properties dialog in GUI) and re-run elaboration/synthesis.
Parsing XDC File [C:/Users/Dawso/GIM-2024-2025/spi_directio/hls_daw/demo_rx/demo_rx.runs/synth_1/dont_touch.xdc]
Finished Parsing XDC File [C:/Users/Dawso/GIM-2024-2025/spi_directio/hls_daw/demo_rx/demo_rx.runs/synth_1/dont_touch.xdc]
Completed Processing XDC Constraints

Netlist sorting complete. Time (s): cpu = 00:00:00 ; elapsed = 00:00:00.001 . Memory (MB): peak = 2129.508 ; gain = 0.000
INFO: [Project 1-111] Unisim Transformation Summary:
No Unisim elements were transformed.

Constraint Validation Runtime : Time (s): cpu = 00:00:00 ; elapsed = 00:00:00.012 . Memory (MB): peak = 2129.508 ; gain = 0.000
INFO: [Designutils 20-5440] No compile time benefit to using incremental synthesis; A full resynthesis will be run
INFO: [Designutils 20-4379] Flow is switching to default flow due to incremental criteria not met. If you would like to alter this behaviour and have the flow terminate instead, please set the following parameter config_implementation {autoIncr.Synth.RejectBehavior Terminate}
---------------------------------------------------------------------------------
Finished Constraint Validation : Time (s): cpu = 00:00:53 ; elapsed = 00:00:56 . Memory (MB): peak = 2129.508 ; gain = 524.184
---------------------------------------------------------------------------------
---------------------------------------------------------------------------------
Start Loading Part and Timing Information
---------------------------------------------------------------------------------
Loading part: xczu3eg-sfvc784-1-e
INFO: [Synth 8-6742] Reading net delay rules and data
---------------------------------------------------------------------------------
Finished Loading Part and Timing Information : Time (s): cpu = 00:00:53 ; elapsed = 00:00:56 . Memory (MB): peak = 2129.508 ; gain = 524.184
---------------------------------------------------------------------------------
---------------------------------------------------------------------------------
Start Applying 'set_property' XDC Constraints
---------------------------------------------------------------------------------
Applied set_property KEEP_HIERARCHY = SOFT for design_1_i. (constraint file  auto generated constraint).
Applied set_property KEEP_HIERARCHY = SOFT for design_1_i/zynq_ultra_ps_e_0. (constraint file  auto generated constraint).
Applied set_property KEEP_HIERARCHY = SOFT for design_1_i/ps8_0_axi_periph/xbar. (constraint file  auto generated constraint).
Applied set_property KEEP_HIERARCHY = SOFT for design_1_i/ps8_0_axi_periph/m01_couplers/auto_ds. (constraint file  auto generated constraint).
Applied set_property KEEP_HIERARCHY = SOFT for design_1_i/ps8_0_axi_periph/m01_couplers/auto_pc. (constraint file  auto generated constraint).
Applied set_property KEEP_HIERARCHY = SOFT for design_1_i/ps8_0_axi_periph. (constraint file  auto generated constraint).
Applied set_property KEEP_HIERARCHY = SOFT for design_1_i/rst_ps8_0_99M. (constraint file  auto generated constraint).
Applied set_property KEEP_HIERARCHY = SOFT for design_1_i/example_acc_0. (constraint file  auto generated constraint).
---------------------------------------------------------------------------------
Finished applying 'set_property' XDC Constraints : Time (s): cpu = 00:00:54 ; elapsed = 00:00:56 . Memory (MB): peak = 2129.508 ; gain = 524.184
---------------------------------------------------------------------------------
---------------------------------------------------------------------------------
Finished RTL Optimization Phase 2 : Time (s): cpu = 00:00:54 ; elapsed = 00:00:57 . Memory (MB): peak = 2129.508 ; gain = 524.184
---------------------------------------------------------------------------------
---------------------------------------------------------------------------------
Start RTL Component Statistics 
---------------------------------------------------------------------------------
Detailed RTL Component Info : 
---------------------------------------------------------------------------------
Finished RTL Component Statistics 
---------------------------------------------------------------------------------
---------------------------------------------------------------------------------
Start Part Resource Summary
---------------------------------------------------------------------------------
Part Resources:
DSPs: 360 (col length:72)
BRAMs: 432 (col length: RAMB18 72 RAMB36 36)
---------------------------------------------------------------------------------
Finished Part Resource Summary
---------------------------------------------------------------------------------
---------------------------------------------------------------------------------
Start Cross Boundary and Area Optimization
---------------------------------------------------------------------------------
WARNING: [Synth 8-7080] Parallel synthesis criteria is not met
WARNING: [Synth 8-7129] Port M00_ACLK in module design_1_ps8_0_axi_periph_0 is either unconnected or has no load
WARNING: [Synth 8-7129] Port M00_ARESETN in module design_1_ps8_0_axi_periph_0 is either unconnected or has no load
WARNING: [Synth 8-7129] Port M01_ACLK in module design_1_ps8_0_axi_periph_0 is either unconnected or has no load
WARNING: [Synth 8-7129] Port M01_ARESETN in module design_1_ps8_0_axi_periph_0 is either unconnected or has no load
WARNING: [Synth 8-7129] Port S00_ACLK in module design_1_ps8_0_axi_periph_0 is either unconnected or has no load
WARNING: [Synth 8-7129] Port S00_ARESETN in module design_1_ps8_0_axi_periph_0 is either unconnected or has no load
---------------------------------------------------------------------------------
Finished Cross Boundary and Area Optimization : Time (s): cpu = 00:00:59 ; elapsed = 00:01:02 . Memory (MB): peak = 2129.508 ; gain = 524.184
---------------------------------------------------------------------------------
---------------------------------------------------------------------------------
Start Applying XDC Timing Constraints
---------------------------------------------------------------------------------
---------------------------------------------------------------------------------
Finished Applying XDC Timing Constraints : Time (s): cpu = 00:01:30 ; elapsed = 00:01:36 . Memory (MB): peak = 2590.797 ; gain = 985.473
---------------------------------------------------------------------------------
---------------------------------------------------------------------------------
Start Timing Optimization
---------------------------------------------------------------------------------
---------------------------------------------------------------------------------
Finished Timing Optimization : Time (s): cpu = 00:01:30 ; elapsed = 00:01:36 . Memory (MB): peak = 2590.949 ; gain = 985.625
---------------------------------------------------------------------------------
---------------------------------------------------------------------------------
Start Technology Mapping
---------------------------------------------------------------------------------
---------------------------------------------------------------------------------
Finished Technology Mapping : Time (s): cpu = 00:01:30 ; elapsed = 00:01:36 . Memory (MB): peak = 2601.000 ; gain = 995.676
---------------------------------------------------------------------------------
---------------------------------------------------------------------------------
Start IO Insertion
---------------------------------------------------------------------------------
---------------------------------------------------------------------------------
Start Flattening Before IO Insertion
---------------------------------------------------------------------------------
---------------------------------------------------------------------------------
Finished Flattening Before IO Insertion
---------------------------------------------------------------------------------
---------------------------------------------------------------------------------
Start Final Netlist Cleanup
---------------------------------------------------------------------------------
---------------------------------------------------------------------------------
Finished Final Netlist Cleanup
---------------------------------------------------------------------------------
---------------------------------------------------------------------------------
Finished IO Insertion : Time (s): cpu = 00:01:43 ; elapsed = 00:01:49 . Memory (MB): peak = 2616.746 ; gain = 1011.422
---------------------------------------------------------------------------------
---------------------------------------------------------------------------------
Start Renaming Generated Instances
---------------------------------------------------------------------------------
---------------------------------------------------------------------------------
Finished Renaming Generated Instances : Time (s): cpu = 00:01:43 ; elapsed = 00:01:49 . Memory (MB): peak = 2616.746 ; gain = 1011.422
---------------------------------------------------------------------------------
---------------------------------------------------------------------------------
Start Rebuilding User Hierarchy
---------------------------------------------------------------------------------
---------------------------------------------------------------------------------
Finished Rebuilding User Hierarchy : Time (s): cpu = 00:01:43 ; elapsed = 00:01:49 . Memory (MB): peak = 2616.746 ; gain = 1011.422
---------------------------------------------------------------------------------
---------------------------------------------------------------------------------
Start Renaming Generated Ports
---------------------------------------------------------------------------------
---------------------------------------------------------------------------------
Finished Renaming Generated Ports : Time (s): cpu = 00:01:43 ; elapsed = 00:01:49 . Memory (MB): peak = 2616.746 ; gain = 1011.422
---------------------------------------------------------------------------------
---------------------------------------------------------------------------------
Start Handling Custom Attributes
---------------------------------------------------------------------------------
---------------------------------------------------------------------------------
Finished Handling Custom Attributes : Time (s): cpu = 00:01:43 ; elapsed = 00:01:49 . Memory (MB): peak = 2616.746 ; gain = 1011.422
---------------------------------------------------------------------------------
---------------------------------------------------------------------------------
Start Renaming Generated Nets
---------------------------------------------------------------------------------
---------------------------------------------------------------------------------
Finished Renaming Generated Nets : Time (s): cpu = 00:01:43 ; elapsed = 00:01:49 . Memory (MB): peak = 2616.746 ; gain = 1011.422
---------------------------------------------------------------------------------
---------------------------------------------------------------------------------
Start Writing Synthesis Report
---------------------------------------------------------------------------------

Report BlackBoxes: 
+------+-----------------------------+----------+
|      |BlackBox name                |Instances |
+------+-----------------------------+----------+
|1     |design_1_example_acc_0_0     |         1|
|2     |design_1_xbar_0              |         1|
|3     |design_1_auto_ds_0           |         1|
|4     |design_1_auto_pc_0           |         1|
|5     |design_1_rst_ps8_0_99M_0     |         1|
|6     |design_1_zynq_ultra_ps_e_0_0 |         1|
+------+-----------------------------+----------+

Report Cell Usage: 
+------+---------------------------+------+
|      |Cell                       |Count |
+------+---------------------------+------+
|1     |design_1_auto_ds           |     1|
|2     |design_1_auto_pc           |     1|
|3     |design_1_example_acc_0     |     1|
|4     |design_1_rst_ps8_0_99M     |     1|
|5     |design_1_xbar              |     1|
|6     |design_1_zynq_ultra_ps_e_0 |     1|
|7     |IBUF                       |     2|
|8     |OBUF                       |     1|
+------+---------------------------+------+
---------------------------------------------------------------------------------
Finished Writing Synthesis Report : Time (s): cpu = 00:01:43 ; elapsed = 00:01:49 . Memory (MB): peak = 2616.746 ; gain = 1011.422
---------------------------------------------------------------------------------
Synthesis finished with 0 errors, 0 critical warnings and 7 warnings.
Synthesis Optimization Runtime : Time (s): cpu = 00:01:06 ; elapsed = 00:01:30 . Memory (MB): peak = 2616.746 ; gain = 1000.324
Synthesis Optimization Complete : Time (s): cpu = 00:01:44 ; elapsed = 00:01:50 . Memory (MB): peak = 2616.746 ; gain = 1011.422
INFO: [Project 1-571] Translating synthesized netlist
Netlist sorting complete. Time (s): cpu = 00:00:00 ; elapsed = 00:00:00.032 . Memory (MB): peak = 2616.746 ; gain = 0.000
INFO: [Netlist 29-17] Analyzing 2 Unisim elements for replacement
INFO: [Netlist 29-28] Unisim Transformation completed in 0 CPU seconds
INFO: [Project 1-570] Preparing netlist for logic optimization
INFO: [Opt 31-138] Pushed 0 inverter(s) to 0 load pin(s).
Netlist sorting complete. Time (s): cpu = 00:00:00 ; elapsed = 00:00:00 . Memory (MB): peak = 2616.746 ; gain = 0.000
INFO: [Project 1-111] Unisim Transformation Summary:
  A total of 2 instances were transformed.
  IBUF => IBUF (IBUFCTRL, INBUF): 2 instances

Synth Design complete | Checksum: ea16ef61
INFO: [Common 17-83] Releasing license: Synthesis
50 Infos, 64 Warnings, 0 Critical Warnings and 0 Errors encountered.
synth_design completed successfully
synth_design: Time (s): cpu = 00:02:06 ; elapsed = 00:02:17 . Memory (MB): peak = 2616.746 ; gain = 1922.867
Write ShapeDB Complete: Time (s): cpu = 00:00:00 ; elapsed = 00:00:00.002 . Memory (MB): peak = 2616.746 ; gain = 0.000
INFO: [Common 17-1381] The checkpoint 'C:/Users/Dawso/GIM-2024-2025/spi_directio/hls_daw/demo_rx/demo_rx.runs/synth_1/design_1_wrapper.dcp' has been generated.
INFO: [Vivado 12-24828] Executing command : report_utilization -file design_1_wrapper_utilization_synth.rpt -pb design_1_wrapper_utilization_synth.pb
INFO: [Common 17-206] Exiting Vivado at Sun Feb 23 16:42:29 2025...
