C:\ELEC522\GIM\GIM-2024-2025\gim_cpp_final\accelerator_component\accelerator\hls\.autopilot\db\accelerator.pp.0.cpp:1326:7: warning: Added loop label VITIS_LOOP_1223_1:   [xilinx-label-all-loops]
      for (i = 0; i < __N - 1; ++i) {
      ^~~
      VITIS_LOOP_1223_1: 
C:\ELEC522\GIM\GIM-2024-2025\gim_cpp_final\accelerator_component\accelerator\hls\.autopilot\db\accelerator.pp.0.cpp:1326:7: note: FIX-IT applied suggested code changes
C:\ELEC522\GIM\GIM-2024-2025\gim_cpp_final\accelerator_component\accelerator\hls\.autopilot\db\accelerator.pp.0.cpp:2300:5: warning: Added loop label VITIS_LOOP_676_1:   [xilinx-label-all-loops]
    for (unsigned i = low; i != high; ++i) {
    ^~~
    VITIS_LOOP_676_1: 
C:\ELEC522\GIM\GIM-2024-2025\gim_cpp_final\accelerator_component\accelerator\hls\.autopilot\db\accelerator.pp.0.cpp:2300:5: note: FIX-IT applied suggested code changes
C:\ELEC522\GIM\GIM-2024-2025\gim_cpp_final\accelerator_component\accelerator\hls\.autopilot\db\accelerator.pp.0.cpp:2314:5: warning: Added loop label VITIS_LOOP_690_1:   [xilinx-label-all-loops]
    for (unsigned i = low; i != high; ++i) {
    ^~~
    VITIS_LOOP_690_1: 
C:\ELEC522\GIM\GIM-2024-2025\gim_cpp_final\accelerator_component\accelerator\hls\.autopilot\db\accelerator.pp.0.cpp:2314:5: note: FIX-IT applied suggested code changes
C:\ELEC522\GIM\GIM-2024-2025\gim_cpp_final\accelerator_component\accelerator\hls\.autopilot\db\accelerator.pp.0.cpp:2328:5: warning: Added loop label VITIS_LOOP_704_1:   [xilinx-label-all-loops]
    for (unsigned i = low; i != high; ++i) {
    ^~~
    VITIS_LOOP_704_1: 
C:\ELEC522\GIM\GIM-2024-2025\gim_cpp_final\accelerator_component\accelerator\hls\.autopilot\db\accelerator.pp.0.cpp:2328:5: note: FIX-IT applied suggested code changes
C:\ELEC522\GIM\GIM-2024-2025\gim_cpp_final\accelerator_component\accelerator\hls\.autopilot\db\accelerator.pp.0.cpp:3945:7: warning: Added loop label VITIS_LOOP_1247_1:   [xilinx-label-all-loops]
      for (i = 0; i < __N - 1; ++i) {
      ^~~
      VITIS_LOOP_1247_1: 
C:\ELEC522\GIM\GIM-2024-2025\gim_cpp_final\accelerator_component\accelerator\hls\.autopilot\db\accelerator.pp.0.cpp:3945:7: note: FIX-IT applied suggested code changes
C:\ELEC522\GIM\GIM-2024-2025\gim_cpp_final\accelerator_component\accelerator\hls\.autopilot\db\accelerator.pp.0.cpp:46984:5: warning: Added loop label VITIS_LOOP_55_1:   [xilinx-label-all-loops]
    for (int n = 0; n<2; n++) {
    ^~~
    VITIS_LOOP_55_1: 
C:\ELEC522\GIM\GIM-2024-2025\gim_cpp_final\accelerator_component\accelerator\hls\.autopilot\db\accelerator.pp.0.cpp:46984:5: note: FIX-IT applied suggested code changes
C:\ELEC522\GIM\GIM-2024-2025\gim_cpp_final\accelerator_component\accelerator\hls\.autopilot\db\accelerator.pp.0.cpp:46987:9: warning: Added loop label VITIS_LOOP_58_2:   [xilinx-label-all-loops]
        for (int m = 0;m<2; m++) {
        ^~~
        VITIS_LOOP_58_2: 
C:\ELEC522\GIM\GIM-2024-2025\gim_cpp_final\accelerator_component\accelerator\hls\.autopilot\db\accelerator.pp.0.cpp:46987:9: note: FIX-IT applied suggested code changes
C:\ELEC522\GIM\GIM-2024-2025\gim_cpp_final\accelerator_component\accelerator\hls\.autopilot\db\accelerator.pp.0.cpp:47002:5: warning: Added loop label VITIS_LOOP_73_3:   [xilinx-label-all-loops]
    for (i = 0; i < 500; i++) {
    ^~~
    VITIS_LOOP_73_3: 
C:\ELEC522\GIM\GIM-2024-2025\gim_cpp_final\accelerator_component\accelerator\hls\.autopilot\db\accelerator.pp.0.cpp:47002:5: note: FIX-IT applied suggested code changes
C:\ELEC522\GIM\GIM-2024-2025\gim_cpp_final\accelerator_component\accelerator\hls\.autopilot\db\accelerator.pp.0.cpp:47007:9: warning: Added loop label VITIS_LOOP_78_4:   [xilinx-label-all-loops]
        for (j = 0; j < 4; j++) {
        ^~~
        VITIS_LOOP_78_4: 
C:\ELEC522\GIM\GIM-2024-2025\gim_cpp_final\accelerator_component\accelerator\hls\.autopilot\db\accelerator.pp.0.cpp:47007:9: note: FIX-IT applied suggested code changes
C:\ELEC522\GIM\GIM-2024-2025\gim_cpp_final\accelerator_component\accelerator\hls\.autopilot\db\accelerator.pp.0.cpp:47065:13: warning: Added loop label VITIS_LOOP_136_5:   [xilinx-label-all-loops]
            for (int n = 0; n<2; n++) {
            ^~~
            VITIS_LOOP_136_5: 
C:\ELEC522\GIM\GIM-2024-2025\gim_cpp_final\accelerator_component\accelerator\hls\.autopilot\db\accelerator.pp.0.cpp:47065:13: note: FIX-IT applied suggested code changes
C:\ELEC522\GIM\GIM-2024-2025\gim_cpp_final\accelerator_component\accelerator\hls\.autopilot\db\accelerator.pp.0.cpp:47067:17: warning: Added loop label VITIS_LOOP_138_6:   [xilinx-label-all-loops]
                for (int m = 0;m<2; m++) {
                ^~~
                VITIS_LOOP_138_6: 
C:\ELEC522\GIM\GIM-2024-2025\gim_cpp_final\accelerator_component\accelerator\hls\.autopilot\db\accelerator.pp.0.cpp:47067:17: note: FIX-IT applied suggested code changes
C:\ELEC522\GIM\GIM-2024-2025\gim_cpp_final\accelerator_component\accelerator\hls\.autopilot\db\accelerator.pp.0.cpp:47074:13: warning: Added loop label VITIS_LOOP_145_7:   [xilinx-label-all-loops]
            for (int n = 0; n<2; n++) {
            ^~~
            VITIS_LOOP_145_7: 
C:\ELEC522\GIM\GIM-2024-2025\gim_cpp_final\accelerator_component\accelerator\hls\.autopilot\db\accelerator.pp.0.cpp:47074:13: note: FIX-IT applied suggested code changes
C:\ELEC522\GIM\GIM-2024-2025\gim_cpp_final\accelerator_component\accelerator\hls\.autopilot\db\accelerator.pp.0.cpp:47076:17: warning: Added loop label VITIS_LOOP_147_8:   [xilinx-label-all-loops]
                for (int m = 0; m<2; m++) {
                ^~~
                VITIS_LOOP_147_8: 
C:\ELEC522\GIM\GIM-2024-2025\gim_cpp_final\accelerator_component\accelerator\hls\.autopilot\db\accelerator.pp.0.cpp:47076:17: note: FIX-IT applied suggested code changes
C:\ELEC522\GIM\GIM-2024-2025\gim_cpp_final\accelerator_component\accelerator\hls\.autopilot\db\accelerator.pp.0.cpp:47094:5: warning: Added loop label VITIS_LOOP_165_9:   [xilinx-label-all-loops]
    for (int n = 0; n<2; n++) {
    ^~~
    VITIS_LOOP_165_9: 
C:\ELEC522\GIM\GIM-2024-2025\gim_cpp_final\accelerator_component\accelerator\hls\.autopilot\db\accelerator.pp.0.cpp:47094:5: note: FIX-IT applied suggested code changes
C:\ELEC522\GIM\GIM-2024-2025\gim_cpp_final\accelerator_component\accelerator\hls\.autopilot\db\accelerator.pp.0.cpp:47097:9: warning: Added loop label VITIS_LOOP_168_10:   [xilinx-label-all-loops]
        for (int m = 0;m<2; m++) {
        ^~~
        VITIS_LOOP_168_10: 
C:\ELEC522\GIM\GIM-2024-2025\gim_cpp_final\accelerator_component\accelerator\hls\.autopilot\db\accelerator.pp.0.cpp:47097:9: note: FIX-IT applied suggested code changes
