directive:1:9: warning: HLS pragma dump _XLX_SEP_ PragmaIsValid=1_XLX_SEP_ PragmaType=top_XLX_SEP_ PragmaContext=directive_XLX_SEP_ PragmaFunction=accelerator_XLX_SEP_ PragmaOptions=name=accelerator_XLX_SEP_ [-Wdump-hls-pragmas]
#pragma HLSDIRECTIVE TOP name=accelerator
        ^
<<<<<<< HEAD
../accelerator.cpp:66:9: warning: HLS pragma dump _XLX_SEP_ PragmaIsValid=1_XLX_SEP_ PragmaType=pipeline_XLX_SEP_ PragmaContext=_XLX_SEP_ PragmaFunction=accelerator_XLX_SEP_ PragmaOptions=II=85_XLX_SEP_ [-Wdump-hls-pragmas]
#pragma HLS PIPELINE II=85
        ^
2 warnings generated.
=======
../accelerator.cpp:13:9: warning: HLS pragma dump _XLX_SEP_ PragmaIsValid=1_XLX_SEP_ PragmaType=interface_XLX_SEP_ PragmaContext=_XLX_SEP_ PragmaFunction=accelerator_XLX_SEP_ PragmaOptions=mode=s_axilite port=w1_XLX_SEP_ [-Wdump-hls-pragmas]
#pragma HLS INTERFACE mode=s_axilite port=w1
        ^
../accelerator.cpp:14:9: warning: HLS pragma dump _XLX_SEP_ PragmaIsValid=1_XLX_SEP_ PragmaType=interface_XLX_SEP_ PragmaContext=_XLX_SEP_ PragmaFunction=accelerator_XLX_SEP_ PragmaOptions=mode=s_axilite port=w2_XLX_SEP_ [-Wdump-hls-pragmas]
#pragma HLS INTERFACE mode=s_axilite port=w2
        ^
../accelerator.cpp:15:9: warning: HLS pragma dump _XLX_SEP_ PragmaIsValid=1_XLX_SEP_ PragmaType=interface_XLX_SEP_ PragmaContext=_XLX_SEP_ PragmaFunction=accelerator_XLX_SEP_ PragmaOptions=mode=s_axilite port=bias_1_XLX_SEP_ [-Wdump-hls-pragmas]
#pragma HLS INTERFACE mode=s_axilite port=bias_1
        ^
../accelerator.cpp:16:9: warning: HLS pragma dump _XLX_SEP_ PragmaIsValid=1_XLX_SEP_ PragmaType=interface_XLX_SEP_ PragmaContext=_XLX_SEP_ PragmaFunction=accelerator_XLX_SEP_ PragmaOptions=mode=s_axilite port=bias_2_XLX_SEP_ [-Wdump-hls-pragmas]
#pragma HLS INTERFACE mode=s_axilite port=bias_2
        ^
../accelerator.cpp:17:9: warning: HLS pragma dump _XLX_SEP_ PragmaIsValid=1_XLX_SEP_ PragmaType=interface_XLX_SEP_ PragmaContext=_XLX_SEP_ PragmaFunction=accelerator_XLX_SEP_ PragmaOptions=mode=s_axilite port=training_XLX_SEP_ [-Wdump-hls-pragmas]
#pragma HLS INTERFACE mode=s_axilite port=training
        ^
../accelerator.cpp:18:9: warning: HLS pragma dump _XLX_SEP_ PragmaIsValid=1_XLX_SEP_ PragmaType=interface_XLX_SEP_ PragmaContext=_XLX_SEP_ PragmaFunction=accelerator_XLX_SEP_ PragmaOptions=mode=s_axilite port=return_XLX_SEP_ [-Wdump-hls-pragmas]
#pragma HLS INTERFACE mode=s_axilite port=return
        ^
../accelerator.cpp:20:9: warning: HLS pragma dump _XLX_SEP_ PragmaIsValid=1_XLX_SEP_ PragmaType=array_partition_XLX_SEP_ PragmaContext=_XLX_SEP_ PragmaFunction=accelerator_XLX_SEP_ PragmaOptions=variable=w1_XLX_SEP_ [-Wdump-hls-pragmas]
#pragma HLS array_partition variable=w1
        ^
../accelerator.cpp:21:9: warning: HLS pragma dump _XLX_SEP_ PragmaIsValid=1_XLX_SEP_ PragmaType=array_partition_XLX_SEP_ PragmaContext=_XLX_SEP_ PragmaFunction=accelerator_XLX_SEP_ PragmaOptions=variable=w2_XLX_SEP_ [-Wdump-hls-pragmas]
#pragma HLS array_partition variable=w2
        ^
../accelerator.cpp:74:9: warning: HLS pragma dump _XLX_SEP_ PragmaIsValid=1_XLX_SEP_ PragmaType=pipeline_XLX_SEP_ PragmaContext=_XLX_SEP_ PragmaFunction=accelerator_XLX_SEP_ PragmaOptions=II=200_XLX_SEP_ [-Wdump-hls-pragmas]
#pragma HLS PIPELINE II=200
        ^
10 warnings generated.
>>>>>>> main
