C:\ELEC522\GIM\GIM-2024-2025\gim_cpp_final\accelerator_component\accelerator\hls\.autopilot\db\array.pp.0.cpp:1326:7: warning: Added loop label VITIS_LOOP_1223_1:   [xilinx-label-all-loops]
      for (i = 0; i < __N - 1; ++i) {
      ^~~
      VITIS_LOOP_1223_1: 
C:\ELEC522\GIM\GIM-2024-2025\gim_cpp_final\accelerator_component\accelerator\hls\.autopilot\db\array.pp.0.cpp:1326:7: note: FIX-IT applied suggested code changes
C:\ELEC522\GIM\GIM-2024-2025\gim_cpp_final\accelerator_component\accelerator\hls\.autopilot\db\array.pp.0.cpp:2300:5: warning: Added loop label VITIS_LOOP_676_1:   [xilinx-label-all-loops]
    for (unsigned i = low; i != high; ++i) {
    ^~~
    VITIS_LOOP_676_1: 
C:\ELEC522\GIM\GIM-2024-2025\gim_cpp_final\accelerator_component\accelerator\hls\.autopilot\db\array.pp.0.cpp:2300:5: note: FIX-IT applied suggested code changes
C:\ELEC522\GIM\GIM-2024-2025\gim_cpp_final\accelerator_component\accelerator\hls\.autopilot\db\array.pp.0.cpp:2314:5: warning: Added loop label VITIS_LOOP_690_1:   [xilinx-label-all-loops]
    for (unsigned i = low; i != high; ++i) {
    ^~~
    VITIS_LOOP_690_1: 
C:\ELEC522\GIM\GIM-2024-2025\gim_cpp_final\accelerator_component\accelerator\hls\.autopilot\db\array.pp.0.cpp:2314:5: note: FIX-IT applied suggested code changes
C:\ELEC522\GIM\GIM-2024-2025\gim_cpp_final\accelerator_component\accelerator\hls\.autopilot\db\array.pp.0.cpp:2328:5: warning: Added loop label VITIS_LOOP_704_1:   [xilinx-label-all-loops]
    for (unsigned i = low; i != high; ++i) {
    ^~~
    VITIS_LOOP_704_1: 
C:\ELEC522\GIM\GIM-2024-2025\gim_cpp_final\accelerator_component\accelerator\hls\.autopilot\db\array.pp.0.cpp:2328:5: note: FIX-IT applied suggested code changes
C:\ELEC522\GIM\GIM-2024-2025\gim_cpp_final\accelerator_component\accelerator\hls\.autopilot\db\array.pp.0.cpp:3945:7: warning: Added loop label VITIS_LOOP_1247_1:   [xilinx-label-all-loops]
      for (i = 0; i < __N - 1; ++i) {
      ^~~
      VITIS_LOOP_1247_1: 
C:\ELEC522\GIM\GIM-2024-2025\gim_cpp_final\accelerator_component\accelerator\hls\.autopilot\db\array.pp.0.cpp:3945:7: note: FIX-IT applied suggested code changes
C:\ELEC522\GIM\GIM-2024-2025\gim_cpp_final\accelerator_component\accelerator\hls\.autopilot\db\array.pp.0.cpp:44602:5: warning: Added loop label VITIS_LOOP_17_1:   [xilinx-label-all-loops]
    for (n = 0; n < 2; n++) {
    ^~~
    VITIS_LOOP_17_1: 
C:\ELEC522\GIM\GIM-2024-2025\gim_cpp_final\accelerator_component\accelerator\hls\.autopilot\db\array.pp.0.cpp:44602:5: note: FIX-IT applied suggested code changes
C:\ELEC522\GIM\GIM-2024-2025\gim_cpp_final\accelerator_component\accelerator\hls\.autopilot\db\array.pp.0.cpp:44607:9: warning: Added loop label VITIS_LOOP_22_2:   [xilinx-label-all-loops]
        for (c = 0; c < 2; c++) {
        ^~~
        VITIS_LOOP_22_2: 
C:\ELEC522\GIM\GIM-2024-2025\gim_cpp_final\accelerator_component\accelerator\hls\.autopilot\db\array.pp.0.cpp:44607:9: note: FIX-IT applied suggested code changes
C:\ELEC522\GIM\GIM-2024-2025\gim_cpp_final\accelerator_component\accelerator\hls\.autopilot\db\array.pp.0.cpp:44623:5: warning: Added loop label VITIS_LOOP_38_3:   [xilinx-label-all-loops]
    for (j = 0; j < 2; j++) {
    ^~~
    VITIS_LOOP_38_3: 
C:\ELEC522\GIM\GIM-2024-2025\gim_cpp_final\accelerator_component\accelerator\hls\.autopilot\db\array.pp.0.cpp:44623:5: note: FIX-IT applied suggested code changes
