

================================================================
== Vitis HLS Report for 'model_array'
================================================================
* Date:           Tue Oct 29 09:34:14 2024

* Version:        2024.1 (Build 5069499 on May 21 2024)
* Project:        accelerator
* Solution:       hls (Vivado IP Flow Target)
* Product family: zynquplus
* Target device:  xczu3eg-sfvc784-1-e


================================================================
== Performance Estimates
================================================================
+ Timing: 
    * Summary: 
    +--------+----------+----------+------------+
    |  Clock |  Target  | Estimated| Uncertainty|
    +--------+----------+----------+------------+
    |ap_clk  |  10.00 ns|  5.091 ns|     2.00 ns|
    +--------+----------+----------+------------+

+ Latency: 
    * Summary: 
    +---------+---------+-----------+-----------+-----+-----+---------+
    |  Latency (cycles) |   Latency (absolute)  |  Interval | Pipeline|
    |   min   |   max   |    min    |    max    | min | max |   Type  |
    +---------+---------+-----------+-----------+-----+-----+---------+
    |        8|        8|  80.000 ns|  80.000 ns|    9|    9|      yes|
    +---------+---------+-----------+-----------+-----+-----+---------+

    + Detail: 
        * Instance: 
        N/A

        * Loop: 
        N/A

============================================================
+ Verbose Summary: Synthesis Manager
============================================================
InlineROM: 1
ExposeGlobal: 0
============================================================
+ Verbose Summary: CDFG Model
============================================================
IsTopModel: 0
ResetActiveHigh: 1
IsCombinational: 0
IsDatapathOnly: 0
HasWiredReturn: 1
HasMFsm: 2
HasVarLatency: 0
IsPipeline: 1
IsRtlPipelined: 0
IsInstanceOverlapped: 0
IsDontTouch: 0
HasImplIP: 0
IsGatedGlobalClock: 0

+ Individual pipeline summary: 
  * Pipeline-0: initiation interval (II) = 9, depth = 9


============================================================
+ Verbose Summary: Schedule
============================================================
* Number of FSM states : 9
* Pipeline : 1
  Pipeline-0 : II = 9, D = 9, States = { 1 2 3 4 5 6 7 8 9 }
* Dataflow Pipeline: 0

* FSM state transitions: 
1 --> 2 
2 --> 3 
3 --> 4 
4 --> 5 
5 --> 6 
6 --> 7 
7 --> 8 
8 --> 9 
9 --> 

* FSM state operations: 

State 1 <SV = 0> <Delay = 2.91>
ST_1 : Operation 10 [1/1] (0.00ns)   --->   "%delta_k_0_0_val_read = read i16 @_ssdm_op_Read.ap_auto.i16, i16 %delta_k_0_0_val" [../weight_pe.cpp:12->../array.cpp:24]   --->   Operation 10 'read' 'delta_k_0_0_val_read' <Predicate = true> <Delay = 0.00>
ST_1 : Operation 11 [1/1] (0.00ns)   --->   "%output_kmin1_0_0_val_read = read i16 @_ssdm_op_Read.ap_auto.i16, i16 %output_kmin1_0_0_val" [../weight_pe.cpp:12->../array.cpp:24]   --->   Operation 11 'read' 'output_kmin1_0_0_val_read' <Predicate = true> <Delay = 0.00>
ST_1 : Operation 12 [1/1] (0.00ns)   --->   "%p_read_3 = read i16 @_ssdm_op_Read.ap_auto.i16, i16 %p_read10" [../weight_pe.cpp:12->../array.cpp:24]   --->   Operation 12 'read' 'p_read_3' <Predicate = true> <Delay = 0.00>
ST_1 : Operation 13 [1/1] (0.00ns)   --->   "%sext_ln12_1 = sext i16 %delta_k_0_0_val_read" [../weight_pe.cpp:12->../array.cpp:24]   --->   Operation 13 'sext' 'sext_ln12_1' <Predicate = true> <Delay = 0.00>
ST_1 : Operation 14 [1/1] (0.00ns)   --->   "%sext_ln12_3 = sext i16 %p_read_3" [../weight_pe.cpp:12->../array.cpp:24]   --->   Operation 14 'sext' 'sext_ln12_3' <Predicate = true> <Delay = 0.00>
ST_1 : Operation 15 [1/1] (0.00ns)   --->   "%sext_ln12_4 = sext i16 %delta_k_0_0_val_read" [../weight_pe.cpp:12->../array.cpp:24]   --->   Operation 15 'sext' 'sext_ln12_4' <Predicate = true> <Delay = 0.00>
ST_1 : Operation 16 [1/1] (2.91ns)   --->   "%mul_ln12 = mul i25 %sext_ln12_3, i25 %sext_ln12_4" [../weight_pe.cpp:12->../array.cpp:24]   --->   Operation 16 'mul' 'mul_ln12' <Predicate = true> <Delay = 2.91> <CoreInst = "Multiplier">   --->   Core 3 'Multiplier' <Latency = 0> <II = 1> <Delay = 2.91> <FuncUnit> <Opcode : 'mul'> <InPorts = 2> <OutPorts = 1>
ST_1 : Operation 17 [1/1] (0.00ns)   --->   "%sext_ln13_2 = sext i16 %output_kmin1_0_0_val_read" [../weight_pe.cpp:13->../array.cpp:24]   --->   Operation 17 'sext' 'sext_ln13_2' <Predicate = true> <Delay = 0.00>
ST_1 : Operation 18 [1/1] (2.91ns)   --->   "%mul_ln13 = mul i25 %sext_ln12_3, i25 %sext_ln13_2" [../weight_pe.cpp:13->../array.cpp:24]   --->   Operation 18 'mul' 'mul_ln13' <Predicate = true> <Delay = 2.91> <CoreInst = "Multiplier">   --->   Core 3 'Multiplier' <Latency = 0> <II = 1> <Delay = 2.91> <FuncUnit> <Opcode : 'mul'> <InPorts = 2> <OutPorts = 1>
ST_1 : Operation 19 [1/1] (0.00ns)   --->   "%tmp = partselect i16 @_ssdm_op_PartSelect.i16.i25.i32.i32, i25 %mul_ln13, i32 9, i32 24" [../weight_pe.cpp:13->../array.cpp:24]   --->   Operation 19 'partselect' 'tmp' <Predicate = true> <Delay = 0.00>
ST_1 : Operation 20 [3/3] (1.08ns) (grouped into DSP with root node sub_ln15)   --->   "%mul_ln15 = mul i23 %sext_ln12_1, i23 51" [../bias_pe.cpp:15->../array.cpp:32]   --->   Operation 20 'mul' 'mul_ln15' <Predicate = true> <Delay = 1.08> <CoreInst = "DSP48">   --->   Core 124 'DSP48' <Latency = 3> <II = 1> <Delay = 0.69> <IPBlock> <Opcode : '' 'add' 'sub' 'mul' 'select'> <InPorts = 0> <OutPorts = 1> <Sync> <CReg>
ST_1 : Operation 21 [1/1] (0.00ns)   --->   "%tmp_1 = partselect i16 @_ssdm_op_PartSelect.i16.i25.i32.i32, i25 %mul_ln12, i32 9, i32 24" [../weight_pe.cpp:12->../array.cpp:24]   --->   Operation 21 'partselect' 'tmp_1' <Predicate = true> <Delay = 0.00>

State 2 <SV = 1> <Delay = 2.91>
ST_2 : Operation 22 [1/1] (0.00ns)   --->   "%training_read = read i16 @_ssdm_op_Read.ap_auto.i16, i16 %training" [../weight_pe.cpp:12->../array.cpp:24]   --->   Operation 22 'read' 'training_read' <Predicate = true> <Delay = 0.00>
ST_2 : Operation 23 [1/1] (0.00ns)   --->   "%output_kmin1_0_1_val_read = read i16 @_ssdm_op_Read.ap_auto.i16, i16 %output_kmin1_0_1_val" [../weight_pe.cpp:12->../array.cpp:24]   --->   Operation 23 'read' 'output_kmin1_0_1_val_read' <Predicate = true> <Delay = 0.00>
ST_2 : Operation 24 [1/1] (0.00ns)   --->   "%p_read_2 = read i16 @_ssdm_op_Read.ap_auto.i16, i16 %p_read29" [../weight_pe.cpp:12->../array.cpp:24]   --->   Operation 24 'read' 'p_read_2' <Predicate = true> <Delay = 0.00>
ST_2 : Operation 25 [1/1] (0.00ns)   --->   "%sext_ln12 = sext i16 %delta_k_0_0_val_read" [../weight_pe.cpp:12->../array.cpp:24]   --->   Operation 25 'sext' 'sext_ln12' <Predicate = true> <Delay = 0.00>
ST_2 : Operation 26 [1/1] (0.00ns)   --->   "%sext_ln13 = sext i16 %output_kmin1_0_0_val_read" [../weight_pe.cpp:13->../array.cpp:24]   --->   Operation 26 'sext' 'sext_ln13' <Predicate = true> <Delay = 0.00>
ST_2 : Operation 27 [1/1] (2.91ns)   --->   "%mul_ln14 = mul i32 %sext_ln12, i32 %sext_ln13" [../weight_pe.cpp:14->../array.cpp:24]   --->   Operation 27 'mul' 'mul_ln14' <Predicate = true> <Delay = 2.91> <CoreInst = "Multiplier">   --->   Core 3 'Multiplier' <Latency = 0> <II = 1> <Delay = 2.91> <FuncUnit> <Opcode : 'mul'> <InPorts = 2> <OutPorts = 1>
ST_2 : Operation 28 [1/1] (0.00ns)   --->   "%sext_ln13_1 = sext i16 %output_kmin1_0_1_val_read" [../weight_pe.cpp:13->../array.cpp:24]   --->   Operation 28 'sext' 'sext_ln13_1' <Predicate = true> <Delay = 0.00>
ST_2 : Operation 29 [1/1] (2.91ns)   --->   "%mul_ln14_2 = mul i32 %sext_ln12, i32 %sext_ln13_1" [../weight_pe.cpp:14->../array.cpp:24]   --->   Operation 29 'mul' 'mul_ln14_2' <Predicate = true> <Delay = 2.91> <CoreInst = "Multiplier">   --->   Core 3 'Multiplier' <Latency = 0> <II = 1> <Delay = 2.91> <FuncUnit> <Opcode : 'mul'> <InPorts = 2> <OutPorts = 1>
ST_2 : Operation 30 [2/3] (1.08ns) (grouped into DSP with root node sub_ln15)   --->   "%mul_ln15 = mul i23 %sext_ln12_1, i23 51" [../bias_pe.cpp:15->../array.cpp:32]   --->   Operation 30 'mul' 'mul_ln15' <Predicate = true> <Delay = 1.08> <CoreInst = "DSP48">   --->   Core 124 'DSP48' <Latency = 3> <II = 1> <Delay = 0.69> <IPBlock> <Opcode : '' 'add' 'sub' 'mul' 'select'> <InPorts = 0> <OutPorts = 1> <Sync> <CReg>
ST_2 : Operation 31 [1/1] (0.00ns)   --->   "%sext_ln12_6 = sext i16 %p_read_2" [../weight_pe.cpp:12->../array.cpp:24]   --->   Operation 31 'sext' 'sext_ln12_6' <Predicate = true> <Delay = 0.00>
ST_2 : Operation 32 [1/1] (0.00ns)   --->   "%sext_ln13_3 = sext i16 %output_kmin1_0_1_val_read" [../weight_pe.cpp:13->../array.cpp:24]   --->   Operation 32 'sext' 'sext_ln13_3' <Predicate = true> <Delay = 0.00>
ST_2 : Operation 33 [3/3] (1.08ns) (grouped into DSP with root node add_ln13)   --->   "%mul_ln13_1 = mul i25 %sext_ln12_6, i25 %sext_ln13_3" [../weight_pe.cpp:13->../array.cpp:24]   --->   Operation 33 'mul' 'mul_ln13_1' <Predicate = true> <Delay = 1.08> <CoreInst = "DSP48">   --->   Core 124 'DSP48' <Latency = 3> <II = 1> <Delay = 0.69> <IPBlock> <Opcode : '' 'add' 'sub' 'mul' 'select'> <InPorts = 0> <OutPorts = 1> <Sync> <CReg>
ST_2 : Operation 34 [1/1] (1.01ns)   --->   "%cmp_i_i = icmp_eq  i16 %training_read, i16 0" [../weight_pe.cpp:12->../array.cpp:24]   --->   Operation 34 'icmp' 'cmp_i_i' <Predicate = true> <Delay = 1.01> <CoreInst = "Cmp">   --->   Core 9 'Cmp' <Latency = 0> <II = 1> <Delay = 1.01> <FuncUnit> <Opcode : 'seteq' 'setne' 'setle' 'setge' 'setlt' 'setgt'> <InPorts = 2> <OutPorts = 1>
ST_2 : Operation 35 [1/1] (1.01ns)   --->   "%icmp_ln11 = icmp_sgt  i16 %output_kmin1_0_0_val_read, i16 0" [../error_pe.cpp:11->../array.cpp:42]   --->   Operation 35 'icmp' 'icmp_ln11' <Predicate = true> <Delay = 1.01> <CoreInst = "Cmp">   --->   Core 9 'Cmp' <Latency = 0> <II = 1> <Delay = 1.01> <FuncUnit> <Opcode : 'seteq' 'setne' 'setle' 'setge' 'setlt' 'setgt'> <InPorts = 2> <OutPorts = 1>
ST_2 : Operation 36 [1/1] (1.01ns)   --->   "%icmp_ln11_1 = icmp_sgt  i16 %output_kmin1_0_1_val_read, i16 0" [../error_pe.cpp:11->../array.cpp:42]   --->   Operation 36 'icmp' 'icmp_ln11_1' <Predicate = true> <Delay = 1.01> <CoreInst = "Cmp">   --->   Core 9 'Cmp' <Latency = 0> <II = 1> <Delay = 1.01> <FuncUnit> <Opcode : 'seteq' 'setne' 'setle' 'setge' 'setlt' 'setgt'> <InPorts = 2> <OutPorts = 1>

State 3 <SV = 2> <Delay = 2.91>
ST_3 : Operation 37 [1/1] (0.00ns)   --->   "%delta_k_0_1_val_read = read i16 @_ssdm_op_Read.ap_auto.i16, i16 %delta_k_0_1_val" [../weight_pe.cpp:12->../array.cpp:24]   --->   Operation 37 'read' 'delta_k_0_1_val_read' <Predicate = true> <Delay = 0.00>
ST_3 : Operation 38 [1/1] (0.00ns)   --->   "%biases_0_0_val_read = read i16 @_ssdm_op_Read.ap_auto.i16, i16 %biases_0_0_val" [../weight_pe.cpp:12->../array.cpp:24]   --->   Operation 38 'read' 'biases_0_0_val_read' <Predicate = true> <Delay = 0.00>
ST_3 : Operation 39 [1/1] (0.00ns)   --->   "%p_read_1 = read i16 @_ssdm_op_Read.ap_auto.i16, i16 %p_read30" [../weight_pe.cpp:12->../array.cpp:24]   --->   Operation 39 'read' 'p_read_1' <Predicate = true> <Delay = 0.00>
ST_3 : Operation 40 [1/3] (0.00ns) (grouped into DSP with root node sub_ln15)   --->   "%mul_ln15 = mul i23 %sext_ln12_1, i23 51" [../bias_pe.cpp:15->../array.cpp:32]   --->   Operation 40 'mul' 'mul_ln15' <Predicate = true> <Delay = 0.00> <CoreInst = "DSP48">   --->   Core 124 'DSP48' <Latency = 3> <II = 1> <Delay = 0.69> <IPBlock> <Opcode : '' 'add' 'sub' 'mul' 'select'> <InPorts = 0> <OutPorts = 1> <Sync> <CReg>
ST_3 : Operation 41 [1/1] (0.00ns)   --->   "%shl_ln2 = bitconcatenate i25 @_ssdm_op_BitConcatenate.i25.i16.i9, i16 %biases_0_0_val_read, i9 0" [../bias_pe.cpp:15->../array.cpp:32]   --->   Operation 41 'bitconcatenate' 'shl_ln2' <Predicate = true> <Delay = 0.00>
ST_3 : Operation 42 [1/1] (0.00ns) (grouped into DSP with root node sub_ln15)   --->   "%sext_ln15 = sext i23 %mul_ln15" [../bias_pe.cpp:15->../array.cpp:32]   --->   Operation 42 'sext' 'sext_ln15' <Predicate = true> <Delay = 0.00>
ST_3 : Operation 43 [2/2] (0.83ns) (root node of the DSP)   --->   "%sub_ln15 = sub i25 %shl_ln2, i25 %sext_ln15" [../bias_pe.cpp:15->../array.cpp:32]   --->   Operation 43 'sub' 'sub_ln15' <Predicate = true> <Delay = 0.83> <CoreInst = "DSP48">   --->   Core 124 'DSP48' <Latency = 3> <II = 1> <Delay = 0.69> <IPBlock> <Opcode : '' 'add' 'sub' 'mul' 'select'> <InPorts = 0> <OutPorts = 1> <Sync> <CReg>
ST_3 : Operation 44 [1/1] (0.00ns)   --->   "%sext_ln12_2 = sext i16 %delta_k_0_1_val_read" [../weight_pe.cpp:12->../array.cpp:24]   --->   Operation 44 'sext' 'sext_ln12_2' <Predicate = true> <Delay = 0.00>
ST_3 : Operation 45 [1/1] (2.91ns)   --->   "%mul_ln14_3 = mul i32 %sext_ln12_2, i32 %sext_ln13" [../weight_pe.cpp:14->../array.cpp:24]   --->   Operation 45 'mul' 'mul_ln14_3' <Predicate = true> <Delay = 2.91> <CoreInst = "Multiplier">   --->   Core 3 'Multiplier' <Latency = 0> <II = 1> <Delay = 2.91> <FuncUnit> <Opcode : 'mul'> <InPorts = 2> <OutPorts = 1>
ST_3 : Operation 46 [1/1] (2.91ns)   --->   "%mul_ln12_1 = mul i25 %sext_ln12_6, i25 %sext_ln12_4" [../weight_pe.cpp:12->../array.cpp:24]   --->   Operation 46 'mul' 'mul_ln12_1' <Predicate = (!cmp_i_i & icmp_ln11_1)> <Delay = 2.91> <CoreInst = "Multiplier">   --->   Core 3 'Multiplier' <Latency = 0> <II = 1> <Delay = 2.91> <FuncUnit> <Opcode : 'mul'> <InPorts = 2> <OutPorts = 1>
ST_3 : Operation 47 [2/3] (1.08ns) (grouped into DSP with root node add_ln13)   --->   "%mul_ln13_1 = mul i25 %sext_ln12_6, i25 %sext_ln13_3" [../weight_pe.cpp:13->../array.cpp:24]   --->   Operation 47 'mul' 'mul_ln13_1' <Predicate = true> <Delay = 1.08> <CoreInst = "DSP48">   --->   Core 124 'DSP48' <Latency = 3> <II = 1> <Delay = 0.69> <IPBlock> <Opcode : '' 'add' 'sub' 'mul' 'select'> <InPorts = 0> <OutPorts = 1> <Sync> <CReg>
ST_3 : Operation 48 [1/1] (0.00ns)   --->   "%sext_ln12_7 = sext i16 %p_read_1" [../weight_pe.cpp:12->../array.cpp:24]   --->   Operation 48 'sext' 'sext_ln12_7' <Predicate = true> <Delay = 0.00>
ST_3 : Operation 49 [1/1] (0.00ns)   --->   "%sext_ln12_8 = sext i16 %delta_k_0_1_val_read" [../weight_pe.cpp:12->../array.cpp:24]   --->   Operation 49 'sext' 'sext_ln12_8' <Predicate = true> <Delay = 0.00>
ST_3 : Operation 50 [3/3] (1.08ns) (grouped into DSP with root node add_ln12)   --->   "%mul_ln12_2 = mul i25 %sext_ln12_7, i25 %sext_ln12_8" [../weight_pe.cpp:12->../array.cpp:24]   --->   Operation 50 'mul' 'mul_ln12_2' <Predicate = (icmp_ln11 & !cmp_i_i)> <Delay = 1.08> <CoreInst = "DSP48">   --->   Core 124 'DSP48' <Latency = 3> <II = 1> <Delay = 0.69> <IPBlock> <Opcode : '' 'add' 'sub' 'mul' 'select'> <InPorts = 0> <OutPorts = 1> <Sync> <CReg>
ST_3 : Operation 51 [1/1] (0.00ns)   --->   "%tmp_2 = partselect i16 @_ssdm_op_PartSelect.i16.i25.i32.i32, i25 %mul_ln12_1, i32 9, i32 24" [../weight_pe.cpp:12->../array.cpp:24]   --->   Operation 51 'partselect' 'tmp_2' <Predicate = (!cmp_i_i & icmp_ln11_1)> <Delay = 0.00>

State 4 <SV = 3> <Delay = 2.91>
ST_4 : Operation 52 [1/1] (0.00ns)   --->   "%p_read = read i16 @_ssdm_op_Read.ap_auto.i16, i16 %p_read31" [../weight_pe.cpp:12->../array.cpp:24]   --->   Operation 52 'read' 'p_read' <Predicate = true> <Delay = 0.00>
ST_4 : Operation 53 [1/1] (0.00ns)   --->   "%shl_ln1 = bitconcatenate i25 @_ssdm_op_BitConcatenate.i25.i16.i9, i16 %tmp, i9 0" [../weight_pe.cpp:13->../array.cpp:24]   --->   Operation 53 'bitconcatenate' 'shl_ln1' <Predicate = true> <Delay = 0.00>
ST_4 : Operation 54 [1/2] (0.83ns) (root node of the DSP)   --->   "%sub_ln15 = sub i25 %shl_ln2, i25 %sext_ln15" [../bias_pe.cpp:15->../array.cpp:32]   --->   Operation 54 'sub' 'sub_ln15' <Predicate = true> <Delay = 0.83> <CoreInst = "DSP48">   --->   Core 124 'DSP48' <Latency = 3> <II = 1> <Delay = 0.69> <IPBlock> <Opcode : '' 'add' 'sub' 'mul' 'select'> <InPorts = 0> <OutPorts = 1> <Sync> <CReg>
ST_4 : Operation 55 [1/1] (0.00ns)   --->   "%bias_out_bias_change = partselect i16 @_ssdm_op_PartSelect.i16.i25.i32.i32, i25 %sub_ln15, i32 9, i32 24" [../bias_pe.cpp:15->../array.cpp:32]   --->   Operation 55 'partselect' 'bias_out_bias_change' <Predicate = true> <Delay = 0.00>
ST_4 : Operation 56 [1/3] (0.00ns) (grouped into DSP with root node add_ln13)   --->   "%mul_ln13_1 = mul i25 %sext_ln12_6, i25 %sext_ln13_3" [../weight_pe.cpp:13->../array.cpp:24]   --->   Operation 56 'mul' 'mul_ln13_1' <Predicate = true> <Delay = 0.00> <CoreInst = "DSP48">   --->   Core 124 'DSP48' <Latency = 3> <II = 1> <Delay = 0.69> <IPBlock> <Opcode : '' 'add' 'sub' 'mul' 'select'> <InPorts = 0> <OutPorts = 1> <Sync> <CReg>
ST_4 : Operation 57 [2/2] (0.83ns) (root node of the DSP)   --->   "%add_ln13 = add i25 %shl_ln1, i25 %mul_ln13_1" [../weight_pe.cpp:13->../array.cpp:24]   --->   Operation 57 'add' 'add_ln13' <Predicate = true> <Delay = 0.83> <CoreInst = "DSP48">   --->   Core 124 'DSP48' <Latency = 3> <II = 1> <Delay = 0.69> <IPBlock> <Opcode : '' 'add' 'sub' 'mul' 'select'> <InPorts = 0> <OutPorts = 1> <Sync> <CReg>
ST_4 : Operation 58 [2/3] (1.08ns) (grouped into DSP with root node add_ln12)   --->   "%mul_ln12_2 = mul i25 %sext_ln12_7, i25 %sext_ln12_8" [../weight_pe.cpp:12->../array.cpp:24]   --->   Operation 58 'mul' 'mul_ln12_2' <Predicate = (icmp_ln11 & !cmp_i_i)> <Delay = 1.08> <CoreInst = "DSP48">   --->   Core 124 'DSP48' <Latency = 3> <II = 1> <Delay = 0.69> <IPBlock> <Opcode : '' 'add' 'sub' 'mul' 'select'> <InPorts = 0> <OutPorts = 1> <Sync> <CReg>
ST_4 : Operation 59 [1/1] (2.91ns)   --->   "%mul_ln13_2 = mul i25 %sext_ln12_7, i25 %sext_ln13_2" [../weight_pe.cpp:13->../array.cpp:24]   --->   Operation 59 'mul' 'mul_ln13_2' <Predicate = true> <Delay = 2.91> <CoreInst = "Multiplier">   --->   Core 3 'Multiplier' <Latency = 0> <II = 1> <Delay = 2.91> <FuncUnit> <Opcode : 'mul'> <InPorts = 2> <OutPorts = 1>
ST_4 : Operation 60 [1/1] (0.00ns)   --->   "%sext_ln12_9 = sext i16 %p_read" [../weight_pe.cpp:12->../array.cpp:24]   --->   Operation 60 'sext' 'sext_ln12_9' <Predicate = true> <Delay = 0.00>
ST_4 : Operation 61 [3/3] (1.08ns) (grouped into DSP with root node add_ln12_1)   --->   "%mul_ln12_3 = mul i25 %sext_ln12_9, i25 %sext_ln12_8" [../weight_pe.cpp:12->../array.cpp:24]   --->   Operation 61 'mul' 'mul_ln12_3' <Predicate = (!cmp_i_i & icmp_ln11_1)> <Delay = 1.08> <CoreInst = "DSP48">   --->   Core 124 'DSP48' <Latency = 3> <II = 1> <Delay = 0.69> <IPBlock> <Opcode : '' 'add' 'sub' 'mul' 'select'> <InPorts = 0> <OutPorts = 1> <Sync> <CReg>
ST_4 : Operation 62 [1/1] (0.00ns)   --->   "%tmp_3 = partselect i16 @_ssdm_op_PartSelect.i16.i25.i32.i32, i25 %mul_ln13_2, i32 9, i32 24" [../weight_pe.cpp:13->../array.cpp:24]   --->   Operation 62 'partselect' 'tmp_3' <Predicate = true> <Delay = 0.00>
ST_4 : Operation 63 [1/1] (2.91ns)   --->   "%mul_ln14_6 = mul i32 %sext_ln12_2, i32 %sext_ln13_1" [../weight_pe.cpp:14->../array.cpp:24]   --->   Operation 63 'mul' 'mul_ln14_6' <Predicate = true> <Delay = 2.91> <CoreInst = "Multiplier">   --->   Core 3 'Multiplier' <Latency = 0> <II = 1> <Delay = 2.91> <FuncUnit> <Opcode : 'mul'> <InPorts = 2> <OutPorts = 1>

State 5 <SV = 4> <Delay = 5.09>
ST_5 : Operation 64 [1/1] (0.00ns)   --->   "%sext_ln14 = sext i32 %mul_ln14" [../weight_pe.cpp:14->../array.cpp:24]   --->   Operation 64 'sext' 'sext_ln14' <Predicate = true> <Delay = 0.00>
ST_5 : Operation 65 [1/1] (0.00ns)   --->   "%shl_ln = bitconcatenate i34 @_ssdm_op_BitConcatenate.i34.i16.i18, i16 %p_read_3, i18 0" [../weight_pe.cpp:14->../array.cpp:24]   --->   Operation 65 'bitconcatenate' 'shl_ln' <Predicate = true> <Delay = 0.00>
ST_5 : Operation 66 [1/1] (3.88ns)   --->   "%mul_ln14_1 = mul i34 %sext_ln14, i34 17179869133" [../weight_pe.cpp:14->../array.cpp:24]   --->   Operation 66 'mul' 'mul_ln14_1' <Predicate = true> <Delay = 3.88> <CoreInst = "Multiplier">   --->   Core 3 'Multiplier' <Latency = 0> <II = 1> <Delay = 3.88> <FuncUnit> <Opcode : 'mul'> <InPorts = 2> <OutPorts = 1>
ST_5 : Operation 67 [1/1] (1.21ns)   --->   "%add_ln14 = add i34 %shl_ln, i34 %mul_ln14_1" [../weight_pe.cpp:14->../array.cpp:24]   --->   Operation 67 'add' 'add_ln14' <Predicate = true> <Delay = 1.21> <CoreInst = "Adder">   --->   Core 1 'Adder' <Latency = 0> <II = 1> <Delay = 1.21> <FuncUnit> <Opcode : 'add' 'sub'> <InPorts = 2> <OutPorts = 1>
ST_5 : Operation 68 [1/1] (0.00ns)   --->   "%weight_out_weight_change = partselect i16 @_ssdm_op_PartSelect.i16.i34.i32.i32, i34 %add_ln14, i32 18, i32 33" [../weight_pe.cpp:14->../array.cpp:24]   --->   Operation 68 'partselect' 'weight_out_weight_change' <Predicate = true> <Delay = 0.00>
ST_5 : Operation 69 [1/1] (0.00ns)   --->   "%sext_ln24 = sext i32 %mul_ln14_2" [../array.cpp:24]   --->   Operation 69 'sext' 'sext_ln24' <Predicate = true> <Delay = 0.00>
ST_5 : Operation 70 [1/1] (0.00ns)   --->   "%shl_ln3 = bitconcatenate i25 @_ssdm_op_BitConcatenate.i25.i16.i9, i16 %tmp_1, i9 0" [../weight_pe.cpp:12->../array.cpp:24]   --->   Operation 70 'bitconcatenate' 'shl_ln3' <Predicate = (icmp_ln11 & !cmp_i_i)> <Delay = 0.00>
ST_5 : Operation 71 [1/2] (0.83ns) (root node of the DSP)   --->   "%add_ln13 = add i25 %shl_ln1, i25 %mul_ln13_1" [../weight_pe.cpp:13->../array.cpp:24]   --->   Operation 71 'add' 'add_ln13' <Predicate = true> <Delay = 0.83> <CoreInst = "DSP48">   --->   Core 124 'DSP48' <Latency = 3> <II = 1> <Delay = 0.69> <IPBlock> <Opcode : '' 'add' 'sub' 'mul' 'select'> <InPorts = 0> <OutPorts = 1> <Sync> <CReg>
ST_5 : Operation 72 [1/1] (0.00ns)   --->   "%weight_out_sum_output_out = partselect i16 @_ssdm_op_PartSelect.i16.i25.i32.i32, i25 %add_ln13, i32 9, i32 24" [../weight_pe.cpp:13->../array.cpp:24]   --->   Operation 72 'partselect' 'weight_out_sum_output_out' <Predicate = true> <Delay = 0.00>
ST_5 : Operation 73 [1/1] (0.00ns)   --->   "%shl_ln14_1 = bitconcatenate i34 @_ssdm_op_BitConcatenate.i34.i16.i18, i16 %p_read_2, i18 0" [../weight_pe.cpp:14->../array.cpp:24]   --->   Operation 73 'bitconcatenate' 'shl_ln14_1' <Predicate = true> <Delay = 0.00>
ST_5 : Operation 74 [1/1] (3.88ns)   --->   "%mul_ln14_4 = mul i34 %sext_ln24, i34 17179869133" [../weight_pe.cpp:14->../array.cpp:24]   --->   Operation 74 'mul' 'mul_ln14_4' <Predicate = true> <Delay = 3.88> <CoreInst = "Multiplier">   --->   Core 3 'Multiplier' <Latency = 0> <II = 1> <Delay = 3.88> <FuncUnit> <Opcode : 'mul'> <InPorts = 2> <OutPorts = 1>
ST_5 : Operation 75 [1/1] (1.21ns)   --->   "%add_ln14_1 = add i34 %shl_ln14_1, i34 %mul_ln14_4" [../weight_pe.cpp:14->../array.cpp:24]   --->   Operation 75 'add' 'add_ln14_1' <Predicate = true> <Delay = 1.21> <CoreInst = "Adder">   --->   Core 1 'Adder' <Latency = 0> <II = 1> <Delay = 1.21> <FuncUnit> <Opcode : 'add' 'sub'> <InPorts = 2> <OutPorts = 1>
ST_5 : Operation 76 [1/1] (0.00ns)   --->   "%weight_out_weight_change_1 = partselect i16 @_ssdm_op_PartSelect.i16.i34.i32.i32, i34 %add_ln14_1, i32 18, i32 33" [../weight_pe.cpp:14->../array.cpp:24]   --->   Operation 76 'partselect' 'weight_out_weight_change_1' <Predicate = true> <Delay = 0.00>
ST_5 : Operation 77 [1/1] (1.01ns)   --->   "%bias_out_net_sum = add i16 %weight_out_sum_output_out, i16 %biases_0_0_val_read" [../bias_pe.cpp:14->../array.cpp:32]   --->   Operation 77 'add' 'bias_out_net_sum' <Predicate = true> <Delay = 1.01> <CoreInst = "Adder">   --->   Core 1 'Adder' <Latency = 0> <II = 1> <Delay = 1.01> <FuncUnit> <Opcode : 'add' 'sub'> <InPorts = 2> <OutPorts = 1>
ST_5 : Operation 78 [1/1] (0.00ns)   --->   "%trunc_ln12 = trunc i16 %bias_out_net_sum" [../act_pe.cpp:12->../array.cpp:34]   --->   Operation 78 'trunc' 'trunc_ln12' <Predicate = true> <Delay = 0.00>
ST_5 : Operation 79 [1/1] (1.01ns)   --->   "%icmp_ln12 = icmp_sgt  i16 %bias_out_net_sum, i16 0" [../act_pe.cpp:12->../array.cpp:34]   --->   Operation 79 'icmp' 'icmp_ln12' <Predicate = true> <Delay = 1.01> <CoreInst = "Cmp">   --->   Core 9 'Cmp' <Latency = 0> <II = 1> <Delay = 1.01> <FuncUnit> <Opcode : 'seteq' 'setne' 'setle' 'setge' 'setlt' 'setgt'> <InPorts = 2> <OutPorts = 1>
ST_5 : Operation 80 [1/1] (0.48ns)   --->   "%output_3 = select i1 %icmp_ln12, i15 %trunc_ln12, i15 0" [../act_pe.cpp:12->../array.cpp:34]   --->   Operation 80 'select' 'output_3' <Predicate = true> <Delay = 0.48> <CoreInst = "Sel">   --->   Core 73 'Sel' <Latency = 0> <II = 1> <Delay = 0.48> <FuncUnit> <Opcode : 'select'> <InPorts = 3> <OutPorts = 1>
ST_5 : Operation 81 [1/3] (0.00ns) (grouped into DSP with root node add_ln12)   --->   "%mul_ln12_2 = mul i25 %sext_ln12_7, i25 %sext_ln12_8" [../weight_pe.cpp:12->../array.cpp:24]   --->   Operation 81 'mul' 'mul_ln12_2' <Predicate = (icmp_ln11 & !cmp_i_i)> <Delay = 0.00> <CoreInst = "DSP48">   --->   Core 124 'DSP48' <Latency = 3> <II = 1> <Delay = 0.69> <IPBlock> <Opcode : '' 'add' 'sub' 'mul' 'select'> <InPorts = 0> <OutPorts = 1> <Sync> <CReg>
ST_5 : Operation 82 [2/2] (0.83ns) (root node of the DSP)   --->   "%add_ln12 = add i25 %shl_ln3, i25 %mul_ln12_2" [../weight_pe.cpp:12->../array.cpp:24]   --->   Operation 82 'add' 'add_ln12' <Predicate = (icmp_ln11 & !cmp_i_i)> <Delay = 0.83> <CoreInst = "DSP48">   --->   Core 124 'DSP48' <Latency = 3> <II = 1> <Delay = 0.69> <IPBlock> <Opcode : '' 'add' 'sub' 'mul' 'select'> <InPorts = 0> <OutPorts = 1> <Sync> <CReg>
ST_5 : Operation 83 [2/3] (1.08ns) (grouped into DSP with root node add_ln12_1)   --->   "%mul_ln12_3 = mul i25 %sext_ln12_9, i25 %sext_ln12_8" [../weight_pe.cpp:12->../array.cpp:24]   --->   Operation 83 'mul' 'mul_ln12_3' <Predicate = (!cmp_i_i & icmp_ln11_1)> <Delay = 1.08> <CoreInst = "DSP48">   --->   Core 124 'DSP48' <Latency = 3> <II = 1> <Delay = 0.69> <IPBlock> <Opcode : '' 'add' 'sub' 'mul' 'select'> <InPorts = 0> <OutPorts = 1> <Sync> <CReg>
ST_5 : Operation 84 [3/3] (1.08ns) (grouped into DSP with root node add_ln13_1)   --->   "%mul_ln13_3 = mul i25 %sext_ln12_9, i25 %sext_ln13_3" [../weight_pe.cpp:13->../array.cpp:24]   --->   Operation 84 'mul' 'mul_ln13_3' <Predicate = true> <Delay = 1.08> <CoreInst = "DSP48">   --->   Core 124 'DSP48' <Latency = 3> <II = 1> <Delay = 0.69> <IPBlock> <Opcode : '' 'add' 'sub' 'mul' 'select'> <InPorts = 0> <OutPorts = 1> <Sync> <CReg>

State 6 <SV = 5> <Delay = 5.09>
ST_6 : Operation 85 [1/1] (0.00ns)   --->   "%sext_ln12_5 = sext i16 %delta_k_0_1_val_read" [../weight_pe.cpp:12->../array.cpp:24]   --->   Operation 85 'sext' 'sext_ln12_5' <Predicate = true> <Delay = 0.00>
ST_6 : Operation 86 [1/1] (0.00ns)   --->   "%sext_ln24_1 = sext i32 %mul_ln14_3" [../array.cpp:24]   --->   Operation 86 'sext' 'sext_ln24_1' <Predicate = true> <Delay = 0.00>
ST_6 : Operation 87 [1/2] (0.83ns) (root node of the DSP)   --->   "%add_ln12 = add i25 %shl_ln3, i25 %mul_ln12_2" [../weight_pe.cpp:12->../array.cpp:24]   --->   Operation 87 'add' 'add_ln12' <Predicate = (icmp_ln11 & !cmp_i_i)> <Delay = 0.83> <CoreInst = "DSP48">   --->   Core 124 'DSP48' <Latency = 3> <II = 1> <Delay = 0.69> <IPBlock> <Opcode : '' 'add' 'sub' 'mul' 'select'> <InPorts = 0> <OutPorts = 1> <Sync> <CReg>
ST_6 : Operation 88 [1/1] (0.00ns) (grouped into LUT with out node agg_result_delta_kmin1_0_0)   --->   "%weight_out_sum_delta_out = partselect i16 @_ssdm_op_PartSelect.i16.i25.i32.i32, i25 %add_ln12, i32 9, i32 24" [../weight_pe.cpp:12->../array.cpp:24]   --->   Operation 88 'partselect' 'weight_out_sum_delta_out' <Predicate = (icmp_ln11 & !cmp_i_i)> <Delay = 0.00>
ST_6 : Operation 89 [1/1] (0.00ns)   --->   "%shl_ln14_2 = bitconcatenate i34 @_ssdm_op_BitConcatenate.i34.i16.i18, i16 %p_read_1, i18 0" [../weight_pe.cpp:14->../array.cpp:24]   --->   Operation 89 'bitconcatenate' 'shl_ln14_2' <Predicate = true> <Delay = 0.00>
ST_6 : Operation 90 [1/1] (3.88ns)   --->   "%mul_ln14_5 = mul i34 %sext_ln24_1, i34 17179869133" [../weight_pe.cpp:14->../array.cpp:24]   --->   Operation 90 'mul' 'mul_ln14_5' <Predicate = true> <Delay = 3.88> <CoreInst = "Multiplier">   --->   Core 3 'Multiplier' <Latency = 0> <II = 1> <Delay = 3.88> <FuncUnit> <Opcode : 'mul'> <InPorts = 2> <OutPorts = 1>
ST_6 : Operation 91 [1/1] (1.21ns)   --->   "%add_ln14_3 = add i34 %shl_ln14_2, i34 %mul_ln14_5" [../weight_pe.cpp:14->../array.cpp:24]   --->   Operation 91 'add' 'add_ln14_3' <Predicate = true> <Delay = 1.21> <CoreInst = "Adder">   --->   Core 1 'Adder' <Latency = 0> <II = 1> <Delay = 1.21> <FuncUnit> <Opcode : 'add' 'sub'> <InPorts = 2> <OutPorts = 1>
ST_6 : Operation 92 [1/1] (0.00ns)   --->   "%weight_out_weight_change_2 = partselect i16 @_ssdm_op_PartSelect.i16.i34.i32.i32, i34 %add_ln14_3, i32 18, i32 33" [../weight_pe.cpp:14->../array.cpp:24]   --->   Operation 92 'partselect' 'weight_out_weight_change_2' <Predicate = true> <Delay = 0.00>
ST_6 : Operation 93 [1/1] (0.00ns)   --->   "%shl_ln12_1 = bitconcatenate i25 @_ssdm_op_BitConcatenate.i25.i16.i9, i16 %tmp_2, i9 0" [../weight_pe.cpp:12->../array.cpp:24]   --->   Operation 93 'bitconcatenate' 'shl_ln12_1' <Predicate = (!cmp_i_i & icmp_ln11_1)> <Delay = 0.00>
ST_6 : Operation 94 [1/3] (0.00ns) (grouped into DSP with root node add_ln12_1)   --->   "%mul_ln12_3 = mul i25 %sext_ln12_9, i25 %sext_ln12_8" [../weight_pe.cpp:12->../array.cpp:24]   --->   Operation 94 'mul' 'mul_ln12_3' <Predicate = (!cmp_i_i & icmp_ln11_1)> <Delay = 0.00> <CoreInst = "DSP48">   --->   Core 124 'DSP48' <Latency = 3> <II = 1> <Delay = 0.69> <IPBlock> <Opcode : '' 'add' 'sub' 'mul' 'select'> <InPorts = 0> <OutPorts = 1> <Sync> <CReg>
ST_6 : Operation 95 [2/2] (0.83ns) (root node of the DSP)   --->   "%add_ln12_1 = add i25 %shl_ln12_1, i25 %mul_ln12_3" [../weight_pe.cpp:12->../array.cpp:24]   --->   Operation 95 'add' 'add_ln12_1' <Predicate = (!cmp_i_i & icmp_ln11_1)> <Delay = 0.83> <CoreInst = "DSP48">   --->   Core 124 'DSP48' <Latency = 3> <II = 1> <Delay = 0.69> <IPBlock> <Opcode : '' 'add' 'sub' 'mul' 'select'> <InPorts = 0> <OutPorts = 1> <Sync> <CReg>
ST_6 : Operation 96 [2/3] (1.08ns) (grouped into DSP with root node add_ln13_1)   --->   "%mul_ln13_3 = mul i25 %sext_ln12_9, i25 %sext_ln13_3" [../weight_pe.cpp:13->../array.cpp:24]   --->   Operation 96 'mul' 'mul_ln13_3' <Predicate = true> <Delay = 1.08> <CoreInst = "DSP48">   --->   Core 124 'DSP48' <Latency = 3> <II = 1> <Delay = 0.69> <IPBlock> <Opcode : '' 'add' 'sub' 'mul' 'select'> <InPorts = 0> <OutPorts = 1> <Sync> <CReg>
ST_6 : Operation 97 [1/1] (0.00ns)   --->   "%sext_ln14_1 = sext i32 %mul_ln14_6" [../weight_pe.cpp:14->../array.cpp:24]   --->   Operation 97 'sext' 'sext_ln14_1' <Predicate = true> <Delay = 0.00>
ST_6 : Operation 98 [1/1] (0.00ns)   --->   "%shl_ln14_3 = bitconcatenate i34 @_ssdm_op_BitConcatenate.i34.i16.i18, i16 %p_read, i18 0" [../weight_pe.cpp:14->../array.cpp:24]   --->   Operation 98 'bitconcatenate' 'shl_ln14_3' <Predicate = true> <Delay = 0.00>
ST_6 : Operation 99 [1/1] (3.88ns)   --->   "%mul_ln14_7 = mul i34 %sext_ln14_1, i34 17179869133" [../weight_pe.cpp:14->../array.cpp:24]   --->   Operation 99 'mul' 'mul_ln14_7' <Predicate = true> <Delay = 3.88> <CoreInst = "Multiplier">   --->   Core 3 'Multiplier' <Latency = 0> <II = 1> <Delay = 3.88> <FuncUnit> <Opcode : 'mul'> <InPorts = 2> <OutPorts = 1>
ST_6 : Operation 100 [1/1] (1.21ns)   --->   "%add_ln14_4 = add i34 %shl_ln14_3, i34 %mul_ln14_7" [../weight_pe.cpp:14->../array.cpp:24]   --->   Operation 100 'add' 'add_ln14_4' <Predicate = true> <Delay = 1.21> <CoreInst = "Adder">   --->   Core 1 'Adder' <Latency = 0> <II = 1> <Delay = 1.21> <FuncUnit> <Opcode : 'add' 'sub'> <InPorts = 2> <OutPorts = 1>
ST_6 : Operation 101 [1/1] (0.00ns)   --->   "%weight_out_weight_change_3 = partselect i16 @_ssdm_op_PartSelect.i16.i34.i32.i32, i34 %add_ln14_4, i32 18, i32 33" [../weight_pe.cpp:14->../array.cpp:24]   --->   Operation 101 'partselect' 'weight_out_weight_change_3' <Predicate = true> <Delay = 0.00>
ST_6 : Operation 102 [3/3] (1.08ns) (grouped into DSP with root node sub_ln15_1)   --->   "%mul_ln15_1 = mul i23 %sext_ln12_5, i23 51" [../bias_pe.cpp:15->../array.cpp:32]   --->   Operation 102 'mul' 'mul_ln15_1' <Predicate = true> <Delay = 1.08> <CoreInst = "DSP48">   --->   Core 124 'DSP48' <Latency = 3> <II = 1> <Delay = 0.69> <IPBlock> <Opcode : '' 'add' 'sub' 'mul' 'select'> <InPorts = 0> <OutPorts = 1> <Sync> <CReg>
ST_6 : Operation 103 [1/1] (0.00ns) (grouped into LUT with out node agg_result_delta_kmin1_0_0)   --->   "%error_1 = select i1 %icmp_ln11, i16 %weight_out_sum_delta_out, i16 0" [../error_pe.cpp:11->../array.cpp:42]   --->   Operation 103 'select' 'error_1' <Predicate = (!cmp_i_i)> <Delay = 0.00> <CoreInst = "Sel">   --->   Core 73 'Sel' <Latency = 0> <II = 1> <Delay = 0.42> <FuncUnit> <Opcode : 'select'> <InPorts = 3> <OutPorts = 1>
ST_6 : Operation 104 [1/1] (0.42ns) (out node of the LUT)   --->   "%agg_result_delta_kmin1_0_0 = select i1 %cmp_i_i, i16 0, i16 %error_1" [../weight_pe.cpp:12->../array.cpp:24]   --->   Operation 104 'select' 'agg_result_delta_kmin1_0_0' <Predicate = true> <Delay = 0.42> <CoreInst = "Sel">   --->   Core 73 'Sel' <Latency = 0> <II = 1> <Delay = 0.42> <FuncUnit> <Opcode : 'select'> <InPorts = 3> <OutPorts = 1>

State 7 <SV = 6> <Delay = 1.25>
ST_7 : Operation 105 [1/2] (0.83ns) (root node of the DSP)   --->   "%add_ln12_1 = add i25 %shl_ln12_1, i25 %mul_ln12_3" [../weight_pe.cpp:12->../array.cpp:24]   --->   Operation 105 'add' 'add_ln12_1' <Predicate = (!cmp_i_i & icmp_ln11_1)> <Delay = 0.83> <CoreInst = "DSP48">   --->   Core 124 'DSP48' <Latency = 3> <II = 1> <Delay = 0.69> <IPBlock> <Opcode : '' 'add' 'sub' 'mul' 'select'> <InPorts = 0> <OutPorts = 1> <Sync> <CReg>
ST_7 : Operation 106 [1/1] (0.00ns) (grouped into LUT with out node agg_result_delta_kmin1_1_0)   --->   "%weight_out_sum_delta_out_1 = partselect i16 @_ssdm_op_PartSelect.i16.i25.i32.i32, i25 %add_ln12_1, i32 9, i32 24" [../weight_pe.cpp:12->../array.cpp:24]   --->   Operation 106 'partselect' 'weight_out_sum_delta_out_1' <Predicate = (!cmp_i_i & icmp_ln11_1)> <Delay = 0.00>
ST_7 : Operation 107 [1/1] (0.00ns)   --->   "%shl_ln13_1 = bitconcatenate i25 @_ssdm_op_BitConcatenate.i25.i16.i9, i16 %tmp_3, i9 0" [../weight_pe.cpp:13->../array.cpp:24]   --->   Operation 107 'bitconcatenate' 'shl_ln13_1' <Predicate = true> <Delay = 0.00>
ST_7 : Operation 108 [1/3] (0.00ns) (grouped into DSP with root node add_ln13_1)   --->   "%mul_ln13_3 = mul i25 %sext_ln12_9, i25 %sext_ln13_3" [../weight_pe.cpp:13->../array.cpp:24]   --->   Operation 108 'mul' 'mul_ln13_3' <Predicate = true> <Delay = 0.00> <CoreInst = "DSP48">   --->   Core 124 'DSP48' <Latency = 3> <II = 1> <Delay = 0.69> <IPBlock> <Opcode : '' 'add' 'sub' 'mul' 'select'> <InPorts = 0> <OutPorts = 1> <Sync> <CReg>
ST_7 : Operation 109 [2/2] (0.83ns) (root node of the DSP)   --->   "%add_ln13_1 = add i25 %shl_ln13_1, i25 %mul_ln13_3" [../weight_pe.cpp:13->../array.cpp:24]   --->   Operation 109 'add' 'add_ln13_1' <Predicate = true> <Delay = 0.83> <CoreInst = "DSP48">   --->   Core 124 'DSP48' <Latency = 3> <II = 1> <Delay = 0.69> <IPBlock> <Opcode : '' 'add' 'sub' 'mul' 'select'> <InPorts = 0> <OutPorts = 1> <Sync> <CReg>
ST_7 : Operation 110 [2/3] (1.08ns) (grouped into DSP with root node sub_ln15_1)   --->   "%mul_ln15_1 = mul i23 %sext_ln12_5, i23 51" [../bias_pe.cpp:15->../array.cpp:32]   --->   Operation 110 'mul' 'mul_ln15_1' <Predicate = true> <Delay = 1.08> <CoreInst = "DSP48">   --->   Core 124 'DSP48' <Latency = 3> <II = 1> <Delay = 0.69> <IPBlock> <Opcode : '' 'add' 'sub' 'mul' 'select'> <InPorts = 0> <OutPorts = 1> <Sync> <CReg>
ST_7 : Operation 111 [1/1] (0.00ns) (grouped into LUT with out node agg_result_delta_kmin1_1_0)   --->   "%error_3 = select i1 %icmp_ln11_1, i16 %weight_out_sum_delta_out_1, i16 0" [../error_pe.cpp:11->../array.cpp:42]   --->   Operation 111 'select' 'error_3' <Predicate = (!cmp_i_i)> <Delay = 0.00> <CoreInst = "Sel">   --->   Core 73 'Sel' <Latency = 0> <II = 1> <Delay = 0.42> <FuncUnit> <Opcode : 'select'> <InPorts = 3> <OutPorts = 1>
ST_7 : Operation 112 [1/1] (0.42ns) (out node of the LUT)   --->   "%agg_result_delta_kmin1_1_0 = select i1 %cmp_i_i, i16 0, i16 %error_3" [../weight_pe.cpp:12->../array.cpp:24]   --->   Operation 112 'select' 'agg_result_delta_kmin1_1_0' <Predicate = true> <Delay = 0.42> <CoreInst = "Sel">   --->   Core 73 'Sel' <Latency = 0> <II = 1> <Delay = 0.42> <FuncUnit> <Opcode : 'select'> <InPorts = 3> <OutPorts = 1>

State 8 <SV = 7> <Delay = 3.34>
ST_8 : Operation 113 [1/1] (0.00ns)   --->   "%biases_0_1_val_read = read i16 @_ssdm_op_Read.ap_auto.i16, i16 %biases_0_1_val" [../weight_pe.cpp:12->../array.cpp:24]   --->   Operation 113 'read' 'biases_0_1_val_read' <Predicate = true> <Delay = 0.00>
ST_8 : Operation 114 [1/2] (0.83ns) (root node of the DSP)   --->   "%add_ln13_1 = add i25 %shl_ln13_1, i25 %mul_ln13_3" [../weight_pe.cpp:13->../array.cpp:24]   --->   Operation 114 'add' 'add_ln13_1' <Predicate = true> <Delay = 0.83> <CoreInst = "DSP48">   --->   Core 124 'DSP48' <Latency = 3> <II = 1> <Delay = 0.69> <IPBlock> <Opcode : '' 'add' 'sub' 'mul' 'select'> <InPorts = 0> <OutPorts = 1> <Sync> <CReg>
ST_8 : Operation 115 [1/1] (0.00ns)   --->   "%weight_out_sum_output_out_1 = partselect i16 @_ssdm_op_PartSelect.i16.i25.i32.i32, i25 %add_ln13_1, i32 9, i32 24" [../weight_pe.cpp:13->../array.cpp:24]   --->   Operation 115 'partselect' 'weight_out_sum_output_out_1' <Predicate = true> <Delay = 0.00>
ST_8 : Operation 116 [1/1] (1.01ns)   --->   "%bias_out_net_sum_1 = add i16 %weight_out_sum_output_out_1, i16 %biases_0_1_val_read" [../bias_pe.cpp:14->../array.cpp:32]   --->   Operation 116 'add' 'bias_out_net_sum_1' <Predicate = true> <Delay = 1.01> <CoreInst = "Adder">   --->   Core 1 'Adder' <Latency = 0> <II = 1> <Delay = 1.01> <FuncUnit> <Opcode : 'add' 'sub'> <InPorts = 2> <OutPorts = 1>
ST_8 : Operation 117 [1/1] (0.00ns)   --->   "%trunc_ln32 = trunc i16 %bias_out_net_sum_1" [../array.cpp:32]   --->   Operation 117 'trunc' 'trunc_ln32' <Predicate = true> <Delay = 0.00>
ST_8 : Operation 118 [1/3] (0.00ns) (grouped into DSP with root node sub_ln15_1)   --->   "%mul_ln15_1 = mul i23 %sext_ln12_5, i23 51" [../bias_pe.cpp:15->../array.cpp:32]   --->   Operation 118 'mul' 'mul_ln15_1' <Predicate = true> <Delay = 0.00> <CoreInst = "DSP48">   --->   Core 124 'DSP48' <Latency = 3> <II = 1> <Delay = 0.69> <IPBlock> <Opcode : '' 'add' 'sub' 'mul' 'select'> <InPorts = 0> <OutPorts = 1> <Sync> <CReg>
ST_8 : Operation 119 [1/1] (0.00ns)   --->   "%shl_ln15_1 = bitconcatenate i25 @_ssdm_op_BitConcatenate.i25.i16.i9, i16 %biases_0_1_val_read, i9 0" [../bias_pe.cpp:15->../array.cpp:32]   --->   Operation 119 'bitconcatenate' 'shl_ln15_1' <Predicate = true> <Delay = 0.00>
ST_8 : Operation 120 [1/1] (0.00ns) (grouped into DSP with root node sub_ln15_1)   --->   "%sext_ln15_1 = sext i23 %mul_ln15_1" [../bias_pe.cpp:15->../array.cpp:32]   --->   Operation 120 'sext' 'sext_ln15_1' <Predicate = true> <Delay = 0.00>
ST_8 : Operation 121 [2/2] (0.83ns) (root node of the DSP)   --->   "%sub_ln15_1 = sub i25 %shl_ln15_1, i25 %sext_ln15_1" [../bias_pe.cpp:15->../array.cpp:32]   --->   Operation 121 'sub' 'sub_ln15_1' <Predicate = true> <Delay = 0.83> <CoreInst = "DSP48">   --->   Core 124 'DSP48' <Latency = 3> <II = 1> <Delay = 0.69> <IPBlock> <Opcode : '' 'add' 'sub' 'mul' 'select'> <InPorts = 0> <OutPorts = 1> <Sync> <CReg>
ST_8 : Operation 122 [1/1] (1.01ns)   --->   "%icmp_ln12_1 = icmp_sgt  i16 %bias_out_net_sum_1, i16 0" [../act_pe.cpp:12->../array.cpp:34]   --->   Operation 122 'icmp' 'icmp_ln12_1' <Predicate = true> <Delay = 1.01> <CoreInst = "Cmp">   --->   Core 9 'Cmp' <Latency = 0> <II = 1> <Delay = 1.01> <FuncUnit> <Opcode : 'seteq' 'setne' 'setle' 'setge' 'setlt' 'setgt'> <InPorts = 2> <OutPorts = 1>
ST_8 : Operation 123 [1/1] (0.48ns)   --->   "%output_2 = select i1 %icmp_ln12_1, i15 %trunc_ln32, i15 0" [../act_pe.cpp:12->../array.cpp:34]   --->   Operation 123 'select' 'output_2' <Predicate = true> <Delay = 0.48> <CoreInst = "Sel">   --->   Core 73 'Sel' <Latency = 0> <II = 1> <Delay = 0.48> <FuncUnit> <Opcode : 'select'> <InPorts = 3> <OutPorts = 1>

State 9 <SV = 8> <Delay = 0.83>
ST_9 : Operation 124 [1/1] (0.00ns)   --->   "%zext_ln12 = zext i15 %output_3" [../weight_pe.cpp:12->../array.cpp:24]   --->   Operation 124 'zext' 'zext_ln12' <Predicate = true> <Delay = 0.00>
ST_9 : Operation 125 [1/2] (0.83ns) (root node of the DSP)   --->   "%sub_ln15_1 = sub i25 %shl_ln15_1, i25 %sext_ln15_1" [../bias_pe.cpp:15->../array.cpp:32]   --->   Operation 125 'sub' 'sub_ln15_1' <Predicate = true> <Delay = 0.83> <CoreInst = "DSP48">   --->   Core 124 'DSP48' <Latency = 3> <II = 1> <Delay = 0.69> <IPBlock> <Opcode : '' 'add' 'sub' 'mul' 'select'> <InPorts = 0> <OutPorts = 1> <Sync> <CReg>
ST_9 : Operation 126 [1/1] (0.00ns)   --->   "%bias_out_bias_change_1 = partselect i16 @_ssdm_op_PartSelect.i16.i25.i32.i32, i25 %sub_ln15_1, i32 9, i32 24" [../bias_pe.cpp:15->../array.cpp:32]   --->   Operation 126 'partselect' 'bias_out_bias_change_1' <Predicate = true> <Delay = 0.00>
ST_9 : Operation 127 [1/1] (0.00ns)   --->   "%zext_ln6 = zext i15 %output_2" [../act_pe.cpp:6->../array.cpp:34]   --->   Operation 127 'zext' 'zext_ln6' <Predicate = true> <Delay = 0.00>
ST_9 : Operation 128 [1/1] (0.00ns)   --->   "%mrv = insertvalue i160 <undef>, i16 %zext_ln12" [../array.cpp:46]   --->   Operation 128 'insertvalue' 'mrv' <Predicate = true> <Delay = 0.00>
ST_9 : Operation 129 [1/1] (0.00ns)   --->   "%mrv_1 = insertvalue i160 %mrv, i16 %zext_ln6" [../array.cpp:46]   --->   Operation 129 'insertvalue' 'mrv_1' <Predicate = true> <Delay = 0.00>
ST_9 : Operation 130 [1/1] (0.00ns)   --->   "%mrv_2 = insertvalue i160 %mrv_1, i16 %agg_result_delta_kmin1_0_0" [../array.cpp:46]   --->   Operation 130 'insertvalue' 'mrv_2' <Predicate = true> <Delay = 0.00>
ST_9 : Operation 131 [1/1] (0.00ns)   --->   "%mrv_3 = insertvalue i160 %mrv_2, i16 %agg_result_delta_kmin1_1_0" [../array.cpp:46]   --->   Operation 131 'insertvalue' 'mrv_3' <Predicate = true> <Delay = 0.00>
ST_9 : Operation 132 [1/1] (0.00ns)   --->   "%mrv_4 = insertvalue i160 %mrv_3, i16 %weight_out_weight_change" [../array.cpp:46]   --->   Operation 132 'insertvalue' 'mrv_4' <Predicate = true> <Delay = 0.00>
ST_9 : Operation 133 [1/1] (0.00ns)   --->   "%mrv_5 = insertvalue i160 %mrv_4, i16 %weight_out_weight_change_1" [../array.cpp:46]   --->   Operation 133 'insertvalue' 'mrv_5' <Predicate = true> <Delay = 0.00>
ST_9 : Operation 134 [1/1] (0.00ns)   --->   "%mrv_6 = insertvalue i160 %mrv_5, i16 %weight_out_weight_change_2" [../array.cpp:46]   --->   Operation 134 'insertvalue' 'mrv_6' <Predicate = true> <Delay = 0.00>
ST_9 : Operation 135 [1/1] (0.00ns)   --->   "%mrv_7 = insertvalue i160 %mrv_6, i16 %weight_out_weight_change_3" [../array.cpp:46]   --->   Operation 135 'insertvalue' 'mrv_7' <Predicate = true> <Delay = 0.00>
ST_9 : Operation 136 [1/1] (0.00ns)   --->   "%mrv_8 = insertvalue i160 %mrv_7, i16 %bias_out_bias_change" [../array.cpp:46]   --->   Operation 136 'insertvalue' 'mrv_8' <Predicate = true> <Delay = 0.00>
ST_9 : Operation 137 [1/1] (0.00ns)   --->   "%mrv_9 = insertvalue i160 %mrv_8, i16 %bias_out_bias_change_1" [../array.cpp:46]   --->   Operation 137 'insertvalue' 'mrv_9' <Predicate = true> <Delay = 0.00>
ST_9 : Operation 138 [1/1] (0.00ns)   --->   "%ret_ln46 = ret i160 %mrv_9" [../array.cpp:46]   --->   Operation 138 'ret' 'ret_ln46' <Predicate = true> <Delay = 0.00>


============================================================
+ Verbose Summary: Timing violations
============================================================
Target clock period: 10.000ns, clock uncertainty: 2.000ns.

 <State 1>: 2.910ns
The critical path consists of the following:
	wire read operation ('delta_k_0_0_val_read', ../weight_pe.cpp:12->../array.cpp:24) on port 'delta_k_0_0_val' (../weight_pe.cpp:12->../array.cpp:24) [14]  (0.000 ns)
	'mul' operation 25 bit ('mul_ln12', ../weight_pe.cpp:12->../array.cpp:24) [27]  (2.910 ns)

 <State 2>: 2.910ns
The critical path consists of the following:
	'mul' operation 32 bit ('mul_ln14', ../weight_pe.cpp:14->../array.cpp:24) [31]  (2.910 ns)

 <State 3>: 2.910ns
The critical path consists of the following:
	wire read operation ('delta_k_0_1_val_read', ../weight_pe.cpp:12->../array.cpp:24) on port 'delta_k_0_1_val' (../weight_pe.cpp:12->../array.cpp:24) [13]  (0.000 ns)
	'mul' operation 32 bit ('mul_ln14_3', ../weight_pe.cpp:14->../array.cpp:24) [51]  (2.910 ns)

 <State 4>: 2.910ns
The critical path consists of the following:
	'mul' operation 25 bit ('mul_ln13_2', ../weight_pe.cpp:13->../array.cpp:24) [73]  (2.910 ns)

 <State 5>: 5.091ns
The critical path consists of the following:
	'mul' operation 34 bit ('mul_ln14_1', ../weight_pe.cpp:14->../array.cpp:24) [34]  (3.880 ns)
	'add' operation 34 bit ('add_ln14', ../weight_pe.cpp:14->../array.cpp:24) [35]  (1.211 ns)

 <State 6>: 5.091ns
The critical path consists of the following:
	'mul' operation 34 bit ('mul_ln14_5', ../weight_pe.cpp:14->../array.cpp:24) [75]  (3.880 ns)
	'add' operation 34 bit ('add_ln14_3', ../weight_pe.cpp:14->../array.cpp:24) [76]  (1.211 ns)

 <State 7>: 1.251ns
The critical path consists of the following:
	'add' operation 25 bit of DSP[82] ('add_ln12_1', ../weight_pe.cpp:12->../array.cpp:24) [82]  (0.831 ns)
	'select' operation 16 bit ('error', ../error_pe.cpp:11->../array.cpp:42) [109]  (0.000 ns)
	'select' operation 16 bit ('agg_result_delta_kmin1_1_0', ../weight_pe.cpp:12->../array.cpp:24) [111]  (0.420 ns)

 <State 8>: 3.347ns
The critical path consists of the following:
	'add' operation 25 bit of DSP[87] ('add_ln13_1', ../weight_pe.cpp:13->../array.cpp:24) [87]  (0.831 ns)
	'add' operation 16 bit ('bias_out.net_sum', ../bias_pe.cpp:14->../array.cpp:32) [95]  (1.016 ns)
	'icmp' operation 1 bit ('icmp_ln12_1', ../act_pe.cpp:12->../array.cpp:34) [102]  (1.016 ns)
	'select' operation 15 bit ('output', ../act_pe.cpp:12->../array.cpp:34) [103]  (0.484 ns)

 <State 9>: 0.831ns
The critical path consists of the following:
	'sub' operation 25 bit of DSP[100] ('sub_ln15_1', ../bias_pe.cpp:15->../array.cpp:32) [100]  (0.831 ns)


============================================================
+ Verbose Summary: Binding
============================================================
N/A
* FSMD analyzer results:
  - Output states:
 - Input state : 
  - Chain level:
	State 1
	State 2
	State 3
	State 4
	State 5
	State 6
	State 7
	State 8
	State 9


============================================================
+ Verbose Summary: Datapath Resource usage 
============================================================
N/A
