#-----------------------------------------------------------
# Vivado v2024.2 (64-bit)
# SW Build 5239630 on Fri Nov 08 22:35:27 MST 2024
# IP Build 5239520 on Sun Nov 10 16:12:51 MST 2024
# SharedData Build 5239561 on Fri Nov 08 14:39:27 MST 2024
# Start of session at: Thu Feb 20 10:58:15 2025
# Process ID         : 19268
# Current directory  : C:/GIM/hls_ltr/example_acc/example_acc/hls/impl/ip
# Command line       : vivado.exe -notrace -mode batch -source run_ippack.tcl
# Log file           : C:/GIM/hls_ltr/example_acc/example_acc/hls/impl/ip/vivado.log
# Journal file       : C:/GIM/hls_ltr/example_acc/example_acc/hls/impl/ip\vivado.jou
# Running On         : Lindsey_laptop
# Platform           : Windows Server 2016 or Windows 10
# Operating System   : 26100
# Processor Detail   : 12th Gen Intel(R) Core(TM) i7-12700H
# CPU Frequency      : 2688 MHz
# CPU Physical cores : 14
# CPU Logical cores  : 20
# Host memory        : 34042 MB
# Swap memory        : 11274 MB
# Total Virtual      : 45317 MB
# Available Virtual  : 19231 MB
#-----------------------------------------------------------
source run_ippack.tcl -notrace
INFO: calling package_hls_ip ip_types=vitis sysgen json_file=C:/GIM/hls_ltr/example_acc/example_acc/hls/hls_data.json outdir=C:/GIM/hls_ltr/example_acc/example_acc/hls/impl/ip srcdir=C:/GIM/hls_ltr/example_acc/example_acc/hls sort_interfaces_ports=false
INFO: Copied 1 ipmisc file(s) to C:/GIM/hls_ltr/example_acc/example_acc/hls/impl/ip/misc
INFO: Copied 7 verilog file(s) to C:/GIM/hls_ltr/example_acc/example_acc/hls/impl/ip/hdl/verilog
INFO: Copied 7 vhdl file(s) to C:/GIM/hls_ltr/example_acc/example_acc/hls/impl/ip/hdl/vhdl
INFO: Copied 10 swdriver file(s) to C:/GIM/hls_ltr/example_acc/example_acc/hls/impl/ip/drivers
ipx::create_core: Time (s): cpu = 00:00:07 ; elapsed = 00:00:08 . Memory (MB): peak = 626.527 ; gain = 186.445
INFO: Import ports from HDL: C:/GIM/hls_ltr/example_acc/example_acc/hls/impl/ip/hdl/vhdl/example_acc.vhd (example_acc)
INFO: Add axi4lite interface s_axi_control
INFO: Add clock interface ap_clk
INFO: Add reset interface ap_rst_n
INFO: Add interrupt interface interrupt
INFO: [IP_Flow 19-234] Refreshing IP repositories
INFO: [IP_Flow 19-1704] No user IP repositories specified
INFO: [IP_Flow 19-2313] Loaded Vivado IP repository 'C:/Xilinx/Vivado/2024.2/data/ip'.
INFO: Add data interface alpha_transmit_line
INFO: Calling post_process_vitis to specialize IP
INFO: Calling post_process_sysgen to specialize IP
Generating sysgen info xml from json file
INFO: Created IP C:/GIM/hls_ltr/example_acc/example_acc/hls/impl/ip/component.xml
INFO: Created IP archive C:/GIM/hls_ltr/example_acc/example_acc/hls/impl/ip/xilinx_com_hls_example_acc_1_0.zip
INFO: [Common 17-206] Exiting Vivado at Thu Feb 20 10:58:29 2025...
