

================================================================
== Vitis HLS Report for 'accelerator_Pipeline_VITIS_LOOP_73_3'
================================================================
* Date:           Tue Oct 29 09:34:17 2024

* Version:        2024.1 (Build 5069499 on May 21 2024)
* Project:        accelerator
* Solution:       hls (Vivado IP Flow Target)
* Product family: zynquplus
* Target device:  xczu3eg-sfvc784-1-e


================================================================
== Performance Estimates
================================================================
+ Timing: 
    * Summary: 
    +--------+----------+----------+------------+
    |  Clock |  Target  | Estimated| Uncertainty|
    +--------+----------+----------+------------+
    |ap_clk  |  10.00 ns|  7.182 ns|     2.00 ns|
    +--------+----------+----------+------------+

+ Latency: 
    * Summary: 
    +---------+---------+----------+----------+-----+-------+---------+
    |  Latency (cycles) |  Latency (absolute) |   Interval  | Pipeline|
    |   min   |   max   |    min   |    max   | min |  max  |   Type  |
    +---------+---------+----------+----------+-----+-------+---------+
    |      146|    72647|  1.460 us|  0.726 ms|  146|  72647|       no|
    +---------+---------+----------+----------+-----+-------+---------+

    + Detail: 
        * Instance: 
        +------------------------+-------------+---------+---------+-----------+-----------+-----+-----+---------+
        |                        |             |  Latency (cycles) |   Latency (absolute)  |  Interval | Pipeline|
        |        Instance        |    Module   |   min   |   max   |    min    |    max    | min | max |   Type  |
        +------------------------+-------------+---------+---------+-----------+-----------+-----+-----+---------+
        |grp_model_array_fu_596  |model_array  |        8|        8|  80.000 ns|  80.000 ns|    9|    9|      yes|
        +------------------------+-------------+---------+---------+-----------+-----------+-----+-----+---------+

        * Loop: 
        +-------------------+---------+---------+----------+-----------+-----------+---------+----------+
        |                   |  Latency (cycles) | Iteration|  Initiation Interval  |   Trip  |          |
        |     Loop Name     |   min   |   max   |  Latency |  achieved |   target  |  Count  | Pipelined|
        +-------------------+---------+---------+----------+-----------+-----------+---------+----------+
        |- VITIS_LOOP_73_3  |      144|    72644|       145|        145|        200|  0 ~ 500|       yes|
        +-------------------+---------+---------+----------+-----------+-----------+---------+----------+



================================================================
== Utilization Estimates
================================================================
* Summary: 
+-----------------+---------+-----+--------+-------+-----+
|       Name      | BRAM_18K| DSP |   FF   |  LUT  | URAM|
+-----------------+---------+-----+--------+-------+-----+
|DSP              |        -|    -|       -|      -|    -|
|Expression       |        -|    -|       0|   4288|    -|
|FIFO             |        -|    -|       -|      -|    -|
|Instance         |        -|   18|     873|    617|    -|
|Memory           |        -|    -|       -|      -|    -|
|Multiplexer      |        -|    -|       0|   1515|    -|
|Register         |        -|    -|    2096|      -|    -|
+-----------------+---------+-----+--------+-------+-----+
|Total            |        0|   18|    2969|   6420|    0|
+-----------------+---------+-----+--------+-------+-----+
|Available        |      432|  360|  141120|  70560|    0|
+-----------------+---------+-----+--------+-------+-----+
|Utilization (%)  |        0|    5|       2|      9|    0|
+-----------------+---------+-----+--------+-------+-----+

+ Detail: 
    * Instance: 
    +---------------------------------+-----------------------------+---------+----+-----+-----+-----+
    |             Instance            |            Module           | BRAM_18K| DSP|  FF | LUT | URAM|
    +---------------------------------+-----------------------------+---------+----+-----+-----+-----+
    |dcmp_64ns_64ns_1_2_no_dsp_1_U55  |dcmp_64ns_64ns_1_2_no_dsp_1  |        0|   0|    0|    0|    0|
    |grp_model_array_fu_596           |model_array                  |        0|  18|  873|  581|    0|
    |sparsemux_7_2_16_1_1_U56         |sparsemux_7_2_16_1_1         |        0|   0|    0|    9|    0|
    |sparsemux_7_2_16_1_1_U57         |sparsemux_7_2_16_1_1         |        0|   0|    0|    9|    0|
    |sparsemux_7_2_16_1_1_U58         |sparsemux_7_2_16_1_1         |        0|   0|    0|    9|    0|
    |sparsemux_7_2_16_1_1_U59         |sparsemux_7_2_16_1_1         |        0|   0|    0|    9|    0|
    +---------------------------------+-----------------------------+---------+----+-----+-----+-----+
    |Total                            |                             |        0|  18|  873|  617|    0|
    +---------------------------------+-----------------------------+---------+----+-----+-----+-----+

    * DSP: 
    N/A

    * Memory: 
    N/A

    * FIFO: 
    N/A

    * Expression: 
    +-------------------------------------+----------+----+---+-----+------------+------------+
    |            Variable Name            | Operation| DSP| FF| LUT | Bitwidth P0| Bitwidth P1|
    +-------------------------------------+----------+----+---+-----+------------+------------+
    |add_ln102_10_fu_1713_p2              |         +|   0|  0|   71|          64|          64|
    |add_ln102_11_fu_1754_p2              |         +|   0|  0|   17|          11|          11|
    |add_ln102_12_fu_1845_p2              |         +|   0|  0|   39|          32|           7|
    |add_ln102_13_fu_1965_p2              |         +|   0|  0|   39|          32|           7|
    |add_ln102_14_fu_2007_p2              |         +|   0|  0|   71|          64|          64|
    |add_ln102_15_fu_2048_p2              |         +|   0|  0|   17|          11|          11|
    |add_ln102_1_fu_1115_p2               |         +|   0|  0|   39|          32|           7|
    |add_ln102_2_fu_1157_p2               |         +|   0|  0|   71|          64|          64|
    |add_ln102_3_fu_1198_p2               |         +|   0|  0|   17|          11|          11|
    |add_ln102_4_fu_1285_p2               |         +|   0|  0|   39|          32|           7|
    |add_ln102_5_fu_1397_p2               |         +|   0|  0|   39|          32|           7|
    |add_ln102_6_fu_1435_p2               |         +|   0|  0|   71|          64|          64|
    |add_ln102_7_fu_1476_p2               |         +|   0|  0|   17|          11|          11|
    |add_ln102_8_fu_1563_p2               |         +|   0|  0|   39|          32|           7|
    |add_ln102_9_fu_1675_p2               |         +|   0|  0|   39|          32|           7|
    |add_ln102_fu_995_p2                  |         +|   0|  0|   39|          32|           7|
    |grp_fu_818_p2                        |         +|   0|  0|   23|          16|          11|
    |i_2_fu_907_p2                        |         +|   0|  0|   16|           9|           1|
    |grp_fu_644_p2                        |         -|   0|  0|   23|           1|          16|
    |sub_ln102_10_fu_1690_p2              |         -|   0|  0|   39|           6|          32|
    |sub_ln102_11_fu_1749_p2              |         -|   0|  0|   17|           3|          11|
    |sub_ln102_13_fu_1839_p2              |         -|   0|  0|   39|           5|          32|
    |sub_ln102_14_fu_1984_p2              |         -|   0|  0|   39|           6|          32|
    |sub_ln102_15_fu_2043_p2              |         -|   0|  0|   17|           3|          11|
    |sub_ln102_16_fu_1021_p2              |         -|   0|  0|   12|           3|           4|
    |sub_ln102_17_fu_1311_p2              |         -|   0|  0|   12|           3|           4|
    |sub_ln102_18_fu_1589_p2              |         -|   0|  0|   12|           3|           4|
    |sub_ln102_19_fu_1871_p2              |         -|   0|  0|   12|           3|           4|
    |sub_ln102_1_fu_989_p2                |         -|   0|  0|   39|           5|          32|
    |sub_ln102_2_fu_1134_p2               |         -|   0|  0|   39|           6|          32|
    |sub_ln102_3_fu_1193_p2               |         -|   0|  0|   17|           3|          11|
    |sub_ln102_5_fu_1279_p2               |         -|   0|  0|   39|           5|          32|
    |sub_ln102_6_fu_1412_p2               |         -|   0|  0|   39|           6|          32|
    |sub_ln102_7_fu_1471_p2               |         -|   0|  0|   17|           3|          11|
    |sub_ln102_9_fu_1557_p2               |         -|   0|  0|   39|           5|          32|
    |and_ln102_10_fu_2303_p2              |       and|   0|  0|    2|           1|           1|
    |and_ln102_11_fu_2332_p2              |       and|   0|  0|    2|           1|           1|
    |and_ln102_12_fu_1037_p2              |       and|   0|  0|   16|          16|          16|
    |and_ln102_13_fu_1327_p2              |       and|   0|  0|   16|          16|          16|
    |and_ln102_14_fu_1605_p2              |       and|   0|  0|   16|          16|          16|
    |and_ln102_15_fu_1887_p2              |       and|   0|  0|   16|          16|          16|
    |and_ln102_1_fu_2117_p2               |       and|   0|  0|    2|           1|           1|
    |and_ln102_2_fu_2146_p2               |       and|   0|  0|    2|           1|           1|
    |and_ln102_3_fu_1367_p2               |       and|   0|  0|    2|           1|           1|
    |and_ln102_4_fu_2179_p2               |       and|   0|  0|    2|           1|           1|
    |and_ln102_5_fu_2208_p2               |       and|   0|  0|    2|           1|           1|
    |and_ln102_6_fu_1645_p2               |       and|   0|  0|    2|           1|           1|
    |and_ln102_7_fu_2241_p2               |       and|   0|  0|    2|           1|           1|
    |and_ln102_8_fu_2270_p2               |       and|   0|  0|    2|           1|           1|
    |and_ln102_9_fu_1927_p2               |       and|   0|  0|    2|           1|           1|
    |and_ln102_fu_1077_p2                 |       and|   0|  0|    2|           1|           1|
    |and_ln105_1_fu_2191_p2               |       and|   0|  0|    2|           1|           1|
    |and_ln105_2_fu_2253_p2               |       and|   0|  0|    2|           1|           1|
    |and_ln105_3_fu_2315_p2               |       and|   0|  0|    2|           1|           1|
    |and_ln105_fu_2129_p2                 |       and|   0|  0|    2|           1|           1|
    |phi_ln102_1_fu_1339_p2               |       and|   0|  0|    2|           1|           1|
    |phi_ln102_2_fu_1617_p2               |       and|   0|  0|    2|           1|           1|
    |phi_ln102_3_fu_1899_p2               |       and|   0|  0|    2|           1|           1|
    |phi_ln102_fu_1049_p2                 |       and|   0|  0|    2|           1|           1|
    |tmp_11_fu_1267_p3                    |      cttz|   0|  0|   47|          32|           0|
    |tmp_21_fu_1545_p3                    |      cttz|   0|  0|   47|          32|           0|
    |tmp_31_fu_1827_p3                    |      cttz|   0|  0|   47|          32|           0|
    |tmp_7_fu_977_p3                      |      cttz|   0|  0|   47|          32|           0|
    |grp_fu_630_p2                        |      icmp|   0|  0|   23|          16|           1|
    |grp_fu_668_p2                        |      icmp|   0|  0|   23|          16|           1|
    |grp_fu_806_p2                        |      icmp|   0|  0|   23|          16|           1|
    |grp_fu_812_p2                        |      icmp|   0|  0|   23|          16|           1|
    |icmp_ln102_11_fu_1511_p2             |      icmp|   0|  0|   18|          11|           2|
    |icmp_ln102_12_fu_1611_p2             |      icmp|   0|  0|   23|          16|           1|
    |icmp_ln102_13_fu_1517_p2             |      icmp|   0|  0|   59|          52|           1|
    |icmp_ln102_14_fu_1665_p2             |      icmp|   0|  0|   39|          32|           1|
    |icmp_ln102_16_fu_1579_p2             |      icmp|   0|  0|   38|          31|           1|
    |icmp_ln102_17_fu_1893_p2             |      icmp|   0|  0|   23|          16|           1|
    |icmp_ln102_18_fu_1789_p2             |      icmp|   0|  0|   18|          11|           2|
    |icmp_ln102_19_fu_1947_p2             |      icmp|   0|  0|   39|          32|           1|
    |icmp_ln102_1_fu_1011_p2              |      icmp|   0|  0|   38|          31|           1|
    |icmp_ln102_20_fu_1795_p2             |      icmp|   0|  0|   59|          52|           1|
    |icmp_ln102_21_fu_1861_p2             |      icmp|   0|  0|   38|          31|           1|
    |icmp_ln102_22_fu_2083_p2             |      icmp|   0|  0|   18|          11|           2|
    |icmp_ln102_23_fu_2089_p2             |      icmp|   0|  0|   59|          52|           1|
    |icmp_ln102_2_fu_1043_p2              |      icmp|   0|  0|   23|          16|           1|
    |icmp_ln102_3_fu_1097_p2              |      icmp|   0|  0|   39|          32|           1|
    |icmp_ln102_4_fu_1233_p2              |      icmp|   0|  0|   18|          11|           2|
    |icmp_ln102_6_fu_1239_p2              |      icmp|   0|  0|   59|          52|           1|
    |icmp_ln102_7_fu_1333_p2              |      icmp|   0|  0|   23|          16|           1|
    |icmp_ln102_8_fu_1301_p2              |      icmp|   0|  0|   38|          31|           1|
    |icmp_ln102_9_fu_1387_p2              |      icmp|   0|  0|   39|          32|           1|
    |icmp_ln73_fu_901_p2                  |      icmp|   0|  0|   16|           9|           5|
    |lshr_ln102_10_fu_1599_p2             |      lshr|   0|  0|   35|           2|          16|
    |lshr_ln102_11_fu_1881_p2             |      lshr|   0|  0|   35|           2|          16|
    |lshr_ln102_2_fu_1406_p2              |      lshr|   0|  0|  179|          64|          64|
    |lshr_ln102_4_fu_1684_p2              |      lshr|   0|  0|  179|          64|          64|
    |lshr_ln102_6_fu_1974_p2              |      lshr|   0|  0|  179|          64|          64|
    |lshr_ln102_8_fu_1031_p2              |      lshr|   0|  0|   35|           2|          16|
    |lshr_ln102_9_fu_1321_p2              |      lshr|   0|  0|   35|           2|          16|
    |lshr_ln102_fu_1124_p2                |      lshr|   0|  0|  179|          64|          64|
    |or_ln102_10_fu_2095_p2               |        or|   0|  0|    2|           1|           1|
    |or_ln102_4_fu_1083_p2                |        or|   0|  0|    2|           1|           1|
    |or_ln102_5_fu_1651_p2                |        or|   0|  0|    2|           1|           1|
    |or_ln102_6_fu_1933_p2                |        or|   0|  0|    2|           1|           1|
    |or_ln102_7_fu_1245_p2                |        or|   0|  0|    2|           1|           1|
    |or_ln102_8_fu_1523_p2                |        or|   0|  0|    2|           1|           1|
    |or_ln102_9_fu_1801_p2                |        or|   0|  0|    2|           1|           1|
    |or_ln102_fu_1373_p2                  |        or|   0|  0|    2|           1|           1|
    |cond50_i_i315_1_fu_1426_p3           |    select|   0|  0|   56|           1|          64|
    |cond50_i_i315_2_fu_1704_p3           |    select|   0|  0|   56|           1|          64|
    |cond50_i_i315_3_fu_1998_p3           |    select|   0|  0|   56|           1|          64|
    |cond50_i_i315_fu_1148_p3             |    select|   0|  0|   56|           1|          64|
    |grp_fu_650_p3                        |    select|   0|  0|   16|           1|          16|
    |grp_fu_824_p3                        |    select|   0|  0|   16|           1|          16|
    |output_array_inference_4_fu_2159_p4  |    select|   0|  0|    9|           1|          10|
    |output_array_inference_4_fu_2159_p6  |    select|   0|  0|   16|           1|           1|
    |output_array_inference_5_fu_2221_p4  |    select|   0|  0|    9|           1|          10|
    |output_array_inference_5_fu_2221_p6  |    select|   0|  0|   16|           1|           1|
    |output_array_inference_6_fu_2283_p4  |    select|   0|  0|    9|           1|          10|
    |output_array_inference_6_fu_2283_p6  |    select|   0|  0|   16|           1|           1|
    |output_array_inference_7_fu_2345_p4  |    select|   0|  0|    9|           1|          10|
    |output_array_inference_7_fu_2345_p6  |    select|   0|  0|   16|           1|           1|
    |select_ln102_1_fu_1185_p3            |    select|   0|  0|    9|           1|          10|
    |select_ln102_3_fu_1463_p3            |    select|   0|  0|    9|           1|          10|
    |select_ln102_5_fu_1741_p3            |    select|   0|  0|    9|           1|          10|
    |select_ln102_7_fu_2035_p3            |    select|   0|  0|    9|           1|          10|
    |select_ln114_3_fu_1953_p3            |    select|   0|  0|   15|           1|          15|
    |select_ln114_fu_1103_p3              |    select|   0|  0|   15|           1|          15|
    |shl_ln102_1_fu_1421_p2               |       shl|   0|  0|  179|          64|          64|
    |shl_ln102_2_fu_1699_p2               |       shl|   0|  0|  179|          64|          64|
    |shl_ln102_3_fu_1993_p2               |       shl|   0|  0|  179|          64|          64|
    |shl_ln102_fu_1143_p2                 |       shl|   0|  0|  179|          64|          64|
    |xor_ln102_1_fu_2203_p2               |       xor|   0|  0|    2|           1|           2|
    |xor_ln102_2_fu_2265_p2               |       xor|   0|  0|    2|           1|           2|
    |xor_ln102_3_fu_2327_p2               |       xor|   0|  0|    2|           1|           2|
    |xor_ln102_4_fu_1063_p2               |       xor|   0|  0|    2|           1|           2|
    |xor_ln102_5_fu_1353_p2               |       xor|   0|  0|    2|           1|           2|
    |xor_ln102_6_fu_1631_p2               |       xor|   0|  0|    2|           1|           2|
    |xor_ln102_7_fu_1913_p2               |       xor|   0|  0|    2|           1|           2|
    |xor_ln102_fu_2141_p2                 |       xor|   0|  0|    2|           1|           2|
    +-------------------------------------+----------+----+---+-----+------------+------------+
    |Total                                |          |   0|  0| 4288|        2059|        1819|
    +-------------------------------------+----------+----+---+-----+------------+------------+

    * Multiplexer: 
    +---------------------------------------------+-----+-----------+-----+-----------+
    |                     Name                    | LUT | Input Size| Bits| Total Bits|
    +---------------------------------------------+-----+-----------+-----+-----------+
    |ap_NS_fsm                                    |  786|        149|    1|        149|
    |ap_phi_mux_UnifiedRetVal_phi_fu_588_p4       |    9|          2|    1|          2|
    |ap_return                                    |    9|          2|    1|          2|
    |bias_1_local_idx96_val107_fu_228             |    9|          2|   16|         32|
    |bias_1_local_idx96_val107_out                |   14|          3|   16|         48|
    |bias_1_local_idx97_val108_fu_232             |    9|          2|   16|         32|
    |bias_1_local_idx97_val108_out                |   14|          3|   16|         48|
    |bias_2_local_idx89_val109_fu_236             |    9|          2|   16|         32|
    |bias_2_local_idx89_val109_out                |   14|          3|   16|         48|
    |bias_2_local_idx90_val110_fu_240             |    9|          2|   16|         32|
    |bias_2_local_idx90_val110_out                |   14|          3|   16|         48|
    |grp_fu_617_opcode                            |   14|          3|    5|         15|
    |grp_fu_617_p0                                |   49|          9|   64|        576|
    |grp_model_array_fu_596_biases_0_0_val        |   37|          7|   16|        112|
    |grp_model_array_fu_596_biases_0_1_val        |   37|          7|   16|        112|
    |grp_model_array_fu_596_delta_k_0_0_val       |   31|          6|   16|         96|
    |grp_model_array_fu_596_delta_k_0_1_val       |   14|          3|   16|         48|
    |grp_model_array_fu_596_output_kmin1_0_0_val  |   20|          4|   16|         64|
    |grp_model_array_fu_596_output_kmin1_0_1_val  |   20|          4|   16|         64|
    |grp_model_array_fu_596_p_read10              |   37|          7|   16|        112|
    |grp_model_array_fu_596_p_read29              |   37|          7|   16|        112|
    |grp_model_array_fu_596_p_read30              |   37|          7|   16|        112|
    |grp_model_array_fu_596_p_read31              |   37|          7|   16|        112|
    |i_fu_208                                     |    9|          2|    9|         18|
    |output_array_inference_1_out                 |   14|          3|   16|         48|
    |output_array_inference_2_out                 |   14|          3|   16|         48|
    |output_array_inference_3_out                 |   14|          3|   16|         48|
    |output_array_inference_out                   |   14|          3|   16|         48|
    |w1_local_0_fu_244                            |    9|          2|   16|         32|
    |w1_local_0_out                               |   14|          3|   16|         48|
    |w1_local_1_0_fu_248                          |    9|          2|   16|         32|
    |w1_local_1_0_out                             |   14|          3|   16|         48|
    |w1_local_2_0_fu_252                          |    9|          2|   16|         32|
    |w1_local_2_0_out                             |   14|          3|   16|         48|
    |w1_local_3_0_fu_256                          |    9|          2|   16|         32|
    |w1_local_3_0_out                             |   14|          3|   16|         48|
    |w2_local_0_fu_260                            |    9|          2|   16|         32|
    |w2_local_0_out                               |   14|          3|   16|         48|
    |w2_local_1_0_fu_264                          |    9|          2|   16|         32|
    |w2_local_1_0_out                             |   14|          3|   16|         48|
    |w2_local_2_0_fu_268                          |    9|          2|   16|         32|
    |w2_local_2_0_out                             |   14|          3|   16|         48|
    |w2_local_3_0_fu_272                          |    9|          2|   16|         32|
    |w2_local_3_0_out                             |   14|          3|   16|         48|
    +---------------------------------------------+-----+-----------+-----+-----------+
    |Total                                        | 1515|        298|  689|       2858|
    +---------------------------------------------+-----+-----------+-----+-----------+

    * Register: 
    +-------------------------------------------+-----+----+-----+-----------+
    |                    Name                   |  FF | LUT| Bits| Const Bits|
    +-------------------------------------------+-----+----+-----+-----------+
    |LD_1_reg_2849                              |   64|   0|   64|          0|
    |LD_2_reg_2917                              |   64|   0|   64|          0|
    |LD_3_reg_2990                              |   64|   0|   64|          0|
    |LD_reg_2781                                |   64|   0|   64|          0|
    |UnifiedRetVal_reg_584                      |    1|   0|    1|          0|
    |ap_CS_fsm                                  |  148|   0|  148|          0|
    |ap_return_preg                             |    1|   0|    1|          0|
    |bias_1_local_idx96_val107_fu_228           |   16|   0|   16|          0|
    |bias_1_local_idx96_val107_load_1_reg_2662  |   16|   0|   16|          0|
    |bias_1_local_idx97_val108_fu_232           |   16|   0|   16|          0|
    |bias_1_local_idx97_val108_load_1_reg_2668  |   16|   0|   16|          0|
    |bias_2_local_idx89_val109_fu_236           |   16|   0|   16|          0|
    |bias_2_local_idx89_val109_load_1_reg_2698  |   16|   0|   16|          0|
    |bias_2_local_idx90_val110_fu_240           |   16|   0|   16|          0|
    |bias_2_local_idx90_val110_load_1_reg_2704  |   16|   0|   16|          0|
    |bitcast_ln748_1_reg_2860                   |   64|   0|   64|          0|
    |bitcast_ln748_2_reg_2928                   |   64|   0|   64|          0|
    |bitcast_ln748_3_reg_3001                   |   64|   0|   64|          0|
    |bitcast_ln748_reg_2792                     |   64|   0|   64|          0|
    |grp_model_array_fu_596_ap_start_reg        |    1|   0|    1|          0|
    |i_2_reg_2657                               |    9|   0|    9|          0|
    |i_fu_208                                   |    9|   0|    9|          0|
    |icmp_ln102_10_reg_2901                     |    1|   0|    1|          0|
    |icmp_ln102_14_reg_2896                     |    1|   0|    1|          0|
    |icmp_ln102_15_reg_2943                     |    1|   0|    1|          0|
    |icmp_ln102_19_reg_2970                     |    1|   0|    1|          0|
    |icmp_ln102_3_reg_2761                      |    1|   0|    1|          0|
    |icmp_ln102_5_reg_2833                      |    1|   0|    1|          0|
    |icmp_ln102_9_reg_2828                      |    1|   0|    1|          0|
    |icmp_ln102_reg_2734                        |    1|   0|    1|          0|
    |icmp_ln73_reg_2653                         |    1|   0|    1|          0|
    |lshr_ln102_2_reg_2844                      |   64|   0|   64|          0|
    |lshr_ln102_4_reg_2912                      |   64|   0|   64|          0|
    |lshr_ln102_6_reg_2985                      |   64|   0|   64|          0|
    |lshr_ln102_reg_2776                        |   64|   0|   64|          0|
    |or_ln102_10_reg_2995                       |    1|   0|    1|          0|
    |or_ln102_1_reg_2823                        |    1|   0|    2|          1|
    |or_ln102_2_reg_2891                        |    1|   0|    2|          1|
    |or_ln102_3_reg_2965                        |    1|   0|    2|          1|
    |or_ln102_7_reg_2786                        |    1|   0|    1|          0|
    |or_ln102_8_reg_2854                        |    1|   0|    1|          0|
    |or_ln102_9_reg_2922                        |    1|   0|    1|          0|
    |or_ln_reg_2756                             |    1|   0|    2|          1|
    |output_array_inference_1_fu_216            |   16|   0|   16|          0|
    |output_array_inference_1_load_1_reg_3021   |   16|   0|   16|          0|
    |output_array_inference_2_fu_220            |   16|   0|   16|          0|
    |output_array_inference_2_load_1_reg_3026   |   16|   0|   16|          0|
    |output_array_inference_3_fu_224            |   16|   0|   16|          0|
    |output_array_inference_3_load_1_reg_3031   |   16|   0|   16|          0|
    |output_array_inference_4_reg_3036          |   16|   0|   16|          0|
    |output_array_inference_5_reg_3041          |   16|   0|   16|          0|
    |output_array_inference_6_reg_3046          |   16|   0|   16|          0|
    |output_array_inference_7_reg_3051          |   16|   0|   16|          0|
    |output_array_inference_fu_212              |   16|   0|   16|          0|
    |output_array_inference_load_1_reg_3016     |   16|   0|   16|          0|
    |reg_706                                    |   16|   0|   16|          0|
    |reg_711                                    |   16|   0|   16|          0|
    |reg_716                                    |   16|   0|   16|          0|
    |reg_720                                    |   16|   0|   16|          0|
    |reg_725                                    |   16|   0|   16|          0|
    |reg_730                                    |   16|   0|   16|          0|
    |reg_736                                    |   16|   0|   16|          0|
    |reg_742                                    |   16|   0|   16|          0|
    |reg_748                                    |   16|   0|   16|          0|
    |reg_754                                    |   16|   0|   16|          0|
    |reg_760                                    |   16|   0|   16|          0|
    |reg_766                                    |   16|   0|   16|          0|
    |reg_772                                    |   16|   0|   16|          0|
    |reg_778                                    |   16|   0|   16|          0|
    |reg_784                                    |   16|   0|   16|          0|
    |reg_790                                    |   16|   0|   16|          0|
    |reg_796                                    |   16|   0|   16|          0|
    |reg_802                                    |   16|   0|   16|          0|
    |select_ln114_3_reg_2975                    |   15|   0|   15|          0|
    |select_ln114_reg_2766                      |   15|   0|   15|          0|
    |sub_ln102_13_reg_2959                      |   32|   0|   32|          0|
    |sub_ln102_1_reg_2750                       |   32|   0|   32|          0|
    |sub_ln102_5_reg_2817                       |   32|   0|   32|          0|
    |sub_ln102_9_reg_2885                       |   32|   0|   32|          0|
    |tmp_14_reg_2807                            |    1|   0|    1|          0|
    |tmp_16_reg_2865                            |    1|   0|    1|          0|
    |tmp_17_reg_2870                            |    1|   0|    1|          0|
    |tmp_25_reg_2875                            |    1|   0|    1|          0|
    |tmp_26_reg_2933                            |    1|   0|    1|          0|
    |tmp_27_reg_2938                            |    1|   0|    1|          0|
    |tmp_2_reg_2802                             |    1|   0|    1|          0|
    |tmp_36_reg_3006                            |    1|   0|    1|          0|
    |tmp_37_reg_3011                            |    1|   0|    1|          0|
    |tmp_39_reg_2949                            |    1|   0|    1|          0|
    |tmp_3_reg_2740                             |    1|   0|    1|          0|
    |tmp_reg_2797                               |    1|   0|    1|          0|
    |trunc_ln102_10_reg_2954                    |   11|   0|   11|          0|
    |trunc_ln102_4_reg_2812                     |   11|   0|   11|          0|
    |trunc_ln102_8_reg_2880                     |   11|   0|   11|          0|
    |trunc_ln102_reg_2745                       |   11|   0|   11|          0|
    |w1_local_0_fu_244                          |   16|   0|   16|          0|
    |w1_local_0_load_1_reg_2674                 |   16|   0|   16|          0|
    |w1_local_1_0_fu_248                        |   16|   0|   16|          0|
    |w1_local_1_0_load_1_reg_2680               |   16|   0|   16|          0|
    |w1_local_2_0_fu_252                        |   16|   0|   16|          0|
    |w1_local_2_0_load_1_reg_2686               |   16|   0|   16|          0|
    |w1_local_3_0_fu_256                        |   16|   0|   16|          0|
    |w1_local_3_0_load_1_reg_2692               |   16|   0|   16|          0|
    |w2_local_0_fu_260                          |   16|   0|   16|          0|
    |w2_local_0_load_1_reg_2710                 |   16|   0|   16|          0|
    |w2_local_1_0_fu_264                        |   16|   0|   16|          0|
    |w2_local_1_0_load_1_reg_2716               |   16|   0|   16|          0|
    |w2_local_2_0_fu_268                        |   16|   0|   16|          0|
    |w2_local_2_0_load_1_reg_2722               |   16|   0|   16|          0|
    |w2_local_3_0_fu_272                        |   16|   0|   16|          0|
    |w2_local_3_0_load_1_reg_2728               |   16|   0|   16|          0|
    |zext_ln102_12_reg_2980                     |   16|   0|   64|         48|
    |zext_ln102_4_reg_2839                      |   16|   0|   64|         48|
    |zext_ln102_8_reg_2907                      |   16|   0|   64|         48|
    |zext_ln102_reg_2771                        |   16|   0|   64|         48|
    +-------------------------------------------+-----+----+-----+-----------+
    |Total                                      | 2096|   0| 2292|        196|
    +-------------------------------------------+-----+----+-----+-----------+



================================================================
== Interface
================================================================
* Summary: 
+------------------------------------------+-----+-----+------------+---------------------------------------+--------------+
|                 RTL Ports                | Dir | Bits|  Protocol  |             Source Object             |    C Type    |
+------------------------------------------+-----+-----+------------+---------------------------------------+--------------+
|ap_clk                                    |   in|    1|  ap_ctrl_hs|   accelerator_Pipeline_VITIS_LOOP_73_3|  return value|
|ap_rst                                    |   in|    1|  ap_ctrl_hs|   accelerator_Pipeline_VITIS_LOOP_73_3|  return value|
|ap_start                                  |   in|    1|  ap_ctrl_hs|   accelerator_Pipeline_VITIS_LOOP_73_3|  return value|
|ap_done                                   |  out|    1|  ap_ctrl_hs|   accelerator_Pipeline_VITIS_LOOP_73_3|  return value|
|ap_idle                                   |  out|    1|  ap_ctrl_hs|   accelerator_Pipeline_VITIS_LOOP_73_3|  return value|
|ap_ready                                  |  out|    1|  ap_ctrl_hs|   accelerator_Pipeline_VITIS_LOOP_73_3|  return value|
|ap_return                                 |  out|    1|  ap_ctrl_hs|   accelerator_Pipeline_VITIS_LOOP_73_3|  return value|
|w2_local_1_reload                         |   in|   16|     ap_none|                      w2_local_1_reload|        scalar|
|w2_local_reload                           |   in|   16|     ap_none|                        w2_local_reload|        scalar|
|w2_local_3_reload                         |   in|   16|     ap_none|                      w2_local_3_reload|        scalar|
|w2_local_2_reload                         |   in|   16|     ap_none|                      w2_local_2_reload|        scalar|
|w1_local_1_reload                         |   in|   16|     ap_none|                      w1_local_1_reload|        scalar|
|w1_local_reload                           |   in|   16|     ap_none|                        w1_local_reload|        scalar|
|w1_local_3_reload                         |   in|   16|     ap_none|                      w1_local_3_reload|        scalar|
|w1_local_2_reload                         |   in|   16|     ap_none|                      w1_local_2_reload|        scalar|
|bias_2_local_idx90_promoted157_reload     |   in|   16|     ap_none|  bias_2_local_idx90_promoted157_reload|        scalar|
|bias_2_local_idx89_promoted155_reload     |   in|   16|     ap_none|  bias_2_local_idx89_promoted155_reload|        scalar|
|bias_1_local_idx97_promoted153_reload     |   in|   16|     ap_none|  bias_1_local_idx97_promoted153_reload|        scalar|
|bias_1_local_idx96_promoted151_reload     |   in|   16|     ap_none|  bias_1_local_idx96_promoted151_reload|        scalar|
|training                                  |   in|   16|     ap_none|                               training|        scalar|
|cmp_i_i                                   |   in|    1|     ap_none|                                cmp_i_i|        scalar|
|w2_local_3_0_out                          |  out|   16|      ap_vld|                       w2_local_3_0_out|       pointer|
|w2_local_3_0_out_ap_vld                   |  out|    1|      ap_vld|                       w2_local_3_0_out|       pointer|
|w2_local_2_0_out                          |  out|   16|      ap_vld|                       w2_local_2_0_out|       pointer|
|w2_local_2_0_out_ap_vld                   |  out|    1|      ap_vld|                       w2_local_2_0_out|       pointer|
|w2_local_1_0_out                          |  out|   16|      ap_vld|                       w2_local_1_0_out|       pointer|
|w2_local_1_0_out_ap_vld                   |  out|    1|      ap_vld|                       w2_local_1_0_out|       pointer|
|w2_local_0_out                            |  out|   16|      ap_vld|                         w2_local_0_out|       pointer|
|w2_local_0_out_ap_vld                     |  out|    1|      ap_vld|                         w2_local_0_out|       pointer|
|w1_local_3_0_out                          |  out|   16|      ap_vld|                       w1_local_3_0_out|       pointer|
|w1_local_3_0_out_ap_vld                   |  out|    1|      ap_vld|                       w1_local_3_0_out|       pointer|
|w1_local_2_0_out                          |  out|   16|      ap_vld|                       w1_local_2_0_out|       pointer|
|w1_local_2_0_out_ap_vld                   |  out|    1|      ap_vld|                       w1_local_2_0_out|       pointer|
|w1_local_1_0_out                          |  out|   16|      ap_vld|                       w1_local_1_0_out|       pointer|
|w1_local_1_0_out_ap_vld                   |  out|    1|      ap_vld|                       w1_local_1_0_out|       pointer|
|w1_local_0_out                            |  out|   16|      ap_vld|                         w1_local_0_out|       pointer|
|w1_local_0_out_ap_vld                     |  out|    1|      ap_vld|                         w1_local_0_out|       pointer|
|bias_2_local_idx90_val110_out             |  out|   16|      ap_vld|          bias_2_local_idx90_val110_out|       pointer|
|bias_2_local_idx90_val110_out_ap_vld      |  out|    1|      ap_vld|          bias_2_local_idx90_val110_out|       pointer|
|bias_2_local_idx89_val109_out             |  out|   16|      ap_vld|          bias_2_local_idx89_val109_out|       pointer|
|bias_2_local_idx89_val109_out_ap_vld      |  out|    1|      ap_vld|          bias_2_local_idx89_val109_out|       pointer|
|bias_1_local_idx97_val108_out             |  out|   16|      ap_vld|          bias_1_local_idx97_val108_out|       pointer|
|bias_1_local_idx97_val108_out_ap_vld      |  out|    1|      ap_vld|          bias_1_local_idx97_val108_out|       pointer|
|bias_1_local_idx96_val107_out             |  out|   16|      ap_vld|          bias_1_local_idx96_val107_out|       pointer|
|bias_1_local_idx96_val107_out_ap_vld      |  out|    1|      ap_vld|          bias_1_local_idx96_val107_out|       pointer|
|output_array_inference_3_out              |  out|   16|      ap_vld|           output_array_inference_3_out|       pointer|
|output_array_inference_3_out_ap_vld       |  out|    1|      ap_vld|           output_array_inference_3_out|       pointer|
|output_array_inference_2_out              |  out|   16|      ap_vld|           output_array_inference_2_out|       pointer|
|output_array_inference_2_out_ap_vld       |  out|    1|      ap_vld|           output_array_inference_2_out|       pointer|
|output_array_inference_1_out              |  out|   16|      ap_vld|           output_array_inference_1_out|       pointer|
|output_array_inference_1_out_ap_vld       |  out|    1|      ap_vld|           output_array_inference_1_out|       pointer|
|output_array_inference_out                |  out|   16|      ap_vld|             output_array_inference_out|       pointer|
|output_array_inference_out_ap_vld         |  out|    1|      ap_vld|             output_array_inference_out|       pointer|
|output_array_inference_4_out              |  out|   16|      ap_vld|           output_array_inference_4_out|       pointer|
|output_array_inference_4_out_ap_vld       |  out|    1|      ap_vld|           output_array_inference_4_out|       pointer|
|output_array_inference_5_out              |  out|   16|      ap_vld|           output_array_inference_5_out|       pointer|
|output_array_inference_5_out_ap_vld       |  out|    1|      ap_vld|           output_array_inference_5_out|       pointer|
|output_array_inference_6_out              |  out|   16|      ap_vld|           output_array_inference_6_out|       pointer|
|output_array_inference_6_out_ap_vld       |  out|    1|      ap_vld|           output_array_inference_6_out|       pointer|
|output_array_inference_7_out              |  out|   16|      ap_vld|           output_array_inference_7_out|       pointer|
|output_array_inference_7_out_ap_vld       |  out|    1|      ap_vld|           output_array_inference_7_out|       pointer|
|array_back2_weight_changes_24_out         |  out|   16|      ap_vld|      array_back2_weight_changes_24_out|       pointer|
|array_back2_weight_changes_24_out_ap_vld  |  out|    1|      ap_vld|      array_back2_weight_changes_24_out|       pointer|
|array_back2_weight_changes_25_out         |  out|   16|      ap_vld|      array_back2_weight_changes_25_out|       pointer|
|array_back2_weight_changes_25_out_ap_vld  |  out|    1|      ap_vld|      array_back2_weight_changes_25_out|       pointer|
|array_back2_weight_changes_26_out         |  out|   16|      ap_vld|      array_back2_weight_changes_26_out|       pointer|
|array_back2_weight_changes_26_out_ap_vld  |  out|    1|      ap_vld|      array_back2_weight_changes_26_out|       pointer|
|array_back2_weight_changes_27_out         |  out|   16|      ap_vld|      array_back2_weight_changes_27_out|       pointer|
|array_back2_weight_changes_27_out_ap_vld  |  out|    1|      ap_vld|      array_back2_weight_changes_27_out|       pointer|
|array_back2_bias_change_8_out             |  out|   16|      ap_vld|          array_back2_bias_change_8_out|       pointer|
|array_back2_bias_change_8_out_ap_vld      |  out|    1|      ap_vld|          array_back2_bias_change_8_out|       pointer|
|array_back2_bias_change_9_out             |  out|   16|      ap_vld|          array_back2_bias_change_9_out|       pointer|
|array_back2_bias_change_9_out_ap_vld      |  out|    1|      ap_vld|          array_back2_bias_change_9_out|       pointer|
|array_back1_weight_changes_24_out         |  out|   16|      ap_vld|      array_back1_weight_changes_24_out|       pointer|
|array_back1_weight_changes_24_out_ap_vld  |  out|    1|      ap_vld|      array_back1_weight_changes_24_out|       pointer|
|array_back1_weight_changes_25_out         |  out|   16|      ap_vld|      array_back1_weight_changes_25_out|       pointer|
|array_back1_weight_changes_25_out_ap_vld  |  out|    1|      ap_vld|      array_back1_weight_changes_25_out|       pointer|
|array_back1_weight_changes_26_out         |  out|   16|      ap_vld|      array_back1_weight_changes_26_out|       pointer|
|array_back1_weight_changes_26_out_ap_vld  |  out|    1|      ap_vld|      array_back1_weight_changes_26_out|       pointer|
|array_back1_weight_changes_27_out         |  out|   16|      ap_vld|      array_back1_weight_changes_27_out|       pointer|
|array_back1_weight_changes_27_out_ap_vld  |  out|    1|      ap_vld|      array_back1_weight_changes_27_out|       pointer|
|array_back1_bias_change_8_out             |  out|   16|      ap_vld|          array_back1_bias_change_8_out|       pointer|
|array_back1_bias_change_8_out_ap_vld      |  out|    1|      ap_vld|          array_back1_bias_change_8_out|       pointer|
|array_back1_bias_change_9_out             |  out|   16|      ap_vld|          array_back1_bias_change_9_out|       pointer|
|array_back1_bias_change_9_out_ap_vld      |  out|    1|      ap_vld|          array_back1_bias_change_9_out|       pointer|
+------------------------------------------+-----+-----+------------+---------------------------------------+--------------+

