

================================================================
== Vitis HLS Report for 'accelerator_Pipeline_VITIS_LOOP_157_9'
================================================================
* Date:           Sat Oct 19 10:54:30 2024

* Version:        2024.1 (Build 5069499 on May 21 2024)
* Project:        accelerator
* Solution:       hls (Vivado IP Flow Target)
* Product family: zynquplus
* Target device:  xczu3eg-sfvc784-1-e


================================================================
== Performance Estimates
================================================================
+ Timing: 
    * Summary: 
    +--------+----------+----------+------------+
    |  Clock |  Target  | Estimated| Uncertainty|
    +--------+----------+----------+------------+
    |ap_clk  |  30.30 ns|  1.954 ns|     6.00 ns|
    +--------+----------+----------+------------+

+ Latency: 
    * Summary: 
    +---------+---------+----------+----------+-----+-----+-----------------------------------------------+
    |  Latency (cycles) |  Latency (absolute) |  Interval |                    Pipeline                   |
    |   min   |   max   |    min   |    max   | min | max |                      Type                     |
    +---------+---------+----------+----------+-----+-----+-----------------------------------------------+
    |        4|        4|  0.121 us|  0.121 us|    3|    3|  loop auto-rewind stp(delay=0 clock cycles(s))|
    +---------+---------+----------+----------+-----+-----+-----------------------------------------------+

    + Detail: 
        * Instance: 
        N/A

        * Loop: 
        +--------------------+---------+---------+----------+-----------+-----------+------+----------+
        |                    |  Latency (cycles) | Iteration|  Initiation Interval  | Trip |          |
        |      Loop Name     |   min   |   max   |  Latency |  achieved |   target  | Count| Pipelined|
        +--------------------+---------+---------+----------+-----------+-----------+------+----------+
        |- VITIS_LOOP_157_9  |        2|        2|         1|          1|          1|     2|       yes|
        +--------------------+---------+---------+----------+-----------+-----------+------+----------+



================================================================
== Utilization Estimates
================================================================
* Summary: 
+-----------------+---------+-----+--------+-------+-----+
|       Name      | BRAM_18K| DSP |   FF   |  LUT  | URAM|
+-----------------+---------+-----+--------+-------+-----+
|DSP              |        -|    -|       -|      -|    -|
|Expression       |        -|    -|       0|    325|    -|
|FIFO             |        -|    -|       -|      -|    -|
|Instance         |        -|    -|       -|      -|    -|
|Memory           |        -|    -|       -|      -|    -|
|Multiplexer      |        -|    -|       0|     27|    -|
|Register         |        -|    -|     196|      -|    -|
+-----------------+---------+-----+--------+-------+-----+
|Total            |        0|    0|     196|    352|    0|
+-----------------+---------+-----+--------+-------+-----+
|Available        |      432|  360|  141120|  70560|    0|
+-----------------+---------+-----+--------+-------+-----+
|Utilization (%)  |        0|    0|      ~0|     ~0|    0|
+-----------------+---------+-----+--------+-------+-----+

+ Detail: 
    * Instance: 
    N/A

    * DSP: 
    N/A

    * Memory: 
    N/A

    * FIFO: 
    N/A

    * Expression: 
    +---------------------------------+----------+----+---+----+------------+------------+
    |          Variable Name          | Operation| DSP| FF| LUT| Bitwidth P0| Bitwidth P1|
    +---------------------------------+----------+----+---+----+------------+------------+
    |add_ln157_fu_298_p2              |         +|   0|  0|   9|           2|           1|
    |icmp_ln157_fu_292_p2             |      icmp|   0|  0|  10|           2|           3|
    |icmp_ln158_1_fu_340_p2           |      icmp|   0|  0|   9|           2|           1|
    |icmp_ln158_fu_354_p2             |      icmp|   0|  0|   9|           2|           1|
    |output_array_new_b1_fu_346_p3    |    select|   0|  0|  16|           1|          16|
    |output_array_new_b2_fu_360_p3    |    select|   0|  0|  16|           1|          16|
    |output_array_new_w1_1_fu_376_p3  |    select|   0|  0|  16|           1|          16|
    |output_array_new_w1_fu_368_p3    |    select|   0|  0|  16|           1|          16|
    |output_array_new_w2_1_fu_392_p3  |    select|   0|  0|  16|           1|          16|
    |output_array_new_w2_fu_384_p3    |    select|   0|  0|  16|           1|          16|
    |select_ln158_10_fu_480_p3        |    select|   0|  0|  16|           1|          16|
    |select_ln158_11_fu_488_p3        |    select|   0|  0|  16|           1|          16|
    |select_ln158_1_fu_408_p3         |    select|   0|  0|  16|           1|          16|
    |select_ln158_2_fu_416_p3         |    select|   0|  0|  16|           1|          16|
    |select_ln158_3_fu_424_p3         |    select|   0|  0|  16|           1|          16|
    |select_ln158_4_fu_432_p3         |    select|   0|  0|  16|           1|          16|
    |select_ln158_5_fu_440_p3         |    select|   0|  0|  16|           1|          16|
    |select_ln158_6_fu_448_p3         |    select|   0|  0|  16|           1|          16|
    |select_ln158_7_fu_456_p3         |    select|   0|  0|  16|           1|          16|
    |select_ln158_8_fu_464_p3         |    select|   0|  0|  16|           1|          16|
    |select_ln158_9_fu_472_p3         |    select|   0|  0|  16|           1|          16|
    |select_ln158_fu_400_p3           |    select|   0|  0|  16|           1|          16|
    +---------------------------------+----------+----+---+----+------------+------------+
    |Total                            |          |   0|  0| 325|          26|         294|
    +---------------------------------+----------+----+---+----+------------+------------+

    * Multiplexer: 
    +--------------------+----+-----------+-----+-----------+
    |        Name        | LUT| Input Size| Bits| Total Bits|
    +--------------------+----+-----------+-----+-----------+
    |ap_done_int         |   9|          2|    1|          2|
    |ap_sig_allocacmp_n  |   9|          2|    2|          4|
    |n_1_fu_76           |   9|          2|    2|          4|
    +--------------------+----+-----------+-----+-----------+
    |Total               |  27|          6|    5|         10|
    +--------------------+----+-----------+-----+-----------+

    * Register: 
    +-----------------------------------+----+----+-----+-----------+
    |                Name               | FF | LUT| Bits| Const Bits|
    +-----------------------------------+----+----+-----+-----------+
    |ap_CS_fsm                          |   1|   0|    1|          0|
    |ap_done_reg                        |   1|   0|    1|          0|
    |n_1_fu_76                          |   2|   0|    2|          0|
    |retval_1_0_0_0_0_0_load153_fu_80   |  16|   0|   16|          0|
    |retval_1_0_1_0_0_0_load155_fu_84   |  16|   0|   16|          0|
    |retval_1_1_0_0_0_0_load157_fu_88   |  16|   0|   16|          0|
    |retval_1_1_1_0_0_0_load159_fu_92   |  16|   0|   16|          0|
    |retval_2_0_0_0_0_0_load161_fu_96   |  16|   0|   16|          0|
    |retval_2_0_1_0_0_0_load163_fu_100  |  16|   0|   16|          0|
    |retval_2_1_0_0_0_0_load165_fu_104  |  16|   0|   16|          0|
    |retval_2_1_1_0_0_0_load167_fu_108  |  16|   0|   16|          0|
    |retval_3_0_0_0_0_load169_fu_112    |  16|   0|   16|          0|
    |retval_3_1_0_0_0_load171_fu_116    |  16|   0|   16|          0|
    |retval_4_0_0_0_0_load173_fu_120    |  16|   0|   16|          0|
    |retval_4_1_0_0_0_load175_fu_124    |  16|   0|   16|          0|
    +-----------------------------------+----+----+-----+-----------+
    |Total                              | 196|   0|  196|          0|
    +-----------------------------------+----+----+-----+-----------+



================================================================
== Interface
================================================================
* Summary: 
+---------------------------------------+-----+-----+------------+---------------------------------------+--------------+
|               RTL Ports               | Dir | Bits|  Protocol  |             Source Object             |    C Type    |
+---------------------------------------+-----+-----+------------+---------------------------------------+--------------+
|ap_clk                                 |   in|    1|  ap_ctrl_hs|  accelerator_Pipeline_VITIS_LOOP_157_9|  return value|
|ap_rst                                 |   in|    1|  ap_ctrl_hs|  accelerator_Pipeline_VITIS_LOOP_157_9|  return value|
|ap_start                               |   in|    1|  ap_ctrl_hs|  accelerator_Pipeline_VITIS_LOOP_157_9|  return value|
|ap_done                                |  out|    1|  ap_ctrl_hs|  accelerator_Pipeline_VITIS_LOOP_157_9|  return value|
|ap_idle                                |  out|    1|  ap_ctrl_hs|  accelerator_Pipeline_VITIS_LOOP_157_9|  return value|
|ap_ready                               |  out|    1|  ap_ctrl_hs|  accelerator_Pipeline_VITIS_LOOP_157_9|  return value|
|p_0_0_01214_3_1_lcssa                  |   in|   16|     ap_none|                  p_0_0_01214_3_1_lcssa|        scalar|
|p_0_0_01214_3_lcssa                    |   in|   16|     ap_none|                    p_0_0_01214_3_lcssa|        scalar|
|p_0_0_01217_3_1_lcssa                  |   in|   16|     ap_none|                  p_0_0_01217_3_1_lcssa|        scalar|
|p_0_0_01217_3_lcssa                    |   in|   16|     ap_none|                    p_0_0_01217_3_lcssa|        scalar|
|mux_case_1138                          |   in|   16|     ap_none|                          mux_case_1138|        scalar|
|mux_case_0137                          |   in|   16|     ap_none|                          mux_case_0137|        scalar|
|mux_case_1140                          |   in|   16|     ap_none|                          mux_case_1140|        scalar|
|mux_case_0139                          |   in|   16|     ap_none|                          mux_case_0139|        scalar|
|mux_case_1142                          |   in|   16|     ap_none|                          mux_case_1142|        scalar|
|mux_case_0141                          |   in|   16|     ap_none|                          mux_case_0141|        scalar|
|mux_case_1144                          |   in|   16|     ap_none|                          mux_case_1144|        scalar|
|mux_case_0143                          |   in|   16|     ap_none|                          mux_case_0143|        scalar|
|retval_4_1_0_0_0_load175_out           |  out|   16|      ap_vld|           retval_4_1_0_0_0_load175_out|       pointer|
|retval_4_1_0_0_0_load175_out_ap_vld    |  out|    1|      ap_vld|           retval_4_1_0_0_0_load175_out|       pointer|
|retval_4_0_0_0_0_load173_out           |  out|   16|      ap_vld|           retval_4_0_0_0_0_load173_out|       pointer|
|retval_4_0_0_0_0_load173_out_ap_vld    |  out|    1|      ap_vld|           retval_4_0_0_0_0_load173_out|       pointer|
|retval_3_1_0_0_0_load171_out           |  out|   16|      ap_vld|           retval_3_1_0_0_0_load171_out|       pointer|
|retval_3_1_0_0_0_load171_out_ap_vld    |  out|    1|      ap_vld|           retval_3_1_0_0_0_load171_out|       pointer|
|retval_3_0_0_0_0_load169_out           |  out|   16|      ap_vld|           retval_3_0_0_0_0_load169_out|       pointer|
|retval_3_0_0_0_0_load169_out_ap_vld    |  out|    1|      ap_vld|           retval_3_0_0_0_0_load169_out|       pointer|
|retval_2_1_1_0_0_0_load167_out         |  out|   16|      ap_vld|         retval_2_1_1_0_0_0_load167_out|       pointer|
|retval_2_1_1_0_0_0_load167_out_ap_vld  |  out|    1|      ap_vld|         retval_2_1_1_0_0_0_load167_out|       pointer|
|retval_2_1_0_0_0_0_load165_out         |  out|   16|      ap_vld|         retval_2_1_0_0_0_0_load165_out|       pointer|
|retval_2_1_0_0_0_0_load165_out_ap_vld  |  out|    1|      ap_vld|         retval_2_1_0_0_0_0_load165_out|       pointer|
|retval_2_0_1_0_0_0_load163_out         |  out|   16|      ap_vld|         retval_2_0_1_0_0_0_load163_out|       pointer|
|retval_2_0_1_0_0_0_load163_out_ap_vld  |  out|    1|      ap_vld|         retval_2_0_1_0_0_0_load163_out|       pointer|
|retval_2_0_0_0_0_0_load161_out         |  out|   16|      ap_vld|         retval_2_0_0_0_0_0_load161_out|       pointer|
|retval_2_0_0_0_0_0_load161_out_ap_vld  |  out|    1|      ap_vld|         retval_2_0_0_0_0_0_load161_out|       pointer|
|retval_1_1_1_0_0_0_load159_out         |  out|   16|      ap_vld|         retval_1_1_1_0_0_0_load159_out|       pointer|
|retval_1_1_1_0_0_0_load159_out_ap_vld  |  out|    1|      ap_vld|         retval_1_1_1_0_0_0_load159_out|       pointer|
|retval_1_1_0_0_0_0_load157_out         |  out|   16|      ap_vld|         retval_1_1_0_0_0_0_load157_out|       pointer|
|retval_1_1_0_0_0_0_load157_out_ap_vld  |  out|    1|      ap_vld|         retval_1_1_0_0_0_0_load157_out|       pointer|
|retval_1_0_1_0_0_0_load155_out         |  out|   16|      ap_vld|         retval_1_0_1_0_0_0_load155_out|       pointer|
|retval_1_0_1_0_0_0_load155_out_ap_vld  |  out|    1|      ap_vld|         retval_1_0_1_0_0_0_load155_out|       pointer|
|retval_1_0_0_0_0_0_load153_out         |  out|   16|      ap_vld|         retval_1_0_0_0_0_0_load153_out|       pointer|
|retval_1_0_0_0_0_0_load153_out_ap_vld  |  out|    1|      ap_vld|         retval_1_0_0_0_0_0_load153_out|       pointer|
+---------------------------------------+-----+-----+------------+---------------------------------------+--------------+

