================================================================
== Design Size Report
================================================================

* Total Instructions per Compilation Phase
+---------------+-----------------------------+--------------+----------------------------------------------------------------------------------------+
| Phase         | Step                        | Instructions | Description                                                                            |
+---------------+-----------------------------+--------------+----------------------------------------------------------------------------------------+
| Compile/Link  |                             | 21,901       | After all functions are compiled and linked into a single design                       |
|               |                             |              |                                                                                        |
| Unroll/Inline |                             |              | After user unroll and inline pragmas are applied                                       |
|               | (1) unroll                  | 16,299       | user unroll pragmas are applied                                                        |
|               | (2) simplification          |  6,268       | simplification of applied user unroll pragmas                                          |
|               | (3) inline                  |  5,562       | user inline pragmas are applied                                                        |
|               | (4) simplification          |  3,562       | simplification of applied user inline pragmas                                          |
|               |                             |              |                                                                                        |
| Array/Struct  |                             |              | After user array partition and struct aggregate/disaggregate pragmas are applied       |
|               | (1) array partition         |  3,528       | user array partition pragmas are applied                                               |
|               | (2) simplification          |  3,528       | simplification of applied user array partition & struct aggregate/disaggregate pragmas |
|               | (3) aggregate/disaggregate  |  3,530       | user struct aggregate/disaggregate pragmas are applied                                 |
|               | (4) array reshape           |  3,532       | apply array reshape pragmas                                                            |
|               | (5) access patterns         |  3,536       | array access pattern optmizations                                                      |
|               |                             |              |                                                                                        |
| Performance   |                             |              | After transformations are applied to meet performance pragma targets                   |
|               | (1) loop simplification     |  3,357       | loop and instruction simplification                                                    |
|               | (2) parallelization         |  3,214       | loops are unrolled or pipelined to meet performance targets                            |
|               | (3) array partition         |  3,271       | arrays are partitioned to meet performance targets                                     |
|               | (4) simplification          |  3,194       | simplification of design after performance transformations                             |
|               |                             |              |                                                                                        |
| HW Transforms |                             |              | After hardware transfomations                                                          |
|               | (1) lowering                |  3,202       | initial conversion to HW specific instructions                                         |
|               | (2) optimizations           |  2,923       | high level synthesis optimizations                                                     |
+---------------+-----------------------------+--------------+----------------------------------------------------------------------------------------+

* Instructions per Function for each Compilation Phase
+----------------+-------------------+------------------+------------------+------------------+------------------+------------------+
| Function       | Location          | Compile/Link     | Unroll/Inline    | Array/Struct     | Performance      | HW Transforms    |
+----------------+-------------------+------------------+------------------+------------------+------------------+------------------+
| + accelerator  | accelerator.cpp:7 | 21,901           | 3,562            | 3,536            | 3,194            | 2,923            |
|    Inference   | gim_model.h:54    |     6            |                  |                  |                  |                  |
|  + model_array | array.cpp:4       | 14,472 (4 calls) | 2,560 (16 calls) | 2,528 (16 calls) | 2,064 (16 calls) | 2,064 (16 calls) |
|     Array      | gim_model.h:43    |    20 (4 calls)  |                  |                  |                  |                  |
|   + weights_pe | weight_pe.cpp:5   | 5,400 (4 calls)  |                  |                  |                  |                  |
|      Weight    | gim_model.h:25    |    16 (4 calls)  |                  |                  |                  |                  |
|   + bias_pe    | bias_pe.cpp:5     | 2,536 (4 calls)  |                  |                  |                  |                  |
|      Bias      | gim_model.h:33    |    12 (4 calls)  |                  |                  |                  |                  |
|     act_pe     | act_pe.cpp:4      | 2,328 (4 calls)  |                  |                  |                  |                  |
|     error_pe   | error_pe.cpp:5    | 2,300 (4 calls)  |                  |                  |                  |                  |
+----------------+-------------------+------------------+------------------+------------------+------------------+------------------+

* Design Size Message Settings
+---------------------------------------------+--------+------------------------------------------------------------------+
| Message Setting                             | Value  | Description                                                      |
+---------------------------------------------+--------+------------------------------------------------------------------+
| config_compile -design_size_maximum_warning | 100000 | Show a warning when total design instructions exceeds this value |
+---------------------------------------------+--------+------------------------------------------------------------------+


