  **** HLS Build v2024.2 5238294
INFO: [HLS 200-2005] Using work_dir C:/testing_comm/spi_directio/ap_hs/spi_master/spi_master 
INFO: [HLS 200-1505] Using default flow_target 'vivado'
Resolution: For help on HLS 200-1505 see docs.xilinx.com/access/sources/dita/topic?Doc_Version=2024.2%20English&url=ug1448-hls-guidance&resourceid=200-1505.html
INFO: [HLS 200-1465] Applying ini 'syn.file=C:/testing_comm/spi_directio/ap_hs/dut.cpp' from C:/testing_comm/spi_directio/ap_hs/spi_master/hls_config.cfg(8)
INFO: [HLS 200-10] Adding design file 'C:/testing_comm/spi_directio/ap_hs/dut.cpp' to the project
INFO: [HLS 200-1465] Applying ini 'tb.file=C:/testing_comm/spi_directio/ap_hs/tb.cpp' from C:/testing_comm/spi_directio/ap_hs/spi_master/hls_config.cfg(9)
INFO: [HLS 200-10] Adding test bench file 'C:/testing_comm/spi_directio/ap_hs/tb.cpp' to the project
INFO: [HLS 200-1465] Applying ini 'tb.file_cflags=C:/testing_comm/spi_directio/ap_hs/tb.cpp,-D HW_COSIM' from C:/testing_comm/spi_directio/ap_hs/spi_master/hls_config.cfg(10)
INFO: [HLS 200-1465] Applying ini 'syn.top=spi_master' from C:/testing_comm/spi_directio/ap_hs/spi_master/hls_config.cfg(7)
INFO: [HLS 200-1465] Applying ini 'flow_target=vivado' from C:/testing_comm/spi_directio/ap_hs/spi_master/hls_config.cfg(4)
INFO: [HLS 200-1505] Using flow_target 'vivado'
Resolution: For help on HLS 200-1505 see docs.xilinx.com/access/sources/dita/topic?Doc_Version=2024.2%20English&url=ug1448-hls-guidance&resourceid=200-1505.html
INFO: [HLS 200-1465] Applying ini 'part=xczu3eg-sfvc784-1-e' from C:/testing_comm/spi_directio/ap_hs/spi_master/hls_config.cfg(1)
INFO: [HLS 200-1611] Setting target device to 'xczu3eg-sfvc784-1-e'
INFO: [HLS 200-1465] Applying ini 'clock=10ns' from C:/testing_comm/spi_directio/ap_hs/spi_master/hls_config.cfg(11)
INFO: [SYN 201-201] Setting up clock 'default' with a period of 10ns.
INFO: [HLS 200-1465] Applying ini 'clock_uncertainty=2ns' from C:/testing_comm/spi_directio/ap_hs/spi_master/hls_config.cfg(12)
INFO: [SYN 201-201] Setting up clock 'default' with an uncertainty of 2ns.
INFO: [HLS 200-1465] Applying ini 'package.output.format=ip_catalog' from C:/testing_comm/spi_directio/ap_hs/spi_master/hls_config.cfg(5)
INFO: [HLS 200-111] Finished File checks and directory preparation: CPU user time: 1 seconds. CPU system time: 0 seconds. Elapsed time: 4.894 seconds; current allocated memory: 620.293 MB.
INFO: [HLS 200-10] Analyzing design file '../dut.cpp' ... 
ERROR: [HLS 207-3717] invalid operands to binary expression ('basic_ostream<char, std::char_traits<char> >' and 'hls::ap_hs<int>' (aka 'hls::directio<int, 0>')) (../dut.cpp:18:30)
INFO: [HLS 207-4378] candidate function not viable: no known conversion from 'hls::ap_hs<int>' (aka 'hls::directio<int, 0>') to 'const void *' for 1st argument; take the address of the argument with & (C:/Xilinx/Vitis/2024.2/tps/mingw/8.3.0/win64.o/nt\lib\gcc\x86_64-w64-mingw32\8.3.0\include\c++\ostream:245:7)
INFO: [HLS 207-4378] candidate function not viable: no known conversion from 'hls::ap_hs<int>' (aka 'hls::directio<int, 0>') to 'const std::error_code' for 2nd argument (C:/Xilinx/Vitis/2024.2/tps/mingw/8.3.0/win64.o/nt\lib\gcc\x86_64-w64-mingw32\8.3.0\include\c++\system_error:217:5)
INFO: [HLS 207-4378] candidate function not viable: no known conversion from 'hls::ap_hs<int>' (aka 'hls::directio<int, 0>') to 'std::basic_ostream<char, std::char_traits<char> >::__ostream_type &(*)(std::basic_ostream<char, std::char_traits<char> >::__ostream_type &)' (aka 'basic_ostream<char, std::char_traits<char> > &(*)(basic_ostream<char, std::char_traits<char> > &)') for 1st argument (C:/Xilinx/Vitis/2024.2/tps/mingw/8.3.0/win64.o/nt\lib\gcc\x86_64-w64-mingw32\8.3.0\include\c++\ostream:108:7)
INFO: [HLS 207-4378] candidate function not viable: no known conversion from 'hls::ap_hs<int>' (aka 'hls::directio<int, 0>') to 'std::basic_ostream<char, std::char_traits<char> >::__ios_type &(*)(std::basic_ostream<char, std::char_traits<char> >::__ios_type &)' (aka 'basic_ios<char, std::char_traits<char> > &(*)(basic_ios<char, std::char_traits<char> > &)') for 1st argument (C:/Xilinx/Vitis/2024.2/tps/mingw/8.3.0/win64.o/nt\lib\gcc\x86_64-w64-mingw32\8.3.0\include\c++\ostream:117:7)
INFO: [HLS 207-4378] candidate function not viable: no known conversion from 'hls::ap_hs<int>' (aka 'hls::directio<int, 0>') to 'std::ios_base &(*)(std::ios_base &)' for 1st argument (C:/Xilinx/Vitis/2024.2/tps/mingw/8.3.0/win64.o/nt\lib\gcc\x86_64-w64-mingw32\8.3.0\include\c++\ostream:127:7)
INFO: [HLS 207-4378] candidate function not viable: no known conversion from 'hls::ap_hs<int>' (aka 'hls::directio<int, 0>') to 'long' for 1st argument (C:/Xilinx/Vitis/2024.2/tps/mingw/8.3.0/win64.o/nt\lib\gcc\x86_64-w64-mingw32\8.3.0\include\c++\ostream:166:7)
INFO: [HLS 207-4378] candidate function not viable: no known conversion from 'hls::ap_hs<int>' (aka 'hls::directio<int, 0>') to 'unsigned long' for 1st argument (C:/Xilinx/Vitis/2024.2/tps/mingw/8.3.0/win64.o/nt\lib\gcc\x86_64-w64-mingw32\8.3.0\include\c++\ostream:170:7)
INFO: [HLS 207-4378] candidate function not viable: no known conversion from 'hls::ap_hs<int>' (aka 'hls::directio<int, 0>') to 'bool' for 1st argument (C:/Xilinx/Vitis/2024.2/tps/mingw/8.3.0/win64.o/nt\lib\gcc\x86_64-w64-mingw32\8.3.0\include\c++\ostream:174:7)
INFO: [HLS 207-4378] candidate function not viable: no known conversion from 'hls::ap_hs<int>' (aka 'hls::directio<int, 0>') to 'short' for 1st argument (C:/Xilinx/Vitis/2024.2/tps/mingw/8.3.0/win64.o/nt\lib\gcc\x86_64-w64-mingw32\8.3.0\include\c++\ostream:178:7)
INFO: [HLS 207-4378] candidate function not viable: no known conversion from 'hls::ap_hs<int>' (aka 'hls::directio<int, 0>') to 'unsigned short' for 1st argument (C:/Xilinx/Vitis/2024.2/tps/mingw/8.3.0/win64.o/nt\lib\gcc\x86_64-w64-mingw32\8.3.0\include\c++\ostream:181:7)
INFO: [HLS 207-4378] candidate function not viable: no known conversion from 'hls::ap_hs<int>' (aka 'hls::directio<int, 0>') to 'int' for 1st argument (C:/Xilinx/Vitis/2024.2/tps/mingw/8.3.0/win64.o/nt\lib\gcc\x86_64-w64-mingw32\8.3.0\include\c++\ostream:189:7)
INFO: [HLS 207-4378] candidate function not viable: no known conversion from 'hls::ap_hs<int>' (aka 'hls::directio<int, 0>') to 'unsigned int' for 1st argument (C:/Xilinx/Vitis/2024.2/tps/mingw/8.3.0/win64.o/nt\lib\gcc\x86_64-w64-mingw32\8.3.0\include\c++\ostream:192:7)
INFO: [HLS 207-4378] candidate function not viable: no known conversion from 'hls::ap_hs<int>' (aka 'hls::directio<int, 0>') to 'long long' for 1st argument (C:/Xilinx/Vitis/2024.2/tps/mingw/8.3.0/win64.o/nt\lib\gcc\x86_64-w64-mingw32\8.3.0\include\c++\ostream:201:7)
INFO: [HLS 207-4378] candidate function not viable: no known conversion from 'hls::ap_hs<int>' (aka 'hls::directio<int, 0>') to 'unsigned long long' for 1st argument (C:/Xilinx/Vitis/2024.2/tps/mingw/8.3.0/win64.o/nt\lib\gcc\x86_64-w64-mingw32\8.3.0\include\c++\ostream:205:7)
INFO: [HLS 207-4378] candidate function not viable: no known conversion from 'hls::ap_hs<int>' (aka 'hls::directio<int, 0>') to 'double' for 1st argument (C:/Xilinx/Vitis/2024.2/tps/mingw/8.3.0/win64.o/nt\lib\gcc\x86_64-w64-mingw32\8.3.0\include\c++\ostream:220:7)
INFO: [HLS 207-4378] candidate function not viable: no known conversion from 'hls::ap_hs<int>' (aka 'hls::directio<int, 0>') to 'float' for 1st argument (C:/Xilinx/Vitis/2024.2/tps/mingw/8.3.0/win64.o/nt\lib\gcc\x86_64-w64-mingw32\8.3.0\include\c++\ostream:224:7)
INFO: [HLS 207-4378] candidate function not viable: no known conversion from 'hls::ap_hs<int>' (aka 'hls::directio<int, 0>') to 'long double' for 1st argument (C:/Xilinx/Vitis/2024.2/tps/mingw/8.3.0/win64.o/nt\lib\gcc\x86_64-w64-mingw32\8.3.0\include\c++\ostream:232:7)
INFO: [HLS 207-4378] candidate function not viable: no known conversion from 'hls::ap_hs<int>' (aka 'hls::directio<int, 0>') to 'std::basic_ostream<char, std::char_traits<char> >::__streambuf_type *' (aka 'basic_streambuf<char, std::char_traits<char> > *') for 1st argument (C:/Xilinx/Vitis/2024.2/tps/mingw/8.3.0/win64.o/nt\lib\gcc\x86_64-w64-mingw32\8.3.0\include\c++\ostream:270:7)
INFO: [HLS 207-4378] candidate function not viable: no known conversion from 'hls::ap_hs<int>' (aka 'hls::directio<int, 0>') to 'char' for 2nd argument (C:/Xilinx/Vitis/2024.2/tps/mingw/8.3.0/win64.o/nt\lib\gcc\x86_64-w64-mingw32\8.3.0\include\c++\ostream:502:5)
INFO: [HLS 207-4378] candidate function not viable: no known conversion from 'hls::ap_hs<int>' (aka 'hls::directio<int, 0>') to 'char' for 2nd argument (C:/Xilinx/Vitis/2024.2/tps/mingw/8.3.0/win64.o/nt\lib\gcc\x86_64-w64-mingw32\8.3.0\include\c++\ostream:508:5)
INFO: [HLS 207-4378] candidate function not viable: no known conversion from 'hls::ap_hs<int>' (aka 'hls::directio<int, 0>') to 'signed char' for 2nd argument (C:/Xilinx/Vitis/2024.2/tps/mingw/8.3.0/win64.o/nt\lib\gcc\x86_64-w64-mingw32\8.3.0\include\c++\ostream:514:5)
INFO: [HLS 207-4378] candidate function not viable: no known conversion from 'hls::ap_hs<int>' (aka 'hls::directio<int, 0>') to 'unsigned char' for 2nd argument (C:/Xilinx/Vitis/2024.2/tps/mingw/8.3.0/win64.o/nt\lib\gcc\x86_64-w64-mingw32\8.3.0\include\c++\ostream:519:5)
INFO: [HLS 207-4378] candidate function not viable: no known conversion from 'hls::ap_hs<int>' (aka 'hls::directio<int, 0>') to 'const char *' for 2nd argument (C:/Xilinx/Vitis/2024.2/tps/mingw/8.3.0/win64.o/nt\lib\gcc\x86_64-w64-mingw32\8.3.0\include\c++\ostream:556:5)
INFO: [HLS 207-4378] candidate function not viable: no known conversion from 'hls::ap_hs<int>' (aka 'hls::directio<int, 0>') to 'const signed char *' for 2nd argument (C:/Xilinx/Vitis/2024.2/tps/mingw/8.3.0/win64.o/nt\lib\gcc\x86_64-w64-mingw32\8.3.0\include\c++\ostream:569:5)
INFO: [HLS 207-4378] candidate function not viable: no known conversion from 'hls::ap_hs<int>' (aka 'hls::directio<int, 0>') to 'const unsigned char *' for 2nd argument (C:/Xilinx/Vitis/2024.2/tps/mingw/8.3.0/win64.o/nt\lib\gcc\x86_64-w64-mingw32\8.3.0\include\c++\ostream:574:5)
INFO: [HLS 207-4378] candidate function not viable: no known conversion from 'hls::ap_hs<int>' (aka 'hls::directio<int, 0>') to 'const char *' for 2nd argument (C:/Xilinx/Vitis/2024.2/tps/mingw/8.3.0/win64.o/nt\lib\gcc\x86_64-w64-mingw32\8.3.0\include\c++\bits/ostream.tcc:321:5)
INFO: [HLS 207-4401] candidate template ignored: deduced conflicting types for parameter '_CharT' ('char' vs. 'hls::directio<int, 0>') (C:/Xilinx/Vitis/2024.2/tps/mingw/8.3.0/win64.o/nt\lib\gcc\x86_64-w64-mingw32\8.3.0\include\c++\ostream:497:5)
INFO: [HLS 207-4406] candidate template ignored: could not match 'ap_int_base' against 'basic_ostream' (C:/Xilinx/Vitis/2024.2/common/technology/autopilot\etc/ap_int_base.h:1649:192)
INFO: [HLS 207-4406] candidate template ignored: could not match 'ap_int_base' against 'basic_ostream' (C:/Xilinx/Vitis/2024.2/common/technology/autopilot\etc/ap_int_base.h:1650:192)
INFO: [HLS 207-4406] candidate template ignored: could not match 'ap_int_base' against 'basic_ostream' (C:/Xilinx/Vitis/2024.2/common/technology/autopilot\etc/ap_int_base.h:1651:192)
INFO: [HLS 207-4406] candidate template ignored: could not match 'ap_int_base' against 'basic_ostream' (C:/Xilinx/Vitis/2024.2/common/technology/autopilot\etc/ap_int_base.h:1652:192)
INFO: [HLS 207-4406] candidate template ignored: could not match 'ap_int_base' against 'basic_ostream' (C:/Xilinx/Vitis/2024.2/common/technology/autopilot\etc/ap_int_base.h:1653:192)
INFO: [HLS 207-4406] candidate template ignored: could not match 'ap_int_base' against 'basic_ostream' (C:/Xilinx/Vitis/2024.2/common/technology/autopilot\etc/ap_int_base.h:1654:192)
INFO: [HLS 207-4406] candidate template ignored: could not match 'ap_int_base' against 'basic_ostream' (C:/Xilinx/Vitis/2024.2/common/technology/autopilot\etc/ap_int_base.h:1673:167)
INFO: [HLS 207-4406] candidate template ignored: could not match 'ap_int_base' against 'basic_ostream' (C:/Xilinx/Vitis/2024.2/common/technology/autopilot\etc/ap_int_base.h:1674:167)
INFO: [HLS 207-4406] candidate template ignored: could not match 'ap_int_base' against 'basic_ostream' (C:/Xilinx/Vitis/2024.2/common/technology/autopilot\etc/ap_int_base.h:1675:167)
INFO: [HLS 207-4406] candidate template ignored: could not match 'ap_int_base' against 'basic_ostream' (C:/Xilinx/Vitis/2024.2/common/technology/autopilot\etc/ap_int_base.h:1676:167)
INFO: [HLS 207-4406] candidate template ignored: could not match 'ap_int_base' against 'basic_ostream' (C:/Xilinx/Vitis/2024.2/common/technology/autopilot\etc/ap_int_base.h:1677:167)
INFO: [HLS 207-4406] candidate template ignored: could not match 'ap_int_base' against 'basic_ostream' (C:/Xilinx/Vitis/2024.2/common/technology/autopilot\etc/ap_int_base.h:1678:167)
INFO: [HLS 207-4406] candidate template ignored: could not match 'ap_range_ref' against 'basic_ostream' (C:/Xilinx/Vitis/2024.2/common/technology/autopilot\etc/ap_int_base.h:1841:199)
INFO: [HLS 207-4406] candidate template ignored: could not match 'ap_int_base' against 'basic_ostream' (C:/Xilinx/Vitis/2024.2/common/technology/autopilot\etc/ap_int_base.h:1841:541)
INFO: [HLS 207-4406] candidate template ignored: could not match 'ap_int_base' against 'basic_ostream' (C:/Xilinx/Vitis/2024.2/common/technology/autopilot\etc/ap_int_base.h:1950:193)
INFO: [HLS 207-4406] candidate template ignored: could not match 'ap_bit_ref' against 'basic_ostream' (C:/Xilinx/Vitis/2024.2/common/technology/autopilot\etc/ap_int_base.h:1950:522)
INFO: [HLS 207-4406] candidate template ignored: could not match 'ap_range_ref' against 'basic_ostream' (C:/Xilinx/Vitis/2024.2/common/technology/autopilot\etc/ap_int_ref.h:1118:2586)
INFO: [HLS 207-4406] candidate template ignored: could not match 'ap_range_ref' against 'directio' (C:/Xilinx/Vitis/2024.2/common/technology/autopilot\etc/ap_int_ref.h:1118:2889)
INFO: [HLS 207-4406] candidate template ignored: could not match 'ap_range_ref' against 'basic_ostream' (C:/Xilinx/Vitis/2024.2/common/technology/autopilot\etc/ap_int_ref.h:1119:2739)
INFO: [HLS 207-4406] candidate template ignored: could not match 'ap_range_ref' against 'directio' (C:/Xilinx/Vitis/2024.2/common/technology/autopilot\etc/ap_int_ref.h:1119:3060)
INFO: [HLS 207-4406] candidate template ignored: could not match 'ap_range_ref' against 'basic_ostream' (C:/Xilinx/Vitis/2024.2/common/technology/autopilot\etc/ap_int_ref.h:1120:2625)
INFO: [HLS 207-4406] candidate template ignored: could not match 'ap_range_ref' against 'directio' (C:/Xilinx/Vitis/2024.2/common/technology/autopilot\etc/ap_int_ref.h:1120:2933)
INFO: [HLS 207-4406] candidate template ignored: could not match 'ap_range_ref' against 'basic_ostream' (C:/Xilinx/Vitis/2024.2/common/technology/autopilot\etc/ap_int_ref.h:1121:2658)
INFO: [HLS 207-4406] candidate template ignored: could not match 'ap_range_ref' against 'directio' (C:/Xilinx/Vitis/2024.2/common/technology/autopilot\etc/ap_int_ref.h:1121:2970)
INFO: [HLS 207-4406] candidate template ignored: could not match 'ap_range_ref' against 'basic_ostream' (C:/Xilinx/Vitis/2024.2/common/technology/autopilot\etc/ap_int_ref.h:1122:2798)
INFO: [HLS 207-4406] candidate template ignored: could not match 'ap_range_ref' against 'directio' (C:/Xilinx/Vitis/2024.2/common/technology/autopilot\etc/ap_int_ref.h:1122:3126)
INFO: [HLS 207-4406] candidate template ignored: could not match 'ap_range_ref' against 'basic_ostream' (C:/Xilinx/Vitis/2024.2/common/technology/autopilot\etc/ap_int_ref.h:1123:2887)
INFO: [HLS 207-4406] candidate template ignored: could not match 'ap_range_ref' against 'directio' (C:/Xilinx/Vitis/2024.2/common/technology/autopilot\etc/ap_int_ref.h:1123:3226)
INFO: [HLS 207-4406] candidate template ignored: could not match 'ap_range_ref' against 'basic_ostream' (C:/Xilinx/Vitis/2024.2/common/technology/autopilot\etc/ap_int_ref.h:1124:2748)
INFO: [HLS 207-4406] candidate template ignored: could not match 'ap_range_ref' against 'directio' (C:/Xilinx/Vitis/2024.2/common/technology/autopilot\etc/ap_int_ref.h:1124:3070)
INFO: [HLS 207-4406] candidate template ignored: could not match 'ap_range_ref' against 'basic_ostream' (C:/Xilinx/Vitis/2024.2/common/technology/autopilot\etc/ap_int_ref.h:1125:2837)
INFO: [HLS 207-4406] candidate template ignored: could not match 'ap_range_ref' against 'directio' (C:/Xilinx/Vitis/2024.2/common/technology/autopilot\etc/ap_int_ref.h:1125:3170)
INFO: [HLS 207-4406] candidate template ignored: could not match 'ap_range_ref' against 'basic_ostream' (C:/Xilinx/Vitis/2024.2/common/technology/autopilot\etc/ap_int_ref.h:1126:2773)
INFO: [HLS 207-4406] candidate template ignored: could not match 'ap_range_ref' against 'directio' (C:/Xilinx/Vitis/2024.2/common/technology/autopilot\etc/ap_int_ref.h:1126:3098)
INFO: [HLS 207-4406] candidate template ignored: could not match 'ap_range_ref' against 'basic_ostream' (C:/Xilinx/Vitis/2024.2/common/technology/autopilot\etc/ap_int_ref.h:1127:2862)
INFO: [HLS 207-4406] candidate template ignored: could not match 'ap_range_ref' against 'directio' (C:/Xilinx/Vitis/2024.2/common/technology/autopilot\etc/ap_int_ref.h:1127:3198)
INFO: [HLS 207-4406] candidate template ignored: could not match 'ap_range_ref' against 'basic_ostream' (C:/Xilinx/Vitis/2024.2/common/technology/autopilot\etc/ap_int_ref.h:1128:2873)
INFO: [HLS 207-4406] candidate template ignored: could not match 'ap_range_ref' against 'directio' (C:/Xilinx/Vitis/2024.2/common/technology/autopilot\etc/ap_int_ref.h:1128:3210)
INFO: [HLS 207-4406] candidate template ignored: could not match 'ap_range_ref' against 'basic_ostream' (C:/Xilinx/Vitis/2024.2/common/technology/autopilot\etc/ap_int_ref.h:1129:2890)
INFO: [HLS 207-4406] candidate template ignored: could not match 'ap_range_ref' against 'directio' (C:/Xilinx/Vitis/2024.2/common/technology/autopilot\etc/ap_int_ref.h:1129:3229)
INFO: [HLS 207-4406] candidate template ignored: could not match 'ap_range_ref' against 'basic_ostream' (C:/Xilinx/Vitis/2024.2/common/technology/autopilot\etc/ap_int_ref.h:1155:194)
INFO: [HLS 207-4406] candidate template ignored: could not match 'ap_concat_ref' against 'basic_ostream' (C:/Xilinx/Vitis/2024.2/common/technology/autopilot\etc/ap_int_ref.h:1204:294)
INFO: [HLS 207-4406] candidate template ignored: could not match 'ap_concat_ref' against 'basic_ostream' (C:/Xilinx/Vitis/2024.2/common/technology/autopilot\etc/ap_int_ref.h:1366:154)
INFO: [HLS 207-4406] candidate template ignored: could not match 'ap_concat_ref' against 'basic_ostream' (C:/Xilinx/Vitis/2024.2/common/technology/autopilot\etc/ap_int_ref.h:1367:154)
INFO: [HLS 207-4406] candidate template ignored: could not match 'ap_concat_ref' against 'basic_ostream' (C:/Xilinx/Vitis/2024.2/common/technology/autopilot\etc/ap_int_ref.h:1368:154)
INFO: [HLS 207-4406] candidate template ignored: could not match 'ap_concat_ref' against 'basic_ostream' (C:/Xilinx/Vitis/2024.2/common/technology/autopilot\etc/ap_int_ref.h:1369:154)
INFO: [HLS 207-4406] candidate template ignored: could not match 'ap_concat_ref' against 'basic_ostream' (C:/Xilinx/Vitis/2024.2/common/technology/autopilot\etc/ap_int_ref.h:1370:154)
INFO: [HLS 207-4406] candidate template ignored: could not match 'ap_concat_ref' against 'basic_ostream' (C:/Xilinx/Vitis/2024.2/common/technology/autopilot\etc/ap_int_ref.h:1371:154)
INFO: [HLS 207-4406] candidate template ignored: could not match 'ap_fixed_base' against 'basic_ostream' (C:/Xilinx/Vitis/2024.2/common/technology/autopilot\etc/ap_fixed_base.h:2373:6148)
INFO: [HLS 207-4406] candidate template ignored: could not match 'ap_fixed_base' against 'basic_ostream' (C:/Xilinx/Vitis/2024.2/common/technology/autopilot\etc/ap_fixed_base.h:2374:6427)
INFO: [HLS 207-4406] candidate template ignored: could not match 'ap_fixed_base' against 'basic_ostream' (C:/Xilinx/Vitis/2024.2/common/technology/autopilot\etc/ap_fixed_base.h:2375:6222)
INFO: [HLS 207-4406] candidate template ignored: could not match 'ap_fixed_base' against 'basic_ostream' (C:/Xilinx/Vitis/2024.2/common/technology/autopilot\etc/ap_fixed_base.h:2376:6283)
INFO: [HLS 207-4406] candidate template ignored: could not match 'ap_fixed_base' against 'basic_ostream' (C:/Xilinx/Vitis/2024.2/common/technology/autopilot\etc/ap_fixed_base.h:2377:6925)
INFO: [HLS 207-4406] candidate template ignored: could not match 'ap_fixed_base' against 'basic_ostream' (C:/Xilinx/Vitis/2024.2/common/technology/autopilot\etc/ap_fixed_base.h:2378:7091)
INFO: [HLS 207-4406] candidate template ignored: could not match 'ap_fixed_base' against 'basic_ostream' (C:/Xilinx/Vitis/2024.2/common/technology/autopilot\etc/ap_fixed_base.h:2379:6773)
INFO: [HLS 207-4406] candidate template ignored: could not match 'ap_fixed_base' against 'basic_ostream' (C:/Xilinx/Vitis/2024.2/common/technology/autopilot\etc/ap_fixed_base.h:2380:6939)
INFO: [HLS 207-4406] candidate template ignored: could not match 'ap_fixed_base' against 'basic_ostream' (C:/Xilinx/Vitis/2024.2/common/technology/autopilot\etc/ap_fixed_base.h:2381:6849)
INFO: [HLS 207-4406] candidate template ignored: could not match 'ap_fixed_base' against 'basic_ostream' (C:/Xilinx/Vitis/2024.2/common/technology/autopilot\etc/ap_fixed_base.h:2382:7015)
INFO: [HLS 207-4406] candidate template ignored: could not match 'ap_fixed_base' against 'basic_ostream' (C:/Xilinx/Vitis/2024.2/common/technology/autopilot\etc/ap_fixed_base.h:2383:7153)
INFO: [HLS 207-4406] candidate template ignored: could not match 'ap_fixed_base' against 'basic_ostream' (C:/Xilinx/Vitis/2024.2/common/technology/autopilot\etc/ap_fixed_base.h:2384:7184)
INFO: [HLS 207-4406] candidate template ignored: could not match 'basic_string' against 'directio' (C:/Xilinx/Vitis/2024.2/tps/mingw/8.3.0/win64.o/nt\lib\gcc\x86_64-w64-mingw32\8.3.0\include\c++\bits/basic_string.h:6323:5)
INFO: [HLS 207-4406] candidate template ignored: could not match 'const _CharT *' against 'hls::ap_hs<int>' (aka 'hls::directio<int, 0>') (C:/Xilinx/Vitis/2024.2/tps/mingw/8.3.0/win64.o/nt\lib\gcc\x86_64-w64-mingw32\8.3.0\include\c++\ostream:539:5)
INFO: [HLS 207-4395] candidate template ignored: requirement '__and_<__not_<is_lvalue_reference<basic_ostream<char> &> >, __is_convertible_to_basic_ostream<basic_ostream<char> &>, __is_insertable<__rvalue_ostream_type<basic_ostream<char> &>, const directio<int, 0> &> >::value' was not satisfied [with _Ostream = std::basic_ostream<char> &, _Tp = hls::directio<int, 0>] (C:/Xilinx/Vitis/2024.2/tps/mingw/8.3.0/win64.o/nt\lib\gcc\x86_64-w64-mingw32\8.3.0\include\c++\ostream:682:5)
ERROR:  
INFO: [HLS 200-112] Total CPU user time: 1 seconds. Total CPU system time: 0 seconds. Total elapsed time: 13.342 seconds; peak allocated memory: 623.465 MB.
