  **** HLS Build v2024.2 5238294
INFO: [HLS 200-2005] Using work_dir C:/testing_comm/spi_directio/ap_hs/spi_master/spi_master 
INFO: [HLS 200-1505] Using default flow_target 'vivado'
Resolution: For help on HLS 200-1505 see docs.xilinx.com/access/sources/dita/topic?Doc_Version=2024.2%20English&url=ug1448-hls-guidance&resourceid=200-1505.html
INFO: [HLS 200-1465] Applying ini 'syn.file=C:/testing_comm/spi_directio/ap_hs/dut.cpp' from C:/testing_comm/spi_directio/ap_hs/spi_master/hls_config.cfg(8)
INFO: [HLS 200-10] Adding design file 'C:/testing_comm/spi_directio/ap_hs/dut.cpp' to the project
INFO: [HLS 200-1465] Applying ini 'tb.file=C:/testing_comm/spi_directio/ap_hs/tb.cpp' from C:/testing_comm/spi_directio/ap_hs/spi_master/hls_config.cfg(9)
INFO: [HLS 200-10] Adding test bench file 'C:/testing_comm/spi_directio/ap_hs/tb.cpp' to the project
INFO: [HLS 200-1465] Applying ini 'tb.file_cflags=C:/testing_comm/spi_directio/ap_hs/tb.cpp,-D HW_COSIM' from C:/testing_comm/spi_directio/ap_hs/spi_master/hls_config.cfg(10)
INFO: [HLS 200-1465] Applying ini 'syn.top=spi_master' from C:/testing_comm/spi_directio/ap_hs/spi_master/hls_config.cfg(7)
INFO: [HLS 200-1465] Applying ini 'flow_target=vivado' from C:/testing_comm/spi_directio/ap_hs/spi_master/hls_config.cfg(4)
INFO: [HLS 200-1505] Using flow_target 'vivado'
Resolution: For help on HLS 200-1505 see docs.xilinx.com/access/sources/dita/topic?Doc_Version=2024.2%20English&url=ug1448-hls-guidance&resourceid=200-1505.html
INFO: [HLS 200-1465] Applying ini 'part=xczu3eg-sfvc784-1-e' from C:/testing_comm/spi_directio/ap_hs/spi_master/hls_config.cfg(1)
INFO: [HLS 200-1611] Setting target device to 'xczu3eg-sfvc784-1-e'
INFO: [HLS 200-1465] Applying ini 'clock=10ns' from C:/testing_comm/spi_directio/ap_hs/spi_master/hls_config.cfg(11)
INFO: [SYN 201-201] Setting up clock 'default' with a period of 10ns.
INFO: [HLS 200-1465] Applying ini 'clock_uncertainty=2ns' from C:/testing_comm/spi_directio/ap_hs/spi_master/hls_config.cfg(12)
INFO: [SYN 201-201] Setting up clock 'default' with an uncertainty of 2ns.
INFO: [HLS 200-1465] Applying ini 'package.output.format=ip_catalog' from C:/testing_comm/spi_directio/ap_hs/spi_master/hls_config.cfg(5)
INFO: [HLS 200-111] Finished File checks and directory preparation: CPU user time: 2 seconds. CPU system time: 3 seconds. Elapsed time: 9.423 seconds; current allocated memory: 619.980 MB.
INFO: [HLS 200-10] Analyzing design file '../dut.cpp' ... 
WARNING: [HLS 207-5292] unused parameter 'data_in' (../dut.cpp:13:22)
INFO: [HLS 200-111] Finished Source Code Analysis and Preprocessing: CPU user time: 0 seconds. CPU system time: 0 seconds. Elapsed time: 6.973 seconds; current allocated memory: 622.793 MB.
INFO: [HLS 200-777] Using interface defaults for 'Vivado' flow target.
INFO: [HLS 200-1995] There were 141 instructions in the design after the 'Compile/Link' phase of compilation. See the Design Size Report for more details: C:/testing_comm/spi_directio/ap_hs/spi_master/spi_master/hls/syn/report/csynth_design_size.rpt
INFO: [HLS 200-1995] There were 1,085 instructions in the design after the 'Unroll/Inline (step 1)' phase of compilation. See the Design Size Report for more details: C:/testing_comm/spi_directio/ap_hs/spi_master/spi_master/hls/syn/report/csynth_design_size.rpt
INFO: [HLS 200-1995] There were 1,077 instructions in the design after the 'Unroll/Inline (step 2)' phase of compilation. See the Design Size Report for more details: C:/testing_comm/spi_directio/ap_hs/spi_master/spi_master/hls/syn/report/csynth_design_size.rpt
INFO: [HLS 200-1995] There were 1,077 instructions in the design after the 'Unroll/Inline (step 3)' phase of compilation. See the Design Size Report for more details: C:/testing_comm/spi_directio/ap_hs/spi_master/spi_master/hls/syn/report/csynth_design_size.rpt
INFO: [HLS 200-1995] There were 1,077 instructions in the design after the 'Unroll/Inline (step 4)' phase of compilation. See the Design Size Report for more details: C:/testing_comm/spi_directio/ap_hs/spi_master/spi_master/hls/syn/report/csynth_design_size.rpt
INFO: [HLS 200-1995] There were 1,077 instructions in the design after the 'Array/Struct (step 1)' phase of compilation. See the Design Size Report for more details: C:/testing_comm/spi_directio/ap_hs/spi_master/spi_master/hls/syn/report/csynth_design_size.rpt
INFO: [HLS 200-1995] There were 1,077 instructions in the design after the 'Array/Struct (step 2)' phase of compilation. See the Design Size Report for more details: C:/testing_comm/spi_directio/ap_hs/spi_master/spi_master/hls/syn/report/csynth_design_size.rpt
INFO: [HLS 200-1995] There were 1,400 instructions in the design after the 'Array/Struct (step 3)' phase of compilation. See the Design Size Report for more details: C:/testing_comm/spi_directio/ap_hs/spi_master/spi_master/hls/syn/report/csynth_design_size.rpt
INFO: [HLS 200-1995] There were 1,335 instructions in the design after the 'Array/Struct (step 4)' phase of compilation. See the Design Size Report for more details: C:/testing_comm/spi_directio/ap_hs/spi_master/spi_master/hls/syn/report/csynth_design_size.rpt
INFO: [HLS 200-1995] There were 1,335 instructions in the design after the 'Array/Struct (step 5)' phase of compilation. See the Design Size Report for more details: C:/testing_comm/spi_directio/ap_hs/spi_master/spi_master/hls/syn/report/csynth_design_size.rpt
INFO: [HLS 200-1995] There were 1,071 instructions in the design after the 'Performance (step 1)' phase of compilation. See the Design Size Report for more details: C:/testing_comm/spi_directio/ap_hs/spi_master/spi_master/hls/syn/report/csynth_design_size.rpt
INFO: [HLS 200-1995] There were 1,071 instructions in the design after the 'Performance (step 2)' phase of compilation. See the Design Size Report for more details: C:/testing_comm/spi_directio/ap_hs/spi_master/spi_master/hls/syn/report/csynth_design_size.rpt
INFO: [HLS 200-1995] There were 1,071 instructions in the design after the 'Performance (step 3)' phase of compilation. See the Design Size Report for more details: C:/testing_comm/spi_directio/ap_hs/spi_master/spi_master/hls/syn/report/csynth_design_size.rpt
INFO: [HLS 200-1995] There were 1,071 instructions in the design after the 'Performance (step 4)' phase of compilation. See the Design Size Report for more details: C:/testing_comm/spi_directio/ap_hs/spi_master/spi_master/hls/syn/report/csynth_design_size.rpt
INFO: [HLS 200-1995] There were 1,077 instructions in the design after the 'HW Transforms (step 1)' phase of compilation. See the Design Size Report for more details: C:/testing_comm/spi_directio/ap_hs/spi_master/spi_master/hls/syn/report/csynth_design_size.rpt
INFO: [HLS 200-1995] There were 1,072 instructions in the design after the 'HW Transforms (step 2)' phase of compilation. See the Design Size Report for more details: C:/testing_comm/spi_directio/ap_hs/spi_master/spi_master/hls/syn/report/csynth_design_size.rpt
INFO: [HLS 214-186] Unrolling loop 'VITIS_LOOP_22_1' (../dut.cpp:22:22) in function 'spi_master' completely with a factor of 64 (../dut.cpp:14:0)
INFO: [HLS 214-241] Aggregating scalar variable 'data_in' with compact=bit mode in 32-bits (../dut.cpp:14:0)
INFO: [HLS 214-241] Aggregating scalar variable 'data_out' with compact=bit mode in 32-bits (../dut.cpp:14:0)
INFO: [HLS 214-241] Aggregating scalar variable 'miso' with compact=bit mode in 1-bits (../dut.cpp:14:0)
INFO: [HLS 214-241] Aggregating scalar variable 'mosi' with compact=bit mode in 1-bits (../dut.cpp:14:0)
INFO: [HLS 214-241] Aggregating scalar variable 'cs' with compact=bit mode in 1-bits (../dut.cpp:14:0)
INFO: [HLS 214-241] Aggregating scalar variable 'sclk' with compact=bit mode in 1-bits (../dut.cpp:14:0)
INFO: [HLS 200-111] Finished Compiling Optimization and Transform: CPU user time: 0 seconds. CPU system time: 0 seconds. Elapsed time: 8.83 seconds; current allocated memory: 624.539 MB.
INFO: [HLS 200-111] Finished Checking Pragmas: CPU user time: 0 seconds. CPU system time: 0 seconds. Elapsed time: 0.003 seconds; current allocated memory: 624.539 MB.
INFO: [HLS 200-10] Starting code transformations ...
INFO: [HLS 200-111] Finished Standard Transforms: CPU user time: 0 seconds. CPU system time: 0 seconds. Elapsed time: 0.157 seconds; current allocated memory: 630.781 MB.
INFO: [HLS 200-10] Checking synthesizability ...
INFO: [HLS 200-111] Finished Checking Synthesizability: CPU user time: 0 seconds. CPU system time: 0 seconds. Elapsed time: 0.088 seconds; current allocated memory: 633.574 MB.
INFO: [HLS 200-111] Finished Loop, function and other optimizations: CPU user time: 0 seconds. CPU system time: 0 seconds. Elapsed time: 0.257 seconds; current allocated memory: 659.898 MB.
INFO: [HLS 200-111] Finished Architecture Synthesis: CPU user time: 0 seconds. CPU system time: 0 seconds. Elapsed time: 0.849 seconds; current allocated memory: 670.539 MB.
INFO: [HLS 200-10] Starting hardware synthesis ...
INFO: [HLS 200-10] Synthesizing 'spi_master' ...
ERROR: [HLS 200-2146] DirectIO is not supported on inout port 'data_out'.
ERROR: 
INFO: [HLS 200-112] Total CPU user time: 2 seconds. Total CPU system time: 3 seconds. Total elapsed time: 26.871 seconds; peak allocated memory: 670.793 MB.
