10/19/24 10:23:47: Running xcd server. This server was NOT built by gradle, but presumably rdi.
10/19/24 10:23:47: Server was asked to start on port: '50127'
10/19/24 10:23:47: Server is using token UUID: '21e0759d-8e2e-11ef-8eef-7486e229d2b1'
10/19/24 10:23:47: SESSION_MGR: creating session with session uuid: '6d04a3e9-ade5-4ab9-8d63-1f78fcd2ec76' and name 'default'
10/19/24 10:23:47: Attempting to start server on port '50127'
10/19/24 10:23:47: Running Dispatch Server
10/19/24 10:23:47: Version 2.2.0
10/19/24 10:23:48: Dispatch Server: Accepted socket connection from client
10/19/24 10:23:48: Starting Socket connection
10/19/24 10:23:48: EXCHANGE_TOKEN received, server token: 21e0759d-8e2e-11ef-8eef-7486e229d2b1, passed token: 21e0759d-8e2e-11ef-8eef-7486e229d2b1
10/19/24 10:23:48: SESSION_MGR: creating session with session uuid: 'e758e6e3-e745-4f3a-9966-32cd1f5e8b90' and name 'Code Analyzer'
10/19/24 10:23:48: KERNEL_SVC: creating session with uuid: 'e758e6e3-e745-4f3a-9966-32cd1f5e8b90' and name 'Code Analyzer'
10/19/24 10:23:48: GUIDANCE_SMGR: creating guidance session with uuid: 'e758e6e3-e745-4f3a-9966-32cd1f5e8b90' and name 'Code Analyzer'
10/19/24 10:24:15: SESSION_MGR: closing session for UUID 'e758e6e3-e745-4f3a-9966-32cd1f5e8b90' with name ''
10/19/24 10:24:15: KERNEL_SVC: closing session for UUID 'e758e6e3-e745-4f3a-9966-32cd1f5e8b90' with name ''
10/19/24 10:24:15: GUIDANCE_SMGR: closing session for UUID 'e758e6e3-e745-4f3a-9966-32cd1f5e8b90' with name ''
10/19/24 10:24:15: STOP_SERVER received, server token: 21e0759d-8e2e-11ef-8eef-7486e229d2b1, passed token: 21e0759d-8e2e-11ef-8eef-7486e229d2b1
10/19/24 10:24:15: Socket received request to stop server.
10/19/24 10:24:15: Dispatch Server: do_await_stop
10/19/24 10:24:15: SERVER: destructor for server bound to port 50127
10/19/24 10:24:15: Server exiting with status 0.
10/19/24 10:24:15: Closing log file.
