C:\GIM_HLS\XOR_HLS\XOR\solution1\.autopilot\db\array.pp.0.cpp:1335:7: warning: Added loop label VITIS_LOOP_1213_1:   [xilinx-label-all-loops]
      for (i = 0; i < __N - 1; ++i) {
      ^~~
      VITIS_LOOP_1213_1: 
C:\GIM_HLS\XOR_HLS\XOR\solution1\.autopilot\db\array.pp.0.cpp:1335:7: note: FIX-IT applied suggested code changes
C:\GIM_HLS\XOR_HLS\XOR\solution1\.autopilot\db\array.pp.0.cpp:2309:5: warning: Added loop label VITIS_LOOP_676_1:   [xilinx-label-all-loops]
    for (unsigned i = low; i != high; ++i) {
    ^~~
    VITIS_LOOP_676_1: 
C:\GIM_HLS\XOR_HLS\XOR\solution1\.autopilot\db\array.pp.0.cpp:2309:5: note: FIX-IT applied suggested code changes
C:\GIM_HLS\XOR_HLS\XOR\solution1\.autopilot\db\array.pp.0.cpp:2323:5: warning: Added loop label VITIS_LOOP_690_1:   [xilinx-label-all-loops]
    for (unsigned i = low; i != high; ++i) {
    ^~~
    VITIS_LOOP_690_1: 
C:\GIM_HLS\XOR_HLS\XOR\solution1\.autopilot\db\array.pp.0.cpp:2323:5: note: FIX-IT applied suggested code changes
C:\GIM_HLS\XOR_HLS\XOR\solution1\.autopilot\db\array.pp.0.cpp:2337:5: warning: Added loop label VITIS_LOOP_704_1:   [xilinx-label-all-loops]
    for (unsigned i = low; i != high; ++i) {
    ^~~
    VITIS_LOOP_704_1: 
C:\GIM_HLS\XOR_HLS\XOR\solution1\.autopilot\db\array.pp.0.cpp:2337:5: note: FIX-IT applied suggested code changes
C:\GIM_HLS\XOR_HLS\XOR\solution1\.autopilot\db\array.pp.0.cpp:3936:7: warning: Added loop label VITIS_LOOP_1247_1:   [xilinx-label-all-loops]
      for (i = 0; i < __N - 1; ++i) {
      ^~~
      VITIS_LOOP_1247_1: 
C:\GIM_HLS\XOR_HLS\XOR\solution1\.autopilot\db\array.pp.0.cpp:3936:7: note: FIX-IT applied suggested code changes
C:\GIM_HLS\XOR_HLS\XOR\solution1\.autopilot\db\array.pp.0.cpp:44596:5: warning: Added loop label VITIS_LOOP_20_1:   [xilinx-label-all-loops]
    for (n = 0; n < 2; n++) {
    ^~~
    VITIS_LOOP_20_1: 
C:\GIM_HLS\XOR_HLS\XOR\solution1\.autopilot\db\array.pp.0.cpp:44596:5: note: FIX-IT applied suggested code changes
C:\GIM_HLS\XOR_HLS\XOR\solution1\.autopilot\db\array.pp.0.cpp:44602:9: warning: Added loop label VITIS_LOOP_26_2:   [xilinx-label-all-loops]
        for (c = 0; c < 2; c++) {
        ^~~
        VITIS_LOOP_26_2: 
C:\GIM_HLS\XOR_HLS\XOR\solution1\.autopilot\db\array.pp.0.cpp:44602:9: note: FIX-IT applied suggested code changes
C:\GIM_HLS\XOR_HLS\XOR\solution1\.autopilot\db\array.pp.0.cpp:44619:5: warning: Added loop label VITIS_LOOP_43_3:   [xilinx-label-all-loops]
    for (j = 0; j < 2; j++) {
    ^~~
    VITIS_LOOP_43_3: 
C:\GIM_HLS\XOR_HLS\XOR\solution1\.autopilot\db\array.pp.0.cpp:44619:5: note: FIX-IT applied suggested code changes
