#-----------------------------------------------------------
# Vivado v2024.1 (64-bit)
# SW Build 5076996 on Wed May 22 18:37:14 MDT 2024
# IP Build 5075265 on Wed May 22 21:45:21 MDT 2024
# SharedData Build 5076995 on Wed May 22 18:29:18 MDT 2024
# Start of session at: Sat Oct 19 11:00:50 2024
# Process ID: 25544
# Current directory: C:/ELEC522/GIM/GIM-2024-2025/gim_cpp_final/accelerator_component/accelerator/hls/.autopilot/db/ip_tmp
# Command line: vivado.exe -notrace -log vivado.log -mode batch -source run_vivado_gen_ip.tcl
# Log file: C:/ELEC522/GIM/GIM-2024-2025/gim_cpp_final/accelerator_component/accelerator/hls/.autopilot/db/ip_tmp/vivado.log
# Journal file: C:/ELEC522/GIM/GIM-2024-2025/gim_cpp_final/accelerator_component/accelerator/hls/.autopilot/db/ip_tmp\vivado.jou
# Running On        :RYN-B10-PC-13
# Platform          :Windows Server 2016 or Windows 10
# Operating System  :22631
# Processor Detail  :11th Gen Intel(R) Core(TM) i7-11700 @ 2.50GHz
# CPU Frequency     :2496 MHz
# CPU Physical cores:8
# CPU Logical cores :16
# Host memory       :68426 MB
# Swap memory       :10200 MB
# Total Virtual     :78627 MB
# Available Virtual :50562 MB
#-----------------------------------------------------------
source run_vivado_gen_ip.tcl -notrace
INFO: [ProjectBase 1-489] The host OS only allows 260 characters in a normal path. The project is stored in a path with more than 80 characters. If you experience issues with IP, Block Designs, or files not being found, please consider moving the project to a location with a shorter path. Alternately consider using the OS subst command to map part of the path to a drive letter.
Current project path is 'C:/ELEC522/GIM/GIM-2024-2025/gim_cpp_final/accelerator_component/accelerator/hls/.autopilot/db/ip_tmp'
create_project: Time (s): cpu = 00:00:06 ; elapsed = 00:00:08 . Memory (MB): peak = 546.164 ; gain = 232.188
INFO: [IP_Flow 19-234] Refreshing IP repositories
INFO: [IP_Flow 19-1704] No user IP repositories specified
INFO: [IP_Flow 19-2313] Loaded Vivado IP repository 'C:/Xilinx/Vivado/2024.1/data/ip'.
WARNING: [IP_Flow 19-4832] The IP name 'accelerator_dcmp_64ns_64ns_1_1_no_dsp_1_ip' you have specified is long. The Windows operating system has path length limitations. It is recommended you use shorter names to reduce the likelihood of issues.
INFO: [IP_Flow 19-1686] Generating 'Synthesis' target for IP 'accelerator_dcmp_64ns_64ns_1_1_no_dsp_1_ip'...
INFO: [IP_Flow 19-1686] Generating 'Simulation' target for IP 'accelerator_dcmp_64ns_64ns_1_1_no_dsp_1_ip'...
INFO: [Common 17-206] Exiting Vivado at Sat Oct 19 11:01:02 2024...
