02/07/25 18:38:43: Running xcd server. This server was built by gradle.
02/07/25 18:38:43: Server was asked to start on port: '63921'
02/07/25 18:38:43: Server is using token UUID: '0bdcf22e-e5b5-11ef-ac34-e02e0b8abf87'
02/07/25 18:38:43: SESSION_MGR: creating session with session uuid: '6d04a3e9-ade5-4ab9-8d63-1f78fcd2ec76' and name 'default'
02/07/25 18:38:43: Attempting to start server on port '63921'
02/07/25 18:38:43: Running Dispatch Server
02/07/25 18:38:43: Version 2.2.0
02/07/25 18:38:43: Dispatch Server: Accepted socket connection from client
02/07/25 18:38:43: Starting Socket connection
02/07/25 18:38:43: EXCHANGE_TOKEN received, server token: 0bdcf22e-e5b5-11ef-ac34-e02e0b8abf87, passed token: 0bdcf22e-e5b5-11ef-ac34-e02e0b8abf87
02/07/25 18:38:43: SESSION_MGR: creating session with session uuid: '3483a2bb-50bf-4fca-afbd-ee8394a36605' and name 'Code Analyzer'
02/07/25 18:38:43: KERNEL_SVC: creating session with uuid: '3483a2bb-50bf-4fca-afbd-ee8394a36605' and name 'Code Analyzer'
02/07/25 18:38:43: GUIDANCE_SMGR: creating guidance session with uuid: '3483a2bb-50bf-4fca-afbd-ee8394a36605' and name 'Code Analyzer'
02/07/25 18:38:45: SESSION_MGR: closing session for UUID '3483a2bb-50bf-4fca-afbd-ee8394a36605' with name ''
02/07/25 18:38:45: KERNEL_SVC: closing session for UUID '3483a2bb-50bf-4fca-afbd-ee8394a36605' with name ''
02/07/25 18:38:45: GUIDANCE_SMGR: closing session for UUID '3483a2bb-50bf-4fca-afbd-ee8394a36605' with name ''
02/07/25 18:38:45: STOP_SERVER received, server token: 0bdcf22e-e5b5-11ef-ac34-e02e0b8abf87, passed token: 0bdcf22e-e5b5-11ef-ac34-e02e0b8abf87
02/07/25 18:38:45: Socket received request to stop server.
02/07/25 18:38:45: Dispatch Server: do_await_stop
02/07/25 18:38:45: SERVER: destructor for server bound to port 63921
02/07/25 18:38:45: Server exiting with status 0.
02/07/25 18:38:45: Closing log file.
