C:\GIM\HongYe\GIM-2024-2025\xor_dis_cpp\xor_distributed_hyw\xor_distributed_hyw\hls\.autopilot\db\weight_pe.pp.0.cpp:1326:7: warning: Added loop label VITIS_LOOP_1223_1:   [xilinx-label-all-loops]
      for (i = 0; i < __N - 1; ++i) {
      ^~~
      VITIS_LOOP_1223_1: 
C:\GIM\HongYe\GIM-2024-2025\xor_dis_cpp\xor_distributed_hyw\xor_distributed_hyw\hls\.autopilot\db\weight_pe.pp.0.cpp:1326:7: note: FIX-IT applied suggested code changes
C:\GIM\HongYe\GIM-2024-2025\xor_dis_cpp\xor_distributed_hyw\xor_distributed_hyw\hls\.autopilot\db\weight_pe.pp.0.cpp:2300:5: warning: Added loop label VITIS_LOOP_676_1:   [xilinx-label-all-loops]
    for (unsigned i = low; i != high; ++i) {
    ^~~
    VITIS_LOOP_676_1: 
C:\GIM\HongYe\GIM-2024-2025\xor_dis_cpp\xor_distributed_hyw\xor_distributed_hyw\hls\.autopilot\db\weight_pe.pp.0.cpp:2300:5: note: FIX-IT applied suggested code changes
C:\GIM\HongYe\GIM-2024-2025\xor_dis_cpp\xor_distributed_hyw\xor_distributed_hyw\hls\.autopilot\db\weight_pe.pp.0.cpp:2314:5: warning: Added loop label VITIS_LOOP_690_1:   [xilinx-label-all-loops]
    for (unsigned i = low; i != high; ++i) {
    ^~~
    VITIS_LOOP_690_1: 
C:\GIM\HongYe\GIM-2024-2025\xor_dis_cpp\xor_distributed_hyw\xor_distributed_hyw\hls\.autopilot\db\weight_pe.pp.0.cpp:2314:5: note: FIX-IT applied suggested code changes
C:\GIM\HongYe\GIM-2024-2025\xor_dis_cpp\xor_distributed_hyw\xor_distributed_hyw\hls\.autopilot\db\weight_pe.pp.0.cpp:2328:5: warning: Added loop label VITIS_LOOP_704_1:   [xilinx-label-all-loops]
    for (unsigned i = low; i != high; ++i) {
    ^~~
    VITIS_LOOP_704_1: 
C:\GIM\HongYe\GIM-2024-2025\xor_dis_cpp\xor_distributed_hyw\xor_distributed_hyw\hls\.autopilot\db\weight_pe.pp.0.cpp:2328:5: note: FIX-IT applied suggested code changes
C:\GIM\HongYe\GIM-2024-2025\xor_dis_cpp\xor_distributed_hyw\xor_distributed_hyw\hls\.autopilot\db\weight_pe.pp.0.cpp:3945:7: warning: Added loop label VITIS_LOOP_1247_1:   [xilinx-label-all-loops]
      for (i = 0; i < __N - 1; ++i) {
      ^~~
      VITIS_LOOP_1247_1: 
C:\GIM\HongYe\GIM-2024-2025\xor_dis_cpp\xor_distributed_hyw\xor_distributed_hyw\hls\.autopilot\db\weight_pe.pp.0.cpp:3945:7: note: FIX-IT applied suggested code changes
