INFO: [vitis-run 60-1548] Creating build summary session with primary output C:/Users/Dawso/GIM-2024-2025/spi_directio/hls_daw/pulse_gen/pulse_gen\pulse_gen.hlsrun_cosim_summary, at 02/19/25 23:10:34
INFO: [vitis-run 82-31] Launching vitis_hls: vitis_hls -nolog -run cosim -work_dir C:/Users/Dawso/GIM-2024-2025/spi_directio/hls_daw/pulse_gen/pulse_gen -config C:/Users/Dawso/GIM-2024-2025/spi_directio/hls_daw/pulse_gen/hls_config.cfg -cmdlineconfig C:/Users/Dawso/GIM-2024-2025/spi_directio/hls_daw/pulse_gen/pulse_gen/hls/config.cmdline

****** Vitis HLS - High-Level Synthesis from C, C++ and OpenCL v2024.1 (64-bit)
  **** SW Build 5069499 on May 21 2024
  **** IP Build 5075265 on Wed May 22 21:45:21 MDT 2024
  **** SharedData Build 5076995 on Wed May 22 18:29:18 MDT 2024
  **** Start of session at: Wed Feb 19 23:10:40 2025
    ** Copyright 1986-2022 Xilinx, Inc. All Rights Reserved.
    ** Copyright 2022-2024 Advanced Micro Devices, Inc. All Rights Reserved.

source C:/Xilinx/Vitis_HLS/2024.1/scripts/vitis_hls/hls.tcl -notrace
INFO: [HLS 200-10] For user 'Dawso' on host 'laptop-dp0ojsk0' (Windows NT_amd64 version 10.0) on Wed Feb 19 23:10:43 -0600 2025
INFO: [HLS 200-10] In directory 'C:/Users/Dawso/GIM-2024-2025/spi_directio/hls_daw/pulse_gen'
INFO: [HLS 200-2005] Using work_dir C:/Users/Dawso/GIM-2024-2025/spi_directio/hls_daw/pulse_gen/pulse_gen 
INFO: [HLS 200-1611] Setting target device to 'xczu3eg-sfvc784-1-e'
INFO: [HLS 200-1505] Using default flow_target 'vivado'
Resolution: For help on HLS 200-1505 see docs.xilinx.com/access/sources/dita/topic?Doc_Version=2024.1%20English&url=ug1448-hls-guidance&resourceid=200-1505.html
INFO: [HLS 200-1465] Applying ini 'syn.file=C:/Users/Dawso/GIM-2024-2025/spi_directio/hls_daw/pulse_gen.cpp' from C:/Users/Dawso/GIM-2024-2025/spi_directio/hls_daw/pulse_gen/hls_config.cfg(8)
INFO: [HLS 200-10] Adding design file 'C:/Users/Dawso/GIM-2024-2025/spi_directio/hls_daw/pulse_gen.cpp' to the project
INFO: [HLS 200-1465] Applying ini 'tb.file=C:/Users/Dawso/GIM-2024-2025/spi_directio/hls_daw/pulse_gen_tb.cpp' from C:/Users/Dawso/GIM-2024-2025/spi_directio/hls_daw/pulse_gen/hls_config.cfg(9)
INFO: [HLS 200-10] Adding test bench file 'C:/Users/Dawso/GIM-2024-2025/spi_directio/hls_daw/pulse_gen_tb.cpp' to the project
INFO: [HLS 200-1465] Applying ini 'tb.file_cflags=C:/Users/Dawso/GIM-2024-2025/spi_directio/hls_daw/pulse_gen_tb.cpp,-D HW_COSIM' from C:/Users/Dawso/GIM-2024-2025/spi_directio/hls_daw/pulse_gen/hls_config.cfg(10)
INFO: [HLS 200-1465] Applying ini 'syn.top=pulse_gen' from C:/Users/Dawso/GIM-2024-2025/spi_directio/hls_daw/pulse_gen/hls_config.cfg(7)
INFO: [HLS 200-1465] Applying ini 'flow_target=vivado' from C:/Users/Dawso/GIM-2024-2025/spi_directio/hls_daw/pulse_gen/hls_config.cfg(4)
INFO: [HLS 200-1505] Using flow_target 'vivado'
Resolution: For help on HLS 200-1505 see docs.xilinx.com/access/sources/dita/topic?Doc_Version=2024.1%20English&url=ug1448-hls-guidance&resourceid=200-1505.html
INFO: [HLS 200-1465] Applying ini 'part=xczu3eg-sfvc784-1-e' from C:/Users/Dawso/GIM-2024-2025/spi_directio/hls_daw/pulse_gen/hls_config.cfg(1)
INFO: [HLS 200-1465] Applying ini 'clock=10ns' from C:/Users/Dawso/GIM-2024-2025/spi_directio/hls_daw/pulse_gen/hls_config.cfg(11)
INFO: [SYN 201-201] Setting up clock 'default' with a period of 10ns.
INFO: [HLS 200-1465] Applying ini 'clock_uncertainty=2ns' from C:/Users/Dawso/GIM-2024-2025/spi_directio/hls_daw/pulse_gen/hls_config.cfg(12)
INFO: [SYN 201-201] Setting up clock 'default' with an uncertainty of 2ns.
INFO: [HLS 200-1465] Applying ini 'package.output.format=ip_catalog' from C:/Users/Dawso/GIM-2024-2025/spi_directio/hls_daw/pulse_gen/hls_config.cfg(5)
INFO: [COSIM 212-47] Using XSIM for RTL simulation.
INFO: [COSIM 212-14] Instrumenting C test bench ...
   Build using "C:/Xilinx/Vitis_HLS/2024.1/vcxx/libexec/clang++"
   Compiling pulse_gen_tb.cpp_pre.cpp.tb.cpp
   Compiling apatb_pulse_gen.cpp
   Compiling pulse_gen.cpp_pre.cpp.tb.cpp
   Compiling apatb_pulse_gen_ir.ll
   Generating cosim.tv.exe
INFO: [COSIM 212-302] Starting C TB testing ... 
Starting Testbench
Sending Pulse
INFO: [COSIM 212-333] Generating C post check test bench ...
INFO: [COSIM 212-12] Generating RTL test bench ...
INFO: [COSIM 212-1] *** C/RTL co-simulation file generation completed. ***
INFO: [COSIM 212-323] Starting verilog simulation. 
INFO: [COSIM 212-15] Starting XSIM ...

C:\Users\Dawso\GIM-2024-2025\spi_directio\hls_daw\pulse_gen\pulse_gen\hls\sim\verilog>set PATH= 

C:\Users\Dawso\GIM-2024-2025\spi_directio\hls_daw\pulse_gen\pulse_gen\hls\sim\verilog>call C:/Xilinx/Vivado/2024.1/bin/xelab xil_defaultlib.apatb_pulse_gen_top glbl -Oenable_linking_all_libraries  -prj pulse_gen.prj -L smartconnect_v1_0 -L axi_protocol_checker_v1_1_12 -L axi_protocol_checker_v1_1_13 -L axis_protocol_checker_v1_1_11 -L axis_protocol_checker_v1_1_12 -L xil_defaultlib -L unisims_ver -L xpm  -L floating_point_v7_0_23 -L floating_point_v7_1_18 --lib "ieee_proposed=./ieee_proposed" -s pulse_gen  
Vivado Simulator v2024.1
Copyright 1986-2022 Xilinx, Inc. All Rights Reserved.
Copyright 2022-2024 Advanced Micro Devices, Inc. All Rights Reserved.
Running: C:/Xilinx/Vivado/2024.1/bin/unwrapped/win64.o/xelab.exe xil_defaultlib.apatb_pulse_gen_top glbl -Oenable_linking_all_libraries -prj pulse_gen.prj -L smartconnect_v1_0 -L axi_protocol_checker_v1_1_12 -L axi_protocol_checker_v1_1_13 -L axis_protocol_checker_v1_1_11 -L axis_protocol_checker_v1_1_12 -L xil_defaultlib -L unisims_ver -L xpm -L floating_point_v7_0_23 -L floating_point_v7_1_18 --lib ieee_proposed=./ieee_proposed -s pulse_gen 
Multi-threading is on. Using 14 slave threads.
INFO: [VRFC 10-2263] Analyzing SystemVerilog file "C:/Users/Dawso/GIM-2024-2025/spi_directio/hls_daw/pulse_gen/pulse_gen/hls/sim/verilog/glbl.v" into library work
INFO: [VRFC 10-311] analyzing module glbl
INFO: [VRFC 10-2263] Analyzing SystemVerilog file "C:/Users/Dawso/GIM-2024-2025/spi_directio/hls_daw/pulse_gen/pulse_gen/hls/sim/verilog/pulse_gen.autotb.v" into library xil_defaultlib
INFO: [VRFC 10-311] analyzing module apatb_pulse_gen_top
INFO: [VRFC 10-2263] Analyzing SystemVerilog file "C:/Users/Dawso/GIM-2024-2025/spi_directio/hls_daw/pulse_gen/pulse_gen/hls/sim/verilog/pulse_gen.v" into library xil_defaultlib
INFO: [VRFC 10-311] analyzing module pulse_gen
INFO: [VRFC 10-2263] Analyzing SystemVerilog file "C:/Users/Dawso/GIM-2024-2025/spi_directio/hls_daw/pulse_gen/pulse_gen/hls/sim/verilog/dataflow_monitor.sv" into library xil_defaultlib
INFO: [VRFC 10-311] analyzing module dataflow_monitor
Starting static elaboration
Pass Through NonSizing Optimizer
Completed static elaboration
Starting simulation data flow analysis
Completed simulation data flow analysis
Time Resolution for simulation is 1ps
Compiling package xil_defaultlib.$unit_dataflow_monitor_sv
Compiling module xil_defaultlib.pulse_gen
Compiling module xil_defaultlib.nodf_module_intf_default
Compiling module xil_defaultlib.dataflow_monitor_1
Compiling module xil_defaultlib.apatb_pulse_gen_top
Compiling module work.glbl
Built simulation snapshot pulse_gen

****** xsim v2024.1 (64-bit)
  **** SW Build 5076996 on Wed May 22 18:37:14 MDT 2024
  **** IP Build 5075265 on Wed May 22 21:45:21 MDT 2024
  **** SharedData Build 5076995 on Wed May 22 18:29:18 MDT 2024
  **** Start of session at: Wed Feb 19 23:11:56 2025
    ** Copyright 1986-2022 Xilinx, Inc. All Rights Reserved.
    ** Copyright 2022-2024 Advanced Micro Devices, Inc. All Rights Reserved.

source xsim.dir/pulse_gen/xsim_script.tcl
# xsim {pulse_gen} -autoloadwcfg -tclbatch {pulse_gen.tcl}
Time resolution is 1 ps
source pulse_gen.tcl
## run all
////////////////////////////////////////////////////////////////////////////////////
// Inter-Transaction Progress: Completed Transaction / Total Transaction
// Intra-Transaction Progress: Measured Latency / Latency Estimation * 100%
//
// RTL Simulation : "Inter-Transaction Progress" ["Intra-Transaction Progress"] @ "Simulation Time"
////////////////////////////////////////////////////////////////////////////////////
// RTL Simulation : 0 / 1 [n/a] @ "125000"
// RTL Simulation : 1 / 1 [n/a] @ "145000"
////////////////////////////////////////////////////////////////////////////////////
$finish called at time : 205 ns : File "C:/Users/Dawso/GIM-2024-2025/spi_directio/hls_daw/pulse_gen/pulse_gen/hls/sim/verilog/pulse_gen.autotb.v" Line 199
## quit
INFO: [Common 17-206] Exiting xsim at Wed Feb 19 23:11:58 2025...
INFO: [COSIM 212-316] Starting C post checking ...
Starting Testbench
Sending Pulse
INFO: [COSIM 212-1000] *** C/RTL co-simulation finished: PASS ***
INFO: [COSIM 212-210] Design is translated to an combinational logic. II and Latency will be marked as all 0.
INFO: [HLS 200-112] Total CPU user time: 12 seconds. Total CPU system time: 5 seconds. Total elapsed time: 79.963 seconds; peak allocated memory: 295.102 MB.
INFO: [vitis-run 60-791] Total elapsed time: 0h 1m 29s
