INFO: [v++ 60-1548] Creating build summary session with primary output C:/Users/Dawso/GIM-2024-2025/spi_directio/hls_daw/pulse_gen/pulse_gen\pulse_gen.hlscompile_summary, at 02/19/25 23:08:47
INFO: [v++ 82-31] Launching vitis_hls: vitis_hls -nolog -run csynth -work_dir C:/Users/Dawso/GIM-2024-2025/spi_directio/hls_daw/pulse_gen/pulse_gen -config C:/Users/Dawso/GIM-2024-2025/spi_directio/hls_daw/pulse_gen/hls_config.cfg -cmdlineconfig C:/Users/Dawso/GIM-2024-2025/spi_directio/hls_daw/pulse_gen/pulse_gen/hls/config.cmdline

****** Vitis HLS - High-Level Synthesis from C, C++ and OpenCL v2024.1 (64-bit)
  **** SW Build 5069499 on May 21 2024
  **** IP Build 5075265 on Wed May 22 21:45:21 MDT 2024
  **** SharedData Build 5076995 on Wed May 22 18:29:18 MDT 2024
  **** Start of session at: Wed Feb 19 23:08:54 2025
    ** Copyright 1986-2022 Xilinx, Inc. All Rights Reserved.
    ** Copyright 2022-2024 Advanced Micro Devices, Inc. All Rights Reserved.

source C:/Xilinx/Vitis_HLS/2024.1/scripts/vitis_hls/hls.tcl -notrace
INFO: [HLS 200-10] For user 'Dawso' on host 'laptop-dp0ojsk0' (Windows NT_amd64 version 10.0) on Wed Feb 19 23:08:57 -0600 2025
INFO: [HLS 200-10] In directory 'C:/Users/Dawso/GIM-2024-2025/spi_directio/hls_daw/pulse_gen'
INFO: [HLS 200-2005] Using work_dir C:/Users/Dawso/GIM-2024-2025/spi_directio/hls_daw/pulse_gen/pulse_gen 
INFO: [HLS 200-1505] Using default flow_target 'vivado'
Resolution: For help on HLS 200-1505 see docs.xilinx.com/access/sources/dita/topic?Doc_Version=2024.1%20English&url=ug1448-hls-guidance&resourceid=200-1505.html
INFO: [HLS 200-1465] Applying ini 'syn.file=C:/Users/Dawso/GIM-2024-2025/spi_directio/hls_daw/pulse_gen.cpp' from C:/Users/Dawso/GIM-2024-2025/spi_directio/hls_daw/pulse_gen/hls_config.cfg(8)
INFO: [HLS 200-10] Adding design file 'C:/Users/Dawso/GIM-2024-2025/spi_directio/hls_daw/pulse_gen.cpp' to the project
INFO: [HLS 200-1465] Applying ini 'tb.file=C:/Users/Dawso/GIM-2024-2025/spi_directio/hls_daw/pulse_gen_tb.cpp' from C:/Users/Dawso/GIM-2024-2025/spi_directio/hls_daw/pulse_gen/hls_config.cfg(9)
INFO: [HLS 200-10] Adding test bench file 'C:/Users/Dawso/GIM-2024-2025/spi_directio/hls_daw/pulse_gen_tb.cpp' to the project
INFO: [HLS 200-1465] Applying ini 'tb.file_cflags=C:/Users/Dawso/GIM-2024-2025/spi_directio/hls_daw/pulse_gen_tb.cpp,-D HW_COSIM' from C:/Users/Dawso/GIM-2024-2025/spi_directio/hls_daw/pulse_gen/hls_config.cfg(10)
INFO: [HLS 200-1465] Applying ini 'syn.top=pulse_gen' from C:/Users/Dawso/GIM-2024-2025/spi_directio/hls_daw/pulse_gen/hls_config.cfg(7)
INFO: [HLS 200-1465] Applying ini 'flow_target=vivado' from C:/Users/Dawso/GIM-2024-2025/spi_directio/hls_daw/pulse_gen/hls_config.cfg(4)
INFO: [HLS 200-1505] Using flow_target 'vivado'
Resolution: For help on HLS 200-1505 see docs.xilinx.com/access/sources/dita/topic?Doc_Version=2024.1%20English&url=ug1448-hls-guidance&resourceid=200-1505.html
INFO: [HLS 200-1465] Applying ini 'part=xczu3eg-sfvc784-1-e' from C:/Users/Dawso/GIM-2024-2025/spi_directio/hls_daw/pulse_gen/hls_config.cfg(1)
INFO: [HLS 200-1611] Setting target device to 'xczu3eg-sfvc784-1-e'
INFO: [HLS 200-1465] Applying ini 'clock=10ns' from C:/Users/Dawso/GIM-2024-2025/spi_directio/hls_daw/pulse_gen/hls_config.cfg(11)
INFO: [SYN 201-201] Setting up clock 'default' with a period of 10ns.
INFO: [HLS 200-1465] Applying ini 'clock_uncertainty=2ns' from C:/Users/Dawso/GIM-2024-2025/spi_directio/hls_daw/pulse_gen/hls_config.cfg(12)
INFO: [SYN 201-201] Setting up clock 'default' with an uncertainty of 2ns.
INFO: [HLS 200-1465] Applying ini 'package.output.format=ip_catalog' from C:/Users/Dawso/GIM-2024-2025/spi_directio/hls_daw/pulse_gen/hls_config.cfg(5)
INFO: [HLS 200-111] Finished File checks and directory preparation: CPU user time: 9 seconds. CPU system time: 4 seconds. Elapsed time: 11.232 seconds; current allocated memory: 230.281 MB.
INFO: [HLS 200-10] Analyzing design file '../pulse_gen.cpp' ... 
INFO: [HLS 200-111] Finished Source Code Analysis and Preprocessing: CPU user time: 0 seconds. CPU system time: 0 seconds. Elapsed time: 18.373 seconds; current allocated memory: 233.047 MB.
INFO: [HLS 200-777] Using interface defaults for 'Vivado' flow target.
INFO: [HLS 200-1995] There were 1 instructions in the design after the 'Compile/Link' phase of compilation. See the Design Size Report for more details: C:/Users/Dawso/GIM-2024-2025/spi_directio/hls_daw/pulse_gen/pulse_gen/hls/syn/report/csynth_design_size.rpt
INFO: [HLS 200-1995] There were 1 instructions in the design after the 'Unroll/Inline (step 1)' phase of compilation. See the Design Size Report for more details: C:/Users/Dawso/GIM-2024-2025/spi_directio/hls_daw/pulse_gen/pulse_gen/hls/syn/report/csynth_design_size.rpt
INFO: [HLS 200-1995] There were 1 instructions in the design after the 'Unroll/Inline (step 2)' phase of compilation. See the Design Size Report for more details: C:/Users/Dawso/GIM-2024-2025/spi_directio/hls_daw/pulse_gen/pulse_gen/hls/syn/report/csynth_design_size.rpt
INFO: [HLS 200-1995] There were 1 instructions in the design after the 'Unroll/Inline (step 3)' phase of compilation. See the Design Size Report for more details: C:/Users/Dawso/GIM-2024-2025/spi_directio/hls_daw/pulse_gen/pulse_gen/hls/syn/report/csynth_design_size.rpt
INFO: [HLS 200-1995] There were 1 instructions in the design after the 'Unroll/Inline (step 4)' phase of compilation. See the Design Size Report for more details: C:/Users/Dawso/GIM-2024-2025/spi_directio/hls_daw/pulse_gen/pulse_gen/hls/syn/report/csynth_design_size.rpt
INFO: [HLS 200-1995] There were 1 instructions in the design after the 'Array/Struct (step 1)' phase of compilation. See the Design Size Report for more details: C:/Users/Dawso/GIM-2024-2025/spi_directio/hls_daw/pulse_gen/pulse_gen/hls/syn/report/csynth_design_size.rpt
INFO: [HLS 200-1995] There were 1 instructions in the design after the 'Array/Struct (step 2)' phase of compilation. See the Design Size Report for more details: C:/Users/Dawso/GIM-2024-2025/spi_directio/hls_daw/pulse_gen/pulse_gen/hls/syn/report/csynth_design_size.rpt
INFO: [HLS 200-1995] There were 1 instructions in the design after the 'Array/Struct (step 3)' phase of compilation. See the Design Size Report for more details: C:/Users/Dawso/GIM-2024-2025/spi_directio/hls_daw/pulse_gen/pulse_gen/hls/syn/report/csynth_design_size.rpt
INFO: [HLS 200-1995] There were 1 instructions in the design after the 'Array/Struct (step 4)' phase of compilation. See the Design Size Report for more details: C:/Users/Dawso/GIM-2024-2025/spi_directio/hls_daw/pulse_gen/pulse_gen/hls/syn/report/csynth_design_size.rpt
INFO: [HLS 200-1995] There were 1 instructions in the design after the 'Array/Struct (step 5)' phase of compilation. See the Design Size Report for more details: C:/Users/Dawso/GIM-2024-2025/spi_directio/hls_daw/pulse_gen/pulse_gen/hls/syn/report/csynth_design_size.rpt
INFO: [HLS 200-1995] There were 1 instructions in the design after the 'Performance (step 1)' phase of compilation. See the Design Size Report for more details: C:/Users/Dawso/GIM-2024-2025/spi_directio/hls_daw/pulse_gen/pulse_gen/hls/syn/report/csynth_design_size.rpt
INFO: [HLS 200-1995] There were 1 instructions in the design after the 'Performance (step 2)' phase of compilation. See the Design Size Report for more details: C:/Users/Dawso/GIM-2024-2025/spi_directio/hls_daw/pulse_gen/pulse_gen/hls/syn/report/csynth_design_size.rpt
INFO: [HLS 200-1995] There were 1 instructions in the design after the 'Performance (step 3)' phase of compilation. See the Design Size Report for more details: C:/Users/Dawso/GIM-2024-2025/spi_directio/hls_daw/pulse_gen/pulse_gen/hls/syn/report/csynth_design_size.rpt
INFO: [HLS 200-1995] There were 1 instructions in the design after the 'Performance (step 4)' phase of compilation. See the Design Size Report for more details: C:/Users/Dawso/GIM-2024-2025/spi_directio/hls_daw/pulse_gen/pulse_gen/hls/syn/report/csynth_design_size.rpt
INFO: [HLS 200-1995] There were 1 instructions in the design after the 'HW Transforms (step 1)' phase of compilation. See the Design Size Report for more details: C:/Users/Dawso/GIM-2024-2025/spi_directio/hls_daw/pulse_gen/pulse_gen/hls/syn/report/csynth_design_size.rpt
INFO: [HLS 200-1995] There were 2 instructions in the design after the 'HW Transforms (step 2)' phase of compilation. See the Design Size Report for more details: C:/Users/Dawso/GIM-2024-2025/spi_directio/hls_daw/pulse_gen/pulse_gen/hls/syn/report/csynth_design_size.rpt
INFO: [HLS 200-111] Finished Compiling Optimization and Transform: CPU user time: 0 seconds. CPU system time: 0 seconds. Elapsed time: 13.45 seconds; current allocated memory: 234.836 MB.
INFO: [HLS 200-111] Finished Checking Pragmas: CPU user time: 0 seconds. CPU system time: 0 seconds. Elapsed time: 0.018 seconds; current allocated memory: 234.840 MB.
INFO: [HLS 200-10] Starting code transformations ...
INFO: [HLS 200-111] Finished Standard Transforms: CPU user time: 0 seconds. CPU system time: 0 seconds. Elapsed time: 0.191 seconds; current allocated memory: 238.820 MB.
INFO: [HLS 200-10] Checking synthesizability ...
INFO: [HLS 200-111] Finished Checking Synthesizability: CPU user time: 0 seconds. CPU system time: 0 seconds. Elapsed time: 0.103 seconds; current allocated memory: 240.844 MB.
INFO: [HLS 200-111] Finished Loop, function and other optimizations: CPU user time: 0 seconds. CPU system time: 0 seconds. Elapsed time: 0.122 seconds; current allocated memory: 261.945 MB.
INFO: [HLS 200-111] Finished Architecture Synthesis: CPU user time: 0 seconds. CPU system time: 0 seconds. Elapsed time: 0.106 seconds; current allocated memory: 261.961 MB.
INFO: [HLS 200-10] Starting hardware synthesis ...
INFO: [HLS 200-10] Synthesizing 'pulse_gen' ...
INFO: [HLS 200-10] ----------------------------------------------------------------
INFO: [HLS 200-42] -- Implementing module 'pulse_gen' 
INFO: [HLS 200-10] ----------------------------------------------------------------
INFO: [SCHED 204-11] Starting scheduling ...
INFO: [SCHED 204-11] Finished scheduling.
INFO: [HLS 200-111] Finished Scheduling: CPU user time: 0 seconds. CPU system time: 1 seconds. Elapsed time: 0.452 seconds; current allocated memory: 261.961 MB.
INFO: [BIND 205-100] Starting micro-architecture generation ...
INFO: [BIND 205-101] Performing variable lifetime analysis.
INFO: [BIND 205-101] Exploring resource sharing.
INFO: [BIND 205-101] Binding ...
INFO: [BIND 205-100] Finished micro-architecture generation.
INFO: [HLS 200-111] Finished Binding: CPU user time: 0 seconds. CPU system time: 0 seconds. Elapsed time: 0.173 seconds; current allocated memory: 261.961 MB.
INFO: [HLS 200-10] ----------------------------------------------------------------
INFO: [HLS 200-10] -- Generating RTL for module 'pulse_gen' 
INFO: [HLS 200-10] ----------------------------------------------------------------
INFO: [RTGEN 206-500] Setting interface mode on function 'pulse_gen' to 'ap_ctrl_hs'.
INFO: [RTGEN 206-100] Finished creating RTL model for 'pulse_gen'.
INFO: [HLS 200-111] Finished Creating RTL model: CPU user time: 1 seconds. CPU system time: 0 seconds. Elapsed time: 0.17 seconds; current allocated memory: 261.961 MB.
INFO: [HLS 200-111] Finished Generating all RTL models: CPU user time: 0 seconds. CPU system time: 0 seconds. Elapsed time: 0.786 seconds; current allocated memory: 264.438 MB.
INFO: [HLS 200-111] Finished Updating report files: CPU user time: 1 seconds. CPU system time: 1 seconds. Elapsed time: 1.924 seconds; current allocated memory: 264.684 MB.
INFO: [VHDL 208-304] Generating VHDL RTL for pulse_gen.
INFO: [VLOG 209-307] Generating Verilog RTL for pulse_gen.
INFO: [HLS 200-789] **** Estimated Fmax: 0.00 MHz
INFO: [HLS 200-112] Total CPU user time: 11 seconds. Total CPU system time: 6 seconds. Total elapsed time: 47.327 seconds; peak allocated memory: 264.832 MB.
INFO: [v++ 60-791] Total elapsed time: 0h 0m 56s
