C:\Users\Dawso\GIM-2024-2025\spi_directio\hls_daw\example_acc\example_acc\hls\.autopilot\db\example_acc.pp.0.cpp:1542:7: warning: Added loop label VITIS_LOOP_1223_1:   [xilinx-label-all-loops]
      for (i = 0; i < __N - 1; ++i) {
      ^~~
      VITIS_LOOP_1223_1: 
C:\Users\Dawso\GIM-2024-2025\spi_directio\hls_daw\example_acc\example_acc\hls\.autopilot\db\example_acc.pp.0.cpp:1542:7: note: FIX-IT applied suggested code changes
C:\Users\Dawso\GIM-2024-2025\spi_directio\hls_daw\example_acc\example_acc\hls\.autopilot\db\example_acc.pp.0.cpp:2516:5: warning: Added loop label VITIS_LOOP_676_1:   [xilinx-label-all-loops]
    for (unsigned i = low; i != high; ++i) {
    ^~~
    VITIS_LOOP_676_1: 
C:\Users\Dawso\GIM-2024-2025\spi_directio\hls_daw\example_acc\example_acc\hls\.autopilot\db\example_acc.pp.0.cpp:2516:5: note: FIX-IT applied suggested code changes
C:\Users\Dawso\GIM-2024-2025\spi_directio\hls_daw\example_acc\example_acc\hls\.autopilot\db\example_acc.pp.0.cpp:2530:5: warning: Added loop label VITIS_LOOP_690_1:   [xilinx-label-all-loops]
    for (unsigned i = low; i != high; ++i) {
    ^~~
    VITIS_LOOP_690_1: 
C:\Users\Dawso\GIM-2024-2025\spi_directio\hls_daw\example_acc\example_acc\hls\.autopilot\db\example_acc.pp.0.cpp:2530:5: note: FIX-IT applied suggested code changes
C:\Users\Dawso\GIM-2024-2025\spi_directio\hls_daw\example_acc\example_acc\hls\.autopilot\db\example_acc.pp.0.cpp:2544:5: warning: Added loop label VITIS_LOOP_704_1:   [xilinx-label-all-loops]
    for (unsigned i = low; i != high; ++i) {
    ^~~
    VITIS_LOOP_704_1: 
C:\Users\Dawso\GIM-2024-2025\spi_directio\hls_daw\example_acc\example_acc\hls\.autopilot\db\example_acc.pp.0.cpp:2544:5: note: FIX-IT applied suggested code changes
C:\Users\Dawso\GIM-2024-2025\spi_directio\hls_daw\example_acc\example_acc\hls\.autopilot\db\example_acc.pp.0.cpp:4173:7: warning: Added loop label VITIS_LOOP_1247_1:   [xilinx-label-all-loops]
      for (i = 0; i < __N - 1; ++i) {
      ^~~
      VITIS_LOOP_1247_1: 
C:\Users\Dawso\GIM-2024-2025\spi_directio\hls_daw\example_acc\example_acc\hls\.autopilot\db\example_acc.pp.0.cpp:4173:7: note: FIX-IT applied suggested code changes
C:\Users\Dawso\GIM-2024-2025\spi_directio\hls_daw\example_acc\example_acc\hls\.autopilot\db\example_acc.pp.0.cpp:40374:2: warning: Added loop label VITIS_LOOP_20_1:   [xilinx-label-all-loops]
 for (int i = 0; i< 20; i++) {
 ^~~
 VITIS_LOOP_20_1: 
C:\Users\Dawso\GIM-2024-2025\spi_directio\hls_daw\example_acc\example_acc\hls\.autopilot\db\example_acc.pp.0.cpp:40374:2: note: FIX-IT applied suggested code changes
