# 
# Steps log generated by v++
# This log file contains a collection of steps that describe the kernel compilation flow
# Note: Some steps are tagged as internal, these steps are for debugging purposes and 
#       are not expected to be able to run independently.
# 

# The following environment variables are set when running vitis-run
Environment variables :
------------------------------------------
ALLUSERSPROFILE=C:\ProgramData
APPDATA=C:\Users\pac9\AppData\Roaming
arr.length=0
arr.Ubound=-1
CHARPOP=1
CMAKE_OBJECT_PATH_MAX=4096
CommonProgramFiles=C:\Program Files\Common Files
CommonProgramFiles(x86)=C:\Program Files (x86)\Common Files
CommonProgramW6432=C:\Program Files\Common Files
COMPUTERNAME=RYN-B10-PC-13
ComSpec=C:\WINDOWS\system32\cmd.exe
CUDA_PATH=C:\Program Files\NVIDIA GPU Computing Toolkit\CUDA\v12.5
CUDA_PATH_V12_5=C:\Program Files\NVIDIA GPU Computing Toolkit\CUDA\v12.5
DriverData=C:\Windows\System32\Drivers\DriverData
EFC_18960=1
FLEXLM_BATCH=1
GRC_BLOCKS_PATH=C:\Program Files\PothosSDR\share\gnuradio\grc\blocks
GR_PREFIX=C:\Program Files\PothosSDR
HDI_APPROOT=C:/Xilinx/Vitis/2024.1
HDI_PROCESSOR=i686
HOMEDRIVE=C:
HOMEPATH=\Users\pac9
HW_SERVER_DJTG_DISABLE=1
HW_SERVER_FTDIMGR_DISABLE=1
IDE_SKIP_SERVER_LICENSE=1
Installdir=C:\Synopsys\Hspice_T-2022.06
Installdir_T-2022.06=C:\Synopsys\Hspice_T-2022.06
INT_VARIABLE_NAME=XILINX_PATH
ISL_IOSTREAMS_RSA=C:/Xilinx/Vitis/2024.1/tps/isl
JAVA_EXE=C:/Xilinx\Vitis\2024.1\tps\win64\jre11.0.16_1\bin\java.exe
JAVA_HOME=C:/Xilinx\Vitis\2024.1\tps\win64\jre11.0.16_1
LC_NUMERIC=C
LOCALAPPDATA=C:\Users\pac9\AppData\Local
LOGONSERVER=\\ADRICE-PDC02
LOPPER_DTC_FLAGS=-b 0 -@
MGLS_LICENSE_FILE=1717@mentor.lic.rice.edu
NOSPLASH=false
NUMBER_OF_PROCESSORS=16
ORIGINAL_XDG_CURRENT_DESKTOP=undefined
OS=Windows_NT
PATH=C:/Xilinx/Vivado/2024.1/tps/win64/binutils-2.26/bin;C:/Xilinx/Vitis/2024.1/bin/../gnu/aarch64/nt/aarch64-linux/bin;C:/Xilinx/Vitis/2024.1/bin/../gnu/ppc64le/4.9.3/win64/bin;C:/Xilinx/Vitis/2024.1/bin/../gnu/aarch32/nt/gcc-arm-linux-gnueabi/bin;C:/Xilinx\Vitis_HLS\2024.1/tps/mingw/6.2.0/win64.o/nt/bin;C:/Xilinx/Vivado/2024.1\gnuwin\bin;C:/Xilinx/Vivado/2024.1\gnu\microblaze\nt\bin;C:/Xilinx/Vitis/2024.1/bin;C:/Xilinx/Vitis/2024.1/tps/win64/java-cef-95.0.4638.69/bin/lib/win64;C:/Xilinx/Vitis/2024.1/tps/win64/javafx-sdk-11.0.2/lib;C:/Xilinx/Vitis/2024.1/tps/win64/javafx-sdk-11.0.2/bin;C:/Xilinx/Vitis/2024.1/lib/win64.o;C:/Xilinx/Vitis/2024.1/tps/win64/jre11.0.16_1/bin/server;C:/Xilinx/Vitis/2024.1/tps/win64/jre11.0.16_1/bin;C:\Xilinx\Vitis\2024.1\tps\win64\LOPPER~1.0-P\min_sdk\\usr\bin;C:/Xilinx\Vitis\2024.1\tps\win64\cmake-3.24.2\bin;C:/Xilinx\Vitis\2024.1\gnu\microblaze\nt\bin;C:/Xilinx\Vitis\2024.1\gnu\microblaze\linux_toolchain\nt64_le\bin;C:/Xilinx\Vitis\2024.1\gnu\aarch32\nt\gcc-arm-linux-gnueabi\bin;C:/Xilinx\Vitis\2024.1\gnu\aarch32\nt\gcc-arm-none-eabi\bin;C:/Xilinx\Vitis\2024.1\gnu\aarch64\nt\aarch64-linux\bin;C:/Xilinx\Vitis\2024.1\gnu\aarch64\nt\aarch64-none\bin;C:/Xilinx\Vitis\2024.1\gnu\armr5\nt\gcc-arm-none-eabi\bin;C:/Xilinx\Vitis\2024.1\gnuwin\bin;C:/Xilinx\Vitis\2024.1\tps\win64\python-3.8.3;C:/Xilinx\Vitis\2024.1\tps\win64\libxslt\bin;C:/Xilinx/Vivado/2024.1\bin;C:/Xilinx/Vitis/2024.1\gnu\arm\nt\bin;C:/Xilinx/Vitis/2024.1\gnu\microblaze\linux_toolchain\nt64_be\bin;C:/Xilinx/Vitis/2024.1\gnu\riscv\nt\riscv64-unknown-elf\bin;C:/Xilinx/Vitis/2024.1\tps\win64\git-2.16.2\bin;C:/Xilinx/Vitis/2024.1\win64\tools\clang\bin;C:/Xilinx\Vitis_HLS\2024.1\lib\win64.o;C:/Xilinx\Vitis_HLS\2024.1\bin;C:/Xilinx/Vivado/2024.1  /bin;/bin;C:\WINDOWS\CCM\;C:\Program Files\NVIDIA GPU Computing Toolkit\CUDA\v12.5\bin;C:\Program Files\NVIDIA GPU Computing Toolkit\CUDA\v12.5\libnvvp;C:\Synopsys\Hspice_T-2022.06;C:\Program Files\Semeru\jre-17.0.11.9-openj9\bin;C:\WINDOWS\system32;C:\WINDOWS;C:\WINDOWS\System32\Wbem;C:\WINDOWS\System32\WindowsPowerShell\v1.0\;C:\WINDOWS\System32\OpenSSH\;C:\Program Files\SafeNet\Authentication\SAC\x64;C:\Program Files\SafeNet\Authentication\SAC\x32;C:\Program Files\PuTTY\;C:\Program Files\dotnet\;C:\Program Files\NVIDIA Corporation\Nsight Compute 2024.2.1\;C:\Program Files (x86)\NVIDIA Corporation\PhysX\Common;C:\Program Files\NVIDIA Corporation\NVIDIA NvDLISR;C:\WINDOWS\system32\config\systemprofile\AppData\Local\Microsoft\WindowsApps;C:\Program Files\PothosSDR\bin;C:\Program Files\MATLAB\R2023a\runtime\win64;C:\Program Files\MATLAB\R2023a\bin;C:\Users\pac9\AppData\Local\Microsoft\WindowsApps;C:\ELEC522\Git\cmd;C:/Xilinx/Vitis/2024.1\tps\mingw\6.2.0\win64.o\nt\bin;C:/Xilinx/Vitis/2024.1\tps\mingw\6.2.0\win64.o\nt\libexec\gcc\x86_64-w64-mingw32\6.2.0
PATHEXT=.COM;.EXE;.BAT;.CMD;.VBS;.VBE;.JS;.JSE;.WSF;.WSH;.MSC;.PY;.PYW
PROCESSOR_ARCHITECTURE=AMD64
PROCESSOR_IDENTIFIER=Intel64 Family 6 Model 167 Stepping 1, GenuineIntel
PROCESSOR_LEVEL=6
PROCESSOR_REVISION=a701
PRODVERSION_EXE=C:/Xilinx/Vitis/2024.1/bin/unwrapped/win64.o/prodversion.exe
ProgramData=C:\ProgramData
ProgramFiles=C:\Program Files
ProgramFiles(x86)=C:\Program Files (x86)
ProgramW6432=C:\Program Files
PROMPT=$P$G
PSModulePath=C:\Program Files\WindowsPowerShell\Modules;C:\WINDOWS\system32\WindowsPowerShell\v1.0\Modules
PUBLIC=C:\Users\Public
PYTHONPATH=;C:/Xilinx/Vitis/2024.1\cli;C:/Xilinx/Vitis/2024.1\cli\python-packages\win64;C:/Xilinx/Vitis/2024.1\cli\python-packages\site-packages;C:/Xilinx/Vitis/2024.1\cli\proto;C:/Xilinx/Vitis/2024.1\scripts\python_pkg;
python_path=;C:/Xilinx/Vitis/2024.1\cli;C:/Xilinx/Vitis/2024.1\cli\python-packages\win64;C:/Xilinx/Vitis/2024.1\cli\python-packages\site-packages;C:/Xilinx/Vitis/2024.1\cli\proto;C:/Xilinx/Vitis/2024.1\scripts\python_pkg;
RDI_APPROOT=C:/Xilinx/Vitis/2024.1
RDI_ARGS= --mode hls --csim --config C:\ELEC522\GIM\GIM-2024-2025\gim_cpp_final\accelerator_component\hls_config.cfg --work_dir accelerator
RDI_ARGS_FUNCTION=RDI_EXEC_DEFAULT
RDI_BASEROOT=C:/Xilinx/Vitis
RDI_BINDIR=C:/Xilinx/Vitis/2024.1/bin
RDI_BINROOT=C:/Xilinx/Vitis/2024.1/bin
RDI_BUILD=yes
RDI_CHECK_PROG=True
RDI_DATADIR=C:/Xilinx/Vitis/2024.1/data
RDI_INSTALLROOT=C:/Xilinx
RDI_INSTALLVER=2024.1
RDI_INSTALLVERSION=2024.1
RDI_JAVACEFROOT=C:/Xilinx/Vitis/2024.1/tps/win64/java-cef-95.0.4638.69
RDI_JAVAFXROOT=C:/Xilinx/Vitis/2024.1/tps/win64/javafx-sdk-11.0.2
RDI_JAVAROOT=C:/Xilinx/Vitis/2024.1/tps/win64/jre11.0.16_1
RDI_JAVA_VERSION=11.0.16_1
RDI_LIBDIR=C:/Xilinx/Vitis/2024.1/lib/win64.o
RDI_MINGW_LIB=C:/Xilinx/Vitis/2024.1\tps\mingw\6.2.0\win64.o\nt\bin;C:/Xilinx/Vitis/2024.1\tps\mingw\6.2.0\win64.o\nt\libexec\gcc\x86_64-w64-mingw32\6.2.0
RDI_OPT_EXT=.o
RDI_OS_ARCH=64
RDI_PLATFORM=win64
RDI_PREPEND_PATH=C:/Xilinx/Vitis/2024.1/bin
RDI_PROG=C:/Xilinx/Vitis/2024.1/bin/unwrapped/win64.o/vitis-run.exe
RDI_PROGNAME=vitis-run.exe
RDI_SESSION_INFO=C:\Xilinx\Vitis\2024.1\bin:RYN-B10-PC-13-Sat10-19-2024_9-55-14.94
RDI_SHARED_DATA=C:/Xilinx/SharedData/2024.1/data
RDI_TPS_ROOT=C:/Xilinx/Vivado/2024.1/tps/win64
RDI_USE_JDK11=1
RDI_VERBOSE=False
RT_LIBPATH=C:/Xilinx/Vitis/2024.1/scripts/rt/data
RT_TCL_PATH=C:/Xilinx/Vitis/2024.1/scripts/rt/base_tcl/tcl
SDKROOT=C:\Xilinx\Vitis\2024.1\tps\win64\LOPPER~1.0-P\min_sdk\
SESSIONNAME=Console
session_string=C:\ELEC522\GIM\GIM-2024-2025\gim_cpp_final\accelerator_component:RYN-B10-PC-13-Sat10-19-2024_10-23-36.34
SNPSLMD_LICENSE_FILE=27105@synopsys.lic.rice.edu
SWIG_LIB=C:\Xilinx\Vitis\2024.1\tps\win64\LOPPER~1.0-P\min_sdk\\usr\lib\swig\4.0.2
SYNTH_COMMON=C:/Xilinx/Vitis/2024.1/scripts/rt/data
SystemDrive=C:
SystemRoot=C:\WINDOWS
TCL_LIBRARY=C:/Xilinx/Vitis/2024.1/tps/tcl/tcl8.6
TCMALLOC_LARGE_ALLOC_REPORT_THRESHOLD=4294967296
TEMP=C:\Users\pac9\AppData\Local\Temp
THEIA_APP_PROJECT_PATH=C:\Xilinx\Vitis\2024.1\ide\electron-app\win64\resources\app
THEIA_DEFAULT_PLUGINS=local-dir:C:\Xilinx\Vitis\2024.1\ide\electron-app\win64\resources\app\plugins
THEIA_ELECTRON_TOKEN={"value":"286d1e06-7fff-40dd-80f3-a956d28658e8"}
THEIA_ELECTRON_VERSION=15.5.7
THEIA_PLUGINS=local-dir:C:\Users\pac9\.theia\plugins
TMP=C:\Users\pac9\AppData\Local\Temp
UATDATA=C:\WINDOWS\CCM\UATData\D9F8C395-CAB8-491d-B8AC-179A1FE1BE77
UHD_PKG_PATH=C:\Program Files\PothosSDR
USERDNSDOMAIN=AD.RICE.EDU
USERDOMAIN=ADRICE
USERDOMAIN_ROAMINGPROFILE=ADRICE
USERNAME=pac9
USERPROFILE=C:\Users\pac9
VITISNEW=true
VOLK_PREFIX=C:\Program Files\PothosSDR
VSCODE_API_VERSION=1.53.2
windir=C:\WINDOWS
XILINXD_LICENSE_FILE=2100@xilinx.lic.rice.edu
XILINX_HLS=C:/Xilinx\Vitis_HLS\2024.1
XILINX_PLANAHEAD=C:/Xilinx/Vitis/2024.1
XILINX_SDK=C:/Xilinx/Vitis/2024.1
XILINX_VERSION_DEFAULT=2024.1
XILINX_VERSION_VITIS=2024.1
XILINX_VITIS=C:/Xilinx\Vitis\2024.1
XILINX_VITIS_VERSION=Vitis v2024.1 (64-bit)
XILINX_VIVADO=C:/Xilinx/Vivado/2024.1
XILINX_VIVADO_HLS=C:/Xilinx/Vivado/2024.1
XIL_CHECK_TCL_DEBUG=False
XIL_NO_OVERRIDE=0
XIL_SUPPRESS_OVERRIDE_WARNINGS=1
XVREDIST=C:/Xilinx/Vitis/2024.1\tps\win64\xvcredist.exe
_RDI_BINROOT=C:\Xilinx\Vitis\2024.1\bin
_RDI_CWD=C:\ELEC522\GIM\GIM-2024-2025\gim_cpp_final\accelerator_component
_RDI_DONT_SET_XILINX_AS_PATH=True
_RDI_VERSION_PROG=vitis-run
_valid=False
XILINX_CD_CONNECT_ID=50122
XILINX_CD_SESSION=aa222649-1c39-42e0-bc21-073aefed25a4


VITIS-RUN command line:
------------------------------------------
C:/Xilinx/Vitis/2024.1/bin/unwrapped/win64.o/vitis-run.exe --mode hls --csim --config C:\ELEC522\GIM\GIM-2024-2025\gim_cpp_final\accelerator_component\hls_config.cfg --work_dir accelerator 

FINAL PROGRAM OPTIONS
--config C:\ELEC522\GIM\GIM-2024-2025\gim_cpp_final\accelerator_component\hls_config.cfg
--csim
--hls.clock 10ns
--hls.clock_uncertainty 2ns
--hls.csim.code_analyzer 1
--hls.flow_target vivado
--hls.package.output.format ip_catalog
--hls.package.output.syn false
--hls.syn.file C:/ELEC522/GIM/GIM-2024-2025/gim_cpp_final/accelerator.cpp
--hls.syn.file C:/ELEC522/GIM/GIM-2024-2025/gim_cpp_final/act_pe.cpp
--hls.syn.file C:/ELEC522/GIM/GIM-2024-2025/gim_cpp_final/array.cpp
--hls.syn.file C:/ELEC522/GIM/GIM-2024-2025/gim_cpp_final/bias_pe.cpp
--hls.syn.file C:/ELEC522/GIM/GIM-2024-2025/gim_cpp_final/error_pe.cpp
--hls.syn.file C:/ELEC522/GIM/GIM-2024-2025/gim_cpp_final/weight_pe.cpp
--hls.syn.top accelerator
--hls.tb.file C:/ELEC522/GIM/GIM-2024-2025/gim_cpp_final/main.cpp
--hls.tb.file_cflags C:/ELEC522/GIM/GIM-2024-2025/gim_cpp_final/main.cpp,-D HW_COSIM
--mode hls
--part xczu3cg-sbva484-1-e
--work_dir accelerator

PARSED COMMAND LINE OPTIONS
--mode hls 
--csim 
--config C:\ELEC522\GIM\GIM-2024-2025\gim_cpp_final\accelerator_component\hls_config.cfg 
--work_dir accelerator 

PARSED CONFIG FILE (1) OPTIONS
file: C:\ELEC522\GIM\GIM-2024-2025\gim_cpp_final\accelerator_component\hls_config.cfg
part xczu3cg-sbva484-1-e 
hls.flow_target vivado 
hls.package.output.format ip_catalog 
hls.package.output.syn false 
hls.syn.top accelerator 
hls.syn.file C:/ELEC522/GIM/GIM-2024-2025/gim_cpp_final/accelerator.cpp 
hls.syn.file C:/ELEC522/GIM/GIM-2024-2025/gim_cpp_final/act_pe.cpp 
hls.syn.file C:/ELEC522/GIM/GIM-2024-2025/gim_cpp_final/array.cpp 
hls.syn.file C:/ELEC522/GIM/GIM-2024-2025/gim_cpp_final/bias_pe.cpp 
hls.syn.file C:/ELEC522/GIM/GIM-2024-2025/gim_cpp_final/error_pe.cpp 
hls.syn.file C:/ELEC522/GIM/GIM-2024-2025/gim_cpp_final/weight_pe.cpp 
hls.tb.file C:/ELEC522/GIM/GIM-2024-2025/gim_cpp_final/main.cpp 
hls.tb.file_cflags C:/ELEC522/GIM/GIM-2024-2025/gim_cpp_final/main.cpp,-D HW_COSIM 
hls.clock 10ns 
hls.clock_uncertainty 2ns 
hls.csim.code_analyzer 1 


==========================================
new:  steps log generated by v++ for new launch 
timestamp: 19 Oct 2024 10:23:40
------------------------------------------
VITIS-RUN internal step: writing a config file for vitis_hls: C:/ELEC522/GIM/GIM-2024-2025/gim_cpp_final/accelerator_component/accelerator/hls/config.cmdline
timestamp: 19 Oct 2024 10:23:40
VITIS-RUN internal step status: success
------------------------------------------
VITIS-RUN internal step: running vitis_hls
timestamp: 19 Oct 2024 10:23:40
working dir: C:/ELEC522/GIM/GIM-2024-2025/gim_cpp_final/accelerator_component
cmd: vitis_hls -nolog -run csim -work_dir C:/ELEC522/GIM/GIM-2024-2025/gim_cpp_final/accelerator_component/accelerator -config C:/ELEC522/GIM/GIM-2024-2025/gim_cpp_final/accelerator_component/hls_config.cfg -cmdlineconfig C:/ELEC522/GIM/GIM-2024-2025/gim_cpp_final/accelerator_component/accelerator/hls/config.cmdline
VITIS-RUN internal step status: fail

------------------------------------------
VITIS-RUN command line :
------------------------------------------
C:/Xilinx/Vitis/2024.1/bin/unwrapped/win64.o/vitis-run.exe --mode hls --csim --config C:\ELEC522\GIM\GIM-2024-2025\gim_cpp_final\accelerator_component\hls_config.cfg --work_dir accelerator 
  Options from -O    : 
  Options from *.ini : 
  Options from Hw Platform : 

==========================================
new:  steps log generated by v++ for new launch 
timestamp: 19 Oct 2024 10:26:21
------------------------------------------
VITIS-RUN internal step: writing a config file for vitis_hls: C:/ELEC522/GIM/GIM-2024-2025/gim_cpp_final/accelerator_component/accelerator/hls/config.cmdline
timestamp: 19 Oct 2024 10:26:21
VITIS-RUN internal step status: success
------------------------------------------
VITIS-RUN internal step: running vitis_hls
timestamp: 19 Oct 2024 10:26:21
working dir: C:/ELEC522/GIM/GIM-2024-2025/gim_cpp_final/accelerator_component
cmd: vitis_hls -nolog -run csim -work_dir C:/ELEC522/GIM/GIM-2024-2025/gim_cpp_final/accelerator_component/accelerator -config C:/ELEC522/GIM/GIM-2024-2025/gim_cpp_final/accelerator_component/hls_config.cfg -cmdlineconfig C:/ELEC522/GIM/GIM-2024-2025/gim_cpp_final/accelerator_component/accelerator/hls/config.cmdline
VITIS-RUN internal step status: success

------------------------------------------
V++ command line :
------------------------------------------
C:/Xilinx/Vitis/2024.1/bin/unwrapped/win64.o/v++.exe -c --mode hls --config C:\ELEC522\GIM\GIM-2024-2025\gim_cpp_final\accelerator_component\hls_config.cfg --work_dir accelerator 
  Options from -O    : 
  Options from *.ini : 
  Options from Hw Platform : 

==========================================
new:  steps log generated by v++ for new launch 
timestamp: 19 Oct 2024 10:27:11
------------------------------------------
V++ internal step: writing a config file for vitis_hls: C:/ELEC522/GIM/GIM-2024-2025/gim_cpp_final/accelerator_component/accelerator/hls/config.cmdline
timestamp: 19 Oct 2024 10:27:11
V++ internal step status: success
------------------------------------------
V++ internal step: running vitis_hls
timestamp: 19 Oct 2024 10:27:11
working dir: C:/ELEC522/GIM/GIM-2024-2025/gim_cpp_final/accelerator_component
cmd: vitis_hls -nolog -run csynth -work_dir C:/ELEC522/GIM/GIM-2024-2025/gim_cpp_final/accelerator_component/accelerator -config C:/ELEC522/GIM/GIM-2024-2025/gim_cpp_final/accelerator_component/hls_config.cfg -cmdlineconfig C:/ELEC522/GIM/GIM-2024-2025/gim_cpp_final/accelerator_component/accelerator/hls/config.cmdline
V++ internal step status: success

------------------------------------------
V++ command line :
------------------------------------------
C:/Xilinx/Vitis/2024.1/bin/unwrapped/win64.o/v++.exe -c --mode hls --config C:\ELEC522\GIM\GIM-2024-2025\gim_cpp_final\accelerator_component\hls_config.cfg --work_dir accelerator 
  Options from -O    : 
  Options from *.ini : 
  Options from Hw Platform : 

==========================================
new:  steps log generated by v++ for new launch 
timestamp: 19 Oct 2024 10:31:50
------------------------------------------
V++ internal step: writing a config file for vitis_hls: C:/ELEC522/GIM/GIM-2024-2025/gim_cpp_final/accelerator_component/accelerator/hls/config.cmdline
timestamp: 19 Oct 2024 10:31:50
V++ internal step status: success
------------------------------------------
V++ internal step: running vitis_hls
timestamp: 19 Oct 2024 10:31:50
working dir: C:/ELEC522/GIM/GIM-2024-2025/gim_cpp_final/accelerator_component
cmd: vitis_hls -nolog -run csynth -work_dir C:/ELEC522/GIM/GIM-2024-2025/gim_cpp_final/accelerator_component/accelerator -config C:/ELEC522/GIM/GIM-2024-2025/gim_cpp_final/accelerator_component/hls_config.cfg -cmdlineconfig C:/ELEC522/GIM/GIM-2024-2025/gim_cpp_final/accelerator_component/accelerator/hls/config.cmdline
V++ internal step status: success

------------------------------------------
V++ command line :
------------------------------------------
C:/Xilinx/Vitis/2024.1/bin/unwrapped/win64.o/v++.exe -c --mode hls --config C:\ELEC522\GIM\GIM-2024-2025\gim_cpp_final\accelerator_component\hls_config.cfg --work_dir accelerator 
  Options from -O    : 
  Options from *.ini : 
  Options from Hw Platform : 

==========================================
new:  steps log generated by v++ for new launch 
timestamp: 19 Oct 2024 10:40:07
------------------------------------------
V++ internal step: writing a config file for vitis_hls: C:/ELEC522/GIM/GIM-2024-2025/gim_cpp_final/accelerator_component/accelerator/hls/config.cmdline
timestamp: 19 Oct 2024 10:40:07
V++ internal step status: success
------------------------------------------
V++ internal step: running vitis_hls
timestamp: 19 Oct 2024 10:40:07
working dir: C:/ELEC522/GIM/GIM-2024-2025/gim_cpp_final/accelerator_component
cmd: vitis_hls -nolog -run csynth -work_dir C:/ELEC522/GIM/GIM-2024-2025/gim_cpp_final/accelerator_component/accelerator -config C:/ELEC522/GIM/GIM-2024-2025/gim_cpp_final/accelerator_component/hls_config.cfg -cmdlineconfig C:/ELEC522/GIM/GIM-2024-2025/gim_cpp_final/accelerator_component/accelerator/hls/config.cmdline
V++ internal step status: success

------------------------------------------
V++ command line :
------------------------------------------
C:/Xilinx/Vitis/2024.1/bin/unwrapped/win64.o/v++.exe -c --mode hls --config C:\ELEC522\GIM\GIM-2024-2025\gim_cpp_final\accelerator_component\hls_config.cfg --work_dir accelerator 
  Options from -O    : 
  Options from *.ini : 
  Options from Hw Platform : 

==========================================
new:  steps log generated by v++ for new launch 
timestamp: 19 Oct 2024 10:46:49
------------------------------------------
V++ internal step: writing a config file for vitis_hls: C:/ELEC522/GIM/GIM-2024-2025/gim_cpp_final/accelerator_component/accelerator/hls/config.cmdline
timestamp: 19 Oct 2024 10:46:49
V++ internal step status: success
------------------------------------------
V++ internal step: running vitis_hls
timestamp: 19 Oct 2024 10:46:49
working dir: C:/ELEC522/GIM/GIM-2024-2025/gim_cpp_final/accelerator_component
cmd: vitis_hls -nolog -run csynth -work_dir C:/ELEC522/GIM/GIM-2024-2025/gim_cpp_final/accelerator_component/accelerator -config C:/ELEC522/GIM/GIM-2024-2025/gim_cpp_final/accelerator_component/hls_config.cfg -cmdlineconfig C:/ELEC522/GIM/GIM-2024-2025/gim_cpp_final/accelerator_component/accelerator/hls/config.cmdline
V++ internal step status: success

------------------------------------------
V++ command line :
------------------------------------------
C:/Xilinx/Vitis/2024.1/bin/unwrapped/win64.o/v++.exe -c --mode hls --config C:\ELEC522\GIM\GIM-2024-2025\gim_cpp_final\accelerator_component\hls_config.cfg --work_dir accelerator 
  Options from -O    : 
  Options from *.ini : 
  Options from Hw Platform : 

==========================================
new:  steps log generated by v++ for new launch 
timestamp: 19 Oct 2024 10:50:29
------------------------------------------
V++ internal step: writing a config file for vitis_hls: C:/ELEC522/GIM/GIM-2024-2025/gim_cpp_final/accelerator_component/accelerator/hls/config.cmdline
timestamp: 19 Oct 2024 10:50:29
V++ internal step status: success
------------------------------------------
V++ internal step: running vitis_hls
timestamp: 19 Oct 2024 10:50:29
working dir: C:/ELEC522/GIM/GIM-2024-2025/gim_cpp_final/accelerator_component
cmd: vitis_hls -nolog -run csynth -work_dir C:/ELEC522/GIM/GIM-2024-2025/gim_cpp_final/accelerator_component/accelerator -config C:/ELEC522/GIM/GIM-2024-2025/gim_cpp_final/accelerator_component/hls_config.cfg -cmdlineconfig C:/ELEC522/GIM/GIM-2024-2025/gim_cpp_final/accelerator_component/accelerator/hls/config.cmdline
V++ internal step status: success

------------------------------------------
V++ command line :
------------------------------------------
C:/Xilinx/Vitis/2024.1/bin/unwrapped/win64.o/v++.exe -c --mode hls --config C:\ELEC522\GIM\GIM-2024-2025\gim_cpp_final\accelerator_component\hls_config.cfg --work_dir accelerator 
  Options from -O    : 
  Options from *.ini : 
  Options from Hw Platform : 

==========================================
new:  steps log generated by v++ for new launch 
timestamp: 19 Oct 2024 10:52:11
------------------------------------------
V++ internal step: writing a config file for vitis_hls: C:/ELEC522/GIM/GIM-2024-2025/gim_cpp_final/accelerator_component/accelerator/hls/config.cmdline
timestamp: 19 Oct 2024 10:52:11
V++ internal step status: success
------------------------------------------
V++ internal step: running vitis_hls
timestamp: 19 Oct 2024 10:52:11
working dir: C:/ELEC522/GIM/GIM-2024-2025/gim_cpp_final/accelerator_component
cmd: vitis_hls -nolog -run csynth -work_dir C:/ELEC522/GIM/GIM-2024-2025/gim_cpp_final/accelerator_component/accelerator -config C:/ELEC522/GIM/GIM-2024-2025/gim_cpp_final/accelerator_component/hls_config.cfg -cmdlineconfig C:/ELEC522/GIM/GIM-2024-2025/gim_cpp_final/accelerator_component/accelerator/hls/config.cmdline
V++ internal step status: success

------------------------------------------
V++ command line :
------------------------------------------
C:/Xilinx/Vitis/2024.1/bin/unwrapped/win64.o/v++.exe -c --mode hls --config C:\ELEC522\GIM\GIM-2024-2025\gim_cpp_final\accelerator_component\hls_config.cfg --work_dir accelerator 
  Options from -O    : 
  Options from *.ini : 
  Options from Hw Platform : 

==========================================
new:  steps log generated by v++ for new launch 
timestamp: 19 Oct 2024 10:53:36
------------------------------------------
V++ internal step: writing a config file for vitis_hls: C:/ELEC522/GIM/GIM-2024-2025/gim_cpp_final/accelerator_component/accelerator/hls/config.cmdline
timestamp: 19 Oct 2024 10:53:36
V++ internal step status: success
------------------------------------------
V++ internal step: running vitis_hls
timestamp: 19 Oct 2024 10:53:36
working dir: C:/ELEC522/GIM/GIM-2024-2025/gim_cpp_final/accelerator_component
cmd: vitis_hls -nolog -run csynth -work_dir C:/ELEC522/GIM/GIM-2024-2025/gim_cpp_final/accelerator_component/accelerator -config C:/ELEC522/GIM/GIM-2024-2025/gim_cpp_final/accelerator_component/hls_config.cfg -cmdlineconfig C:/ELEC522/GIM/GIM-2024-2025/gim_cpp_final/accelerator_component/accelerator/hls/config.cmdline
V++ internal step status: success

------------------------------------------
VITIS-RUN command line :
------------------------------------------
C:/Xilinx/Vitis/2024.1/bin/unwrapped/win64.o/vitis-run.exe --mode hls --cosim --config C:\ELEC522\GIM\GIM-2024-2025\gim_cpp_final\accelerator_component\hls_config.cfg --work_dir accelerator 
  Options from -O    : 
  Options from *.ini : 
  Options from Hw Platform : 

==========================================
new:  steps log generated by v++ for new launch 
timestamp: 19 Oct 2024 11:00:14
------------------------------------------
VITIS-RUN internal step: writing a config file for vitis_hls: C:/ELEC522/GIM/GIM-2024-2025/gim_cpp_final/accelerator_component/accelerator/hls/config.cmdline
timestamp: 19 Oct 2024 11:00:14
VITIS-RUN internal step status: success
------------------------------------------
VITIS-RUN internal step: running vitis_hls
timestamp: 19 Oct 2024 11:00:14
working dir: C:/ELEC522/GIM/GIM-2024-2025/gim_cpp_final/accelerator_component
cmd: vitis_hls -nolog -run cosim -work_dir C:/ELEC522/GIM/GIM-2024-2025/gim_cpp_final/accelerator_component/accelerator -config C:/ELEC522/GIM/GIM-2024-2025/gim_cpp_final/accelerator_component/hls_config.cfg -cmdlineconfig C:/ELEC522/GIM/GIM-2024-2025/gim_cpp_final/accelerator_component/accelerator/hls/config.cmdline
VITIS-RUN internal step status: success

------------------------------------------
VITIS-RUN command line :
------------------------------------------
C:/Xilinx/Vitis/2024.1/bin/unwrapped/win64.o/vitis-run.exe --mode hls --package --config C:\ELEC522\GIM\GIM-2024-2025\gim_cpp_final\accelerator_component\hls_config.cfg --work_dir accelerator 
  Options from -O    : 
  Options from *.ini : 
  Options from Hw Platform : 

==========================================
new:  steps log generated by v++ for new launch 
timestamp: 19 Oct 2024 11:01:41
------------------------------------------
VITIS-RUN internal step: writing a config file for vitis_hls: C:/ELEC522/GIM/GIM-2024-2025/gim_cpp_final/accelerator_component/accelerator/hls/config.cmdline
timestamp: 19 Oct 2024 11:01:41
VITIS-RUN internal step status: success
------------------------------------------
VITIS-RUN internal step: running vitis_hls
timestamp: 19 Oct 2024 11:01:41
working dir: C:/ELEC522/GIM/GIM-2024-2025/gim_cpp_final/accelerator_component
cmd: vitis_hls -nolog -run package -work_dir C:/ELEC522/GIM/GIM-2024-2025/gim_cpp_final/accelerator_component/accelerator -config C:/ELEC522/GIM/GIM-2024-2025/gim_cpp_final/accelerator_component/hls_config.cfg -cmdlineconfig C:/ELEC522/GIM/GIM-2024-2025/gim_cpp_final/accelerator_component/accelerator/hls/config.cmdline
VITIS-RUN internal step status: success

------------------------------------------
VITIS-RUN command line :
------------------------------------------
C:/Xilinx/Vitis/2024.1/bin/unwrapped/win64.o/vitis-run.exe --mode hls --csim --config C:\ELEC522\GIM\GIM-2024-2025\gim_cpp_final\accelerator_component\hls_config.cfg --work_dir accelerator 
  Options from -O    : 
  Options from *.ini : 
  Options from Hw Platform : 

==========================================
new:  steps log generated by v++ for new launch 
timestamp: 27 Oct 2024 17:05:02
------------------------------------------
VITIS-RUN internal step: writing a config file for vitis_hls: C:/ELEC522/GIM/GIM-2024-2025/gim_cpp_final/accelerator_component/accelerator/hls/config.cmdline
timestamp: 27 Oct 2024 17:05:02
VITIS-RUN internal step status: success
------------------------------------------
VITIS-RUN internal step: running vitis_hls
timestamp: 27 Oct 2024 17:05:02
working dir: C:/ELEC522/GIM/GIM-2024-2025/gim_cpp_final/accelerator_component
cmd: vitis_hls -nolog -run csim -work_dir C:/ELEC522/GIM/GIM-2024-2025/gim_cpp_final/accelerator_component/accelerator -config C:/ELEC522/GIM/GIM-2024-2025/gim_cpp_final/accelerator_component/hls_config.cfg -cmdlineconfig C:/ELEC522/GIM/GIM-2024-2025/gim_cpp_final/accelerator_component/accelerator/hls/config.cmdline
VITIS-RUN internal step status: success

------------------------------------------
V++ command line :
------------------------------------------
C:/Xilinx/Vitis/2024.1/bin/unwrapped/win64.o/v++.exe -c --mode hls --config C:\ELEC522\GIM\GIM-2024-2025\gim_cpp_final\accelerator_component\hls_config.cfg --work_dir accelerator 
  Options from -O    : 
  Options from *.ini : 
  Options from Hw Platform : 

==========================================
new:  steps log generated by v++ for new launch 
timestamp: 27 Oct 2024 17:05:34
------------------------------------------
V++ internal step: writing a config file for vitis_hls: C:/ELEC522/GIM/GIM-2024-2025/gim_cpp_final/accelerator_component/accelerator/hls/config.cmdline
timestamp: 27 Oct 2024 17:05:34
V++ internal step status: success
------------------------------------------
V++ internal step: running vitis_hls
timestamp: 27 Oct 2024 17:05:34
working dir: C:/ELEC522/GIM/GIM-2024-2025/gim_cpp_final/accelerator_component
cmd: vitis_hls -nolog -run csynth -work_dir C:/ELEC522/GIM/GIM-2024-2025/gim_cpp_final/accelerator_component/accelerator -config C:/ELEC522/GIM/GIM-2024-2025/gim_cpp_final/accelerator_component/hls_config.cfg -cmdlineconfig C:/ELEC522/GIM/GIM-2024-2025/gim_cpp_final/accelerator_component/accelerator/hls/config.cmdline
V++ internal step status: success

------------------------------------------
VITIS-RUN command line :
------------------------------------------
C:/Xilinx/Vitis/2024.1/bin/unwrapped/win64.o/vitis-run.exe --mode hls --package --config C:\ELEC522\GIM\GIM-2024-2025\gim_cpp_final\accelerator_component\hls_config.cfg --work_dir accelerator 
  Options from -O    : 
  Options from *.ini : 
  Options from Hw Platform : 

==========================================
new:  steps log generated by v++ for new launch 
timestamp: 27 Oct 2024 17:09:29
------------------------------------------
VITIS-RUN internal step: writing a config file for vitis_hls: C:/ELEC522/GIM/GIM-2024-2025/gim_cpp_final/accelerator_component/accelerator/hls/config.cmdline
timestamp: 27 Oct 2024 17:09:29
VITIS-RUN internal step status: success
------------------------------------------
VITIS-RUN internal step: running vitis_hls
timestamp: 27 Oct 2024 17:09:29
working dir: C:/ELEC522/GIM/GIM-2024-2025/gim_cpp_final/accelerator_component
cmd: vitis_hls -nolog -run package -work_dir C:/ELEC522/GIM/GIM-2024-2025/gim_cpp_final/accelerator_component/accelerator -config C:/ELEC522/GIM/GIM-2024-2025/gim_cpp_final/accelerator_component/hls_config.cfg -cmdlineconfig C:/ELEC522/GIM/GIM-2024-2025/gim_cpp_final/accelerator_component/accelerator/hls/config.cmdline
VITIS-RUN internal step status: success

------------------------------------------
V++ command line :
------------------------------------------
C:/Xilinx/Vitis/2024.1/bin/unwrapped/win64.o/v++.exe -c --mode hls --config C:\ELEC522\GIM\GIM-2024-2025\gim_cpp_final\accelerator_component\hls_config.cfg --work_dir accelerator 
  Options from -O    : 
  Options from *.ini : 
  Options from Hw Platform : 

==========================================
new:  steps log generated by v++ for new launch 
timestamp: 27 Oct 2024 17:10:29
------------------------------------------
V++ internal step: writing a config file for vitis_hls: C:/ELEC522/GIM/GIM-2024-2025/gim_cpp_final/accelerator_component/accelerator/hls/config.cmdline
timestamp: 27 Oct 2024 17:10:29
V++ internal step status: success
------------------------------------------
V++ internal step: running vitis_hls
timestamp: 27 Oct 2024 17:10:29
working dir: C:/ELEC522/GIM/GIM-2024-2025/gim_cpp_final/accelerator_component
cmd: vitis_hls -nolog -run csynth -work_dir C:/ELEC522/GIM/GIM-2024-2025/gim_cpp_final/accelerator_component/accelerator -config C:/ELEC522/GIM/GIM-2024-2025/gim_cpp_final/accelerator_component/hls_config.cfg -cmdlineconfig C:/ELEC522/GIM/GIM-2024-2025/gim_cpp_final/accelerator_component/accelerator/hls/config.cmdline
V++ internal step status: success

------------------------------------------
V++ command line :
------------------------------------------
C:/Xilinx/Vitis/2024.1/bin/unwrapped/win64.o/v++.exe -c --mode hls --config C:\ELEC522\GIM\GIM-2024-2025\gim_cpp_final\accelerator_component\hls_config.cfg --work_dir accelerator 
  Options from -O    : 
  Options from *.ini : 
  Options from Hw Platform : 

==========================================
new:  steps log generated by v++ for new launch 
timestamp: 27 Oct 2024 17:11:57
------------------------------------------
V++ internal step: writing a config file for vitis_hls: C:/ELEC522/GIM/GIM-2024-2025/gim_cpp_final/accelerator_component/accelerator/hls/config.cmdline
timestamp: 27 Oct 2024 17:11:57
V++ internal step status: success
------------------------------------------
V++ internal step: running vitis_hls
timestamp: 27 Oct 2024 17:11:57
working dir: C:/ELEC522/GIM/GIM-2024-2025/gim_cpp_final/accelerator_component
cmd: vitis_hls -nolog -run csynth -work_dir C:/ELEC522/GIM/GIM-2024-2025/gim_cpp_final/accelerator_component/accelerator -config C:/ELEC522/GIM/GIM-2024-2025/gim_cpp_final/accelerator_component/hls_config.cfg -cmdlineconfig C:/ELEC522/GIM/GIM-2024-2025/gim_cpp_final/accelerator_component/accelerator/hls/config.cmdline
V++ internal step status: success

------------------------------------------
V++ command line :
------------------------------------------
C:/Xilinx/Vitis/2024.1/bin/unwrapped/win64.o/v++.exe -c --mode hls --config C:\ELEC522\GIM\GIM-2024-2025\gim_cpp_final\accelerator_component\hls_config.cfg --work_dir accelerator 
  Options from -O    : 
  Options from *.ini : 
  Options from Hw Platform : 

==========================================
new:  steps log generated by v++ for new launch 
timestamp: 27 Oct 2024 17:13:28
------------------------------------------
V++ internal step: writing a config file for vitis_hls: C:/ELEC522/GIM/GIM-2024-2025/gim_cpp_final/accelerator_component/accelerator/hls/config.cmdline
timestamp: 27 Oct 2024 17:13:28
V++ internal step status: success
------------------------------------------
V++ internal step: running vitis_hls
timestamp: 27 Oct 2024 17:13:28
working dir: C:/ELEC522/GIM/GIM-2024-2025/gim_cpp_final/accelerator_component
cmd: vitis_hls -nolog -run csynth -work_dir C:/ELEC522/GIM/GIM-2024-2025/gim_cpp_final/accelerator_component/accelerator -config C:/ELEC522/GIM/GIM-2024-2025/gim_cpp_final/accelerator_component/hls_config.cfg -cmdlineconfig C:/ELEC522/GIM/GIM-2024-2025/gim_cpp_final/accelerator_component/accelerator/hls/config.cmdline
V++ internal step status: success

------------------------------------------
VITIS-RUN command line :
------------------------------------------
C:/Xilinx/Vitis/2024.1/bin/unwrapped/win64.o/vitis-run.exe --mode hls --package --config C:\ELEC522\GIM\GIM-2024-2025\gim_cpp_final\accelerator_component\hls_config.cfg --work_dir accelerator 
  Options from -O    : 
  Options from *.ini : 
  Options from Hw Platform : 

==========================================
new:  steps log generated by v++ for new launch 
timestamp: 27 Oct 2024 17:15:52
------------------------------------------
VITIS-RUN internal step: writing a config file for vitis_hls: C:/ELEC522/GIM/GIM-2024-2025/gim_cpp_final/accelerator_component/accelerator/hls/config.cmdline
timestamp: 27 Oct 2024 17:15:52
VITIS-RUN internal step status: success
------------------------------------------
VITIS-RUN internal step: running vitis_hls
timestamp: 27 Oct 2024 17:15:52
working dir: C:/ELEC522/GIM/GIM-2024-2025/gim_cpp_final/accelerator_component
cmd: vitis_hls -nolog -run package -work_dir C:/ELEC522/GIM/GIM-2024-2025/gim_cpp_final/accelerator_component/accelerator -config C:/ELEC522/GIM/GIM-2024-2025/gim_cpp_final/accelerator_component/hls_config.cfg -cmdlineconfig C:/ELEC522/GIM/GIM-2024-2025/gim_cpp_final/accelerator_component/accelerator/hls/config.cmdline
VITIS-RUN internal step status: success

------------------------------------------
VITIS-RUN command line :
------------------------------------------
C:/Xilinx/Vitis/2024.1/bin/unwrapped/win64.o/vitis-run.exe --mode hls --csim --config C:\ELEC522\GIM\GIM-2024-2025\gim_cpp_final\accelerator_component\hls_config.cfg --work_dir accelerator 
  Options from -O    : 
  Options from *.ini : 
  Options from Hw Platform : 

==========================================
new:  steps log generated by v++ for new launch 
timestamp: 29 Oct 2024 09:30:30
------------------------------------------
VITIS-RUN internal step: writing a config file for vitis_hls: C:/ELEC522/GIM/GIM-2024-2025/gim_cpp_final/accelerator_component/accelerator/hls/config.cmdline
timestamp: 29 Oct 2024 09:30:30
VITIS-RUN internal step status: success
------------------------------------------
VITIS-RUN internal step: running vitis_hls
timestamp: 29 Oct 2024 09:30:30
working dir: C:/ELEC522/GIM/GIM-2024-2025/gim_cpp_final/accelerator_component
cmd: vitis_hls -nolog -run csim -work_dir C:/ELEC522/GIM/GIM-2024-2025/gim_cpp_final/accelerator_component/accelerator -config C:/ELEC522/GIM/GIM-2024-2025/gim_cpp_final/accelerator_component/hls_config.cfg -cmdlineconfig C:/ELEC522/GIM/GIM-2024-2025/gim_cpp_final/accelerator_component/accelerator/hls/config.cmdline
VITIS-RUN internal step status: success

------------------------------------------
V++ command line :
------------------------------------------
C:/Xilinx/Vitis/2024.1/bin/unwrapped/win64.o/v++.exe -c --mode hls --config C:\ELEC522\GIM\GIM-2024-2025\gim_cpp_final\accelerator_component\hls_config.cfg --work_dir accelerator 
  Options from -O    : 
  Options from *.ini : 
  Options from Hw Platform : 

==========================================
new:  steps log generated by v++ for new launch 
timestamp: 29 Oct 2024 09:30:54
------------------------------------------
V++ internal step: writing a config file for vitis_hls: C:/ELEC522/GIM/GIM-2024-2025/gim_cpp_final/accelerator_component/accelerator/hls/config.cmdline
timestamp: 29 Oct 2024 09:30:54
V++ internal step status: success
------------------------------------------
V++ internal step: running vitis_hls
timestamp: 29 Oct 2024 09:30:54
working dir: C:/ELEC522/GIM/GIM-2024-2025/gim_cpp_final/accelerator_component
cmd: vitis_hls -nolog -run csynth -work_dir C:/ELEC522/GIM/GIM-2024-2025/gim_cpp_final/accelerator_component/accelerator -config C:/ELEC522/GIM/GIM-2024-2025/gim_cpp_final/accelerator_component/hls_config.cfg -cmdlineconfig C:/ELEC522/GIM/GIM-2024-2025/gim_cpp_final/accelerator_component/accelerator/hls/config.cmdline
V++ internal step status: success

------------------------------------------
V++ command line :
------------------------------------------
C:/Xilinx/Vitis/2024.1/bin/unwrapped/win64.o/v++.exe -c --mode hls --config C:\ELEC522\GIM\GIM-2024-2025\gim_cpp_final\accelerator_component\hls_config.cfg --work_dir accelerator 
  Options from -O    : 
  Options from *.ini : 
  Options from Hw Platform : 

==========================================
new:  steps log generated by v++ for new launch 
timestamp: 29 Oct 2024 09:33:23
------------------------------------------
V++ internal step: writing a config file for vitis_hls: C:/ELEC522/GIM/GIM-2024-2025/gim_cpp_final/accelerator_component/accelerator/hls/config.cmdline
timestamp: 29 Oct 2024 09:33:23
V++ internal step status: success
------------------------------------------
V++ internal step: running vitis_hls
timestamp: 29 Oct 2024 09:33:23
working dir: C:/ELEC522/GIM/GIM-2024-2025/gim_cpp_final/accelerator_component
cmd: vitis_hls -nolog -run csynth -work_dir C:/ELEC522/GIM/GIM-2024-2025/gim_cpp_final/accelerator_component/accelerator -config C:/ELEC522/GIM/GIM-2024-2025/gim_cpp_final/accelerator_component/hls_config.cfg -cmdlineconfig C:/ELEC522/GIM/GIM-2024-2025/gim_cpp_final/accelerator_component/accelerator/hls/config.cmdline
V++ internal step status: success

------------------------------------------
VITIS-RUN command line :
------------------------------------------
C:/Xilinx/Vitis/2024.1/bin/unwrapped/win64.o/vitis-run.exe --mode hls --package --config C:\ELEC522\GIM\GIM-2024-2025\gim_cpp_final\accelerator_component\hls_config.cfg --work_dir accelerator 
  Options from -O    : 
  Options from *.ini : 
  Options from Hw Platform : 

==========================================
new:  steps log generated by v++ for new launch 
timestamp: 29 Oct 2024 09:34:55
------------------------------------------
VITIS-RUN internal step: writing a config file for vitis_hls: C:/ELEC522/GIM/GIM-2024-2025/gim_cpp_final/accelerator_component/accelerator/hls/config.cmdline
timestamp: 29 Oct 2024 09:34:55
VITIS-RUN internal step status: success
------------------------------------------
VITIS-RUN internal step: running vitis_hls
timestamp: 29 Oct 2024 09:34:55
working dir: C:/ELEC522/GIM/GIM-2024-2025/gim_cpp_final/accelerator_component
cmd: vitis_hls -nolog -run package -work_dir C:/ELEC522/GIM/GIM-2024-2025/gim_cpp_final/accelerator_component/accelerator -config C:/ELEC522/GIM/GIM-2024-2025/gim_cpp_final/accelerator_component/hls_config.cfg -cmdlineconfig C:/ELEC522/GIM/GIM-2024-2025/gim_cpp_final/accelerator_component/accelerator/hls/config.cmdline
VITIS-RUN internal step status: success

------------------------------------------
VITIS-RUN command line :
------------------------------------------
C:/Xilinx/Vitis/2024.1/bin/unwrapped/win64.o/vitis-run.exe --mode hls --csim --config C:\GIM_XOR\GIM-2024-2025\gim_cpp_final\accelerator_component\hls_config.cfg --work_dir accelerator 
  Options from -O    : 
  Options from *.ini : 
  Options from Hw Platform : 

==========================================
new:  steps log generated by v++ for new launch 
timestamp: 17 Nov 2024 13:32:05
------------------------------------------
VITIS-RUN internal step: writing a config file for vitis_hls: C:/GIM_XOR/GIM-2024-2025/gim_cpp_final/accelerator_component/accelerator/hls/config.cmdline
timestamp: 17 Nov 2024 13:32:05
VITIS-RUN internal step status: success
------------------------------------------
VITIS-RUN internal step: running vitis_hls
timestamp: 17 Nov 2024 13:32:05
working dir: C:/GIM_XOR/GIM-2024-2025/gim_cpp_final/accelerator_component
cmd: vitis_hls -nolog -run csim -work_dir C:/GIM_XOR/GIM-2024-2025/gim_cpp_final/accelerator_component/accelerator -config C:/GIM_XOR/GIM-2024-2025/gim_cpp_final/accelerator_component/hls_config.cfg -cmdlineconfig C:/GIM_XOR/GIM-2024-2025/gim_cpp_final/accelerator_component/accelerator/hls/config.cmdline
VITIS-RUN internal step status: fail
