INFO: [vitis-run 60-1548] Creating build summary session with primary output C:/ELEC522/GIM/GIM-2024-2025/gim_cpp_final/accelerator_component/accelerator\accelerator.hlsrun_csim_summary, at 10/29/24 09:30:30
INFO: [vitis-run 82-31] Launching vitis_hls: vitis_hls -nolog -run csim -work_dir C:/ELEC522/GIM/GIM-2024-2025/gim_cpp_final/accelerator_component/accelerator -config C:/ELEC522/GIM/GIM-2024-2025/gim_cpp_final/accelerator_component/hls_config.cfg -cmdlineconfig C:/ELEC522/GIM/GIM-2024-2025/gim_cpp_final/accelerator_component/accelerator/hls/config.cmdline

****** Vitis HLS - High-Level Synthesis from C, C++ and OpenCL v2024.1 (64-bit)
  **** SW Build 5069499 on May 21 2024
  **** IP Build 5075265 on Wed May 22 21:45:21 MDT 2024
  **** SharedData Build 5076995 on Wed May 22 18:29:18 MDT 2024
  **** Start of session at: Tue Oct 29 09:30:32 2024
    ** Copyright 1986-2022 Xilinx, Inc. All Rights Reserved.
    ** Copyright 2022-2024 Advanced Micro Devices, Inc. All Rights Reserved.

source C:/Xilinx/Vitis_HLS/2024.1/scripts/vitis_hls/hls.tcl -notrace
INFO: [HLS 200-10] For user 'pac9' on host 'ryn-b10-pc-13.ad.rice.edu' (Windows NT_amd64 version 10.0) on Tue Oct 29 09:30:34 -0500 2024
INFO: [HLS 200-10] In directory 'C:/ELEC522/GIM/GIM-2024-2025/gim_cpp_final/accelerator_component'
INFO: [HLS 200-2005] Using work_dir C:/ELEC522/GIM/GIM-2024-2025/gim_cpp_final/accelerator_component/accelerator 
INFO: [HLS 200-1505] Using default flow_target 'vivado'
Resolution: For help on HLS 200-1505 see docs.xilinx.com/access/sources/dita/topic?Doc_Version=2024.1%20English&url=ug1448-hls-guidance&resourceid=200-1505.html
INFO: [HLS 200-1465] Applying ini 'syn.file=C:/ELEC522/GIM/GIM-2024-2025/gim_cpp_final/accelerator.cpp' from C:/ELEC522/GIM/GIM-2024-2025/gim_cpp_final/accelerator_component/hls_config.cfg(8)
INFO: [HLS 200-10] Adding design file 'C:/ELEC522/GIM/GIM-2024-2025/gim_cpp_final/accelerator.cpp' to the project
INFO: [HLS 200-1465] Applying ini 'syn.file=C:/ELEC522/GIM/GIM-2024-2025/gim_cpp_final/act_pe.cpp' from C:/ELEC522/GIM/GIM-2024-2025/gim_cpp_final/accelerator_component/hls_config.cfg(9)
INFO: [HLS 200-10] Adding design file 'C:/ELEC522/GIM/GIM-2024-2025/gim_cpp_final/act_pe.cpp' to the project
INFO: [HLS 200-1465] Applying ini 'syn.file=C:/ELEC522/GIM/GIM-2024-2025/gim_cpp_final/array.cpp' from C:/ELEC522/GIM/GIM-2024-2025/gim_cpp_final/accelerator_component/hls_config.cfg(10)
INFO: [HLS 200-10] Adding design file 'C:/ELEC522/GIM/GIM-2024-2025/gim_cpp_final/array.cpp' to the project
INFO: [HLS 200-1465] Applying ini 'syn.file=C:/ELEC522/GIM/GIM-2024-2025/gim_cpp_final/bias_pe.cpp' from C:/ELEC522/GIM/GIM-2024-2025/gim_cpp_final/accelerator_component/hls_config.cfg(11)
INFO: [HLS 200-10] Adding design file 'C:/ELEC522/GIM/GIM-2024-2025/gim_cpp_final/bias_pe.cpp' to the project
INFO: [HLS 200-1465] Applying ini 'syn.file=C:/ELEC522/GIM/GIM-2024-2025/gim_cpp_final/error_pe.cpp' from C:/ELEC522/GIM/GIM-2024-2025/gim_cpp_final/accelerator_component/hls_config.cfg(12)
INFO: [HLS 200-10] Adding design file 'C:/ELEC522/GIM/GIM-2024-2025/gim_cpp_final/error_pe.cpp' to the project
INFO: [HLS 200-1465] Applying ini 'syn.file=C:/ELEC522/GIM/GIM-2024-2025/gim_cpp_final/weight_pe.cpp' from C:/ELEC522/GIM/GIM-2024-2025/gim_cpp_final/accelerator_component/hls_config.cfg(13)
INFO: [HLS 200-10] Adding design file 'C:/ELEC522/GIM/GIM-2024-2025/gim_cpp_final/weight_pe.cpp' to the project
INFO: [HLS 200-1465] Applying ini 'tb.file=C:/ELEC522/GIM/GIM-2024-2025/gim_cpp_final/main.cpp' from C:/ELEC522/GIM/GIM-2024-2025/gim_cpp_final/accelerator_component/hls_config.cfg(14)
INFO: [HLS 200-10] Adding test bench file 'C:/ELEC522/GIM/GIM-2024-2025/gim_cpp_final/main.cpp' to the project
INFO: [HLS 200-1465] Applying ini 'tb.file_cflags=C:/ELEC522/GIM/GIM-2024-2025/gim_cpp_final/main.cpp,-D HW_COSIM' from C:/ELEC522/GIM/GIM-2024-2025/gim_cpp_final/accelerator_component/hls_config.cfg(15)
INFO: [HLS 200-1465] Applying ini 'syn.top=accelerator' from C:/ELEC522/GIM/GIM-2024-2025/gim_cpp_final/accelerator_component/hls_config.cfg(7)
INFO: [HLS 200-1465] Applying ini 'flow_target=vivado' from C:/ELEC522/GIM/GIM-2024-2025/gim_cpp_final/accelerator_component/hls_config.cfg(4)
INFO: [HLS 200-1505] Using flow_target 'vivado'
Resolution: For help on HLS 200-1505 see docs.xilinx.com/access/sources/dita/topic?Doc_Version=2024.1%20English&url=ug1448-hls-guidance&resourceid=200-1505.html
INFO: [HLS 200-1465] Applying ini 'part=xczu3eg-sfvc784-1-e' from C:/ELEC522/GIM/GIM-2024-2025/gim_cpp_final/accelerator_component/hls_config.cfg(1)
INFO: [HLS 200-1611] Setting target device to 'xczu3eg-sfvc784-1-e'
INFO: [HLS 200-1465] Applying ini 'clock=10ns' from C:/ELEC522/GIM/GIM-2024-2025/gim_cpp_final/accelerator_component/hls_config.cfg(16)
INFO: [SYN 201-201] Setting up clock 'default' with a period of 10ns.
INFO: [HLS 200-1465] Applying ini 'clock_uncertainty=2ns' from C:/ELEC522/GIM/GIM-2024-2025/gim_cpp_final/accelerator_component/hls_config.cfg(17)
INFO: [SYN 201-201] Setting up clock 'default' with an uncertainty of 2ns.
INFO: [HLS 200-1465] Applying ini 'csim.code_analyzer=0' from C:/ELEC522/GIM/GIM-2024-2025/gim_cpp_final/accelerator_component/hls_config.cfg(18)
INFO: [HLS 200-1465] Applying ini 'package.output.format=ip_catalog' from C:/ELEC522/GIM/GIM-2024-2025/gim_cpp_final/accelerator_component/hls_config.cfg(5)
INFO: [SIM 211-2] *************** CSIM start ***************
INFO: [SIM 211-4] CSIM will launch CLANG as the compiler.
INFO: [HLS 200-2036] Building debug C Simulation binaries
   Compiling ../../../../../accelerator.cpp in debug mode
   Generating csim.exe
In file included from ../../../../../accelerator.cpp:1:
In file included from ../../../../../gim_model.h:4:
In file included from C:/Xilinx/Vitis_HLS/2024.1/include/ap_fixed.h:9:
In file included from C:/Xilinx/Vitis_HLS/2024.1/include/etc/ap_common.h:658:
In file included from C:/Xilinx/Vitis_HLS/2024.1/include/etc/ap_private.h:68:
In file included from C:/Xilinx/Vitis_HLS/2024.1/include/hls_half.h:26:
In file included from C:/Xilinx/Vitis_HLS/2024.1/include/etc/hls_half_fpo.h:19:
In file included from C:/Xilinx/Vitis_HLS/2024.1/include/hls_fpo.h:140:
In file included from C:/Xilinx/Vitis_HLS/2024.1/include/floating_point_v7_1_bitacc_cmodel.h:150:
C:/Xilinx/Vitis_HLS/2024.1/include/gmp.h:58:9: warning: '__GMP_LIBGMP_DLL' macro redefined [-Wmacro-redefined]
#define __GMP_LIBGMP_DLL  0
        ^
C:/Xilinx/Vitis_HLS/2024.1/include/floating_point_v7_1_bitacc_cmodel.h:142:9: note: previous definition is here
#define __GMP_LIBGMP_DLL 1
        ^
1 warning generated.
The following are the predictions of the DNN:
1
1
0
0
INFO: [SIM 211-1] CSim done with 0 errors.
INFO: [SIM 211-3] *************** CSIM finish ***************
INFO: [HLS 200-112] Total CPU user time: 1 seconds. Total CPU system time: 1 seconds. Total elapsed time: 8.637 seconds; peak allocated memory: 141.938 MB.
INFO: [vitis-run 60-791] Total elapsed time: 0h 0m 13s
