C:\GIM\hls_ltr\example_acc\example_acc\hls\.autopilot\db\send_data.pp.0.cpp:5012:5: warning: Added loop label VITIS_LOOP_676_1:   [xilinx-label-all-loops]
    for (unsigned i = low; i != high+1; ++i) {
    ^~~
    VITIS_LOOP_676_1: 
C:\GIM\hls_ltr\example_acc\example_acc\hls\.autopilot\db\send_data.pp.0.cpp:5012:5: note: FIX-IT applied suggested code changes
C:\GIM\hls_ltr\example_acc\example_acc\hls\.autopilot\db\send_data.pp.0.cpp:5026:5: warning: Added loop label VITIS_LOOP_690_1:   [xilinx-label-all-loops]
    for (unsigned i = low; i != high+1; ++i) {
    ^~~
    VITIS_LOOP_690_1: 
C:\GIM\hls_ltr\example_acc\example_acc\hls\.autopilot\db\send_data.pp.0.cpp:5026:5: note: FIX-IT applied suggested code changes
C:\GIM\hls_ltr\example_acc\example_acc\hls\.autopilot\db\send_data.pp.0.cpp:5040:5: warning: Added loop label VITIS_LOOP_704_1:   [xilinx-label-all-loops]
    for (unsigned i = low; i != high+1; ++i) {
    ^~~
    VITIS_LOOP_704_1: 
C:\GIM\hls_ltr\example_acc\example_acc\hls\.autopilot\db\send_data.pp.0.cpp:5040:5: note: FIX-IT applied suggested code changes
C:\GIM\hls_ltr\example_acc\example_acc\hls\.autopilot\db\send_data.pp.0.cpp:6674:7: warning: Added loop label VITIS_LOOP_1248_1:   [xilinx-label-all-loops]
      for (i = 0; i < __N - 1; ++i) {
      ^~~
      VITIS_LOOP_1248_1: 
C:\GIM\hls_ltr\example_acc\example_acc\hls\.autopilot\db\send_data.pp.0.cpp:6674:7: note: FIX-IT applied suggested code changes
C:\GIM\hls_ltr\example_acc\example_acc\hls\.autopilot\db\send_data.pp.0.cpp:31888:5: warning: Added loop label VITIS_LOOP_11_1:   [xilinx-label-all-loops]
    for (int i = 0; i < 2; i++) {
    ^~~
    VITIS_LOOP_11_1: 
C:\GIM\hls_ltr\example_acc\example_acc\hls\.autopilot\db\send_data.pp.0.cpp:31888:5: note: FIX-IT applied suggested code changes
C:\GIM\hls_ltr\example_acc\example_acc\hls\.autopilot\db\send_data.pp.0.cpp:31908:5: warning: Added loop label VITIS_LOOP_31_1:   [xilinx-label-all-loops]
    for (int i = 0; i < BITS; i++){
    ^~~
    VITIS_LOOP_31_1: 
C:\GIM\hls_ltr\example_acc\example_acc\hls\.autopilot\db\send_data.pp.0.cpp:31908:5: note: FIX-IT applied suggested code changes
