2025-02-20 11:25:21 [info] : [Platform Server] Creating platform platform  output stream finished - platform. 
2025-02-20 11:25:54 [info] : [Platform Server] Generate platform output stream finished - platform. 
2025-02-20 14:56:26 [info] : [Platform Server] Generate platform output stream finished - platform. 
2025-02-20 14:56:30 [info] : [Build Server] Build output stream finished - example_acc_file::. 
2025-02-20 14:56:55 [info] : [Platform Server] Generate platform output stream finished - platform. 
2025-02-20 14:56:56 [info] : [Build Server] Build output stream finished - example_acc_file::. 
2025-02-20 14:57:27 [info] : [Platform Server] Generate platform output stream finished - platform. 
2025-02-20 14:57:29 [info] : [Build Server] Build output stream finished - example_acc_file::. 
2025-02-20 15:05:04 [info] : [Platform Server] Generate platform output stream finished - platform. 
2025-02-20 15:05:06 [info] : [Build Server] Build output stream finished - example_acc_file::. 
2025-02-20 15:06:06 [info] : [Platform Server] Generate platform output stream finished - platform. 
2025-02-20 15:06:08 [info] : [Build Server] Build output stream finished - example_acc_file::. 
2025-02-20 15:06:54 [info] : [Platform Server] Generate platform output stream finished - platform. 
2025-02-20 15:06:56 [info] : [Build Server] Build output stream finished - example_acc_file::. 
2025-02-20 15:08:58 [info] : [Platform Server] Generate platform output stream finished - platform. 
2025-02-20 15:08:59 [info] : [Build Server] Build output stream finished - example_acc_file::. 
2025-02-20 15:14:03 [info] : [Platform Server] Generate platform output stream finished - platform. 
2025-02-20 15:14:05 [info] : [Build Server] Build output stream finished - example_acc_file::. 
2025-02-20 15:17:58 [info] : [Platform Server] Generate platform output stream finished - platform. 
2025-02-20 15:18:00 [info] : [Build Server] Build output stream finished - example_acc_file::. 
2025-02-20 15:19:03 [info] : [Platform Server] Generate platform output stream finished - platform. 
2025-02-20 15:19:04 [info] : [Build Server] Build output stream finished - example_acc_file::. 
2025-02-20 15:19:44 [info] : [Platform Server] Generate platform output stream finished - platform. 
2025-02-20 15:19:45 [info] : [Build Server] Build output stream finished - example_acc_file::. 
2025-02-20 15:23:40 [info] : [Platform Server] Generate platform output stream finished - platform. 
2025-02-20 15:23:41 [info] : [Build Server] Build output stream finished - example_acc_file::. 
2025-02-20 15:25:04 [info] : [Platform Server] Generate platform output stream finished - platform. 
2025-02-20 15:25:05 [info] : [Build Server] Build output stream finished - example_acc_file::. 
2025-02-20 15:29:17 [info] : [Platform Server] Generate platform output stream finished - platform. 
2025-02-20 15:29:18 [info] : [Build Server] Build output stream finished - example_acc_file::. 
2025-02-20 15:34:12 [info] : [Platform Server] Generate platform output stream finished - platform. 
2025-02-20 15:34:15 [info] : [Build Server] Build output stream finished - example_acc_file::. 
2025-02-20 15:36:54 [info] : [Platform Server] Generate platform output stream finished - platform. 
2025-02-20 15:36:58 [info] : [Build Server] Build output stream finished - example_acc_file::. 
2025-02-20 15:38:46 [info] : [Platform Server] Generate platform output stream finished - platform. 
2025-02-20 15:38:49 [info] : [Build Server] Build output stream finished - example_acc_file::. 
2025-02-20 15:40:25 [info] : [Platform Server] Generate platform output stream finished - platform. 
2025-02-20 15:40:28 [info] : [Build Server] Build output stream finished - example_acc_file::. 
2025-02-20 15:47:57 [info] : [Platform Server] Generate platform output stream finished - platform. 
2025-02-20 15:48:00 [info] : [Build Server] Build output stream finished - example_acc_file::. 
2025-02-20 15:49:07 [info] : [Platform Server] Generate platform output stream finished - platform. 
2025-02-20 15:49:09 [info] : [Build Server] Build output stream finished - example_acc_file::. 
2025-02-20 15:54:19 [info] : [Platform Server] Generate platform output stream finished - platform. 
2025-02-20 15:54:21 [info] : [Build Server] Build output stream finished - example_acc_file::. 
2025-02-20 15:54:43 [info] : [Platform Server] Generate platform output stream finished - platform. 
2025-02-20 15:54:45 [info] : [Build Server] Build output stream finished - example_acc_file::. 
2025-02-20 15:56:16 [info] : [Platform Server] Generate platform output stream finished - platform. 
2025-02-20 15:56:18 [info] : [Build Server] Build output stream finished - example_acc_file::. 
2025-02-20 16:12:53 [info] : [Platform Server] Generate platform output stream finished - platform. 
2025-02-20 16:12:55 [info] : [Build Server] Build output stream finished - example_acc_file::. 
2025-02-20 16:13:38 [info] : [Platform Server] Generate platform output stream finished - platform. 
2025-02-20 16:13:40 [info] : [Build Server] Build output stream finished - example_acc_file::. 
2025-02-20 16:14:38 [info] : [Platform Server] Generate platform output stream finished - platform. 
2025-02-20 16:14:40 [info] : [Build Server] Build output stream finished - example_acc_file::. 
2025-02-20 16:16:13 [info] : [Platform Server] Generate platform output stream finished - platform. 
2025-02-20 16:16:16 [info] : [Build Server] Build output stream finished - example_acc_file::. 
2025-02-20 16:16:30 [info] : [Platform Server] Generate platform output stream finished - platform. 
2025-02-20 16:16:33 [info] : [Build Server] Build output stream finished - example_acc_file::. 
2025-02-20 16:19:33 [info] : [Platform Server] Generate platform output stream finished - platform. 
2025-02-20 16:19:35 [info] : [Build Server] Build output stream finished - example_acc_file::. 
2025-02-20 16:29:42 [info] : [Platform Server] Generate platform output stream finished - platform. 
2025-02-20 16:29:45 [info] : [Build Server] Build output stream finished - example_acc_file::. 
2025-02-20 16:32:25 [info] : [Platform Server] Generate platform output stream finished - platform. 
2025-02-20 16:32:27 [info] : [Build Server] Build output stream finished - example_acc_file::. 
2025-02-20 16:44:33 [info] : [Debug Manager] Successfully verified the target connection used  Local 
2025-02-20 16:44:33 [info] : [Debug Manager] Starting launch in 'run' mode using configuration: {"type":"tcf-debug","request":"launch","name":"example_acc_file_app_hw_1","debugType":"baremetal-zu","attachToRunningTargetOptions":{"targetSetupMode":"standalone","executeScript":true,"scriptPath":""},"autoAttachProcessChildren":false,"target":{"targetConnectionId":"Local","peersIniPath":"../../_ide/.peers.ini","context":"ZUPlus"},"pathMap":[],"targetSetup":{"resetSystem":true,"programDevice":true,"enableRPUSplitMode":false,"resetAPU":false,"resetRPU":false,"bitstreamFile":"${workspaceFolder}\\example_acc_file\\_ide\\bitstream\\design_1_wrapper.bit","zuInitialization":{"isFsbl":true,"usingFSBL":{"initWithFSBL":true,"fsblFile":"${workspaceFolder}\\platform\\export\\platform\\sw\\boot\\fsbl.elf","fsblExitSymbol":"XFsbl_Exit"},"usingPsuInit":{"runPsuInit":true,"plPowerup":false,"psuInitTclFile":"${workspaceFolder}\\example_acc_file\\_ide\\psinit\\example_acc.tcl"}},"zuTraceOptions":{"isSelected":false,"scratchAddress":"0x60000","scratchSize":"0x60000","traceOutputPath":""},"downloadElf":[{"core":"psu_cortexa53_0","resetProcessor":true,"elfFile":"${workspaceFolder}\\example_acc_file\\build\\example_acc_file.elf","stopAtEntry":false}],"crossTriggerBreakpoints":{"isSelected":false,"breakpoints":[]}},"internalConsoleOptions":"openOnSessionStart","__configUri":"file:///c%3A/GIM/hls_ltr/example_acc_file/_ide/launch.json"} 
2025-02-20 16:44:34 [info] : [Debug Manager] Disabling breakpoints in the tool to enable run mode for 'example_acc_file_app_hw_1 [example_acc_file]'. 
2025-02-20 16:44:34 [info] : [Debug Manager] Launch session has started on the configuration 'example_acc_file_app_hw_1 [example_acc_file]' 
2025-02-20 16:45:17 [info] : [Debug Manager] Launch session has terminated on the configuration 'example_acc_file_app_hw_1 [example_acc_file]' 
2025-02-20 16:45:17 [info] : [Debug Manager] Enabling breakpoints after running the application using 'example_acc_file_app_hw_1 [example_acc_file]'. 
2025-02-20 16:48:34 [info] : [Platform Server] Generate platform output stream finished - platform. 
2025-02-20 16:48:37 [info] : [Build Server] Build output stream finished - example_acc_file::. 
2025-02-20 17:49:43 [info] : [Platform Server] Generate platform output stream finished - platform. 
2025-02-20 17:49:46 [info] : [Build Server] Build output stream finished - example_acc_file::. 
2025-02-20 17:52:01 [info] : [Debug Manager] Successfully verified the target connection used  Local 
2025-02-20 17:52:01 [info] : [Debug Manager] Starting launch in 'run' mode using configuration: {"type":"tcf-debug","request":"launch","name":"example_acc_file_app_hw_1","debugType":"baremetal-zu","attachToRunningTargetOptions":{"targetSetupMode":"standalone","executeScript":true,"scriptPath":""},"autoAttachProcessChildren":false,"target":{"targetConnectionId":"Local","peersIniPath":"../../_ide/.peers.ini","context":"ZUPlus"},"pathMap":[],"targetSetup":{"resetSystem":true,"programDevice":true,"enableRPUSplitMode":false,"resetAPU":false,"resetRPU":false,"bitstreamFile":"${workspaceFolder}\\example_acc_file\\_ide\\bitstream\\design_1_wrapper.bit","zuInitialization":{"isFsbl":true,"usingFSBL":{"initWithFSBL":true,"fsblFile":"${workspaceFolder}\\platform\\export\\platform\\sw\\boot\\fsbl.elf","fsblExitSymbol":"XFsbl_Exit"},"usingPsuInit":{"runPsuInit":true,"plPowerup":false,"psuInitTclFile":"${workspaceFolder}\\example_acc_file\\_ide\\psinit\\example_acc.tcl"}},"zuTraceOptions":{"isSelected":false,"scratchAddress":"0x60000","scratchSize":"0x60000","traceOutputPath":""},"downloadElf":[{"core":"psu_cortexa53_0","resetProcessor":true,"elfFile":"${workspaceFolder}\\example_acc_file\\build\\example_acc_file.elf","stopAtEntry":false}],"crossTriggerBreakpoints":{"isSelected":false,"breakpoints":[]}},"internalConsoleOptions":"openOnSessionStart","__configUri":"file:///c%3A/GIM/hls_ltr/example_acc_file/_ide/launch.json"} 
2025-02-20 17:52:01 [info] : [Debug Manager] Disabling breakpoints in the tool to enable run mode for 'example_acc_file_app_hw_1 [example_acc_file]'. 
2025-02-20 17:52:02 [info] : [Debug Manager] Launch session has started on the configuration 'example_acc_file_app_hw_1 [example_acc_file]' 
2025-02-20 17:52:47 [info] : [Debug Manager] Launch session has terminated on the configuration 'example_acc_file_app_hw_1 [example_acc_file]' 
2025-02-20 17:52:47 [info] : [Debug Manager] Enabling breakpoints after running the application using 'example_acc_file_app_hw_1 [example_acc_file]'. 
2025-02-21 08:48:31 [info] : [Platform Server] Generate platform output stream finished - platform. 
2025-02-21 08:48:35 [info] : [Build Server] Build output stream finished - example_acc_file::. 
2025-02-21 08:50:18 [info] : [Debug Manager] Successfully verified the target connection used  Local 
2025-02-21 08:50:18 [info] : [Debug Manager] Starting launch in 'run' mode using configuration: {"type":"tcf-debug","request":"launch","name":"example_acc_file_app_hw_1","debugType":"baremetal-zu","attachToRunningTargetOptions":{"targetSetupMode":"standalone","executeScript":true,"scriptPath":""},"autoAttachProcessChildren":false,"target":{"targetConnectionId":"Local","peersIniPath":"../../_ide/.peers.ini","context":"ZUPlus"},"pathMap":[],"targetSetup":{"resetSystem":true,"programDevice":true,"enableRPUSplitMode":false,"resetAPU":false,"resetRPU":false,"bitstreamFile":"${workspaceFolder}\\example_acc_file\\_ide\\bitstream\\design_1_wrapper.bit","zuInitialization":{"isFsbl":true,"usingFSBL":{"initWithFSBL":true,"fsblFile":"${workspaceFolder}\\platform\\export\\platform\\sw\\boot\\fsbl.elf","fsblExitSymbol":"XFsbl_Exit"},"usingPsuInit":{"runPsuInit":true,"plPowerup":false,"psuInitTclFile":"${workspaceFolder}\\example_acc_file\\_ide\\psinit\\example_acc.tcl"}},"zuTraceOptions":{"isSelected":false,"scratchAddress":"0x60000","scratchSize":"0x60000","traceOutputPath":""},"downloadElf":[{"core":"psu_cortexa53_0","resetProcessor":true,"elfFile":"${workspaceFolder}\\example_acc_file\\build\\example_acc_file.elf","stopAtEntry":false}],"crossTriggerBreakpoints":{"isSelected":false,"breakpoints":[]}},"internalConsoleOptions":"openOnSessionStart","__configUri":"file:///c%3A/GIM/hls_ltr/example_acc_file/_ide/launch.json"} 
2025-02-21 08:50:19 [info] : [Debug Manager] Disabling breakpoints in the tool to enable run mode for 'example_acc_file_app_hw_1 [example_acc_file]'. 
2025-02-21 08:50:19 [info] : [Debug Manager] Launch session has started on the configuration 'example_acc_file_app_hw_1 [example_acc_file]' 
2025-02-21 09:17:47 [info] : [Debug Manager] Launch session has terminated on the configuration 'example_acc_file_app_hw_1 [example_acc_file]' 
2025-02-21 09:17:47 [info] : [Debug Manager] Enabling breakpoints after running the application using 'example_acc_file_app_hw_1 [example_acc_file]'. 
2025-02-21 09:18:51 [info] : [Debug Manager] Successfully verified the target connection used  Local 
2025-02-21 09:18:51 [info] : [Debug Manager] Starting launch in 'run' mode using configuration: {"type":"tcf-debug","request":"launch","name":"example_acc_file_app_hw_1","debugType":"baremetal-zu","attachToRunningTargetOptions":{"targetSetupMode":"standalone","executeScript":true,"scriptPath":""},"autoAttachProcessChildren":false,"target":{"targetConnectionId":"Local","peersIniPath":"../../_ide/.peers.ini","context":"ZUPlus"},"pathMap":[],"targetSetup":{"resetSystem":true,"programDevice":true,"enableRPUSplitMode":false,"resetAPU":false,"resetRPU":false,"bitstreamFile":"${workspaceFolder}\\example_acc_file\\_ide\\bitstream\\design_1_wrapper.bit","zuInitialization":{"isFsbl":true,"usingFSBL":{"initWithFSBL":true,"fsblFile":"${workspaceFolder}\\platform\\export\\platform\\sw\\boot\\fsbl.elf","fsblExitSymbol":"XFsbl_Exit"},"usingPsuInit":{"runPsuInit":true,"plPowerup":false,"psuInitTclFile":"${workspaceFolder}\\example_acc_file\\_ide\\psinit\\example_acc.tcl"}},"zuTraceOptions":{"isSelected":false,"scratchAddress":"0x60000","scratchSize":"0x60000","traceOutputPath":""},"downloadElf":[{"core":"psu_cortexa53_0","resetProcessor":true,"elfFile":"${workspaceFolder}\\example_acc_file\\build\\example_acc_file.elf","stopAtEntry":false}],"crossTriggerBreakpoints":{"isSelected":false,"breakpoints":[]}},"internalConsoleOptions":"openOnSessionStart","__configUri":"file:///c%3A/GIM/hls_ltr/example_acc_file/_ide/launch.json"} 
2025-02-21 09:18:51 [info] : [Debug Manager] Disabling breakpoints in the tool to enable run mode for 'example_acc_file_app_hw_1 [example_acc_file]'. 
2025-02-21 09:18:52 [info] : [Debug Manager] Launch session has started on the configuration 'example_acc_file_app_hw_1 [example_acc_file]' 
2025-02-21 09:25:21 [info] : [Platform Server] Generate platform output stream finished - platform. 
2025-02-21 09:25:28 [info] : [Build Server] Build output stream finished - example_acc_file::. 
2025-02-21 09:25:34 [info] : [Debug Manager] Launch session has terminated on the configuration 'example_acc_file_app_hw_1 [example_acc_file]' 
2025-02-21 09:25:34 [info] : [Debug Manager] Enabling breakpoints after running the application using 'example_acc_file_app_hw_1 [example_acc_file]'. 
2025-02-21 09:29:09 [info] : [Platform Server] Generate platform output stream finished - platform. 
2025-02-21 09:29:13 [info] : [Build Server] Build output stream finished - example_acc_file::. 
2025-02-21 09:33:08 [info] : [Debug Manager] Successfully verified the target connection used  Local 
2025-02-21 09:33:08 [info] : [Debug Manager] Starting launch in 'run' mode using configuration: {"type":"tcf-debug","request":"launch","name":"example_acc_file_app_hw_1","debugType":"baremetal-zu","attachToRunningTargetOptions":{"targetSetupMode":"standalone","executeScript":true,"scriptPath":""},"autoAttachProcessChildren":false,"target":{"targetConnectionId":"Local","peersIniPath":"../../_ide/.peers.ini","context":"ZUPlus"},"pathMap":[],"targetSetup":{"resetSystem":true,"programDevice":true,"enableRPUSplitMode":false,"resetAPU":false,"resetRPU":false,"bitstreamFile":"${workspaceFolder}\\example_acc_file\\_ide\\bitstream\\design_1_wrapper.bit","zuInitialization":{"isFsbl":true,"usingFSBL":{"initWithFSBL":true,"fsblFile":"${workspaceFolder}\\platform\\export\\platform\\sw\\boot\\fsbl.elf","fsblExitSymbol":"XFsbl_Exit"},"usingPsuInit":{"runPsuInit":true,"plPowerup":false,"psuInitTclFile":"${workspaceFolder}\\example_acc_file\\_ide\\psinit\\example_acc.tcl"}},"zuTraceOptions":{"isSelected":false,"scratchAddress":"0x60000","scratchSize":"0x60000","traceOutputPath":""},"downloadElf":[{"core":"psu_cortexa53_0","resetProcessor":true,"elfFile":"${workspaceFolder}\\example_acc_file\\build\\example_acc_file.elf","stopAtEntry":false}],"crossTriggerBreakpoints":{"isSelected":false,"breakpoints":[]}},"internalConsoleOptions":"openOnSessionStart","__configUri":"file:///c%3A/GIM/hls_ltr/example_acc_file/_ide/launch.json"} 
2025-02-21 09:33:08 [info] : [Debug Manager] Disabling breakpoints in the tool to enable run mode for 'example_acc_file_app_hw_1 [example_acc_file]'. 
2025-02-21 09:33:09 [info] : [Debug Manager] Launch session has started on the configuration 'example_acc_file_app_hw_1 [example_acc_file]' 
2025-02-21 10:18:08 [info] : [Debug Manager] Launch session has terminated on the configuration 'example_acc_file_app_hw_1 [example_acc_file]' 
2025-02-21 10:18:08 [info] : [Debug Manager] Enabling breakpoints after running the application using 'example_acc_file_app_hw_1 [example_acc_file]'. 
