

================================================================
== Vitis HLS Report for 'spi_master'
================================================================
* Date:           Tue Feb 11 11:50:32 2025

* Version:        2024.2 (Build 5238294 on Nov  8 2024)
* Project:        spi_master
* Solution:       hls (Vivado IP Flow Target)
* Product family: zynquplus
* Target device:  xczu3eg-sfvc784-1-e


================================================================
== Performance Estimates
================================================================
+ Timing: 
    * Summary: 
    +--------+----------+----------+------------+
    |  Clock |  Target  | Estimated| Uncertainty|
    +--------+----------+----------+------------+
    |ap_clk  |  10.00 ns|  0.547 ns|     2.00 ns|
    +--------+----------+----------+------------+

+ Latency: 
    * Summary: 
    +---------+---------+----------+----------+-----+-----+---------+
    |  Latency (cycles) |  Latency (absolute) |  Interval | Pipeline|
    |   min   |   max   |    min   |    max   | min | max |   Type  |
    +---------+---------+----------+----------+-----+-----+---------+
    |        ?|        ?|         ?|         ?|    ?|    ?|       no|
    +---------+---------+----------+----------+-----+-----+---------+

    + Detail: 
        * Instance: 
        N/A

        * Loop: 
        +-------------------+---------+---------+----------+-----------+-----------+------+----------+
        |                   |  Latency (cycles) | Iteration|  Initiation Interval  | Trip |          |
        |     Loop Name     |   min   |   max   |  Latency |  achieved |   target  | Count| Pipelined|
        +-------------------+---------+---------+----------+-----------+-----------+------+----------+
        |- VITIS_LOOP_19_1  |        ?|        ?|       129|        128|          1|   inf|       yes|
        +-------------------+---------+---------+----------+-----------+-----------+------+----------+



================================================================
== Utilization Estimates
================================================================
* Summary: 
+-----------------+---------+-----+--------+-------+-----+
|       Name      | BRAM_18K| DSP |   FF   |  LUT  | URAM|
+-----------------+---------+-----+--------+-------+-----+
|DSP              |        -|    -|       -|      -|    -|
|Expression       |        -|    -|       0|    658|    -|
|FIFO             |        -|    -|       -|      -|    -|
|Instance         |        -|    -|       -|      -|    -|
|Memory           |        -|    -|       -|      -|    -|
|Multiplexer      |        -|    -|       0|   1502|    -|
|Register         |        -|    -|    2375|      -|    -|
+-----------------+---------+-----+--------+-------+-----+
|Total            |        0|    0|    2375|   2160|    0|
+-----------------+---------+-----+--------+-------+-----+
|Available        |      432|  360|  141120|  70560|    0|
+-----------------+---------+-----+--------+-------+-----+
|Utilization (%)  |        0|    0|       1|      3|    0|
+-----------------+---------+-----+--------+-------+-----+

+ Detail: 
    * Instance: 
    N/A

    * DSP: 
    N/A

    * Memory: 
    N/A

    * FIFO: 
    N/A

    * Expression: 
    +--------------------------------------+----------+----+---+----+------------+------------+
    |             Variable Name            | Operation| DSP| FF| LUT| Bitwidth P0| Bitwidth P1|
    +--------------------------------------+----------+----+---+----+------------+------------+
    |ap_block_pp0_stage0_01001             |       and|   0|  0|   2|           1|           1|
    |ap_block_pp0_stage100_01001           |       and|   0|  0|   2|           1|           1|
    |ap_block_pp0_stage101_01001           |       and|   0|  0|   2|           1|           1|
    |ap_block_pp0_stage102_01001           |       and|   0|  0|   2|           1|           1|
    |ap_block_pp0_stage103_01001           |       and|   0|  0|   2|           1|           1|
    |ap_block_pp0_stage104_01001           |       and|   0|  0|   2|           1|           1|
    |ap_block_pp0_stage105_01001           |       and|   0|  0|   2|           1|           1|
    |ap_block_pp0_stage106_01001           |       and|   0|  0|   2|           1|           1|
    |ap_block_pp0_stage107_01001           |       and|   0|  0|   2|           1|           1|
    |ap_block_pp0_stage108_01001           |       and|   0|  0|   2|           1|           1|
    |ap_block_pp0_stage109_01001           |       and|   0|  0|   2|           1|           1|
    |ap_block_pp0_stage10_01001            |       and|   0|  0|   2|           1|           1|
    |ap_block_pp0_stage110_01001           |       and|   0|  0|   2|           1|           1|
    |ap_block_pp0_stage111_01001           |       and|   0|  0|   2|           1|           1|
    |ap_block_pp0_stage112_01001           |       and|   0|  0|   2|           1|           1|
    |ap_block_pp0_stage113_01001           |       and|   0|  0|   2|           1|           1|
    |ap_block_pp0_stage114_01001           |       and|   0|  0|   2|           1|           1|
    |ap_block_pp0_stage115_01001           |       and|   0|  0|   2|           1|           1|
    |ap_block_pp0_stage116_01001           |       and|   0|  0|   2|           1|           1|
    |ap_block_pp0_stage117_01001           |       and|   0|  0|   2|           1|           1|
    |ap_block_pp0_stage118_01001           |       and|   0|  0|   2|           1|           1|
    |ap_block_pp0_stage119_01001           |       and|   0|  0|   2|           1|           1|
    |ap_block_pp0_stage11_01001            |       and|   0|  0|   2|           1|           1|
    |ap_block_pp0_stage120_01001           |       and|   0|  0|   2|           1|           1|
    |ap_block_pp0_stage121_01001           |       and|   0|  0|   2|           1|           1|
    |ap_block_pp0_stage122_01001           |       and|   0|  0|   2|           1|           1|
    |ap_block_pp0_stage123_01001           |       and|   0|  0|   2|           1|           1|
    |ap_block_pp0_stage124_01001           |       and|   0|  0|   2|           1|           1|
    |ap_block_pp0_stage125_01001           |       and|   0|  0|   2|           1|           1|
    |ap_block_pp0_stage126_01001           |       and|   0|  0|   2|           1|           1|
    |ap_block_pp0_stage127_01001           |       and|   0|  0|   2|           1|           1|
    |ap_block_pp0_stage12_01001            |       and|   0|  0|   2|           1|           1|
    |ap_block_pp0_stage13_01001            |       and|   0|  0|   2|           1|           1|
    |ap_block_pp0_stage14_01001            |       and|   0|  0|   2|           1|           1|
    |ap_block_pp0_stage15_01001            |       and|   0|  0|   2|           1|           1|
    |ap_block_pp0_stage16_01001            |       and|   0|  0|   2|           1|           1|
    |ap_block_pp0_stage17_01001            |       and|   0|  0|   2|           1|           1|
    |ap_block_pp0_stage18_01001            |       and|   0|  0|   2|           1|           1|
    |ap_block_pp0_stage19_01001            |       and|   0|  0|   2|           1|           1|
    |ap_block_pp0_stage1_01001             |       and|   0|  0|   2|           1|           1|
    |ap_block_pp0_stage20_01001            |       and|   0|  0|   2|           1|           1|
    |ap_block_pp0_stage21_01001            |       and|   0|  0|   2|           1|           1|
    |ap_block_pp0_stage22_01001            |       and|   0|  0|   2|           1|           1|
    |ap_block_pp0_stage23_01001            |       and|   0|  0|   2|           1|           1|
    |ap_block_pp0_stage24_01001            |       and|   0|  0|   2|           1|           1|
    |ap_block_pp0_stage25_01001            |       and|   0|  0|   2|           1|           1|
    |ap_block_pp0_stage26_01001            |       and|   0|  0|   2|           1|           1|
    |ap_block_pp0_stage27_01001            |       and|   0|  0|   2|           1|           1|
    |ap_block_pp0_stage28_01001            |       and|   0|  0|   2|           1|           1|
    |ap_block_pp0_stage29_01001            |       and|   0|  0|   2|           1|           1|
    |ap_block_pp0_stage2_01001             |       and|   0|  0|   2|           1|           1|
    |ap_block_pp0_stage30_01001            |       and|   0|  0|   2|           1|           1|
    |ap_block_pp0_stage31_01001            |       and|   0|  0|   2|           1|           1|
    |ap_block_pp0_stage32_01001            |       and|   0|  0|   2|           1|           1|
    |ap_block_pp0_stage33_01001            |       and|   0|  0|   2|           1|           1|
    |ap_block_pp0_stage34_01001            |       and|   0|  0|   2|           1|           1|
    |ap_block_pp0_stage35_01001            |       and|   0|  0|   2|           1|           1|
    |ap_block_pp0_stage36_01001            |       and|   0|  0|   2|           1|           1|
    |ap_block_pp0_stage37_01001            |       and|   0|  0|   2|           1|           1|
    |ap_block_pp0_stage38_01001            |       and|   0|  0|   2|           1|           1|
    |ap_block_pp0_stage39_01001            |       and|   0|  0|   2|           1|           1|
    |ap_block_pp0_stage3_01001             |       and|   0|  0|   2|           1|           1|
    |ap_block_pp0_stage40_01001            |       and|   0|  0|   2|           1|           1|
    |ap_block_pp0_stage41_01001            |       and|   0|  0|   2|           1|           1|
    |ap_block_pp0_stage42_01001            |       and|   0|  0|   2|           1|           1|
    |ap_block_pp0_stage43_01001            |       and|   0|  0|   2|           1|           1|
    |ap_block_pp0_stage44_01001            |       and|   0|  0|   2|           1|           1|
    |ap_block_pp0_stage45_01001            |       and|   0|  0|   2|           1|           1|
    |ap_block_pp0_stage46_01001            |       and|   0|  0|   2|           1|           1|
    |ap_block_pp0_stage47_01001            |       and|   0|  0|   2|           1|           1|
    |ap_block_pp0_stage48_01001            |       and|   0|  0|   2|           1|           1|
    |ap_block_pp0_stage49_01001            |       and|   0|  0|   2|           1|           1|
    |ap_block_pp0_stage4_01001             |       and|   0|  0|   2|           1|           1|
    |ap_block_pp0_stage50_01001            |       and|   0|  0|   2|           1|           1|
    |ap_block_pp0_stage51_01001            |       and|   0|  0|   2|           1|           1|
    |ap_block_pp0_stage52_01001            |       and|   0|  0|   2|           1|           1|
    |ap_block_pp0_stage53_01001            |       and|   0|  0|   2|           1|           1|
    |ap_block_pp0_stage54_01001            |       and|   0|  0|   2|           1|           1|
    |ap_block_pp0_stage55_01001            |       and|   0|  0|   2|           1|           1|
    |ap_block_pp0_stage56_01001            |       and|   0|  0|   2|           1|           1|
    |ap_block_pp0_stage57_01001            |       and|   0|  0|   2|           1|           1|
    |ap_block_pp0_stage58_01001            |       and|   0|  0|   2|           1|           1|
    |ap_block_pp0_stage59_01001            |       and|   0|  0|   2|           1|           1|
    |ap_block_pp0_stage5_01001             |       and|   0|  0|   2|           1|           1|
    |ap_block_pp0_stage60_01001            |       and|   0|  0|   2|           1|           1|
    |ap_block_pp0_stage61_01001            |       and|   0|  0|   2|           1|           1|
    |ap_block_pp0_stage62_01001            |       and|   0|  0|   2|           1|           1|
    |ap_block_pp0_stage63_01001            |       and|   0|  0|   2|           1|           1|
    |ap_block_pp0_stage64_01001            |       and|   0|  0|   2|           1|           1|
    |ap_block_pp0_stage65_01001            |       and|   0|  0|   2|           1|           1|
    |ap_block_pp0_stage66_01001            |       and|   0|  0|   2|           1|           1|
    |ap_block_pp0_stage67_01001            |       and|   0|  0|   2|           1|           1|
    |ap_block_pp0_stage68_01001            |       and|   0|  0|   2|           1|           1|
    |ap_block_pp0_stage69_01001            |       and|   0|  0|   2|           1|           1|
    |ap_block_pp0_stage6_01001             |       and|   0|  0|   2|           1|           1|
    |ap_block_pp0_stage70_01001            |       and|   0|  0|   2|           1|           1|
    |ap_block_pp0_stage71_01001            |       and|   0|  0|   2|           1|           1|
    |ap_block_pp0_stage72_01001            |       and|   0|  0|   2|           1|           1|
    |ap_block_pp0_stage73_01001            |       and|   0|  0|   2|           1|           1|
    |ap_block_pp0_stage74_01001            |       and|   0|  0|   2|           1|           1|
    |ap_block_pp0_stage75_01001            |       and|   0|  0|   2|           1|           1|
    |ap_block_pp0_stage76_01001            |       and|   0|  0|   2|           1|           1|
    |ap_block_pp0_stage77_01001            |       and|   0|  0|   2|           1|           1|
    |ap_block_pp0_stage78_01001            |       and|   0|  0|   2|           1|           1|
    |ap_block_pp0_stage79_01001            |       and|   0|  0|   2|           1|           1|
    |ap_block_pp0_stage7_01001             |       and|   0|  0|   2|           1|           1|
    |ap_block_pp0_stage80_01001            |       and|   0|  0|   2|           1|           1|
    |ap_block_pp0_stage81_01001            |       and|   0|  0|   2|           1|           1|
    |ap_block_pp0_stage82_01001            |       and|   0|  0|   2|           1|           1|
    |ap_block_pp0_stage83_01001            |       and|   0|  0|   2|           1|           1|
    |ap_block_pp0_stage84_01001            |       and|   0|  0|   2|           1|           1|
    |ap_block_pp0_stage85_01001            |       and|   0|  0|   2|           1|           1|
    |ap_block_pp0_stage86_01001            |       and|   0|  0|   2|           1|           1|
    |ap_block_pp0_stage87_01001            |       and|   0|  0|   2|           1|           1|
    |ap_block_pp0_stage88_01001            |       and|   0|  0|   2|           1|           1|
    |ap_block_pp0_stage89_01001            |       and|   0|  0|   2|           1|           1|
    |ap_block_pp0_stage8_01001             |       and|   0|  0|   2|           1|           1|
    |ap_block_pp0_stage90_01001            |       and|   0|  0|   2|           1|           1|
    |ap_block_pp0_stage91_01001            |       and|   0|  0|   2|           1|           1|
    |ap_block_pp0_stage92_01001            |       and|   0|  0|   2|           1|           1|
    |ap_block_pp0_stage93_01001            |       and|   0|  0|   2|           1|           1|
    |ap_block_pp0_stage94_01001            |       and|   0|  0|   2|           1|           1|
    |ap_block_pp0_stage95_01001            |       and|   0|  0|   2|           1|           1|
    |ap_block_pp0_stage96_01001            |       and|   0|  0|   2|           1|           1|
    |ap_block_pp0_stage97_01001            |       and|   0|  0|   2|           1|           1|
    |ap_block_pp0_stage98_01001            |       and|   0|  0|   2|           1|           1|
    |ap_block_pp0_stage99_01001            |       and|   0|  0|   2|           1|           1|
    |ap_block_pp0_stage9_01001             |       and|   0|  0|   2|           1|           1|
    |ap_block_state100_pp0_stage98_iter0   |       and|   0|  0|   2|           1|           1|
    |ap_condition_4056                     |       and|   0|  0|   2|           1|           1|
    |ap_condition_4207                     |       and|   0|  0|   2|           1|           1|
    |ap_condition_4212                     |       and|   0|  0|   2|           1|           1|
    |ap_condition_5096                     |       and|   0|  0|   2|           1|           1|
    |ap_condition_5098                     |       and|   0|  0|   2|           1|           1|
    |ap_condition_5100                     |       and|   0|  0|   2|           1|           1|
    |ap_condition_5102                     |       and|   0|  0|   2|           1|           1|
    |ap_condition_5104                     |       and|   0|  0|   2|           1|           1|
    |ap_condition_5106                     |       and|   0|  0|   2|           1|           1|
    |ap_condition_5108                     |       and|   0|  0|   2|           1|           1|
    |ap_condition_5110                     |       and|   0|  0|   2|           1|           1|
    |ap_condition_5112                     |       and|   0|  0|   2|           1|           1|
    |ap_condition_5114                     |       and|   0|  0|   2|           1|           1|
    |ap_condition_5116                     |       and|   0|  0|   2|           1|           1|
    |ap_condition_5118                     |       and|   0|  0|   2|           1|           1|
    |ap_condition_5120                     |       and|   0|  0|   2|           1|           1|
    |ap_condition_5122                     |       and|   0|  0|   2|           1|           1|
    |ap_condition_5124                     |       and|   0|  0|   2|           1|           1|
    |ap_condition_5126                     |       and|   0|  0|   2|           1|           1|
    |ap_condition_5128                     |       and|   0|  0|   2|           1|           1|
    |ap_condition_5130                     |       and|   0|  0|   2|           1|           1|
    |ap_condition_5132                     |       and|   0|  0|   2|           1|           1|
    |ap_condition_5134                     |       and|   0|  0|   2|           1|           1|
    |ap_condition_5136                     |       and|   0|  0|   2|           1|           1|
    |ap_condition_5138                     |       and|   0|  0|   2|           1|           1|
    |ap_condition_5140                     |       and|   0|  0|   2|           1|           1|
    |ap_condition_5142                     |       and|   0|  0|   2|           1|           1|
    |ap_condition_5144                     |       and|   0|  0|   2|           1|           1|
    |ap_condition_5146                     |       and|   0|  0|   2|           1|           1|
    |ap_condition_5148                     |       and|   0|  0|   2|           1|           1|
    |ap_condition_5150                     |       and|   0|  0|   2|           1|           1|
    |ap_condition_5152                     |       and|   0|  0|   2|           1|           1|
    |ap_condition_5154                     |       and|   0|  0|   2|           1|           1|
    |ap_condition_5156                     |       and|   0|  0|   2|           1|           1|
    |ap_condition_5158                     |       and|   0|  0|   2|           1|           1|
    |ap_condition_5160                     |       and|   0|  0|   2|           1|           1|
    |ap_condition_5162                     |       and|   0|  0|   2|           1|           1|
    |ap_condition_5164                     |       and|   0|  0|   2|           1|           1|
    |ap_condition_5166                     |       and|   0|  0|   2|           1|           1|
    |ap_condition_5168                     |       and|   0|  0|   2|           1|           1|
    |ap_condition_5170                     |       and|   0|  0|   2|           1|           1|
    |ap_condition_5172                     |       and|   0|  0|   2|           1|           1|
    |ap_condition_5174                     |       and|   0|  0|   2|           1|           1|
    |ap_condition_5176                     |       and|   0|  0|   2|           1|           1|
    |ap_condition_5178                     |       and|   0|  0|   2|           1|           1|
    |ap_condition_5180                     |       and|   0|  0|   2|           1|           1|
    |ap_condition_5182                     |       and|   0|  0|   2|           1|           1|
    |ap_condition_5184                     |       and|   0|  0|   2|           1|           1|
    |ap_condition_5186                     |       and|   0|  0|   2|           1|           1|
    |ap_condition_5188                     |       and|   0|  0|   2|           1|           1|
    |ap_condition_5190                     |       and|   0|  0|   2|           1|           1|
    |ap_condition_5192                     |       and|   0|  0|   2|           1|           1|
    |ap_condition_5194                     |       and|   0|  0|   2|           1|           1|
    |ap_condition_5196                     |       and|   0|  0|   2|           1|           1|
    |ap_condition_5198                     |       and|   0|  0|   2|           1|           1|
    |ap_condition_5200                     |       and|   0|  0|   2|           1|           1|
    |ap_condition_5202                     |       and|   0|  0|   2|           1|           1|
    |ap_condition_5204                     |       and|   0|  0|   2|           1|           1|
    |ap_condition_5206                     |       and|   0|  0|   2|           1|           1|
    |ap_condition_5208                     |       and|   0|  0|   2|           1|           1|
    |ap_condition_5210                     |       and|   0|  0|   2|           1|           1|
    |ap_condition_5212                     |       and|   0|  0|   2|           1|           1|
    |ap_condition_5214                     |       and|   0|  0|   2|           1|           1|
    |ap_condition_5216                     |       and|   0|  0|   2|           1|           1|
    |ap_condition_5218                     |       and|   0|  0|   2|           1|           1|
    |ap_condition_5220                     |       and|   0|  0|   2|           1|           1|
    |ap_predicate_op154_read_state3        |       and|   0|  0|   2|           1|           1|
    |ap_predicate_op158_read_state3        |       and|   0|  0|   2|           1|           1|
    |ap_predicate_op163_read_state5        |       and|   0|  0|   2|           1|           1|
    |ap_predicate_op168_read_state7        |       and|   0|  0|   2|           1|           1|
    |ap_predicate_op173_read_state9        |       and|   0|  0|   2|           1|           1|
    |ap_predicate_op178_read_state11       |       and|   0|  0|   2|           1|           1|
    |ap_predicate_op183_read_state13       |       and|   0|  0|   2|           1|           1|
    |ap_predicate_op188_read_state15       |       and|   0|  0|   2|           1|           1|
    |ap_predicate_op193_read_state17       |       and|   0|  0|   2|           1|           1|
    |ap_predicate_op198_read_state19       |       and|   0|  0|   2|           1|           1|
    |ap_predicate_op203_read_state21       |       and|   0|  0|   2|           1|           1|
    |ap_predicate_op208_read_state23       |       and|   0|  0|   2|           1|           1|
    |ap_predicate_op213_read_state25       |       and|   0|  0|   2|           1|           1|
    |ap_predicate_op218_read_state27       |       and|   0|  0|   2|           1|           1|
    |ap_predicate_op223_read_state29       |       and|   0|  0|   2|           1|           1|
    |ap_predicate_op228_read_state31       |       and|   0|  0|   2|           1|           1|
    |ap_predicate_op233_read_state33       |       and|   0|  0|   2|           1|           1|
    |ap_predicate_op238_read_state35       |       and|   0|  0|   2|           1|           1|
    |ap_predicate_op243_read_state37       |       and|   0|  0|   2|           1|           1|
    |ap_predicate_op248_read_state39       |       and|   0|  0|   2|           1|           1|
    |ap_predicate_op253_read_state41       |       and|   0|  0|   2|           1|           1|
    |ap_predicate_op258_read_state43       |       and|   0|  0|   2|           1|           1|
    |ap_predicate_op263_read_state45       |       and|   0|  0|   2|           1|           1|
    |ap_predicate_op268_read_state47       |       and|   0|  0|   2|           1|           1|
    |ap_predicate_op273_read_state49       |       and|   0|  0|   2|           1|           1|
    |ap_predicate_op278_read_state51       |       and|   0|  0|   2|           1|           1|
    |ap_predicate_op283_read_state53       |       and|   0|  0|   2|           1|           1|
    |ap_predicate_op288_read_state55       |       and|   0|  0|   2|           1|           1|
    |ap_predicate_op293_read_state57       |       and|   0|  0|   2|           1|           1|
    |ap_predicate_op298_read_state59       |       and|   0|  0|   2|           1|           1|
    |ap_predicate_op303_read_state61       |       and|   0|  0|   2|           1|           1|
    |ap_predicate_op308_read_state63       |       and|   0|  0|   2|           1|           1|
    |ap_predicate_op313_read_state65       |       and|   0|  0|   2|           1|           1|
    |ap_predicate_op338_read_state67       |       and|   0|  0|   2|           1|           1|
    |ap_predicate_op354_read_state69       |       and|   0|  0|   2|           1|           1|
    |ap_predicate_op370_read_state71       |       and|   0|  0|   2|           1|           1|
    |ap_predicate_op386_read_state73       |       and|   0|  0|   2|           1|           1|
    |ap_predicate_op402_read_state75       |       and|   0|  0|   2|           1|           1|
    |ap_predicate_op418_read_state77       |       and|   0|  0|   2|           1|           1|
    |ap_predicate_op434_read_state79       |       and|   0|  0|   2|           1|           1|
    |ap_predicate_op450_read_state81       |       and|   0|  0|   2|           1|           1|
    |ap_predicate_op466_read_state83       |       and|   0|  0|   2|           1|           1|
    |ap_predicate_op482_read_state85       |       and|   0|  0|   2|           1|           1|
    |ap_predicate_op498_read_state87       |       and|   0|  0|   2|           1|           1|
    |ap_predicate_op514_read_state89       |       and|   0|  0|   2|           1|           1|
    |ap_predicate_op530_read_state91       |       and|   0|  0|   2|           1|           1|
    |ap_predicate_op546_read_state93       |       and|   0|  0|   2|           1|           1|
    |ap_predicate_op562_read_state95       |       and|   0|  0|   2|           1|           1|
    |ap_predicate_op578_read_state97       |       and|   0|  0|   2|           1|           1|
    |ap_predicate_op594_read_state99       |       and|   0|  0|   2|           1|           1|
    |ap_predicate_op610_read_state101      |       and|   0|  0|   2|           1|           1|
    |ap_predicate_op626_read_state103      |       and|   0|  0|   2|           1|           1|
    |ap_predicate_op642_read_state105      |       and|   0|  0|   2|           1|           1|
    |ap_predicate_op658_read_state107      |       and|   0|  0|   2|           1|           1|
    |ap_predicate_op674_read_state109      |       and|   0|  0|   2|           1|           1|
    |ap_predicate_op690_read_state111      |       and|   0|  0|   2|           1|           1|
    |ap_predicate_op706_read_state113      |       and|   0|  0|   2|           1|           1|
    |ap_predicate_op722_read_state115      |       and|   0|  0|   2|           1|           1|
    |ap_predicate_op738_read_state117      |       and|   0|  0|   2|           1|           1|
    |ap_predicate_op754_read_state119      |       and|   0|  0|   2|           1|           1|
    |ap_predicate_op770_read_state121      |       and|   0|  0|   2|           1|           1|
    |ap_predicate_op786_read_state123      |       and|   0|  0|   2|           1|           1|
    |ap_predicate_op802_read_state125      |       and|   0|  0|   2|           1|           1|
    |ap_predicate_op818_read_state127      |       and|   0|  0|   2|           1|           1|
    |ap_predicate_op830_read_state129      |       and|   0|  0|   2|           1|           1|
    |grp_nbreadreq_fu_132_p3               |       and|   0|  0|   2|           1|           0|
    |tmp_nbreadreq_fu_124_p3               |       and|   0|  0|   2|           1|           0|
    |ap_block_state101_pp0_stage99_iter0   |        or|   0|  0|   2|           1|           1|
    |ap_block_state103_pp0_stage101_iter0  |        or|   0|  0|   2|           1|           1|
    |ap_block_state105_pp0_stage103_iter0  |        or|   0|  0|   2|           1|           1|
    |ap_block_state107_pp0_stage105_iter0  |        or|   0|  0|   2|           1|           1|
    |ap_block_state109_pp0_stage107_iter0  |        or|   0|  0|   2|           1|           1|
    |ap_block_state111_pp0_stage109_iter0  |        or|   0|  0|   2|           1|           1|
    |ap_block_state113_pp0_stage111_iter0  |        or|   0|  0|   2|           1|           1|
    |ap_block_state115_pp0_stage113_iter0  |        or|   0|  0|   2|           1|           1|
    |ap_block_state117_pp0_stage115_iter0  |        or|   0|  0|   2|           1|           1|
    |ap_block_state119_pp0_stage117_iter0  |        or|   0|  0|   2|           1|           1|
    |ap_block_state11_pp0_stage9_iter0     |        or|   0|  0|   2|           1|           1|
    |ap_block_state121_pp0_stage119_iter0  |        or|   0|  0|   2|           1|           1|
    |ap_block_state123_pp0_stage121_iter0  |        or|   0|  0|   2|           1|           1|
    |ap_block_state125_pp0_stage123_iter0  |        or|   0|  0|   2|           1|           1|
    |ap_block_state127_pp0_stage125_iter0  |        or|   0|  0|   2|           1|           1|
    |ap_block_state129_pp0_stage127_iter0  |        or|   0|  0|   2|           1|           1|
    |ap_block_state130_pp0_stage0_iter1    |        or|   0|  0|   2|           1|           1|
    |ap_block_state13_pp0_stage11_iter0    |        or|   0|  0|   2|           1|           1|
    |ap_block_state15_pp0_stage13_iter0    |        or|   0|  0|   2|           1|           1|
    |ap_block_state17_pp0_stage15_iter0    |        or|   0|  0|   2|           1|           1|
    |ap_block_state19_pp0_stage17_iter0    |        or|   0|  0|   2|           1|           1|
    |ap_block_state21_pp0_stage19_iter0    |        or|   0|  0|   2|           1|           1|
    |ap_block_state23_pp0_stage21_iter0    |        or|   0|  0|   2|           1|           1|
    |ap_block_state25_pp0_stage23_iter0    |        or|   0|  0|   2|           1|           1|
    |ap_block_state27_pp0_stage25_iter0    |        or|   0|  0|   2|           1|           1|
    |ap_block_state29_pp0_stage27_iter0    |        or|   0|  0|   2|           1|           1|
    |ap_block_state31_pp0_stage29_iter0    |        or|   0|  0|   2|           1|           1|
    |ap_block_state33_pp0_stage31_iter0    |        or|   0|  0|   2|           1|           1|
    |ap_block_state35_pp0_stage33_iter0    |        or|   0|  0|   2|           1|           1|
    |ap_block_state37_pp0_stage35_iter0    |        or|   0|  0|   2|           1|           1|
    |ap_block_state39_pp0_stage37_iter0    |        or|   0|  0|   2|           1|           1|
    |ap_block_state3_pp0_stage1_iter0      |        or|   0|  0|   2|           1|           1|
    |ap_block_state41_pp0_stage39_iter0    |        or|   0|  0|   2|           1|           1|
    |ap_block_state43_pp0_stage41_iter0    |        or|   0|  0|   2|           1|           1|
    |ap_block_state45_pp0_stage43_iter0    |        or|   0|  0|   2|           1|           1|
    |ap_block_state47_pp0_stage45_iter0    |        or|   0|  0|   2|           1|           1|
    |ap_block_state49_pp0_stage47_iter0    |        or|   0|  0|   2|           1|           1|
    |ap_block_state51_pp0_stage49_iter0    |        or|   0|  0|   2|           1|           1|
    |ap_block_state53_pp0_stage51_iter0    |        or|   0|  0|   2|           1|           1|
    |ap_block_state55_pp0_stage53_iter0    |        or|   0|  0|   2|           1|           1|
    |ap_block_state57_pp0_stage55_iter0    |        or|   0|  0|   2|           1|           1|
    |ap_block_state59_pp0_stage57_iter0    |        or|   0|  0|   2|           1|           1|
    |ap_block_state5_pp0_stage3_iter0      |        or|   0|  0|   2|           1|           1|
    |ap_block_state61_pp0_stage59_iter0    |        or|   0|  0|   2|           1|           1|
    |ap_block_state63_pp0_stage61_iter0    |        or|   0|  0|   2|           1|           1|
    |ap_block_state65_pp0_stage63_iter0    |        or|   0|  0|   2|           1|           1|
    |ap_block_state66_pp0_stage64_iter0    |        or|   0|  0|   2|           1|           1|
    |ap_block_state67_pp0_stage65_iter0    |        or|   0|  0|   2|           1|           1|
    |ap_block_state69_pp0_stage67_iter0    |        or|   0|  0|   2|           1|           1|
    |ap_block_state71_pp0_stage69_iter0    |        or|   0|  0|   2|           1|           1|
    |ap_block_state73_pp0_stage71_iter0    |        or|   0|  0|   2|           1|           1|
    |ap_block_state75_pp0_stage73_iter0    |        or|   0|  0|   2|           1|           1|
    |ap_block_state77_pp0_stage75_iter0    |        or|   0|  0|   2|           1|           1|
    |ap_block_state79_pp0_stage77_iter0    |        or|   0|  0|   2|           1|           1|
    |ap_block_state7_pp0_stage5_iter0      |        or|   0|  0|   2|           1|           1|
    |ap_block_state81_pp0_stage79_iter0    |        or|   0|  0|   2|           1|           1|
    |ap_block_state83_pp0_stage81_iter0    |        or|   0|  0|   2|           1|           1|
    |ap_block_state85_pp0_stage83_iter0    |        or|   0|  0|   2|           1|           1|
    |ap_block_state87_pp0_stage85_iter0    |        or|   0|  0|   2|           1|           1|
    |ap_block_state89_pp0_stage87_iter0    |        or|   0|  0|   2|           1|           1|
    |ap_block_state91_pp0_stage89_iter0    |        or|   0|  0|   2|           1|           1|
    |ap_block_state93_pp0_stage91_iter0    |        or|   0|  0|   2|           1|           1|
    |ap_block_state95_pp0_stage93_iter0    |        or|   0|  0|   2|           1|           1|
    |ap_block_state97_pp0_stage95_iter0    |        or|   0|  0|   2|           1|           1|
    |ap_block_state99_pp0_stage97_iter0    |        or|   0|  0|   2|           1|           1|
    |ap_block_state9_pp0_stage7_iter0      |        or|   0|  0|   2|           1|           1|
    |ap_enable_pp0                         |       xor|   0|  0|   2|           1|           2|
    +--------------------------------------+----------+----+---+----+------------+------------+
    |Total                                 |          |   0|  0| 658|         329|         328|
    +--------------------------------------+----------+----+---+----+------------+------------+

    * Multiplexer: 
    +------------------------------------------------+-----+-----------+-----+-----------+
    |                      Name                      | LUT | Input Size| Bits| Total Bits|
    +------------------------------------------------+-----+-----------+-----+-----------+
    |ap_NS_fsm                                       |  683|        130|    1|        130|
    |ap_enable_reg_pp0_iter1                         |    9|          2|    1|          2|
    |ap_phi_reg_pp0_iter0_received_data_100_reg_712  |    9|          2|   32|         64|
    |ap_phi_reg_pp0_iter0_received_data_102_reg_723  |    9|          2|   32|         64|
    |ap_phi_reg_pp0_iter0_received_data_104_reg_734  |    9|          2|   32|         64|
    |ap_phi_reg_pp0_iter0_received_data_106_reg_745  |    9|          2|   32|         64|
    |ap_phi_reg_pp0_iter0_received_data_108_reg_756  |    9|          2|   32|         64|
    |ap_phi_reg_pp0_iter0_received_data_10_reg_217   |    9|          2|   32|         64|
    |ap_phi_reg_pp0_iter0_received_data_110_reg_767  |    9|          2|   32|         64|
    |ap_phi_reg_pp0_iter0_received_data_112_reg_778  |    9|          2|   32|         64|
    |ap_phi_reg_pp0_iter0_received_data_114_reg_789  |    9|          2|   32|         64|
    |ap_phi_reg_pp0_iter0_received_data_116_reg_800  |    9|          2|   32|         64|
    |ap_phi_reg_pp0_iter0_received_data_118_reg_811  |    9|          2|   32|         64|
    |ap_phi_reg_pp0_iter0_received_data_120_reg_822  |    9|          2|   32|         64|
    |ap_phi_reg_pp0_iter0_received_data_122_reg_833  |    9|          2|   32|         64|
    |ap_phi_reg_pp0_iter0_received_data_124_reg_844  |    9|          2|   32|         64|
    |ap_phi_reg_pp0_iter0_received_data_126_reg_855  |    9|          2|   32|         64|
    |ap_phi_reg_pp0_iter0_received_data_128_reg_866  |    9|          2|   32|         64|
    |ap_phi_reg_pp0_iter0_received_data_12_reg_228   |    9|          2|   32|         64|
    |ap_phi_reg_pp0_iter0_received_data_14_reg_239   |    9|          2|   32|         64|
    |ap_phi_reg_pp0_iter0_received_data_16_reg_250   |    9|          2|   32|         64|
    |ap_phi_reg_pp0_iter0_received_data_18_reg_261   |    9|          2|   32|         64|
    |ap_phi_reg_pp0_iter0_received_data_20_reg_272   |    9|          2|   32|         64|
    |ap_phi_reg_pp0_iter0_received_data_22_reg_283   |    9|          2|   32|         64|
    |ap_phi_reg_pp0_iter0_received_data_24_reg_294   |    9|          2|   32|         64|
    |ap_phi_reg_pp0_iter0_received_data_26_reg_305   |    9|          2|   32|         64|
    |ap_phi_reg_pp0_iter0_received_data_28_reg_316   |    9|          2|   32|         64|
    |ap_phi_reg_pp0_iter0_received_data_2_reg_185    |    9|          2|   32|         64|
    |ap_phi_reg_pp0_iter0_received_data_30_reg_327   |    9|          2|   32|         64|
    |ap_phi_reg_pp0_iter0_received_data_32_reg_338   |    9|          2|   32|         64|
    |ap_phi_reg_pp0_iter0_received_data_34_reg_349   |    9|          2|   32|         64|
    |ap_phi_reg_pp0_iter0_received_data_36_reg_360   |    9|          2|   32|         64|
    |ap_phi_reg_pp0_iter0_received_data_38_reg_371   |    9|          2|   32|         64|
    |ap_phi_reg_pp0_iter0_received_data_40_reg_382   |    9|          2|   32|         64|
    |ap_phi_reg_pp0_iter0_received_data_42_reg_393   |    9|          2|   32|         64|
    |ap_phi_reg_pp0_iter0_received_data_44_reg_404   |    9|          2|   32|         64|
    |ap_phi_reg_pp0_iter0_received_data_46_reg_415   |    9|          2|   32|         64|
    |ap_phi_reg_pp0_iter0_received_data_48_reg_426   |    9|          2|   32|         64|
    |ap_phi_reg_pp0_iter0_received_data_50_reg_437   |    9|          2|   32|         64|
    |ap_phi_reg_pp0_iter0_received_data_52_reg_448   |    9|          2|   32|         64|
    |ap_phi_reg_pp0_iter0_received_data_54_reg_459   |    9|          2|   32|         64|
    |ap_phi_reg_pp0_iter0_received_data_56_reg_470   |    9|          2|   32|         64|
    |ap_phi_reg_pp0_iter0_received_data_58_reg_481   |    9|          2|   32|         64|
    |ap_phi_reg_pp0_iter0_received_data_60_reg_492   |    9|          2|   32|         64|
    |ap_phi_reg_pp0_iter0_received_data_62_reg_503   |    9|          2|   32|         64|
    |ap_phi_reg_pp0_iter0_received_data_64_reg_514   |    9|          2|   32|         64|
    |ap_phi_reg_pp0_iter0_received_data_66_reg_525   |    9|          2|   32|         64|
    |ap_phi_reg_pp0_iter0_received_data_68_reg_536   |    9|          2|   32|         64|
    |ap_phi_reg_pp0_iter0_received_data_6_reg_195    |    9|          2|   32|         64|
    |ap_phi_reg_pp0_iter0_received_data_70_reg_547   |    9|          2|   32|         64|
    |ap_phi_reg_pp0_iter0_received_data_72_reg_558   |    9|          2|   32|         64|
    |ap_phi_reg_pp0_iter0_received_data_74_reg_569   |    9|          2|   32|         64|
    |ap_phi_reg_pp0_iter0_received_data_76_reg_580   |    9|          2|   32|         64|
    |ap_phi_reg_pp0_iter0_received_data_78_reg_591   |    9|          2|   32|         64|
    |ap_phi_reg_pp0_iter0_received_data_80_reg_602   |    9|          2|   32|         64|
    |ap_phi_reg_pp0_iter0_received_data_82_reg_613   |    9|          2|   32|         64|
    |ap_phi_reg_pp0_iter0_received_data_84_reg_624   |    9|          2|   32|         64|
    |ap_phi_reg_pp0_iter0_received_data_86_reg_635   |    9|          2|   32|         64|
    |ap_phi_reg_pp0_iter0_received_data_88_reg_646   |    9|          2|   32|         64|
    |ap_phi_reg_pp0_iter0_received_data_8_reg_206    |    9|          2|   32|         64|
    |ap_phi_reg_pp0_iter0_received_data_90_reg_657   |    9|          2|   32|         64|
    |ap_phi_reg_pp0_iter0_received_data_92_reg_668   |    9|          2|   32|         64|
    |ap_phi_reg_pp0_iter0_received_data_94_reg_679   |    9|          2|   32|         64|
    |ap_phi_reg_pp0_iter0_received_data_96_reg_690   |    9|          2|   32|         64|
    |ap_phi_reg_pp0_iter0_received_data_98_reg_701   |    9|          2|   32|         64|
    |ap_phi_reg_pp0_iter1_received_data_130_reg_877  |   14|          3|   32|         96|
    |cs                                              |   14|          3|    1|          3|
    |data_in                                         |   14|          3|   32|         96|
    |data_out_blk_n                                  |    9|          2|    1|          2|
    |miso_blk_n                                      |    9|          2|    1|          2|
    |mosi                                            |  155|         34|    1|         34|
    |received_data_fu_120                            |   14|          3|   32|         96|
    |sclk                                            |   14|          3|    1|          3|
    +------------------------------------------------+-----+-----------+-----+-----------+
    |Total                                           | 1502|        311| 2119|       4496|
    +------------------------------------------------+-----+-----------+-----+-----------+

    * Register: 
    +------------------------------------------------+-----+----+-----+-----------+
    |                      Name                      |  FF | LUT| Bits| Const Bits|
    +------------------------------------------------+-----+----+-----+-----------+
    |ap_CS_fsm                                       |  129|   0|  129|          0|
    |ap_enable_reg_pp0_iter0                         |    1|   0|    1|          0|
    |ap_enable_reg_pp0_iter0_reg                     |    1|   0|    1|          0|
    |ap_enable_reg_pp0_iter1                         |    1|   0|    1|          0|
    |ap_phi_reg_pp0_iter0_received_data_100_reg_712  |   32|   0|   32|          0|
    |ap_phi_reg_pp0_iter0_received_data_102_reg_723  |   32|   0|   32|          0|
    |ap_phi_reg_pp0_iter0_received_data_104_reg_734  |   32|   0|   32|          0|
    |ap_phi_reg_pp0_iter0_received_data_106_reg_745  |   32|   0|   32|          0|
    |ap_phi_reg_pp0_iter0_received_data_108_reg_756  |   32|   0|   32|          0|
    |ap_phi_reg_pp0_iter0_received_data_10_reg_217   |   32|   0|   32|          0|
    |ap_phi_reg_pp0_iter0_received_data_110_reg_767  |   32|   0|   32|          0|
    |ap_phi_reg_pp0_iter0_received_data_112_reg_778  |   32|   0|   32|          0|
    |ap_phi_reg_pp0_iter0_received_data_114_reg_789  |   32|   0|   32|          0|
    |ap_phi_reg_pp0_iter0_received_data_116_reg_800  |   32|   0|   32|          0|
    |ap_phi_reg_pp0_iter0_received_data_118_reg_811  |   32|   0|   32|          0|
    |ap_phi_reg_pp0_iter0_received_data_120_reg_822  |   32|   0|   32|          0|
    |ap_phi_reg_pp0_iter0_received_data_122_reg_833  |   32|   0|   32|          0|
    |ap_phi_reg_pp0_iter0_received_data_124_reg_844  |   32|   0|   32|          0|
    |ap_phi_reg_pp0_iter0_received_data_126_reg_855  |   32|   0|   32|          0|
    |ap_phi_reg_pp0_iter0_received_data_128_reg_866  |   32|   0|   32|          0|
    |ap_phi_reg_pp0_iter0_received_data_12_reg_228   |   32|   0|   32|          0|
    |ap_phi_reg_pp0_iter0_received_data_14_reg_239   |   32|   0|   32|          0|
    |ap_phi_reg_pp0_iter0_received_data_16_reg_250   |   32|   0|   32|          0|
    |ap_phi_reg_pp0_iter0_received_data_18_reg_261   |   32|   0|   32|          0|
    |ap_phi_reg_pp0_iter0_received_data_20_reg_272   |   32|   0|   32|          0|
    |ap_phi_reg_pp0_iter0_received_data_22_reg_283   |   32|   0|   32|          0|
    |ap_phi_reg_pp0_iter0_received_data_24_reg_294   |   32|   0|   32|          0|
    |ap_phi_reg_pp0_iter0_received_data_26_reg_305   |   32|   0|   32|          0|
    |ap_phi_reg_pp0_iter0_received_data_28_reg_316   |   32|   0|   32|          0|
    |ap_phi_reg_pp0_iter0_received_data_2_reg_185    |   32|   0|   32|          0|
    |ap_phi_reg_pp0_iter0_received_data_30_reg_327   |   32|   0|   32|          0|
    |ap_phi_reg_pp0_iter0_received_data_32_reg_338   |   32|   0|   32|          0|
    |ap_phi_reg_pp0_iter0_received_data_34_reg_349   |   32|   0|   32|          0|
    |ap_phi_reg_pp0_iter0_received_data_36_reg_360   |   32|   0|   32|          0|
    |ap_phi_reg_pp0_iter0_received_data_38_reg_371   |   32|   0|   32|          0|
    |ap_phi_reg_pp0_iter0_received_data_40_reg_382   |   32|   0|   32|          0|
    |ap_phi_reg_pp0_iter0_received_data_42_reg_393   |   32|   0|   32|          0|
    |ap_phi_reg_pp0_iter0_received_data_44_reg_404   |   32|   0|   32|          0|
    |ap_phi_reg_pp0_iter0_received_data_46_reg_415   |   32|   0|   32|          0|
    |ap_phi_reg_pp0_iter0_received_data_48_reg_426   |   32|   0|   32|          0|
    |ap_phi_reg_pp0_iter0_received_data_50_reg_437   |   32|   0|   32|          0|
    |ap_phi_reg_pp0_iter0_received_data_52_reg_448   |   32|   0|   32|          0|
    |ap_phi_reg_pp0_iter0_received_data_54_reg_459   |   32|   0|   32|          0|
    |ap_phi_reg_pp0_iter0_received_data_56_reg_470   |   32|   0|   32|          0|
    |ap_phi_reg_pp0_iter0_received_data_58_reg_481   |   32|   0|   32|          0|
    |ap_phi_reg_pp0_iter0_received_data_60_reg_492   |   32|   0|   32|          0|
    |ap_phi_reg_pp0_iter0_received_data_62_reg_503   |   32|   0|   32|          0|
    |ap_phi_reg_pp0_iter0_received_data_64_reg_514   |   32|   0|   32|          0|
    |ap_phi_reg_pp0_iter0_received_data_66_reg_525   |   32|   0|   32|          0|
    |ap_phi_reg_pp0_iter0_received_data_68_reg_536   |   32|   0|   32|          0|
    |ap_phi_reg_pp0_iter0_received_data_6_reg_195    |   32|   0|   32|          0|
    |ap_phi_reg_pp0_iter0_received_data_70_reg_547   |   32|   0|   32|          0|
    |ap_phi_reg_pp0_iter0_received_data_72_reg_558   |   32|   0|   32|          0|
    |ap_phi_reg_pp0_iter0_received_data_74_reg_569   |   32|   0|   32|          0|
    |ap_phi_reg_pp0_iter0_received_data_76_reg_580   |   32|   0|   32|          0|
    |ap_phi_reg_pp0_iter0_received_data_78_reg_591   |   32|   0|   32|          0|
    |ap_phi_reg_pp0_iter0_received_data_80_reg_602   |   32|   0|   32|          0|
    |ap_phi_reg_pp0_iter0_received_data_82_reg_613   |   32|   0|   32|          0|
    |ap_phi_reg_pp0_iter0_received_data_84_reg_624   |   32|   0|   32|          0|
    |ap_phi_reg_pp0_iter0_received_data_86_reg_635   |   32|   0|   32|          0|
    |ap_phi_reg_pp0_iter0_received_data_88_reg_646   |   32|   0|   32|          0|
    |ap_phi_reg_pp0_iter0_received_data_8_reg_206    |   32|   0|   32|          0|
    |ap_phi_reg_pp0_iter0_received_data_90_reg_657   |   32|   0|   32|          0|
    |ap_phi_reg_pp0_iter0_received_data_92_reg_668   |   32|   0|   32|          0|
    |ap_phi_reg_pp0_iter0_received_data_94_reg_679   |   32|   0|   32|          0|
    |ap_phi_reg_pp0_iter0_received_data_96_reg_690   |   32|   0|   32|          0|
    |ap_phi_reg_pp0_iter0_received_data_98_reg_701   |   32|   0|   32|          0|
    |ap_phi_reg_pp0_iter1_received_data_130_reg_877  |   32|   0|   32|          0|
    |miso_read_10_reg_1982                           |    1|   0|    1|          0|
    |miso_read_11_reg_1991                           |    1|   0|    1|          0|
    |miso_read_12_reg_2000                           |    1|   0|    1|          0|
    |miso_read_13_reg_2009                           |    1|   0|    1|          0|
    |miso_read_14_reg_2018                           |    1|   0|    1|          0|
    |miso_read_15_reg_2027                           |    1|   0|    1|          0|
    |miso_read_16_reg_2036                           |    1|   0|    1|          0|
    |miso_read_17_reg_2045                           |    1|   0|    1|          0|
    |miso_read_18_reg_2054                           |    1|   0|    1|          0|
    |miso_read_19_reg_2063                           |    1|   0|    1|          0|
    |miso_read_1_reg_1896                            |    1|   0|    1|          0|
    |miso_read_20_reg_2072                           |    1|   0|    1|          0|
    |miso_read_21_reg_2081                           |    1|   0|    1|          0|
    |miso_read_22_reg_2090                           |    1|   0|    1|          0|
    |miso_read_23_reg_2099                           |    1|   0|    1|          0|
    |miso_read_24_reg_2108                           |    1|   0|    1|          0|
    |miso_read_25_reg_2117                           |    1|   0|    1|          0|
    |miso_read_26_reg_2126                           |    1|   0|    1|          0|
    |miso_read_27_reg_2135                           |    1|   0|    1|          0|
    |miso_read_28_reg_2144                           |    1|   0|    1|          0|
    |miso_read_29_reg_2153                           |    1|   0|    1|          0|
    |miso_read_2_reg_1910                            |    1|   0|    1|          0|
    |miso_read_30_reg_2162                           |    1|   0|    1|          0|
    |miso_read_31_reg_2171                           |    1|   0|    1|          0|
    |miso_read_32_reg_2180                           |    1|   0|    1|          0|
    |miso_read_33_reg_2243                           |    1|   0|    1|          0|
    |miso_read_34_reg_2262                           |    1|   0|    1|          0|
    |miso_read_35_reg_2281                           |    1|   0|    1|          0|
    |miso_read_36_reg_2300                           |    1|   0|    1|          0|
    |miso_read_37_reg_2319                           |    1|   0|    1|          0|
    |miso_read_38_reg_2338                           |    1|   0|    1|          0|
    |miso_read_39_reg_2357                           |    1|   0|    1|          0|
    |miso_read_3_reg_1919                            |    1|   0|    1|          0|
    |miso_read_40_reg_2376                           |    1|   0|    1|          0|
    |miso_read_41_reg_2395                           |    1|   0|    1|          0|
    |miso_read_42_reg_2414                           |    1|   0|    1|          0|
    |miso_read_43_reg_2433                           |    1|   0|    1|          0|
    |miso_read_44_reg_2452                           |    1|   0|    1|          0|
    |miso_read_45_reg_2471                           |    1|   0|    1|          0|
    |miso_read_46_reg_2490                           |    1|   0|    1|          0|
    |miso_read_47_reg_2509                           |    1|   0|    1|          0|
    |miso_read_48_reg_2528                           |    1|   0|    1|          0|
    |miso_read_49_reg_2547                           |    1|   0|    1|          0|
    |miso_read_4_reg_1928                            |    1|   0|    1|          0|
    |miso_read_50_reg_2566                           |    1|   0|    1|          0|
    |miso_read_51_reg_2585                           |    1|   0|    1|          0|
    |miso_read_52_reg_2604                           |    1|   0|    1|          0|
    |miso_read_53_reg_2623                           |    1|   0|    1|          0|
    |miso_read_54_reg_2642                           |    1|   0|    1|          0|
    |miso_read_55_reg_2661                           |    1|   0|    1|          0|
    |miso_read_56_reg_2680                           |    1|   0|    1|          0|
    |miso_read_57_reg_2699                           |    1|   0|    1|          0|
    |miso_read_58_reg_2718                           |    1|   0|    1|          0|
    |miso_read_59_reg_2737                           |    1|   0|    1|          0|
    |miso_read_5_reg_1937                            |    1|   0|    1|          0|
    |miso_read_60_reg_2756                           |    1|   0|    1|          0|
    |miso_read_61_reg_2775                           |    1|   0|    1|          0|
    |miso_read_62_reg_2794                           |    1|   0|    1|          0|
    |miso_read_63_reg_2813                           |    1|   0|    1|          0|
    |miso_read_6_reg_1946                            |    1|   0|    1|          0|
    |miso_read_7_reg_1955                            |    1|   0|    1|          0|
    |miso_read_8_reg_1964                            |    1|   0|    1|          0|
    |miso_read_9_reg_1973                            |    1|   0|    1|          0|
    |miso_read_reg_1901                              |    1|   0|    1|          0|
    |received_data_fu_120                            |   32|   0|   32|          0|
    |send_data_reg_2199                              |   32|   0|   32|          0|
    |tmp_10_reg_1978                                 |    1|   0|    1|          0|
    |tmp_11_reg_1987                                 |    1|   0|    1|          0|
    |tmp_12_reg_1996                                 |    1|   0|    1|          0|
    |tmp_13_reg_2005                                 |    1|   0|    1|          0|
    |tmp_14_reg_2014                                 |    1|   0|    1|          0|
    |tmp_15_reg_2023                                 |    1|   0|    1|          0|
    |tmp_16_reg_2032                                 |    1|   0|    1|          0|
    |tmp_17_reg_2041                                 |    1|   0|    1|          0|
    |tmp_18_reg_2050                                 |    1|   0|    1|          0|
    |tmp_19_reg_2059                                 |    1|   0|    1|          0|
    |tmp_1_reg_1892                                  |    1|   0|    1|          0|
    |tmp_20_reg_2068                                 |    1|   0|    1|          0|
    |tmp_21_reg_2077                                 |    1|   0|    1|          0|
    |tmp_22_reg_2086                                 |    1|   0|    1|          0|
    |tmp_23_reg_2095                                 |    1|   0|    1|          0|
    |tmp_24_reg_2104                                 |    1|   0|    1|          0|
    |tmp_25_reg_2113                                 |    1|   0|    1|          0|
    |tmp_26_reg_2122                                 |    1|   0|    1|          0|
    |tmp_27_reg_2131                                 |    1|   0|    1|          0|
    |tmp_28_reg_2140                                 |    1|   0|    1|          0|
    |tmp_29_reg_2149                                 |    1|   0|    1|          0|
    |tmp_2_reg_1888                                  |    1|   0|    1|          0|
    |tmp_30_reg_2158                                 |    1|   0|    1|          0|
    |tmp_31_reg_2167                                 |    1|   0|    1|          0|
    |tmp_32_reg_2176                                 |    1|   0|    1|          0|
    |tmp_33_reg_2195                                 |    1|   0|    1|          0|
    |tmp_34_reg_2253                                 |    1|   0|    1|          0|
    |tmp_35_reg_2272                                 |    1|   0|    1|          0|
    |tmp_36_reg_2291                                 |    1|   0|    1|          0|
    |tmp_37_reg_2310                                 |    1|   0|    1|          0|
    |tmp_38_reg_2329                                 |    1|   0|    1|          0|
    |tmp_39_reg_2348                                 |    1|   0|    1|          0|
    |tmp_3_reg_1906                                  |    1|   0|    1|          0|
    |tmp_40_reg_2367                                 |    1|   0|    1|          0|
    |tmp_41_reg_2386                                 |    1|   0|    1|          0|
    |tmp_42_reg_2405                                 |    1|   0|    1|          0|
    |tmp_43_reg_2424                                 |    1|   0|    1|          0|
    |tmp_44_reg_2443                                 |    1|   0|    1|          0|
    |tmp_45_reg_2462                                 |    1|   0|    1|          0|
    |tmp_46_reg_2481                                 |    1|   0|    1|          0|
    |tmp_47_reg_2500                                 |    1|   0|    1|          0|
    |tmp_48_reg_2519                                 |    1|   0|    1|          0|
    |tmp_49_reg_2538                                 |    1|   0|    1|          0|
    |tmp_4_reg_1915                                  |    1|   0|    1|          0|
    |tmp_50_reg_2557                                 |    1|   0|    1|          0|
    |tmp_51_reg_2576                                 |    1|   0|    1|          0|
    |tmp_52_reg_2595                                 |    1|   0|    1|          0|
    |tmp_53_reg_2614                                 |    1|   0|    1|          0|
    |tmp_54_reg_2633                                 |    1|   0|    1|          0|
    |tmp_55_reg_2652                                 |    1|   0|    1|          0|
    |tmp_56_reg_2671                                 |    1|   0|    1|          0|
    |tmp_57_reg_2690                                 |    1|   0|    1|          0|
    |tmp_58_reg_2709                                 |    1|   0|    1|          0|
    |tmp_59_reg_2728                                 |    1|   0|    1|          0|
    |tmp_5_reg_1924                                  |    1|   0|    1|          0|
    |tmp_60_reg_2747                                 |    1|   0|    1|          0|
    |tmp_61_reg_2766                                 |    1|   0|    1|          0|
    |tmp_62_reg_2785                                 |    1|   0|    1|          0|
    |tmp_63_reg_2804                                 |    1|   0|    1|          0|
    |tmp_64_reg_2823                                 |    1|   0|    1|          0|
    |tmp_6_reg_1933                                  |    1|   0|    1|          0|
    |tmp_7_reg_1942                                  |    1|   0|    1|          0|
    |tmp_8_reg_1951                                  |    1|   0|    1|          0|
    |tmp_9_reg_1960                                  |    1|   0|    1|          0|
    |tmp_reg_1884                                    |    1|   0|    1|          0|
    |tmp_s_reg_1969                                  |    1|   0|    1|          0|
    |trunc_ln16_reg_2233                             |    1|   0|    1|          0|
    +------------------------------------------------+-----+----+-----+-----------+
    |Total                                           | 2375|   0| 2375|          0|
    +------------------------------------------------+-----+----+-----+-----------+



================================================================
== Interface
================================================================
* Summary: 
+-----------------+-----+-----+--------------+--------------+--------------+
|    RTL Ports    | Dir | Bits|   Protocol   | Source Object|    C Type    |
+-----------------+-----+-----+--------------+--------------+--------------+
|ap_clk           |   in|    1|  ap_ctrl_none|    spi_master|  return value|
|ap_rst           |   in|    1|  ap_ctrl_none|    spi_master|  return value|
|sclk             |  out|    1|         ap_hs|          sclk|       pointer|
|cs               |  out|    1|         ap_hs|            cs|       pointer|
|mosi             |  out|    1|         ap_hs|          mosi|       pointer|
|miso             |   in|    1|         ap_hs|          miso|       pointer|
|miso_ap_vld      |   in|    1|         ap_hs|          miso|       pointer|
|data_out         |   in|   32|         ap_hs|      data_out|       pointer|
|data_out_ap_vld  |   in|    1|         ap_hs|      data_out|       pointer|
|data_in          |  out|   32|         ap_hs|       data_in|       pointer|
|data_in_ap_vld   |  out|    1|         ap_hs|       data_in|       pointer|
+-----------------+-----+-----+--------------+--------------+--------------+

