C:\testing_comm\spi_directio\vitis_files\spi_master_logic\spi_master_logic\hls\.autopilot\db\spi_master_logic.pp.0.cpp:2259:5: warning: Added loop label VITIS_LOOP_676_1:   [xilinx-label-all-loops]
    for (unsigned i = low; i != high+1; ++i) {
    ^~~
    VITIS_LOOP_676_1: 
C:\testing_comm\spi_directio\vitis_files\spi_master_logic\spi_master_logic\hls\.autopilot\db\spi_master_logic.pp.0.cpp:2259:5: note: FIX-IT applied suggested code changes
C:\testing_comm\spi_directio\vitis_files\spi_master_logic\spi_master_logic\hls\.autopilot\db\spi_master_logic.pp.0.cpp:2273:5: warning: Added loop label VITIS_LOOP_690_1:   [xilinx-label-all-loops]
    for (unsigned i = low; i != high+1; ++i) {
    ^~~
    VITIS_LOOP_690_1: 
C:\testing_comm\spi_directio\vitis_files\spi_master_logic\spi_master_logic\hls\.autopilot\db\spi_master_logic.pp.0.cpp:2273:5: note: FIX-IT applied suggested code changes
C:\testing_comm\spi_directio\vitis_files\spi_master_logic\spi_master_logic\hls\.autopilot\db\spi_master_logic.pp.0.cpp:2287:5: warning: Added loop label VITIS_LOOP_704_1:   [xilinx-label-all-loops]
    for (unsigned i = low; i != high+1; ++i) {
    ^~~
    VITIS_LOOP_704_1: 
C:\testing_comm\spi_directio\vitis_files\spi_master_logic\spi_master_logic\hls\.autopilot\db\spi_master_logic.pp.0.cpp:2287:5: note: FIX-IT applied suggested code changes
C:\testing_comm\spi_directio\vitis_files\spi_master_logic\spi_master_logic\hls\.autopilot\db\spi_master_logic.pp.0.cpp:3921:7: warning: Added loop label VITIS_LOOP_1248_1:   [xilinx-label-all-loops]
      for (i = 0; i < __N - 1; ++i) {
      ^~~
      VITIS_LOOP_1248_1: 
C:\testing_comm\spi_directio\vitis_files\spi_master_logic\spi_master_logic\hls\.autopilot\db\spi_master_logic.pp.0.cpp:3921:7: note: FIX-IT applied suggested code changes
C:\testing_comm\spi_directio\vitis_files\spi_master_logic\spi_master_logic\hls\.autopilot\db\spi_master_logic.pp.0.cpp:43581:5: warning: Added loop label VITIS_LOOP_8_1:   [xilinx-label-all-loops]
    for (volatile int i = 0; i < cycles; i++);
    ^~~
    VITIS_LOOP_8_1: 
C:\testing_comm\spi_directio\vitis_files\spi_master_logic\spi_master_logic\hls\.autopilot\db\spi_master_logic.pp.0.cpp:43581:5: note: FIX-IT applied suggested code changes
