# 
# Steps log generated by v++
# This log file contains a collection of steps that describe the kernel compilation flow
# Note: Some steps are tagged as internal, these steps are for debugging purposes and 
#       are not expected to be able to run independently.
# 

# The following environment variables are set when running vitis-run
Environment variables :
------------------------------------------
ALLUSERSPROFILE=C:\ProgramData
APPDATA=C:\Users\linds\AppData\Roaming
arr.length=0
arr.Ubound=-1
CHARPOP=1
CMAKE_GENERATOR=Visual Studio 17 2022
CMAKE_OBJECT_PATH_MAX=4096
CommonProgramFiles=C:\Program Files\Common Files
CommonProgramFiles(x86)=C:\Program Files (x86)\Common Files
CommonProgramW6432=C:\Program Files\Common Files
COMPUTERNAME=LINDSEY_LAPTOP
ComSpec=C:\WINDOWS\system32\cmd.exe
DISPLAY=127.0.0.1:0.0
DriverData=C:\Windows\System32\Drivers\DriverData
EFC_7052=1
HDI_APPROOT=C:/Xilinx/Vitis/2024.2
HDI_PROCESSOR=i686
HOMEDRIVE=C:
HOMEPATH=\Users\linds
HW_SERVER_DJTG_DISABLE=1
HW_SERVER_FTDIMGR_DISABLE=1
IDE_SKIP_SERVER_LICENSE=1
INT_VARIABLE_NAME=XILINX_PATH
ISL_IOSTREAMS_RSA=C:/Xilinx/Vitis/2024.2/tps/isl
JAVA_EXE=C:/Xilinx\Vitis\2024.2\tps\win64\jre11.0.16_1\bin\java.exe
JAVA_HOME=C:/Xilinx\Vitis\2024.2\tps\win64\jre11.0.16_1
LC_NUMERIC=C
LOCALAPPDATA=C:\Users\linds\AppData\Local
LOGONSERVER=\\LINDSEY_LAPTOP
LOPPER_DTC_FLAGS=-b 0 -@
MGLS_LICENSE_FILE=1717@mentor.lic.rice.edu
NOSPLASH=false
NUMBER_OF_PROCESSORS=20
OneDrive=C:\Users\linds\OneDrive
OneDriveConsumer=C:\Users\linds\OneDrive
ORIGINAL_XDG_CURRENT_DESKTOP=undefined
OS=Windows_NT
PATH=C:/Xilinx/Vivado/2024.2/tps/win64/binutils-2.26/bin;C:/Xilinx/Vitis/2024.2/bin/../gnu/aarch64/nt/aarch64-linux/bin;C:/Xilinx/Vitis/2024.2/bin/../gnu/ppc64le/4.9.3/win64/bin;C:/Xilinx/Vitis/2024.2/bin/../gnu/aarch32/nt/gcc-arm-linux-gnueabi/bin;C:/Xilinx/Vitis/2024.2/tps/mingw/6.2.0/win64.o/nt/bin;C:/Xilinx/Vivado/2024.2\gnuwin\bin;C:/Xilinx/Vivado/2024.2\gnu\microblaze\nt\bin;C:/Xilinx/Vitis/2024.2/bin;C:/Xilinx/Vitis/2024.2/tps/win64/javafx-sdk-11.0.2/lib;C:/Xilinx/Vitis/2024.2/tps/win64/javafx-sdk-11.0.2/bin;C:/Xilinx/Vitis/2024.2/lib/win64.o;C:/Xilinx/Vitis/2024.2/tps/win64/jre11.0.16_1/bin/server;C:/Xilinx/Vitis/2024.2/tps/win64/jre11.0.16_1/bin;C:\Xilinx\Vitis\2024.2\tps\win64\LOPPER~1.0-P\min_sdk\\usr\bin;C:/Xilinx\Vitis\2024.2\tps\win64\cmake-3.24.2\bin;C:/Xilinx\Vitis\2024.2\gnu\microblaze\nt\bin;C:/Xilinx\Vitis\2024.2\gnu\microblaze\linux_toolchain\nt64_le\bin;C:/Xilinx\Vitis\2024.2\gnu\aarch32\nt\gcc-arm-linux-gnueabi\bin;C:/Xilinx\Vitis\2024.2\gnu\aarch32\nt\gcc-arm-none-eabi\bin;C:/Xilinx\Vitis\2024.2\gnu\aarch64\nt\aarch64-linux\bin;C:/Xilinx\Vitis\2024.2\gnu\aarch64\nt\aarch64-none\bin;C:/Xilinx\Vitis\2024.2\gnu\armr5\nt\gcc-arm-none-eabi\bin;C:/Xilinx\Vitis\2024.2\gnuwin\bin;C:/Xilinx\Vitis\2024.2\tps\win64\python-3.8.3;C:/Xilinx\Vitis\2024.2\tps\win64\libxslt\bin;C:/Xilinx/Vivado/2024.2\bin;C:/Xilinx/Vitis/2024.2\gnu\arm\nt\bin;C:/Xilinx/Vitis/2024.2\gnu\microblaze\linux_toolchain\nt64_be\bin;C:/Xilinx/Vitis/2024.2\gnu\riscv\nt\riscv64-unknown-elf\bin;C:/Xilinx/Vivado/2024.2\tps\win64\python-3.8.3;C:/Xilinx/Vivado/2024.2\tps\win64\git-2.45.0\bin;C:/Xilinx/Vivado/2024.2\tps\win64\cmake-3.24.2\bin;C:/Xilinx/Vitis/2024.2\win64\tools\clang\bin;C:\Program Files (x86)\VMware\VMware Player\bin\;C:\Windows\system32;C:\Windows;C:\Windows\System32\Wbem;C:\Windows\System32\WindowsPowerShell\v1.0\;C:\Windows\System32\OpenSSH\;C:\Program Files\NVIDIA Corporation\NVIDIA NvDLISR;C:\Program Files\Git\cmd;C:\Program Files\Git\bin\git.exe;C:\Program Files\Wolfram Research\WolframScript\;C:\Users\linds\AppData\Local\Packages\PythonSoftwareFoundation.Python.3.10_qbz5n2kfra8p0\LocalCache\local-packages\Python310\site-packages\cmake\data\bin\;C:\Users\linds\Downloads\winlibs-x86_64-posix-seh-gcc-13.2.0-llvm-17.0.6-mingw-w64ucrt-11.0.1-r5.7z\mingw64\bin;C:\Program Files\dotnet\;C:\Program Files (x86)\IVI Foundation\VISA\WinNT\Bin\;C:\Program Files\IVI Foundation\VISA\Win64\Bin\;C:\Program Files (x86)\Windows Kits\10\Windows Performance Toolkit\;C:\MinGW\bin;C:\Program Files\MATLAB\R2024b\bin;C:\Program Files\PuTTY\;%SystemRoot%\system32;%SystemRoot%;%SystemRoot%\System32\Wbem;%SYSTEMROOT%\System32\WindowsPowerShell\v1.0\;%SYSTEMROOT%\System32\OpenSSH\;C:\Users\linds\AppData\Local\Microsoft\WindowsApps;C:\Users\linds\AppData\Local\Programs\Microsoft VS Code\bin;C:\Users\linds\AppData\Local\Pandoc\;C:\Users\linds\AppData\Local\Programs\MiKTeX\miktex\bin\x64\;C:\Users\linds\.dotnet\tools;;C:/Xilinx/Vitis/2024.2\tps\mingw\6.2.0\win64.o\nt\bin;C:/Xilinx/Vitis/2024.2\tps\mingw\6.2.0\win64.o\nt\libexec\gcc\x86_64-w64-mingw32\6.2.0
PATHEXT=.COM;.EXE;.BAT;.CMD;.VBS;.VBE;.JS;.JSE;.WSF;.WSH;.MSC
PROCESSOR_ARCHITECTURE=AMD64
PROCESSOR_IDENTIFIER=Intel64 Family 6 Model 154 Stepping 3, GenuineIntel
PROCESSOR_LEVEL=6
PROCESSOR_REVISION=9a03
PRODVERSION_EXE=C:/Xilinx/Vitis/2024.2/bin/unwrapped/win64.o/prodversion.exe
ProgramData=C:\ProgramData
ProgramFiles=C:\Program Files
ProgramFiles(x86)=C:\Program Files (x86)
ProgramW6432=C:\Program Files
PROMPT=$P$G
PSModulePath=C:\Program Files\WindowsPowerShell\Modules;C:\WINDOWS\system32\WindowsPowerShell\v1.0\Modules
PUBLIC=C:\Users\Public
PYTHONPATH=;C:/Xilinx/Vitis/2024.2\cli;C:/Xilinx/Vitis/2024.2\cli\python-packages\win64;C:/Xilinx/Vitis/2024.2\cli\python-packages\site-packages;C:/Xilinx/Vitis/2024.2\cli\proto;C:/Xilinx/Vitis/2024.2\scripts\python_pkg;
python_path=;C:/Xilinx/Vitis/2024.2\cli;C:/Xilinx/Vitis/2024.2\cli\python-packages\win64;C:/Xilinx/Vitis/2024.2\cli\python-packages\site-packages;C:/Xilinx/Vitis/2024.2\cli\proto;C:/Xilinx/Vitis/2024.2\scripts\python_pkg;
RDI_APPROOT=C:/Xilinx/Vitis/2024.2
RDI_ARGS= --mode hls --csim --config C:\Users\linds\OneDrive\Desktop\2024-2025_Semester_1\GIM\GIM-2024-2025\spi_directio2\spi_master\hls_config.cfg --work_dir spi_master
RDI_ARGS_FUNCTION=RDI_EXEC_DEFAULT
RDI_BASEROOT=C:/Xilinx/Vitis
RDI_BINDIR=C:/Xilinx/Vitis/2024.2/bin
RDI_BINROOT=C:/Xilinx/Vitis/2024.2/bin
RDI_BUILD=yes
RDI_CHECK_PROG=True
RDI_DATADIR=C:/Xilinx/SharedData/2024.2/data;C:/Xilinx/Vitis/2024.2/data
RDI_INSTALLROOT=C:/Xilinx
RDI_INSTALLVER=2024.2
RDI_INSTALLVERSION=2024.2
RDI_JAVACEFROOT=C:/Xilinx/Vitis/2024.2/tps/win64/java-cef-95.0.4638.69
RDI_JAVAFXROOT=C:/Xilinx/Vitis/2024.2/tps/win64/javafx-sdk-11.0.2
RDI_JAVAROOT=C:/Xilinx/Vitis/2024.2/tps/win64/jre11.0.16_1
RDI_JAVA_VERSION=11.0.16_1
RDI_LIBDIR=C:/Xilinx/Vitis/2024.2/lib/win64.o
RDI_MINGW_LIB=C:/Xilinx/Vitis/2024.2\tps\mingw\6.2.0\win64.o\nt\bin;C:/Xilinx/Vitis/2024.2\tps\mingw\6.2.0\win64.o\nt\libexec\gcc\x86_64-w64-mingw32\6.2.0
RDI_OPT_EXT=.o
RDI_OS_ARCH=64
RDI_PLATFORM=win64
RDI_PREPEND_PATH=C:/Xilinx/Vitis/2024.2/bin
RDI_PROG=C:/Xilinx/Vitis/2024.2/bin/unwrapped/win64.o/vitis-run.exe
RDI_PROGNAME=vitis-run.exe
RDI_SESSION_INFO=C:\Xilinx\Vitis\2024.2\bin:LINDSEY_LAPTOP-Mon02-17-2025_22-17-10.30
RDI_SHARED_DATA=C:/Xilinx/SharedData/2024.2/data
RDI_TPS_ROOT=C:/Xilinx/Vivado/2024.2/tps/win64
RDI_USE_JDK11=1
RDI_VERBOSE=False
RT_LIBPATH=C:/Xilinx/Vitis/2024.2/scripts/rt/data
RT_TCL_PATH=C:/Xilinx/Vitis/2024.2/scripts/rt/base_tcl/tcl
SDKROOT=C:\Xilinx\Vitis\2024.2\tps\win64\LOPPER~1.0-P\min_sdk\
SESSIONNAME=Console
session_string=C:\Users\linds\OneDrive\Desktop\2024-2025_Semester_1\GIM\GIM-2024-2025\spi_directio2\spi_master:LINDSEY_LAPTOP-Mon02-17-2025_22-21-21.30
SHARED_DATA_HOME="C:/Xilinx/SharedData/2024.2"
supports_classic_ide=true
SWIG_LIB=C:\Xilinx\Vitis\2024.2\tps\win64\LOPPER~1.0-P\min_sdk\\usr\lib\swig\4.2.1
SYNTH_COMMON=C:/Xilinx/Vitis/2024.2/scripts/rt/data
SystemDrive=C:
SystemRoot=C:\WINDOWS
TCL_LIBRARY=C:/Xilinx/Vitis/2024.2/tps/tcl/tcl8.6
TCMALLOC_LARGE_ALLOC_REPORT_THRESHOLD=4294967296
TEMP=C:\Users\linds\AppData\Local\Temp
THEIA_APP_PROJECT_PATH=C:\Xilinx\Vitis\2024.2\ide\electron-app\win64\resources\app
THEIA_DEFAULT_PLUGINS=local-dir:C:\Xilinx\Vitis\2024.2\ide\electron-app\win64\resources\app\plugins
THEIA_ELECTRON_TOKEN={"value":"6d92c6de-3bcd-422f-8486-e53eee603a01"}
THEIA_ELECTRON_VERSION=15.5.7
THEIA_PLUGINS=local-dir:C:\Users\linds\.theia\plugins
TMP=C:\Users\linds\AppData\Local\Temp
tooldir=tps\win64\git-2.41.0
TOOLS_CLANG=C:/Xilinx/Vitis/2024.2\win64\tools\clang
TPS_CMAKE=C:/Xilinx/Vivado/2024.2\tps\win64\cmake-3.24.2
TPS_GIT=C:/Xilinx/Vivado/2024.2\tps\win64\git-2.45.0
TPS_LIBXSLT=C:/Xilinx/Vitis/2024.2\tps\win64\libxslt
TPS_PYTHON=C:/Xilinx/Vivado/2024.2\tps\win64\python-3.8.3
USERDOMAIN=LINDSEY_LAPTOP
USERDOMAIN_ROAMINGPROFILE=LINDSEY_LAPTOP
USERNAME=linds
USERPROFILE=C:\Users\linds
VITISNEW=true
VSCODE_API_VERSION=1.53.2
VXIPNPPATH=C:\Program Files (x86)\IVI Foundation\VISA\
VXIPNPPATH64=C:\Program Files\IVI Foundation\VISA\
windir=C:\WINDOWS
XILINX_HLS=C:/Xilinx/Vitis/2024.2
XILINX_PLANAHEAD=C:/Xilinx/Vitis/2024.2
XILINX_SDK=C:/Xilinx/Vitis/2024.2
XILINX_VCXX=C:/Xilinx/Vitis/2024.2/vcxx
XILINX_VERSION_DEFAULT=2024.2
XILINX_VERSION_VITIS=2024.2
XILINX_VITIS=C:/Xilinx\Vitis\2024.2
XILINX_VITIS_GIT=C:/Xilinx/Vivado/2024.2\tps\win64\git-2.45.0\bin
XILINX_VITIS_HLS_ENCAPSULATED=1
XILINX_VITIS_VERSION=Vitis v2024.2 (64-bit)
XILINX_VIVADO=C:/Xilinx/Vivado/2024.2
XILINX_VIVADO_HLS=C:/Xilinx/Vivado/2024.2
XIL_CHECK_TCL_DEBUG=False
XIL_NO_OVERRIDE=0
XIL_SUPPRESS_OVERRIDE_WARNINGS=1
XVREDIST=C:/Xilinx/Vitis/2024.2\tps\win64\xvcredist.exe
ZES_ENABLE_SYSMAN=1
_RDI_BINROOT=C:\Xilinx\Vitis\2024.2\bin
_RDI_CWD=C:\Users\linds\OneDrive\Desktop\2024-2025_Semester_1\GIM\GIM-2024-2025\spi_directio2\spi_master
_RDI_DONT_SET_XILINX_AS_PATH=True
_RDI_VERSION_PROG=vitis-run
_valid=False
XILINX_CD_CONNECT_ID=52883
XILINX_CD_SESSION=d3cd8b9b-8dba-43ca-8b84-e688f6847733


VITIS-RUN command line:
------------------------------------------
C:/Xilinx/Vitis/2024.2/bin/unwrapped/win64.o/vitis-run.exe --mode hls --csim --config C:\Users\linds\OneDrive\Desktop\2024-2025_Semester_1\GIM\GIM-2024-2025\spi_directio2\spi_master\hls_config.cfg --work_dir spi_master 

FINAL PROGRAM OPTIONS
--config C:\Users\linds\OneDrive\Desktop\2024-2025_Semester_1\GIM\GIM-2024-2025\spi_directio2\spi_master\hls_config.cfg
--csim
--hls.clock 10ns
--hls.clock_uncertainty 2ns
--hls.flow_target vivado
--hls.package.output.format ip_catalog
--hls.package.output.syn false
--hls.syn.file C:/Users/linds/OneDrive/Desktop/2024-2025_Semester_1/GIM/GIM-2024-2025/spi_directio2/spi_master.cpp
--hls.syn.top spi_master
--hls.tb.file C:/Users/linds/OneDrive/Desktop/2024-2025_Semester_1/GIM/GIM-2024-2025/spi_directio2/spi_master_tb.cpp
--hls.tb.file_cflags C:/Users/linds/OneDrive/Desktop/2024-2025_Semester_1/GIM/GIM-2024-2025/spi_directio2/spi_master_tb.cpp,-D HW_COSIM
--mode hls
--part xczu3eg-sfvc784-1-e
--work_dir spi_master

PARSED COMMAND LINE OPTIONS
--mode hls 
--csim 
--config C:\Users\linds\OneDrive\Desktop\2024-2025_Semester_1\GIM\GIM-2024-2025\spi_directio2\spi_master\hls_config.cfg 
--work_dir spi_master 

PARSED CONFIG FILE (1) OPTIONS
file: C:\Users\linds\OneDrive\Desktop\2024-2025_Semester_1\GIM\GIM-2024-2025\spi_directio2\spi_master\hls_config.cfg
part xczu3eg-sfvc784-1-e 
hls.flow_target vivado 
hls.package.output.format ip_catalog 
hls.package.output.syn false 
hls.syn.top spi_master 
hls.syn.file C:/Users/linds/OneDrive/Desktop/2024-2025_Semester_1/GIM/GIM-2024-2025/spi_directio2/spi_master.cpp 
hls.tb.file C:/Users/linds/OneDrive/Desktop/2024-2025_Semester_1/GIM/GIM-2024-2025/spi_directio2/spi_master_tb.cpp 
hls.tb.file_cflags C:/Users/linds/OneDrive/Desktop/2024-2025_Semester_1/GIM/GIM-2024-2025/spi_directio2/spi_master_tb.cpp,-D HW_COSIM 
hls.clock 10ns 
hls.clock_uncertainty 2ns 


==========================================
new:  steps log generated by v++ for new launch 
timestamp: 17 Feb 2025 22:21:25

------------------------------------------
V++ command line :
------------------------------------------
C:/Xilinx/Vitis/2024.2/bin/unwrapped/win64.o/v++.exe -c --mode hls --config C:\Users\linds\OneDrive\Desktop\2024-2025_Semester_1\GIM\GIM-2024-2025\spi_directio2\spi_master\hls_config.cfg --work_dir spi_master 
  Options from -O    : 
  Options from *.ini : 
  Options from Hw Platform : 

==========================================
new:  steps log generated by v++ for new launch 
timestamp: 17 Feb 2025 22:21:58

------------------------------------------
V++ command line :
------------------------------------------
C:/Xilinx/Vitis/2024.2/bin/unwrapped/win64.o/v++.exe -c --mode hls --config C:\Users\linds\OneDrive\Desktop\2024-2025_Semester_1\GIM\GIM-2024-2025\spi_directio2\spi_master\hls_config.cfg --work_dir spi_master 
  Options from -O    : 
  Options from *.ini : 
  Options from Hw Platform : 

==========================================
new:  steps log generated by v++ for new launch 
timestamp: 17 Feb 2025 22:23:12

------------------------------------------
VITIS-RUN command line :
------------------------------------------
C:/Xilinx/Vitis/2024.2/bin/unwrapped/win64.o/vitis-run.exe --mode hls --csim --config C:\Users\linds\OneDrive\Desktop\2024-2025_Semester_1\GIM\GIM-2024-2025\spi_directio2\spi_master\hls_config.cfg --work_dir spi_master 
  Options from -O    : 
  Options from *.ini : 
  Options from Hw Platform : 

==========================================
new:  steps log generated by v++ for new launch 
timestamp: 17 Feb 2025 22:29:30

------------------------------------------
VITIS-RUN command line :
------------------------------------------
C:/Xilinx/Vitis/2024.2/bin/unwrapped/win64.o/vitis-run.exe --mode hls --cosim --config C:\Users\linds\OneDrive\Desktop\2024-2025_Semester_1\GIM\GIM-2024-2025\spi_directio2\spi_master\hls_config.cfg --work_dir spi_master 
  Options from -O    : 
  Options from *.ini : 
  Options from Hw Platform : 

==========================================
new:  steps log generated by v++ for new launch 
timestamp: 17 Feb 2025 22:30:29

------------------------------------------
V++ command line :
------------------------------------------
C:/Xilinx/Vitis/2024.2/bin/unwrapped/win64.o/v++.exe -c --mode hls --config C:\Users\linds\OneDrive\Desktop\2024-2025_Semester_1\GIM\GIM-2024-2025\spi_directio2\spi_master\hls_config.cfg --work_dir spi_master 
  Options from -O    : 
  Options from *.ini : 
  Options from Hw Platform : 

==========================================
new:  steps log generated by v++ for new launch 
timestamp: 17 Feb 2025 22:31:54

------------------------------------------
VITIS-RUN command line :
------------------------------------------
C:/Xilinx/Vitis/2024.2/bin/unwrapped/win64.o/vitis-run.exe --mode hls --csim --config C:\Users\linds\OneDrive\Desktop\2024-2025_Semester_1\GIM\GIM-2024-2025\spi_directio2\spi_master\hls_config.cfg --work_dir spi_master 
  Options from -O    : 
  Options from *.ini : 
  Options from Hw Platform : 

==========================================
new:  steps log generated by v++ for new launch 
timestamp: 17 Feb 2025 22:33:35

------------------------------------------
V++ command line :
------------------------------------------
C:/Xilinx/Vitis/2024.2/bin/unwrapped/win64.o/v++.exe -c --mode hls --config C:\Users\linds\OneDrive\Desktop\2024-2025_Semester_1\GIM\GIM-2024-2025\spi_directio2\spi_master\hls_config.cfg --work_dir spi_master 
  Options from -O    : 
  Options from *.ini : 
  Options from Hw Platform : 

==========================================
new:  steps log generated by v++ for new launch 
timestamp: 17 Feb 2025 22:34:21

------------------------------------------
VITIS-RUN command line :
------------------------------------------
C:/Xilinx/Vitis/2024.2/bin/unwrapped/win64.o/vitis-run.exe --mode hls --csim --config C:\Users\linds\OneDrive\Desktop\2024-2025_Semester_1\GIM\GIM-2024-2025\spi_directio2\spi_master\hls_config.cfg --work_dir spi_master 
  Options from -O    : 
  Options from *.ini : 
  Options from Hw Platform : 

==========================================
new:  steps log generated by v++ for new launch 
timestamp: 17 Feb 2025 22:35:41

------------------------------------------
V++ command line :
------------------------------------------
C:/Xilinx/Vitis/2024.2/bin/unwrapped/win64.o/v++.exe -c --mode hls --config C:\Users\linds\OneDrive\Desktop\2024-2025_Semester_1\GIM\GIM-2024-2025\spi_directio2\spi_master\hls_config.cfg --work_dir spi_master 
  Options from -O    : 
  Options from *.ini : 
  Options from Hw Platform : 

==========================================
new:  steps log generated by v++ for new launch 
timestamp: 17 Feb 2025 22:36:23

------------------------------------------
V++ command line :
------------------------------------------
C:/Xilinx/Vitis/2024.2/bin/unwrapped/win64.o/v++.exe -c --mode hls --config C:\Users\linds\OneDrive\Desktop\2024-2025_Semester_1\GIM\GIM-2024-2025\spi_directio2\spi_master\hls_config.cfg --work_dir spi_master 
  Options from -O    : 
  Options from *.ini : 
  Options from Hw Platform : 

==========================================
new:  steps log generated by v++ for new launch 
timestamp: 17 Feb 2025 22:46:48
