#-----------------------------------------------------------
# Vivado v2024.1 (64-bit)
# SW Build 5076996 on Wed May 22 18:37:14 MDT 2024
# IP Build 5075265 on Wed May 22 21:45:21 MDT 2024
# SharedData Build 5076995 on Wed May 22 18:29:18 MDT 2024
# Start of session at: Sat Feb 22 15:45:20 2025
# Process ID: 22552
# Current directory: C:/Users/Dawso/GIM-2024-2025/spi_directio/hls_daw/pulse_gen/pulse_gen/hls/impl/ip
# Command line: vivado.exe -notrace -mode batch -source run_ippack.tcl
# Log file: C:/Users/Dawso/GIM-2024-2025/spi_directio/hls_daw/pulse_gen/pulse_gen/hls/impl/ip/vivado.log
# Journal file: C:/Users/Dawso/GIM-2024-2025/spi_directio/hls_daw/pulse_gen/pulse_gen/hls/impl/ip\vivado.jou
# Running On        :LAPTOP-DP0OJSK0
# Platform          :Windows Server 2016 or Windows 10
# Operating System  :26100
# Processor Detail  :AMD Ryzen 9 4900HS with Radeon Graphics         
# CPU Frequency     :2994 MHz
# CPU Physical cores:8
# CPU Logical cores :16
# Host memory       :16556 MB
# Swap memory       :13421 MB
# Total Virtual     :29978 MB
# Available Virtual :11507 MB
#-----------------------------------------------------------
source run_ippack.tcl -notrace
INFO: calling package_hls_ip ip_types=vitis sysgen json_file=C:/Users/Dawso/GIM-2024-2025/spi_directio/hls_daw/pulse_gen/pulse_gen/hls/hls_data.json outdir=C:/Users/Dawso/GIM-2024-2025/spi_directio/hls_daw/pulse_gen/pulse_gen/hls/impl/ip srcdir=C:/Users/Dawso/GIM-2024-2025/spi_directio/hls_daw/pulse_gen/pulse_gen/hls sort_interfaces_ports=false
INFO: Copied 1 ipmisc file(s) to C:/Users/Dawso/GIM-2024-2025/spi_directio/hls_daw/pulse_gen/pulse_gen/hls/impl/ip/misc
INFO: Copied 2 verilog file(s) to C:/Users/Dawso/GIM-2024-2025/spi_directio/hls_daw/pulse_gen/pulse_gen/hls/impl/ip/hdl/verilog
INFO: Copied 2 vhdl file(s) to C:/Users/Dawso/GIM-2024-2025/spi_directio/hls_daw/pulse_gen/pulse_gen/hls/impl/ip/hdl/vhdl
INFO: Copied 10 swdriver file(s) to C:/Users/Dawso/GIM-2024-2025/spi_directio/hls_daw/pulse_gen/pulse_gen/hls/impl/ip/drivers
ipx::create_core: Time (s): cpu = 00:00:18 ; elapsed = 00:00:20 . Memory (MB): peak = 632.664 ; gain = 191.789
INFO: Import ports from HDL: C:/Users/Dawso/GIM-2024-2025/spi_directio/hls_daw/pulse_gen/pulse_gen/hls/impl/ip/hdl/vhdl/pulse_gen.vhd (pulse_gen)
INFO: Add axi4lite interface s_axi_control
INFO: Add clock interface ap_clk
INFO: Add reset interface ap_rst_n
INFO: Calling post_process_vitis to specialize IP
INFO: Calling post_process_sysgen to specialize IP
Generating sysgen info xml from json file
INFO: Created IP C:/Users/Dawso/GIM-2024-2025/spi_directio/hls_daw/pulse_gen/pulse_gen/hls/impl/ip/component.xml
INFO: Created IP archive C:/Users/Dawso/GIM-2024-2025/spi_directio/hls_daw/pulse_gen/pulse_gen/hls/impl/ip/xilinx_com_hls_pulse_gen_1_0.zip
INFO: [Common 17-206] Exiting Vivado at Sat Feb 22 15:45:59 2025...
