

================================================================
== Vitis HLS Report for 'example_acc_Pipeline_VITIS_LOOP_11_1'
================================================================
* Date:           Thu Feb 20 10:57:05 2025

* Version:        2024.2 (Build 5238294 on Nov  8 2024)
* Project:        example_acc
* Solution:       hls (Vivado IP Flow Target)
* Product family: zynquplus
* Target device:  xczu3eg-sfvc784-1-e


================================================================
== Performance Estimates
================================================================
+ Timing: 
    * Summary: 
    +--------+----------+----------+------------+
    |  Clock |  Target  | Estimated| Uncertainty|
    +--------+----------+----------+------------+
    |ap_clk  |  10.00 ns|  1.534 ns|     2.00 ns|
    +--------+----------+----------+------------+

+ Latency: 
    * Summary: 
    +---------+---------+-----------+-----------+-----+-----+------------------------------------------------+
    |  Latency (cycles) |   Latency (absolute)  |  Interval |                    Pipeline                    |
    |   min   |   max   |    min    |    max    | min | max |                      Type                      |
    +---------+---------+-----------+-----------+-----+-----+------------------------------------------------+
    |        4|        4|  40.000 ns|  40.000 ns|    3|    3|  loop auto-rewind stp (delay=0 clock cycles(s))|
    +---------+---------+-----------+-----------+-----+-----+------------------------------------------------+

    + Detail: 
        * Instance: 
        N/A

        * Loop: 
        +-------------------+---------+---------+----------+-----------+-----------+------+----------+
        |                   |  Latency (cycles) | Iteration|  Initiation Interval  | Trip |          |
        |     Loop Name     |   min   |   max   |  Latency |  achieved |   target  | Count| Pipelined|
        +-------------------+---------+---------+----------+-----------+-----------+------+----------+
        |- VITIS_LOOP_11_1  |        2|        2|         1|          1|          1|     2|       yes|
        +-------------------+---------+---------+----------+-----------+-----------+------+----------+



================================================================
== Utilization Estimates
================================================================
* Summary: 
+-----------------+---------+-----+--------+-------+-----+
|       Name      | BRAM_18K| DSP |   FF   |  LUT  | URAM|
+-----------------+---------+-----+--------+-------+-----+
|DSP              |        -|    -|       -|      -|    -|
|Expression       |        -|    -|       0|     46|    -|
|FIFO             |        -|    -|       -|      -|    -|
|Instance         |        -|    -|       -|      -|    -|
|Memory           |        -|    -|       -|      -|    -|
|Multiplexer      |        -|    -|       0|     36|    -|
|Register         |        -|    -|      37|      -|    -|
+-----------------+---------+-----+--------+-------+-----+
|Total            |        0|    0|      37|     82|    0|
+-----------------+---------+-----+--------+-------+-----+
|Available        |      432|  360|  141120|  70560|    0|
+-----------------+---------+-----+--------+-------+-----+
|Utilization (%)  |        0|    0|      ~0|     ~0|    0|
+-----------------+---------+-----+--------+-------+-----+

+ Detail: 
    * Instance: 
    N/A

    * DSP: 
    N/A

    * Memory: 
    N/A

    * FIFO: 
    N/A

    * Expression: 
    +--------------------+----------+----+---+----+------------+------------+
    |    Variable Name   | Operation| DSP| FF| LUT| Bitwidth P0| Bitwidth P1|
    +--------------------+----------+----+---+----+------------+------------+
    |add_ln11_fu_82_p2   |         +|   0|  0|   9|           2|           1|
    |icmp_ln11_fu_76_p2  |      icmp|   0|  0|  10|           2|           3|
    |icmp_ln12_fu_91_p2  |      icmp|   0|  0|   9|           2|           1|
    |number_fu_97_p3     |    select|   0|  0|  16|           1|          16|
    |ap_enable_pp0       |       xor|   0|  0|   2|           1|           2|
    +--------------------+----------+----+---+----+------------+------------+
    |Total               |          |   0|  0|  46|           8|          23|
    +--------------------+----------+----+---+----+------------+------------+

    * Multiplexer: 
    +-------------------------+----+-----------+-----+-----------+
    |           Name          | LUT| Input Size| Bits| Total Bits|
    +-------------------------+----+-----------+-----+-----------+
    |ap_done_int              |   9|          2|    1|          2|
    |ap_enable_reg_pp0_iter1  |   9|          2|    1|          2|
    |i_fu_40                  |   9|          2|    2|          4|
    |or_i3_i_i_fu_36          |   9|          2|   32|         64|
    +-------------------------+----+-----------+-----+-----------+
    |Total                    |  36|          8|   36|         72|
    +-------------------------+----+-----------+-----+-----------+

    * Register: 
    +-------------------------+----+----+-----+-----------+
    |           Name          | FF | LUT| Bits| Const Bits|
    +-------------------------+----+----+-----+-----------+
    |ap_CS_fsm                |   1|   0|    1|          0|
    |ap_done_reg              |   1|   0|    1|          0|
    |ap_enable_reg_pp0_iter1  |   1|   0|    1|          0|
    |i_fu_40                  |   2|   0|    2|          0|
    |or_i3_i_i_fu_36          |  32|   0|   32|          0|
    +-------------------------+----+----+-----+-----------+
    |Total                    |  37|   0|   37|          0|
    +-------------------------+----+----+-----+-----------+



================================================================
== Interface
================================================================
* Summary: 
+----------------------+-----+-----+------------+--------------------------------------+--------------+
|       RTL Ports      | Dir | Bits|  Protocol  |             Source Object            |    C Type    |
+----------------------+-----+-----+------------+--------------------------------------+--------------+
|ap_clk                |   in|    1|  ap_ctrl_hs|  example_acc_Pipeline_VITIS_LOOP_11_1|  return value|
|ap_rst                |   in|    1|  ap_ctrl_hs|  example_acc_Pipeline_VITIS_LOOP_11_1|  return value|
|ap_start              |   in|    1|  ap_ctrl_hs|  example_acc_Pipeline_VITIS_LOOP_11_1|  return value|
|ap_done               |  out|    1|  ap_ctrl_hs|  example_acc_Pipeline_VITIS_LOOP_11_1|  return value|
|ap_idle               |  out|    1|  ap_ctrl_hs|  example_acc_Pipeline_VITIS_LOOP_11_1|  return value|
|ap_ready              |  out|    1|  ap_ctrl_hs|  example_acc_Pipeline_VITIS_LOOP_11_1|  return value|
|w2                    |   in|   16|     ap_none|                                    w2|        scalar|
|w1                    |   in|   16|     ap_none|                                    w1|        scalar|
|or_i3_i_i_out         |  out|   32|      ap_vld|                         or_i3_i_i_out|       pointer|
|or_i3_i_i_out_ap_vld  |  out|    1|      ap_vld|                         or_i3_i_i_out|       pointer|
+----------------------+-----+-----+------------+--------------------------------------+--------------+

