#-----------------------------------------------------------
# xsim v2024.2 (64-bit)
# SW Build 5239630 on Fri Nov 08 22:35:27 MST 2024
# IP Build 5239520 on Sun Nov 10 16:12:51 MST 2024
# SharedData Build 5239561 on Fri Nov 08 14:39:27 MST 2024
# Start of session at: Thu Feb 20 10:57:55 2025
# Process ID         : 7032
# Current directory  : C:/GIM/hls_ltr/example_acc/example_acc/hls/sim/verilog
# Command line       : xsim.exe -mode tcl -source {xsim.dir/example_acc/xsim_script.tcl}
# Log file           : C:/GIM/hls_ltr/example_acc/example_acc/hls/sim/verilog/xsim.log
# Journal file       : C:/GIM/hls_ltr/example_acc/example_acc/hls/sim/verilog\xsim.jou
# Running On         : Lindsey_laptop
# Platform           : Windows Server 2016 or Windows 10
# Operating System   : 26100
# Processor Detail   : 12th Gen Intel(R) Core(TM) i7-12700H
# CPU Frequency      : 2688 MHz
# CPU Physical cores : 14
# CPU Logical cores  : 20
# Host memory        : 34042 MB
# Swap memory        : 11274 MB
# Total Virtual      : 45317 MB
# Available Virtual  : 19351 MB
#-----------------------------------------------------------
source xsim.dir/example_acc/xsim_script.tcl
# xsim {example_acc} -autoloadwcfg -tclbatch {example_acc.tcl}
Time resolution is 1 ps
source example_acc.tcl
## run all
////////////////////////////////////////////////////////////////////////////////////
// Inter-Transaction Progress: Completed Transaction / Total Transaction
// Intra-Transaction Progress: Measured Latency / Latency Estimation * 100%
//
// RTL Simulation : "Inter-Transaction Progress" ["Intra-Transaction Progress"] @ "Simulation Time"
////////////////////////////////////////////////////////////////////////////////////
// RTL Simulation : 0 / 1 [0.00%] @ "125000"
// RTL Simulation : 1 / 1 [100.00%] @ "825000"
////////////////////////////////////////////////////////////////////////////////////
$finish called at time : 885 ns : File "C:/GIM/hls_ltr/example_acc/example_acc/hls/sim/verilog/example_acc.autotb.v" Line 336
## quit
INFO: [Common 17-206] Exiting xsim at Thu Feb 20 10:57:57 2025...
