C:\GIM\HongYe\GIM-2024-2025\xor_dis_cpp\xor_distributed_hyw\xor_distributed_hyw\hls\.autopilot\db\accelerator_controller.pp.0.cpp:1326:7: warning: Added loop label VITIS_LOOP_1223_1:   [xilinx-label-all-loops]
      for (i = 0; i < __N - 1; ++i) {
      ^~~
      VITIS_LOOP_1223_1: 
C:\GIM\HongYe\GIM-2024-2025\xor_dis_cpp\xor_distributed_hyw\xor_distributed_hyw\hls\.autopilot\db\accelerator_controller.pp.0.cpp:1326:7: note: FIX-IT applied suggested code changes
C:\GIM\HongYe\GIM-2024-2025\xor_dis_cpp\xor_distributed_hyw\xor_distributed_hyw\hls\.autopilot\db\accelerator_controller.pp.0.cpp:2300:5: warning: Added loop label VITIS_LOOP_676_1:   [xilinx-label-all-loops]
    for (unsigned i = low; i != high; ++i) {
    ^~~
    VITIS_LOOP_676_1: 
C:\GIM\HongYe\GIM-2024-2025\xor_dis_cpp\xor_distributed_hyw\xor_distributed_hyw\hls\.autopilot\db\accelerator_controller.pp.0.cpp:2300:5: note: FIX-IT applied suggested code changes
C:\GIM\HongYe\GIM-2024-2025\xor_dis_cpp\xor_distributed_hyw\xor_distributed_hyw\hls\.autopilot\db\accelerator_controller.pp.0.cpp:2314:5: warning: Added loop label VITIS_LOOP_690_1:   [xilinx-label-all-loops]
    for (unsigned i = low; i != high; ++i) {
    ^~~
    VITIS_LOOP_690_1: 
C:\GIM\HongYe\GIM-2024-2025\xor_dis_cpp\xor_distributed_hyw\xor_distributed_hyw\hls\.autopilot\db\accelerator_controller.pp.0.cpp:2314:5: note: FIX-IT applied suggested code changes
C:\GIM\HongYe\GIM-2024-2025\xor_dis_cpp\xor_distributed_hyw\xor_distributed_hyw\hls\.autopilot\db\accelerator_controller.pp.0.cpp:2328:5: warning: Added loop label VITIS_LOOP_704_1:   [xilinx-label-all-loops]
    for (unsigned i = low; i != high; ++i) {
    ^~~
    VITIS_LOOP_704_1: 
C:\GIM\HongYe\GIM-2024-2025\xor_dis_cpp\xor_distributed_hyw\xor_distributed_hyw\hls\.autopilot\db\accelerator_controller.pp.0.cpp:2328:5: note: FIX-IT applied suggested code changes
C:\GIM\HongYe\GIM-2024-2025\xor_dis_cpp\xor_distributed_hyw\xor_distributed_hyw\hls\.autopilot\db\accelerator_controller.pp.0.cpp:3945:7: warning: Added loop label VITIS_LOOP_1247_1:   [xilinx-label-all-loops]
      for (i = 0; i < __N - 1; ++i) {
      ^~~
      VITIS_LOOP_1247_1: 
C:\GIM\HongYe\GIM-2024-2025\xor_dis_cpp\xor_distributed_hyw\xor_distributed_hyw\hls\.autopilot\db\accelerator_controller.pp.0.cpp:3945:7: note: FIX-IT applied suggested code changes
C:\GIM\HongYe\GIM-2024-2025\xor_dis_cpp\xor_distributed_hyw\xor_distributed_hyw\hls\.autopilot\db\accelerator_controller.pp.0.cpp:54178:5: warning: Added loop label VITIS_LOOP_26_1:   [xilinx-label-all-loops]
    for (int n = 0; n<2; n++) {
    ^~~
    VITIS_LOOP_26_1: 
C:\GIM\HongYe\GIM-2024-2025\xor_dis_cpp\xor_distributed_hyw\xor_distributed_hyw\hls\.autopilot\db\accelerator_controller.pp.0.cpp:54178:5: note: FIX-IT applied suggested code changes
C:\GIM\HongYe\GIM-2024-2025\xor_dis_cpp\xor_distributed_hyw\xor_distributed_hyw\hls\.autopilot\db\accelerator_controller.pp.0.cpp:54180:9: warning: Added loop label VITIS_LOOP_28_2:   [xilinx-label-all-loops]
        for (int m = 0;m<2; m++) {
        ^~~
        VITIS_LOOP_28_2: 
C:\GIM\HongYe\GIM-2024-2025\xor_dis_cpp\xor_distributed_hyw\xor_distributed_hyw\hls\.autopilot\db\accelerator_controller.pp.0.cpp:54180:9: note: FIX-IT applied suggested code changes
C:\GIM\HongYe\GIM-2024-2025\xor_dis_cpp\xor_distributed_hyw\xor_distributed_hyw\hls\.autopilot\db\accelerator_controller.pp.0.cpp:54209:5: warning: Added loop label VITIS_LOOP_57_3:   [xilinx-label-all-loops]
    for (i = 0; i < 10; i++) {
    ^~~
    VITIS_LOOP_57_3: 
C:\GIM\HongYe\GIM-2024-2025\xor_dis_cpp\xor_distributed_hyw\xor_distributed_hyw\hls\.autopilot\db\accelerator_controller.pp.0.cpp:54209:5: note: FIX-IT applied suggested code changes
C:\GIM\HongYe\GIM-2024-2025\xor_dis_cpp\xor_distributed_hyw\xor_distributed_hyw\hls\.autopilot\db\accelerator_controller.pp.0.cpp:54212:9: warning: Added loop label VITIS_LOOP_60_4:   [xilinx-label-all-loops]
        for (j = 0; j < 4; j++) {
        ^~~
        VITIS_LOOP_60_4: 
C:\GIM\HongYe\GIM-2024-2025\xor_dis_cpp\xor_distributed_hyw\xor_distributed_hyw\hls\.autopilot\db\accelerator_controller.pp.0.cpp:54212:9: note: FIX-IT applied suggested code changes
C:\GIM\HongYe\GIM-2024-2025\xor_dis_cpp\xor_distributed_hyw\xor_distributed_hyw\hls\.autopilot\db\accelerator_controller.pp.0.cpp:54245:13: warning: Added loop label VITIS_LOOP_103_5:   [xilinx-label-all-loops]
            for (int n = 0; n<2; n++) {
            ^~~
            VITIS_LOOP_103_5: 
C:\GIM\HongYe\GIM-2024-2025\xor_dis_cpp\xor_distributed_hyw\xor_distributed_hyw\hls\.autopilot\db\accelerator_controller.pp.0.cpp:54245:13: note: FIX-IT applied suggested code changes
C:\GIM\HongYe\GIM-2024-2025\xor_dis_cpp\xor_distributed_hyw\xor_distributed_hyw\hls\.autopilot\db\accelerator_controller.pp.0.cpp:54247:17: warning: Added loop label VITIS_LOOP_105_6:   [xilinx-label-all-loops]
                for (int m = 0; m<2; m++) {
                ^~~
                VITIS_LOOP_105_6: 
C:\GIM\HongYe\GIM-2024-2025\xor_dis_cpp\xor_distributed_hyw\xor_distributed_hyw\hls\.autopilot\db\accelerator_controller.pp.0.cpp:54247:17: note: FIX-IT applied suggested code changes
