C:\GIM\HongYe\GIM-2024-2025\xor_dis_cpp\xor_distributed_hyw\xor_distributed_hyw\hls\.autopilot\db\receive_data.pp.0.cpp:1542:7: warning: Added loop label VITIS_LOOP_1223_1:   [xilinx-label-all-loops]
      for (i = 0; i < __N - 1; ++i) {
      ^~~
      VITIS_LOOP_1223_1: 
C:\GIM\HongYe\GIM-2024-2025\xor_dis_cpp\xor_distributed_hyw\xor_distributed_hyw\hls\.autopilot\db\receive_data.pp.0.cpp:1542:7: note: FIX-IT applied suggested code changes
C:\GIM\HongYe\GIM-2024-2025\xor_dis_cpp\xor_distributed_hyw\xor_distributed_hyw\hls\.autopilot\db\receive_data.pp.0.cpp:2516:5: warning: Added loop label VITIS_LOOP_676_1:   [xilinx-label-all-loops]
    for (unsigned i = low; i != high; ++i) {
    ^~~
    VITIS_LOOP_676_1: 
C:\GIM\HongYe\GIM-2024-2025\xor_dis_cpp\xor_distributed_hyw\xor_distributed_hyw\hls\.autopilot\db\receive_data.pp.0.cpp:2516:5: note: FIX-IT applied suggested code changes
C:\GIM\HongYe\GIM-2024-2025\xor_dis_cpp\xor_distributed_hyw\xor_distributed_hyw\hls\.autopilot\db\receive_data.pp.0.cpp:2530:5: warning: Added loop label VITIS_LOOP_690_1:   [xilinx-label-all-loops]
    for (unsigned i = low; i != high; ++i) {
    ^~~
    VITIS_LOOP_690_1: 
C:\GIM\HongYe\GIM-2024-2025\xor_dis_cpp\xor_distributed_hyw\xor_distributed_hyw\hls\.autopilot\db\receive_data.pp.0.cpp:2530:5: note: FIX-IT applied suggested code changes
C:\GIM\HongYe\GIM-2024-2025\xor_dis_cpp\xor_distributed_hyw\xor_distributed_hyw\hls\.autopilot\db\receive_data.pp.0.cpp:2544:5: warning: Added loop label VITIS_LOOP_704_1:   [xilinx-label-all-loops]
    for (unsigned i = low; i != high; ++i) {
    ^~~
    VITIS_LOOP_704_1: 
C:\GIM\HongYe\GIM-2024-2025\xor_dis_cpp\xor_distributed_hyw\xor_distributed_hyw\hls\.autopilot\db\receive_data.pp.0.cpp:2544:5: note: FIX-IT applied suggested code changes
C:\GIM\HongYe\GIM-2024-2025\xor_dis_cpp\xor_distributed_hyw\xor_distributed_hyw\hls\.autopilot\db\receive_data.pp.0.cpp:4173:7: warning: Added loop label VITIS_LOOP_1247_1:   [xilinx-label-all-loops]
      for (i = 0; i < __N - 1; ++i) {
      ^~~
      VITIS_LOOP_1247_1: 
C:\GIM\HongYe\GIM-2024-2025\xor_dis_cpp\xor_distributed_hyw\xor_distributed_hyw\hls\.autopilot\db\receive_data.pp.0.cpp:4173:7: note: FIX-IT applied suggested code changes
C:\GIM\HongYe\GIM-2024-2025\xor_dis_cpp\xor_distributed_hyw\xor_distributed_hyw\hls\.autopilot\db\receive_data.pp.0.cpp:54133:5: warning: Added loop label VITIS_LOOP_22_1:   [xilinx-label-all-loops]
    while(flag){
    ^~~~~
    VITIS_LOOP_22_1: 
C:\GIM\HongYe\GIM-2024-2025\xor_dis_cpp\xor_distributed_hyw\xor_distributed_hyw\hls\.autopilot\db\receive_data.pp.0.cpp:54133:5: note: FIX-IT applied suggested code changes
C:\GIM\HongYe\GIM-2024-2025\xor_dis_cpp\xor_distributed_hyw\xor_distributed_hyw\hls\.autopilot\db\receive_data.pp.0.cpp:54140:13: warning: Added loop label VITIS_LOOP_29_2:   [xilinx-label-all-loops]
            for (int i = 0; i< BITS; i++){
            ^~~
            VITIS_LOOP_29_2: 
C:\GIM\HongYe\GIM-2024-2025\xor_dis_cpp\xor_distributed_hyw\xor_distributed_hyw\hls\.autopilot\db\receive_data.pp.0.cpp:54140:13: note: FIX-IT applied suggested code changes
C:\GIM\HongYe\GIM-2024-2025\xor_dis_cpp\xor_distributed_hyw\xor_distributed_hyw\hls\.autopilot\db\receive_data.pp.0.cpp:54141:17: warning: Added loop label VITIS_LOOP_30_3:   [xilinx-label-all-loops]
                while(!alpha_rx.valid());
                ^~~~~
                VITIS_LOOP_30_3: 
C:\GIM\HongYe\GIM-2024-2025\xor_dis_cpp\xor_distributed_hyw\xor_distributed_hyw\hls\.autopilot\db\receive_data.pp.0.cpp:54141:17: note: FIX-IT applied suggested code changes
C:\GIM\HongYe\GIM-2024-2025\xor_dis_cpp\xor_distributed_hyw\xor_distributed_hyw\hls\.autopilot\db\receive_data.pp.0.cpp:54151:13: warning: Added loop label VITIS_LOOP_40_4:   [xilinx-label-all-loops]
            for (int i = 0; i< BITS; i++){
            ^~~
            VITIS_LOOP_40_4: 
C:\GIM\HongYe\GIM-2024-2025\xor_dis_cpp\xor_distributed_hyw\xor_distributed_hyw\hls\.autopilot\db\receive_data.pp.0.cpp:54151:13: note: FIX-IT applied suggested code changes
C:\GIM\HongYe\GIM-2024-2025\xor_dis_cpp\xor_distributed_hyw\xor_distributed_hyw\hls\.autopilot\db\receive_data.pp.0.cpp:54152:17: warning: Added loop label VITIS_LOOP_41_5:   [xilinx-label-all-loops]
                while(!alpha_rx.valid());
                ^~~~~
                VITIS_LOOP_41_5: 
C:\GIM\HongYe\GIM-2024-2025\xor_dis_cpp\xor_distributed_hyw\xor_distributed_hyw\hls\.autopilot\db\receive_data.pp.0.cpp:54152:17: note: FIX-IT applied suggested code changes
