C:\Users\linds\OneDrive\Desktop\2024-2025_Semester_1\GIM\GIM-2024-2025\spi_directio2\spi_master\spi_master\hls\.autopilot\db\spi_master.pp.0.cpp:2263:5: warning: Added loop label VITIS_LOOP_676_1:   [xilinx-label-all-loops]
    for (unsigned i = low; i != high+1; ++i) {
    ^~~
    VITIS_LOOP_676_1: 
C:\Users\linds\OneDrive\Desktop\2024-2025_Semester_1\GIM\GIM-2024-2025\spi_directio2\spi_master\spi_master\hls\.autopilot\db\spi_master.pp.0.cpp:2263:5: note: FIX-IT applied suggested code changes
C:\Users\linds\OneDrive\Desktop\2024-2025_Semester_1\GIM\GIM-2024-2025\spi_directio2\spi_master\spi_master\hls\.autopilot\db\spi_master.pp.0.cpp:2277:5: warning: Added loop label VITIS_LOOP_690_1:   [xilinx-label-all-loops]
    for (unsigned i = low; i != high+1; ++i) {
    ^~~
    VITIS_LOOP_690_1: 
C:\Users\linds\OneDrive\Desktop\2024-2025_Semester_1\GIM\GIM-2024-2025\spi_directio2\spi_master\spi_master\hls\.autopilot\db\spi_master.pp.0.cpp:2277:5: note: FIX-IT applied suggested code changes
C:\Users\linds\OneDrive\Desktop\2024-2025_Semester_1\GIM\GIM-2024-2025\spi_directio2\spi_master\spi_master\hls\.autopilot\db\spi_master.pp.0.cpp:2291:5: warning: Added loop label VITIS_LOOP_704_1:   [xilinx-label-all-loops]
    for (unsigned i = low; i != high+1; ++i) {
    ^~~
    VITIS_LOOP_704_1: 
C:\Users\linds\OneDrive\Desktop\2024-2025_Semester_1\GIM\GIM-2024-2025\spi_directio2\spi_master\spi_master\hls\.autopilot\db\spi_master.pp.0.cpp:2291:5: note: FIX-IT applied suggested code changes
C:\Users\linds\OneDrive\Desktop\2024-2025_Semester_1\GIM\GIM-2024-2025\spi_directio2\spi_master\spi_master\hls\.autopilot\db\spi_master.pp.0.cpp:3925:7: warning: Added loop label VITIS_LOOP_1248_1:   [xilinx-label-all-loops]
      for (i = 0; i < __N - 1; ++i) {
      ^~~
      VITIS_LOOP_1248_1: 
C:\Users\linds\OneDrive\Desktop\2024-2025_Semester_1\GIM\GIM-2024-2025\spi_directio2\spi_master\spi_master\hls\.autopilot\db\spi_master.pp.0.cpp:3925:7: note: FIX-IT applied suggested code changes
C:\Users\linds\OneDrive\Desktop\2024-2025_Semester_1\GIM\GIM-2024-2025\spi_directio2\spi_master\spi_master\hls\.autopilot\db\spi_master.pp.0.cpp:33943:3: warning: Added loop label VITIS_LOOP_20_1:   [xilinx-label-all-loops]
  while (flag) {
  ^~~~~
  VITIS_LOOP_20_1: 
C:\Users\linds\OneDrive\Desktop\2024-2025_Semester_1\GIM\GIM-2024-2025\spi_directio2\spi_master\spi_master\hls\.autopilot\db\spi_master.pp.0.cpp:33943:3: note: FIX-IT applied suggested code changes
C:\Users\linds\OneDrive\Desktop\2024-2025_Semester_1\GIM\GIM-2024-2025\spi_directio2\spi_master\spi_master\hls\.autopilot\db\spi_master.pp.0.cpp:33953:7: warning: Added loop label VITIS_LOOP_30_2:   [xilinx-label-all-loops]
      for (int i = 0; i < BITS; i++) {
      ^~~
      VITIS_LOOP_30_2: 
C:\Users\linds\OneDrive\Desktop\2024-2025_Semester_1\GIM\GIM-2024-2025\spi_directio2\spi_master\spi_master\hls\.autopilot\db\spi_master.pp.0.cpp:33953:7: note: FIX-IT applied suggested code changes
