  **** HLS Build v2024.2 5238294
INFO: [HLS 200-2005] Using work_dir C:/testing_comm/spi_directio/vitis_files/spi_master_logic/spi_master_logic 
INFO: [HLS 200-1611] Setting target device to 'xczu3eg-sfvc784-1-e'
INFO: [HLS 200-1505] Using default flow_target 'vivado'
Resolution: For help on HLS 200-1505 see docs.xilinx.com/access/sources/dita/topic?Doc_Version=2024.2%20English&url=ug1448-hls-guidance&resourceid=200-1505.html
INFO: [HLS 200-1465] Applying ini 'syn.file=C:/testing_comm/spi_directio/vitis_files/spi_master_logic.cpp' from C:/testing_comm/spi_directio/vitis_files/spi_master_logic/hls_config.cfg(8)
INFO: [HLS 200-10] Adding design file 'C:/testing_comm/spi_directio/vitis_files/spi_master_logic.cpp' to the project
INFO: [HLS 200-1465] Applying ini 'tb.file=C:/testing_comm/spi_directio/vitis_files/spi_master_logic_tb.cpp' from C:/testing_comm/spi_directio/vitis_files/spi_master_logic/hls_config.cfg(9)
INFO: [HLS 200-10] Adding test bench file 'C:/testing_comm/spi_directio/vitis_files/spi_master_logic_tb.cpp' to the project
INFO: [HLS 200-1465] Applying ini 'tb.file_cflags=C:/testing_comm/spi_directio/vitis_files/spi_master_logic_tb.cpp,-D HW_COSIM' from C:/testing_comm/spi_directio/vitis_files/spi_master_logic/hls_config.cfg(10)
INFO: [HLS 200-1465] Applying ini 'syn.top=spi_master_logic' from C:/testing_comm/spi_directio/vitis_files/spi_master_logic/hls_config.cfg(7)
INFO: [HLS 200-1465] Applying ini 'flow_target=vivado' from C:/testing_comm/spi_directio/vitis_files/spi_master_logic/hls_config.cfg(4)
INFO: [HLS 200-1505] Using flow_target 'vivado'
Resolution: For help on HLS 200-1505 see docs.xilinx.com/access/sources/dita/topic?Doc_Version=2024.2%20English&url=ug1448-hls-guidance&resourceid=200-1505.html
INFO: [HLS 200-1465] Applying ini 'part=xczu3eg-sfvc784-1-e' from C:/testing_comm/spi_directio/vitis_files/spi_master_logic/hls_config.cfg(1)
INFO: [HLS 200-1465] Applying ini 'clock=10ns' from C:/testing_comm/spi_directio/vitis_files/spi_master_logic/hls_config.cfg(11)
INFO: [SYN 201-201] Setting up clock 'default' with a period of 10ns.
INFO: [HLS 200-1465] Applying ini 'clock_uncertainty=2ns' from C:/testing_comm/spi_directio/vitis_files/spi_master_logic/hls_config.cfg(12)
INFO: [SYN 201-201] Setting up clock 'default' with an uncertainty of 2ns.
INFO: [HLS 200-1465] Applying ini 'csim.code_analyzer=1' from C:/testing_comm/spi_directio/vitis_files/spi_master_logic/hls_config.cfg(13)
INFO: [HLS 200-1465] Applying ini 'package.output.format=ip_catalog' from C:/testing_comm/spi_directio/vitis_files/spi_master_logic/hls_config.cfg(5)
INFO: [COSIM 212-47] Using XSIM for RTL simulation.
INFO: [COSIM 212-14] Instrumenting C test bench ...
   Build using "C:/Xilinx/Vitis/2024.2/vcxx/libexec/clang++"
   Compiling spi_master_logic.cpp_pre.cpp.tb.cpp
   Compiling apatb_spi_master_logic.cpp
   Compiling apatb_spi_master_logic_util.cpp
   Compiling spi_master_logic_tb.cpp_pre.cpp.tb.cpp
   Compiling apatb_spi_master_logic_ir.ll
   Generating cosim.tv.exe
INFO: [COSIM 212-302] Starting C TB testing ... 
terminate called without an active exception
check 1
check 2
Sent data268435455
Test 1 passed
Received data1
Sent data2
Test 2 passed
ERROR: [COSIM 212-359] Aborting co-simulation: C TB simulation failed, nonzero return value '3'.
ERROR: [COSIM 212-320] C TB testing failed, stop generating test vectors. Please check C TB or re-run cosim.
ERROR: [COSIM 212-5] *** C/RTL co-simulation file generation failed. ***
ERROR: [COSIM 212-4] *** C/RTL co-simulation finished: FAIL ***
ERROR: 
INFO: [HLS 200-112] Total CPU user time: 2 seconds. Total CPU system time: 1 seconds. Total elapsed time: 13.62 seconds; peak allocated memory: 690.586 MB.
