  **** HLS Build v2024.2 5238294
INFO: [HLS 200-2005] Using work_dir C:/testing_comm/spi_directio/vitis_files/spi_master_logic/spi_master_logic 
INFO: [HLS 200-1611] Setting target device to 'xczu3eg-sfvc784-1-e'
INFO: [HLS 200-1505] Using default flow_target 'vivado'
Resolution: For help on HLS 200-1505 see docs.xilinx.com/access/sources/dita/topic?Doc_Version=2024.2%20English&url=ug1448-hls-guidance&resourceid=200-1505.html
INFO: [HLS 200-1465] Applying ini 'syn.file=C:/testing_comm/spi_directio/vitis_files/spi_master_logic.cpp' from C:/testing_comm/spi_directio/vitis_files/spi_master_logic/hls_config.cfg(8)
INFO: [HLS 200-10] Adding design file 'C:/testing_comm/spi_directio/vitis_files/spi_master_logic.cpp' to the project
INFO: [HLS 200-1465] Applying ini 'tb.file=C:/testing_comm/spi_directio/vitis_files/spi_master_logic_tb.cpp' from C:/testing_comm/spi_directio/vitis_files/spi_master_logic/hls_config.cfg(9)
INFO: [HLS 200-10] Adding test bench file 'C:/testing_comm/spi_directio/vitis_files/spi_master_logic_tb.cpp' to the project
INFO: [HLS 200-1465] Applying ini 'tb.file_cflags=C:/testing_comm/spi_directio/vitis_files/spi_master_logic_tb.cpp,-D HW_COSIM' from C:/testing_comm/spi_directio/vitis_files/spi_master_logic/hls_config.cfg(10)
INFO: [HLS 200-1465] Applying ini 'syn.top=spi_master_logic' from C:/testing_comm/spi_directio/vitis_files/spi_master_logic/hls_config.cfg(7)
INFO: [HLS 200-1465] Applying ini 'flow_target=vivado' from C:/testing_comm/spi_directio/vitis_files/spi_master_logic/hls_config.cfg(4)
INFO: [HLS 200-1505] Using flow_target 'vivado'
Resolution: For help on HLS 200-1505 see docs.xilinx.com/access/sources/dita/topic?Doc_Version=2024.2%20English&url=ug1448-hls-guidance&resourceid=200-1505.html
INFO: [HLS 200-1465] Applying ini 'part=xczu3eg-sfvc784-1-e' from C:/testing_comm/spi_directio/vitis_files/spi_master_logic/hls_config.cfg(1)
INFO: [HLS 200-1465] Applying ini 'clock=10ns' from C:/testing_comm/spi_directio/vitis_files/spi_master_logic/hls_config.cfg(11)
INFO: [SYN 201-201] Setting up clock 'default' with a period of 10ns.
INFO: [HLS 200-1465] Applying ini 'clock_uncertainty=2ns' from C:/testing_comm/spi_directio/vitis_files/spi_master_logic/hls_config.cfg(12)
INFO: [SYN 201-201] Setting up clock 'default' with an uncertainty of 2ns.
INFO: [HLS 200-1465] Applying ini 'csim.code_analyzer=1' from C:/testing_comm/spi_directio/vitis_files/spi_master_logic/hls_config.cfg(13)
INFO: [HLS 200-1465] Applying ini 'package.output.format=ip_catalog' from C:/testing_comm/spi_directio/vitis_files/spi_master_logic/hls_config.cfg(5)
INFO: [COSIM 212-47] Using XSIM for RTL simulation.
INFO: [COSIM 212-14] Instrumenting C test bench ...
   Build using "C:/Xilinx/Vitis/2024.2/vcxx/libexec/clang++"
   Compiling spi_master_logic.cpp_pre.cpp.tb.cpp
   Compiling apatb_spi_master_logic.cpp
   Compiling apatb_spi_master_logic_util.cpp
   Compiling spi_master_logic_tb.cpp_pre.cpp.tb.cpp
   Compiling apatb_spi_master_logic_ir.ll
   Generating cosim.tv.exe
INFO: [COSIM 212-302] Starting C TB testing ... 
Sent data268435455
Test 1 passed
Received data1
Sent data2
Test 2 passed
INFO: [COSIM 212-333] Generating C post check test bench ...
INFO: [COSIM 212-12] Generating RTL test bench ...
INFO: [COSIM 212-1] *** C/RTL co-simulation file generation completed. ***
INFO: [COSIM 212-323] Starting verilog simulation. 
INFO: [COSIM 212-15] Starting XSIM ...

C:\testing_comm\spi_directio\vitis_files\spi_master_logic\spi_master_logic\hls\sim\verilog>set PATH= 

C:\testing_comm\spi_directio\vitis_files\spi_master_logic\spi_master_logic\hls\sim\verilog>call C:/Xilinx/Vivado/2024.2/bin/xelab xil_defaultlib.apatb_spi_master_logic_top glbl -Oenable_linking_all_libraries  -prj spi_master_logic.prj -L smartconnect_v1_0 -L axi_protocol_checker_v1_1_12 -L axi_protocol_checker_v1_1_13 -L axis_protocol_checker_v1_1_11 -L axis_protocol_checker_v1_1_12 -L xil_defaultlib -L unisims_ver -L xpm  -L floating_point_v7_0_24 -L floating_point_v7_1_19 --lib "ieee_proposed=./ieee_proposed" -s spi_master_logic  
Vivado Simulator v2024.2.0
Copyright 1986-2022 Xilinx, Inc. All Rights Reserved.
Copyright 2022-2024 Advanced Micro Devices, Inc. All Rights Reserved.
Running: C:/Xilinx/Vivado/2024.2/bin/unwrapped/win64.o/xelab.exe xil_defaultlib.apatb_spi_master_logic_top glbl -Oenable_linking_all_libraries -prj spi_master_logic.prj -L smartconnect_v1_0 -L axi_protocol_checker_v1_1_12 -L axi_protocol_checker_v1_1_13 -L axis_protocol_checker_v1_1_11 -L axis_protocol_checker_v1_1_12 -L xil_defaultlib -L unisims_ver -L xpm -L floating_point_v7_0_24 -L floating_point_v7_1_19 --lib ieee_proposed=./ieee_proposed -s spi_master_logic 
Multi-threading is on. Using 18 slave threads.
INFO: [VRFC 10-2263] Analyzing SystemVerilog file "C:/testing_comm/spi_directio/vitis_files/spi_master_logic/spi_master_logic/hls/sim/verilog/glbl.v" into library work
INFO: [VRFC 10-311] analyzing module glbl
INFO: [VRFC 10-2263] Analyzing SystemVerilog file "C:/testing_comm/spi_directio/vitis_files/spi_master_logic/spi_master_logic/hls/sim/verilog/AESL_autofifo_data_in.v" into library xil_defaultlib
INFO: [VRFC 10-311] analyzing module AESL_autofifo_data_in
INFO: [VRFC 10-2263] Analyzing SystemVerilog file "C:/testing_comm/spi_directio/vitis_files/spi_master_logic/spi_master_logic/hls/sim/verilog/AESL_autofifo_data_out.v" into library xil_defaultlib
INFO: [VRFC 10-311] analyzing module AESL_autofifo_data_out
INFO: [VRFC 10-2263] Analyzing SystemVerilog file "C:/testing_comm/spi_directio/vitis_files/spi_master_logic/spi_master_logic/hls/sim/verilog/spi_master_logic.autotb.v" into library xil_defaultlib
INFO: [VRFC 10-311] analyzing module apatb_spi_master_logic_top
INFO: [VRFC 10-2263] Analyzing SystemVerilog file "C:/testing_comm/spi_directio/vitis_files/spi_master_logic/spi_master_logic/hls/sim/verilog/spi_master_logic.v" into library xil_defaultlib
INFO: [VRFC 10-311] analyzing module spi_master_logic
INFO: [VRFC 10-2263] Analyzing SystemVerilog file "C:/testing_comm/spi_directio/vitis_files/spi_master_logic/spi_master_logic/hls/sim/verilog/dataflow_monitor.sv" into library xil_defaultlib
INFO: [VRFC 10-311] analyzing module dataflow_monitor
Starting static elaboration
Pass Through NonSizing Optimizer
Completed static elaboration
Starting simulation data flow analysis
Completed simulation data flow analysis
Time Resolution for simulation is 1ps
Compiling package xil_defaultlib.$unit_dataflow_monitor_sv
Compiling module xil_defaultlib.spi_master_logic
Compiling module xil_defaultlib.AESL_autofifo_data_out
Compiling module xil_defaultlib.AESL_autofifo_data_in
Compiling module xil_defaultlib.nodf_module_intf_default
Compiling module xil_defaultlib.dataflow_monitor_1
Compiling module xil_defaultlib.apatb_spi_master_logic_top
Compiling module work.glbl
Built simulation snapshot spi_master_logic

****** xsim v2024.2 (64-bit)
  **** SW Build 5239630 on Fri Nov 08 22:35:27 MST 2024
  **** IP Build 5239520 on Sun Nov 10 16:12:51 MST 2024
  **** SharedData Build 5239561 on Fri Nov 08 14:39:27 MST 2024
  **** Start of session at: Fri Feb  7 19:21:45 2025
    ** Copyright 1986-2022 Xilinx, Inc. All Rights Reserved.
    ** Copyright 2022-2024 Advanced Micro Devices, Inc. All Rights Reserved.

source xsim.dir/spi_master_logic/xsim_script.tcl
# xsim {spi_master_logic} -autoloadwcfg -tclbatch {spi_master_logic.tcl}
Time resolution is 1 ps
source spi_master_logic.tcl
## run all
////////////////////////////////////////////////////////////////////////////////////
// Inter-Transaction Progress: Completed Transaction / Total Transaction
// Intra-Transaction Progress: Measured Latency / Latency Estimation * 100%
//
// RTL Simulation : "Inter-Transaction Progress" ["Intra-Transaction Progress"] @ "Simulation Time"
////////////////////////////////////////////////////////////////////////////////////
// RTL Simulation : 0 / 2 [n/a] @ "125000"
// RTL Simulation : 1 / 2 [n/a] @ "145000"
// RTL Simulation : 2 / 2 [n/a] @ "155000"
////////////////////////////////////////////////////////////////////////////////////
$finish called at time : 215 ns : File "C:/testing_comm/spi_directio/vitis_files/spi_master_logic/spi_master_logic/hls/sim/verilog/spi_master_logic.autotb.v" Line 283
## quit
INFO: [Common 17-206] Exiting xsim at Fri Feb  7 19:21:51 2025...
INFO: [COSIM 212-316] Starting C post checking ...
Test 1 passed
Test 2 passed
INFO: [COSIM 212-1000] *** C/RTL co-simulation finished: PASS ***
INFO: [HLS 200-112] Total CPU user time: 3 seconds. Total CPU system time: 1 seconds. Total elapsed time: 28.805 seconds; peak allocated memory: 689.645 MB.
INFO: [vitis-run 60-791] Total elapsed time: 0h 0m 32s
