C:\GIM_XOR\GIM-2024-2025\zhongqi_files\hls_component\accelerator\hls\.autopilot\db\array.pp.0.cpp:1326:7: warning: Added loop label VITIS_LOOP_1223_1:   [xilinx-label-all-loops]
      for (i = 0; i < __N - 1; ++i) {
      ^~~
      VITIS_LOOP_1223_1: 
C:\GIM_XOR\GIM-2024-2025\zhongqi_files\hls_component\accelerator\hls\.autopilot\db\array.pp.0.cpp:1326:7: note: FIX-IT applied suggested code changes
C:\GIM_XOR\GIM-2024-2025\zhongqi_files\hls_component\accelerator\hls\.autopilot\db\array.pp.0.cpp:2300:5: warning: Added loop label VITIS_LOOP_676_1:   [xilinx-label-all-loops]
    for (unsigned i = low; i != high; ++i) {
    ^~~
    VITIS_LOOP_676_1: 
C:\GIM_XOR\GIM-2024-2025\zhongqi_files\hls_component\accelerator\hls\.autopilot\db\array.pp.0.cpp:2300:5: note: FIX-IT applied suggested code changes
C:\GIM_XOR\GIM-2024-2025\zhongqi_files\hls_component\accelerator\hls\.autopilot\db\array.pp.0.cpp:2314:5: warning: Added loop label VITIS_LOOP_690_1:   [xilinx-label-all-loops]
    for (unsigned i = low; i != high; ++i) {
    ^~~
    VITIS_LOOP_690_1: 
C:\GIM_XOR\GIM-2024-2025\zhongqi_files\hls_component\accelerator\hls\.autopilot\db\array.pp.0.cpp:2314:5: note: FIX-IT applied suggested code changes
C:\GIM_XOR\GIM-2024-2025\zhongqi_files\hls_component\accelerator\hls\.autopilot\db\array.pp.0.cpp:2328:5: warning: Added loop label VITIS_LOOP_704_1:   [xilinx-label-all-loops]
    for (unsigned i = low; i != high; ++i) {
    ^~~
    VITIS_LOOP_704_1: 
C:\GIM_XOR\GIM-2024-2025\zhongqi_files\hls_component\accelerator\hls\.autopilot\db\array.pp.0.cpp:2328:5: note: FIX-IT applied suggested code changes
C:\GIM_XOR\GIM-2024-2025\zhongqi_files\hls_component\accelerator\hls\.autopilot\db\array.pp.0.cpp:3945:7: warning: Added loop label VITIS_LOOP_1247_1:   [xilinx-label-all-loops]
      for (i = 0; i < __N - 1; ++i) {
      ^~~
      VITIS_LOOP_1247_1: 
C:\GIM_XOR\GIM-2024-2025\zhongqi_files\hls_component\accelerator\hls\.autopilot\db\array.pp.0.cpp:3945:7: note: FIX-IT applied suggested code changes
C:\GIM_XOR\GIM-2024-2025\zhongqi_files\hls_component\accelerator\hls\.autopilot\db\array.pp.0.cpp:44605:5: warning: Added loop label VITIS_LOOP_20_1:   [xilinx-label-all-loops]
    for (n = 0; n < 2; n++) {
    ^~~
    VITIS_LOOP_20_1: 
C:\GIM_XOR\GIM-2024-2025\zhongqi_files\hls_component\accelerator\hls\.autopilot\db\array.pp.0.cpp:44605:5: note: FIX-IT applied suggested code changes
C:\GIM_XOR\GIM-2024-2025\zhongqi_files\hls_component\accelerator\hls\.autopilot\db\array.pp.0.cpp:44611:9: warning: Added loop label VITIS_LOOP_26_2:   [xilinx-label-all-loops]
        for (c = 0; c < 2; c++) {
        ^~~
        VITIS_LOOP_26_2: 
C:\GIM_XOR\GIM-2024-2025\zhongqi_files\hls_component\accelerator\hls\.autopilot\db\array.pp.0.cpp:44611:9: note: FIX-IT applied suggested code changes
C:\GIM_XOR\GIM-2024-2025\zhongqi_files\hls_component\accelerator\hls\.autopilot\db\array.pp.0.cpp:44628:5: warning: Added loop label VITIS_LOOP_43_3:   [xilinx-label-all-loops]
    for (j = 0; j < 2; j++) {
    ^~~
    VITIS_LOOP_43_3: 
C:\GIM_XOR\GIM-2024-2025\zhongqi_files\hls_component\accelerator\hls\.autopilot\db\array.pp.0.cpp:44628:5: note: FIX-IT applied suggested code changes
