

================================================================
== Vitis HLS Report for 'model_array'
================================================================
* Date:           Sat Nov 30 21:29:43 2024

* Version:        2024.1 (Build 5069499 on May 21 2024)
* Project:        accelerator
* Solution:       hls (Vivado IP Flow Target)
* Product family: zynquplus
* Target device:  xczu3eg-sfvc784-1-e


================================================================
== Performance Estimates
================================================================
+ Timing: 
    * Summary: 
    +--------+----------+----------+------------+
    |  Clock |  Target  | Estimated| Uncertainty|
    +--------+----------+----------+------------+
    |ap_clk  |  10.00 ns|  5.177 ns|     2.00 ns|
    +--------+----------+----------+------------+

+ Latency: 
    * Summary: 
    +---------+---------+-----------+-----------+-----+-----+---------+
    |  Latency (cycles) |   Latency (absolute)  |  Interval | Pipeline|
    |   min   |   max   |    min    |    max    | min | max |   Type  |
    +---------+---------+-----------+-----------+-----+-----+---------+
    |        3|        3|  30.000 ns|  30.000 ns|    1|    1|      yes|
    +---------+---------+-----------+-----------+-----+-----+---------+

    + Detail: 
        * Instance: 
        N/A

        * Loop: 
        N/A

============================================================
+ Verbose Summary: Synthesis Manager
============================================================
InlineROM: 1
ExposeGlobal: 0
============================================================
+ Verbose Summary: CDFG Model
============================================================
IsTopModel: 0
ResetActiveHigh: 1
IsCombinational: 0
IsDatapathOnly: 0
HasWiredReturn: 1
HasMFsm: 2
HasVarLatency: 0
IsPipeline: 1
IsRtlPipelined: 1
IsInstanceOverlapped: 0
IsDontTouch: 0
HasImplIP: 0
IsGatedGlobalClock: 0

+ Individual pipeline summary: 
  * Pipeline-0: initiation interval (II) = 1, depth = 4


============================================================
+ Verbose Summary: Schedule
============================================================
* Number of FSM states : 4
* Pipeline : 1
  Pipeline-0 : II = 1, D = 4, States = { 1 2 3 4 }
* Dataflow Pipeline: 0

* FSM state transitions: 
1 --> 2 
2 --> 3 
3 --> 4 
4 --> 

* FSM state operations: 

State 1 <SV = 0> <Delay = 2.91>
ST_1 : Operation 5 [1/1] (0.00ns)   --->   "%training_read = read i16 @_ssdm_op_Read.ap_auto.i16, i16 %training" [../weight_pe.cpp:12->../array.cpp:29]   --->   Operation 5 'read' 'training_read' <Predicate = true> <Delay = 0.00>
ST_1 : Operation 6 [1/1] (0.00ns)   --->   "%delta_k_0_1_val_read = read i16 @_ssdm_op_Read.ap_auto.i16, i16 %delta_k_0_1_val" [../weight_pe.cpp:12->../array.cpp:29]   --->   Operation 6 'read' 'delta_k_0_1_val_read' <Predicate = true> <Delay = 0.00>
ST_1 : Operation 7 [1/1] (0.00ns)   --->   "%delta_k_0_0_val_read = read i16 @_ssdm_op_Read.ap_auto.i16, i16 %delta_k_0_0_val" [../weight_pe.cpp:12->../array.cpp:29]   --->   Operation 7 'read' 'delta_k_0_0_val_read' <Predicate = true> <Delay = 0.00>
ST_1 : Operation 8 [1/1] (0.00ns)   --->   "%output_kmin1_0_1_val_read = read i16 @_ssdm_op_Read.ap_auto.i16, i16 %output_kmin1_0_1_val" [../weight_pe.cpp:12->../array.cpp:29]   --->   Operation 8 'read' 'output_kmin1_0_1_val_read' <Predicate = true> <Delay = 0.00>
ST_1 : Operation 9 [1/1] (0.00ns)   --->   "%output_kmin1_0_0_val_read = read i16 @_ssdm_op_Read.ap_auto.i16, i16 %output_kmin1_0_0_val" [../weight_pe.cpp:12->../array.cpp:29]   --->   Operation 9 'read' 'output_kmin1_0_0_val_read' <Predicate = true> <Delay = 0.00>
ST_1 : Operation 10 [1/1] (0.00ns)   --->   "%biases_0_1_val_read = read i16 @_ssdm_op_Read.ap_auto.i16, i16 %biases_0_1_val" [../weight_pe.cpp:12->../array.cpp:29]   --->   Operation 10 'read' 'biases_0_1_val_read' <Predicate = true> <Delay = 0.00>
ST_1 : Operation 11 [1/1] (0.00ns)   --->   "%biases_0_0_val_read = read i16 @_ssdm_op_Read.ap_auto.i16, i16 %biases_0_0_val" [../weight_pe.cpp:12->../array.cpp:29]   --->   Operation 11 'read' 'biases_0_0_val_read' <Predicate = true> <Delay = 0.00>
ST_1 : Operation 12 [1/1] (0.00ns)   --->   "%p_read = read i16 @_ssdm_op_Read.ap_auto.i16, i16 %p_read31" [../weight_pe.cpp:12->../array.cpp:29]   --->   Operation 12 'read' 'p_read' <Predicate = true> <Delay = 0.00>
ST_1 : Operation 13 [1/1] (0.00ns)   --->   "%p_read_1 = read i16 @_ssdm_op_Read.ap_auto.i16, i16 %p_read30" [../weight_pe.cpp:12->../array.cpp:29]   --->   Operation 13 'read' 'p_read_1' <Predicate = true> <Delay = 0.00>
ST_1 : Operation 14 [1/1] (0.00ns)   --->   "%p_read_2 = read i16 @_ssdm_op_Read.ap_auto.i16, i16 %p_read29" [../weight_pe.cpp:12->../array.cpp:29]   --->   Operation 14 'read' 'p_read_2' <Predicate = true> <Delay = 0.00>
ST_1 : Operation 15 [1/1] (0.00ns)   --->   "%p_read_3 = read i16 @_ssdm_op_Read.ap_auto.i16, i16 %p_read10" [../weight_pe.cpp:12->../array.cpp:29]   --->   Operation 15 'read' 'p_read_3' <Predicate = true> <Delay = 0.00>
ST_1 : Operation 16 [1/1] (0.00ns)   --->   "%sext_ln12 = sext i16 %delta_k_0_0_val_read" [../weight_pe.cpp:12->../array.cpp:29]   --->   Operation 16 'sext' 'sext_ln12' <Predicate = true> <Delay = 0.00>
ST_1 : Operation 17 [1/1] (0.00ns)   --->   "%sext_ln12_1 = sext i16 %delta_k_0_0_val_read" [../weight_pe.cpp:12->../array.cpp:29]   --->   Operation 17 'sext' 'sext_ln12_1' <Predicate = true> <Delay = 0.00>
ST_1 : Operation 18 [1/1] (0.00ns)   --->   "%sext_ln13 = sext i16 %output_kmin1_0_0_val_read" [../weight_pe.cpp:13->../array.cpp:29]   --->   Operation 18 'sext' 'sext_ln13' <Predicate = true> <Delay = 0.00>
ST_1 : Operation 19 [1/1] (2.91ns)   --->   "%mul_ln14 = mul i32 %sext_ln12, i32 %sext_ln13" [../weight_pe.cpp:14->../array.cpp:29]   --->   Operation 19 'mul' 'mul_ln14' <Predicate = true> <Delay = 2.91> <CoreInst = "Multiplier">   --->   Core 3 'Multiplier' <Latency = 0> <II = 1> <Delay = 2.91> <FuncUnit> <Opcode : 'mul'> <InPorts = 2> <OutPorts = 1>
ST_1 : Operation 20 [1/1] (0.00ns)   --->   "%sext_ln13_1 = sext i16 %output_kmin1_0_1_val_read" [../weight_pe.cpp:13->../array.cpp:29]   --->   Operation 20 'sext' 'sext_ln13_1' <Predicate = true> <Delay = 0.00>
ST_1 : Operation 21 [1/1] (2.91ns)   --->   "%mul_ln14_2 = mul i32 %sext_ln12, i32 %sext_ln13_1" [../weight_pe.cpp:14->../array.cpp:29]   --->   Operation 21 'mul' 'mul_ln14_2' <Predicate = true> <Delay = 2.91> <CoreInst = "Multiplier">   --->   Core 3 'Multiplier' <Latency = 0> <II = 1> <Delay = 2.91> <FuncUnit> <Opcode : 'mul'> <InPorts = 2> <OutPorts = 1>
ST_1 : Operation 22 [3/3] (1.08ns) (grouped into DSP with root node sub_ln14)   --->   "%mul_ln14_3 = mul i26 %sext_ln12_1, i26 409" [../bias_pe.cpp:14->../array.cpp:37]   --->   Operation 22 'mul' 'mul_ln14_3' <Predicate = true> <Delay = 1.08> <CoreInst = "DSP48">   --->   Core 124 'DSP48' <Latency = 3> <II = 1> <Delay = 0.69> <IPBlock> <Opcode : '' 'add' 'sub' 'mul' 'select'> <InPorts = 0> <OutPorts = 1> <Sync> <CReg>
ST_1 : Operation 23 [1/1] (0.00ns)   --->   "%sext_ln12_2 = sext i16 %delta_k_0_1_val_read" [../weight_pe.cpp:12->../array.cpp:29]   --->   Operation 23 'sext' 'sext_ln12_2' <Predicate = true> <Delay = 0.00>
ST_1 : Operation 24 [1/1] (0.00ns)   --->   "%sext_ln12_5 = sext i16 %delta_k_0_1_val_read" [../weight_pe.cpp:12->../array.cpp:29]   --->   Operation 24 'sext' 'sext_ln12_5' <Predicate = true> <Delay = 0.00>
ST_1 : Operation 25 [1/1] (2.91ns)   --->   "%mul_ln14_4 = mul i32 %sext_ln12_2, i32 %sext_ln13" [../weight_pe.cpp:14->../array.cpp:29]   --->   Operation 25 'mul' 'mul_ln14_4' <Predicate = true> <Delay = 2.91> <CoreInst = "Multiplier">   --->   Core 3 'Multiplier' <Latency = 0> <II = 1> <Delay = 2.91> <FuncUnit> <Opcode : 'mul'> <InPorts = 2> <OutPorts = 1>
ST_1 : Operation 26 [1/1] (0.00ns)   --->   "%sext_ln12_6 = sext i16 %p_read_2" [../weight_pe.cpp:12->../array.cpp:29]   --->   Operation 26 'sext' 'sext_ln12_6' <Predicate = true> <Delay = 0.00>
ST_1 : Operation 27 [1/1] (0.00ns)   --->   "%sext_ln13_3 = sext i16 %output_kmin1_0_1_val_read" [../weight_pe.cpp:13->../array.cpp:29]   --->   Operation 27 'sext' 'sext_ln13_3' <Predicate = true> <Delay = 0.00>
ST_1 : Operation 28 [3/3] (1.08ns) (grouped into DSP with root node add_ln13)   --->   "%mul_ln13_1 = mul i28 %sext_ln12_6, i28 %sext_ln13_3" [../weight_pe.cpp:13->../array.cpp:29]   --->   Operation 28 'mul' 'mul_ln13_1' <Predicate = true> <Delay = 1.08> <CoreInst = "DSP48">   --->   Core 124 'DSP48' <Latency = 3> <II = 1> <Delay = 0.69> <IPBlock> <Opcode : '' 'add' 'sub' 'mul' 'select'> <InPorts = 0> <OutPorts = 1> <Sync> <CReg>
ST_1 : Operation 29 [1/1] (0.00ns)   --->   "%sext_ln12_7 = sext i16 %p_read_1" [../weight_pe.cpp:12->../array.cpp:29]   --->   Operation 29 'sext' 'sext_ln12_7' <Predicate = true> <Delay = 0.00>
ST_1 : Operation 30 [1/1] (0.00ns)   --->   "%sext_ln12_8 = sext i16 %delta_k_0_1_val_read" [../weight_pe.cpp:12->../array.cpp:29]   --->   Operation 30 'sext' 'sext_ln12_8' <Predicate = true> <Delay = 0.00>
ST_1 : Operation 31 [3/3] (1.08ns) (grouped into DSP with root node add_ln12)   --->   "%mul_ln12_2 = mul i28 %sext_ln12_7, i28 %sext_ln12_8" [../weight_pe.cpp:12->../array.cpp:29]   --->   Operation 31 'mul' 'mul_ln12_2' <Predicate = true> <Delay = 1.08> <CoreInst = "DSP48">   --->   Core 124 'DSP48' <Latency = 3> <II = 1> <Delay = 0.69> <IPBlock> <Opcode : '' 'add' 'sub' 'mul' 'select'> <InPorts = 0> <OutPorts = 1> <Sync> <CReg>
ST_1 : Operation 32 [1/1] (0.00ns)   --->   "%sext_ln12_9 = sext i16 %p_read" [../weight_pe.cpp:12->../array.cpp:29]   --->   Operation 32 'sext' 'sext_ln12_9' <Predicate = true> <Delay = 0.00>
ST_1 : Operation 33 [3/3] (1.08ns) (grouped into DSP with root node add_ln12_1)   --->   "%mul_ln12_3 = mul i28 %sext_ln12_9, i28 %sext_ln12_8" [../weight_pe.cpp:12->../array.cpp:29]   --->   Operation 33 'mul' 'mul_ln12_3' <Predicate = true> <Delay = 1.08> <CoreInst = "DSP48">   --->   Core 124 'DSP48' <Latency = 3> <II = 1> <Delay = 0.69> <IPBlock> <Opcode : '' 'add' 'sub' 'mul' 'select'> <InPorts = 0> <OutPorts = 1> <Sync> <CReg>
ST_1 : Operation 34 [3/3] (1.08ns) (grouped into DSP with root node add_ln13_2)   --->   "%mul_ln13_3 = mul i28 %sext_ln12_9, i28 %sext_ln13_3" [../weight_pe.cpp:13->../array.cpp:29]   --->   Operation 34 'mul' 'mul_ln13_3' <Predicate = true> <Delay = 1.08> <CoreInst = "DSP48">   --->   Core 124 'DSP48' <Latency = 3> <II = 1> <Delay = 0.69> <IPBlock> <Opcode : '' 'add' 'sub' 'mul' 'select'> <InPorts = 0> <OutPorts = 1> <Sync> <CReg>
ST_1 : Operation 35 [1/1] (2.91ns)   --->   "%mul_ln14_7 = mul i32 %sext_ln12_2, i32 %sext_ln13_1" [../weight_pe.cpp:14->../array.cpp:29]   --->   Operation 35 'mul' 'mul_ln14_7' <Predicate = true> <Delay = 2.91> <CoreInst = "Multiplier">   --->   Core 3 'Multiplier' <Latency = 0> <II = 1> <Delay = 2.91> <FuncUnit> <Opcode : 'mul'> <InPorts = 2> <OutPorts = 1>
ST_1 : Operation 36 [3/3] (1.08ns) (grouped into DSP with root node sub_ln14_1)   --->   "%mul_ln14_9 = mul i26 %sext_ln12_5, i26 409" [../bias_pe.cpp:14->../array.cpp:37]   --->   Operation 36 'mul' 'mul_ln14_9' <Predicate = true> <Delay = 1.08> <CoreInst = "DSP48">   --->   Core 124 'DSP48' <Latency = 3> <II = 1> <Delay = 0.69> <IPBlock> <Opcode : '' 'add' 'sub' 'mul' 'select'> <InPorts = 0> <OutPorts = 1> <Sync> <CReg>
ST_1 : Operation 37 [1/1] (1.01ns)   --->   "%cmp_i_i = icmp_eq  i16 %training_read, i16 0" [../weight_pe.cpp:12->../array.cpp:29]   --->   Operation 37 'icmp' 'cmp_i_i' <Predicate = true> <Delay = 1.01> <CoreInst = "Cmp">   --->   Core 9 'Cmp' <Latency = 0> <II = 1> <Delay = 1.01> <FuncUnit> <Opcode : 'seteq' 'setne' 'setle' 'setge' 'setlt' 'setgt'> <InPorts = 2> <OutPorts = 1>
ST_1 : Operation 38 [1/1] (1.01ns)   --->   "%icmp_ln19_1 = icmp_sgt  i16 %output_kmin1_0_1_val_read, i16 0" [../error_pe.cpp:19->../array.cpp:47]   --->   Operation 38 'icmp' 'icmp_ln19_1' <Predicate = true> <Delay = 1.01> <CoreInst = "Cmp">   --->   Core 9 'Cmp' <Latency = 0> <II = 1> <Delay = 1.01> <FuncUnit> <Opcode : 'seteq' 'setne' 'setle' 'setge' 'setlt' 'setgt'> <InPorts = 2> <OutPorts = 1>

State 2 <SV = 1> <Delay = 5.11>
ST_2 : Operation 39 [1/1] (0.00ns)   --->   "%sext_ln12_3 = sext i16 %p_read_3" [../weight_pe.cpp:12->../array.cpp:29]   --->   Operation 39 'sext' 'sext_ln12_3' <Predicate = true> <Delay = 0.00>
ST_2 : Operation 40 [1/1] (0.00ns)   --->   "%sext_ln12_4 = sext i16 %delta_k_0_0_val_read" [../weight_pe.cpp:12->../array.cpp:29]   --->   Operation 40 'sext' 'sext_ln12_4' <Predicate = true> <Delay = 0.00>
ST_2 : Operation 41 [1/1] (2.91ns)   --->   "%mul_ln12 = mul i28 %sext_ln12_3, i28 %sext_ln12_4" [../weight_pe.cpp:12->../array.cpp:29]   --->   Operation 41 'mul' 'mul_ln12' <Predicate = (!cmp_i_i)> <Delay = 2.91> <CoreInst = "Multiplier">   --->   Core 3 'Multiplier' <Latency = 0> <II = 1> <Delay = 2.91> <FuncUnit> <Opcode : 'mul'> <InPorts = 2> <OutPorts = 1>
ST_2 : Operation 42 [1/1] (0.00ns)   --->   "%sext_ln13_2 = sext i16 %output_kmin1_0_0_val_read" [../weight_pe.cpp:13->../array.cpp:29]   --->   Operation 42 'sext' 'sext_ln13_2' <Predicate = true> <Delay = 0.00>
ST_2 : Operation 43 [1/1] (2.91ns)   --->   "%mul_ln13 = mul i28 %sext_ln12_3, i28 %sext_ln13_2" [../weight_pe.cpp:13->../array.cpp:29]   --->   Operation 43 'mul' 'mul_ln13' <Predicate = true> <Delay = 2.91> <CoreInst = "Multiplier">   --->   Core 3 'Multiplier' <Latency = 0> <II = 1> <Delay = 2.91> <FuncUnit> <Opcode : 'mul'> <InPorts = 2> <OutPorts = 1>
ST_2 : Operation 44 [1/1] (0.00ns)   --->   "%sext_ln14 = sext i32 %mul_ln14" [../weight_pe.cpp:14->../array.cpp:29]   --->   Operation 44 'sext' 'sext_ln14' <Predicate = true> <Delay = 0.00>
ST_2 : Operation 45 [1/1] (0.00ns)   --->   "%shl_ln = bitconcatenate i40 @_ssdm_op_BitConcatenate.i40.i16.i24, i16 %p_read_3, i24 0" [../weight_pe.cpp:14->../array.cpp:29]   --->   Operation 45 'bitconcatenate' 'shl_ln' <Predicate = true> <Delay = 0.00>
ST_2 : Operation 46 [1/1] (3.88ns)   --->   "%mul_ln14_1 = mul i40 %sext_ln14, i40 1099511627367" [../weight_pe.cpp:14->../array.cpp:29]   --->   Operation 46 'mul' 'mul_ln14_1' <Predicate = true> <Delay = 3.88> <CoreInst = "Multiplier">   --->   Core 3 'Multiplier' <Latency = 0> <II = 1> <Delay = 3.88> <FuncUnit> <Opcode : 'mul'> <InPorts = 2> <OutPorts = 1>
ST_2 : Operation 47 [1/1] (1.23ns)   --->   "%add_ln14 = add i40 %shl_ln, i40 %mul_ln14_1" [../weight_pe.cpp:14->../array.cpp:29]   --->   Operation 47 'add' 'add_ln14' <Predicate = true> <Delay = 1.23> <CoreInst = "Adder">   --->   Core 1 'Adder' <Latency = 0> <II = 1> <Delay = 1.23> <FuncUnit> <Opcode : 'add' 'sub'> <InPorts = 2> <OutPorts = 1>
ST_2 : Operation 48 [1/1] (0.00ns)   --->   "%weight_out_weight_change = partselect i16 @_ssdm_op_PartSelect.i16.i40.i32.i32, i40 %add_ln14, i32 24, i32 39" [../weight_pe.cpp:14->../array.cpp:29]   --->   Operation 48 'partselect' 'weight_out_weight_change' <Predicate = true> <Delay = 0.00>
ST_2 : Operation 49 [1/1] (0.00ns)   --->   "%tmp = partselect i16 @_ssdm_op_PartSelect.i16.i28.i32.i32, i28 %mul_ln13, i32 12, i32 27" [../weight_pe.cpp:13->../array.cpp:29]   --->   Operation 49 'partselect' 'tmp' <Predicate = true> <Delay = 0.00>
ST_2 : Operation 50 [1/1] (0.00ns)   --->   "%sext_ln29 = sext i32 %mul_ln14_2" [../array.cpp:29]   --->   Operation 50 'sext' 'sext_ln29' <Predicate = true> <Delay = 0.00>
ST_2 : Operation 51 [2/3] (1.08ns) (grouped into DSP with root node sub_ln14)   --->   "%mul_ln14_3 = mul i26 %sext_ln12_1, i26 409" [../bias_pe.cpp:14->../array.cpp:37]   --->   Operation 51 'mul' 'mul_ln14_3' <Predicate = true> <Delay = 1.08> <CoreInst = "DSP48">   --->   Core 124 'DSP48' <Latency = 3> <II = 1> <Delay = 0.69> <IPBlock> <Opcode : '' 'add' 'sub' 'mul' 'select'> <InPorts = 0> <OutPorts = 1> <Sync> <CReg>
ST_2 : Operation 52 [1/1] (0.00ns)   --->   "%tmp_1 = partselect i16 @_ssdm_op_PartSelect.i16.i28.i32.i32, i28 %mul_ln12, i32 12, i32 27" [../weight_pe.cpp:12->../array.cpp:29]   --->   Operation 52 'partselect' 'tmp_1' <Predicate = (!cmp_i_i)> <Delay = 0.00>
ST_2 : Operation 53 [1/1] (0.00ns)   --->   "%sext_ln29_1 = sext i32 %mul_ln14_4" [../array.cpp:29]   --->   Operation 53 'sext' 'sext_ln29_1' <Predicate = true> <Delay = 0.00>
ST_2 : Operation 54 [1/1] (2.91ns)   --->   "%mul_ln12_1 = mul i28 %sext_ln12_6, i28 %sext_ln12_4" [../weight_pe.cpp:12->../array.cpp:29]   --->   Operation 54 'mul' 'mul_ln12_1' <Predicate = (!cmp_i_i)> <Delay = 2.91> <CoreInst = "Multiplier">   --->   Core 3 'Multiplier' <Latency = 0> <II = 1> <Delay = 2.91> <FuncUnit> <Opcode : 'mul'> <InPorts = 2> <OutPorts = 1>
ST_2 : Operation 55 [2/3] (1.08ns) (grouped into DSP with root node add_ln13)   --->   "%mul_ln13_1 = mul i28 %sext_ln12_6, i28 %sext_ln13_3" [../weight_pe.cpp:13->../array.cpp:29]   --->   Operation 55 'mul' 'mul_ln13_1' <Predicate = true> <Delay = 1.08> <CoreInst = "DSP48">   --->   Core 124 'DSP48' <Latency = 3> <II = 1> <Delay = 0.69> <IPBlock> <Opcode : '' 'add' 'sub' 'mul' 'select'> <InPorts = 0> <OutPorts = 1> <Sync> <CReg>
ST_2 : Operation 56 [1/1] (0.00ns)   --->   "%shl_ln14_2 = bitconcatenate i40 @_ssdm_op_BitConcatenate.i40.i16.i24, i16 %p_read_2, i24 0" [../weight_pe.cpp:14->../array.cpp:29]   --->   Operation 56 'bitconcatenate' 'shl_ln14_2' <Predicate = true> <Delay = 0.00>
ST_2 : Operation 57 [1/1] (3.88ns)   --->   "%mul_ln14_5 = mul i40 %sext_ln29, i40 1099511627367" [../weight_pe.cpp:14->../array.cpp:29]   --->   Operation 57 'mul' 'mul_ln14_5' <Predicate = true> <Delay = 3.88> <CoreInst = "Multiplier">   --->   Core 3 'Multiplier' <Latency = 0> <II = 1> <Delay = 3.88> <FuncUnit> <Opcode : 'mul'> <InPorts = 2> <OutPorts = 1>
ST_2 : Operation 58 [1/1] (1.23ns)   --->   "%add_ln14_1 = add i40 %shl_ln14_2, i40 %mul_ln14_5" [../weight_pe.cpp:14->../array.cpp:29]   --->   Operation 58 'add' 'add_ln14_1' <Predicate = true> <Delay = 1.23> <CoreInst = "Adder">   --->   Core 1 'Adder' <Latency = 0> <II = 1> <Delay = 1.23> <FuncUnit> <Opcode : 'add' 'sub'> <InPorts = 2> <OutPorts = 1>
ST_2 : Operation 59 [1/1] (0.00ns)   --->   "%weight_out_weight_change_1 = partselect i16 @_ssdm_op_PartSelect.i16.i40.i32.i32, i40 %add_ln14_1, i32 24, i32 39" [../weight_pe.cpp:14->../array.cpp:29]   --->   Operation 59 'partselect' 'weight_out_weight_change_1' <Predicate = true> <Delay = 0.00>
ST_2 : Operation 60 [2/3] (1.08ns) (grouped into DSP with root node add_ln12)   --->   "%mul_ln12_2 = mul i28 %sext_ln12_7, i28 %sext_ln12_8" [../weight_pe.cpp:12->../array.cpp:29]   --->   Operation 60 'mul' 'mul_ln12_2' <Predicate = true> <Delay = 1.08> <CoreInst = "DSP48">   --->   Core 124 'DSP48' <Latency = 3> <II = 1> <Delay = 0.69> <IPBlock> <Opcode : '' 'add' 'sub' 'mul' 'select'> <InPorts = 0> <OutPorts = 1> <Sync> <CReg>
ST_2 : Operation 61 [1/1] (2.91ns)   --->   "%mul_ln13_2 = mul i28 %sext_ln12_7, i28 %sext_ln13_2" [../weight_pe.cpp:13->../array.cpp:29]   --->   Operation 61 'mul' 'mul_ln13_2' <Predicate = true> <Delay = 2.91> <CoreInst = "Multiplier">   --->   Core 3 'Multiplier' <Latency = 0> <II = 1> <Delay = 2.91> <FuncUnit> <Opcode : 'mul'> <InPorts = 2> <OutPorts = 1>
ST_2 : Operation 62 [1/1] (0.00ns)   --->   "%shl_ln14_3 = bitconcatenate i40 @_ssdm_op_BitConcatenate.i40.i16.i24, i16 %p_read_1, i24 0" [../weight_pe.cpp:14->../array.cpp:29]   --->   Operation 62 'bitconcatenate' 'shl_ln14_3' <Predicate = true> <Delay = 0.00>
ST_2 : Operation 63 [1/1] (3.88ns)   --->   "%mul_ln14_6 = mul i40 %sext_ln29_1, i40 1099511627367" [../weight_pe.cpp:14->../array.cpp:29]   --->   Operation 63 'mul' 'mul_ln14_6' <Predicate = true> <Delay = 3.88> <CoreInst = "Multiplier">   --->   Core 3 'Multiplier' <Latency = 0> <II = 1> <Delay = 3.88> <FuncUnit> <Opcode : 'mul'> <InPorts = 2> <OutPorts = 1>
ST_2 : Operation 64 [1/1] (1.23ns)   --->   "%add_ln14_2 = add i40 %shl_ln14_3, i40 %mul_ln14_6" [../weight_pe.cpp:14->../array.cpp:29]   --->   Operation 64 'add' 'add_ln14_2' <Predicate = true> <Delay = 1.23> <CoreInst = "Adder">   --->   Core 1 'Adder' <Latency = 0> <II = 1> <Delay = 1.23> <FuncUnit> <Opcode : 'add' 'sub'> <InPorts = 2> <OutPorts = 1>
ST_2 : Operation 65 [1/1] (0.00ns)   --->   "%weight_out_weight_change_2 = partselect i16 @_ssdm_op_PartSelect.i16.i40.i32.i32, i40 %add_ln14_2, i32 24, i32 39" [../weight_pe.cpp:14->../array.cpp:29]   --->   Operation 65 'partselect' 'weight_out_weight_change_2' <Predicate = true> <Delay = 0.00>
ST_2 : Operation 66 [1/1] (0.00ns)   --->   "%tmp_2 = partselect i16 @_ssdm_op_PartSelect.i16.i28.i32.i32, i28 %mul_ln12_1, i32 12, i32 27" [../weight_pe.cpp:12->../array.cpp:29]   --->   Operation 66 'partselect' 'tmp_2' <Predicate = (!cmp_i_i)> <Delay = 0.00>
ST_2 : Operation 67 [2/3] (1.08ns) (grouped into DSP with root node add_ln12_1)   --->   "%mul_ln12_3 = mul i28 %sext_ln12_9, i28 %sext_ln12_8" [../weight_pe.cpp:12->../array.cpp:29]   --->   Operation 67 'mul' 'mul_ln12_3' <Predicate = true> <Delay = 1.08> <CoreInst = "DSP48">   --->   Core 124 'DSP48' <Latency = 3> <II = 1> <Delay = 0.69> <IPBlock> <Opcode : '' 'add' 'sub' 'mul' 'select'> <InPorts = 0> <OutPorts = 1> <Sync> <CReg>
ST_2 : Operation 68 [1/1] (0.00ns)   --->   "%tmp_3 = partselect i16 @_ssdm_op_PartSelect.i16.i28.i32.i32, i28 %mul_ln13_2, i32 12, i32 27" [../weight_pe.cpp:13->../array.cpp:29]   --->   Operation 68 'partselect' 'tmp_3' <Predicate = true> <Delay = 0.00>
ST_2 : Operation 69 [2/3] (1.08ns) (grouped into DSP with root node add_ln13_2)   --->   "%mul_ln13_3 = mul i28 %sext_ln12_9, i28 %sext_ln13_3" [../weight_pe.cpp:13->../array.cpp:29]   --->   Operation 69 'mul' 'mul_ln13_3' <Predicate = true> <Delay = 1.08> <CoreInst = "DSP48">   --->   Core 124 'DSP48' <Latency = 3> <II = 1> <Delay = 0.69> <IPBlock> <Opcode : '' 'add' 'sub' 'mul' 'select'> <InPorts = 0> <OutPorts = 1> <Sync> <CReg>
ST_2 : Operation 70 [1/1] (0.00ns)   --->   "%sext_ln14_2 = sext i32 %mul_ln14_7" [../weight_pe.cpp:14->../array.cpp:29]   --->   Operation 70 'sext' 'sext_ln14_2' <Predicate = true> <Delay = 0.00>
ST_2 : Operation 71 [1/1] (0.00ns)   --->   "%shl_ln14_4 = bitconcatenate i40 @_ssdm_op_BitConcatenate.i40.i16.i24, i16 %p_read, i24 0" [../weight_pe.cpp:14->../array.cpp:29]   --->   Operation 71 'bitconcatenate' 'shl_ln14_4' <Predicate = true> <Delay = 0.00>
ST_2 : Operation 72 [1/1] (3.88ns)   --->   "%mul_ln14_8 = mul i40 %sext_ln14_2, i40 1099511627367" [../weight_pe.cpp:14->../array.cpp:29]   --->   Operation 72 'mul' 'mul_ln14_8' <Predicate = true> <Delay = 3.88> <CoreInst = "Multiplier">   --->   Core 3 'Multiplier' <Latency = 0> <II = 1> <Delay = 3.88> <FuncUnit> <Opcode : 'mul'> <InPorts = 2> <OutPorts = 1>
ST_2 : Operation 73 [1/1] (1.23ns)   --->   "%add_ln14_3 = add i40 %shl_ln14_4, i40 %mul_ln14_8" [../weight_pe.cpp:14->../array.cpp:29]   --->   Operation 73 'add' 'add_ln14_3' <Predicate = true> <Delay = 1.23> <CoreInst = "Adder">   --->   Core 1 'Adder' <Latency = 0> <II = 1> <Delay = 1.23> <FuncUnit> <Opcode : 'add' 'sub'> <InPorts = 2> <OutPorts = 1>
ST_2 : Operation 74 [1/1] (0.00ns)   --->   "%weight_out_weight_change_3 = partselect i16 @_ssdm_op_PartSelect.i16.i40.i32.i32, i40 %add_ln14_3, i32 24, i32 39" [../weight_pe.cpp:14->../array.cpp:29]   --->   Operation 74 'partselect' 'weight_out_weight_change_3' <Predicate = true> <Delay = 0.00>
ST_2 : Operation 75 [2/3] (1.08ns) (grouped into DSP with root node sub_ln14_1)   --->   "%mul_ln14_9 = mul i26 %sext_ln12_5, i26 409" [../bias_pe.cpp:14->../array.cpp:37]   --->   Operation 75 'mul' 'mul_ln14_9' <Predicate = true> <Delay = 1.08> <CoreInst = "DSP48">   --->   Core 124 'DSP48' <Latency = 3> <II = 1> <Delay = 0.69> <IPBlock> <Opcode : '' 'add' 'sub' 'mul' 'select'> <InPorts = 0> <OutPorts = 1> <Sync> <CReg>
ST_2 : Operation 76 [1/1] (1.01ns)   --->   "%icmp_ln19 = icmp_sgt  i16 %output_kmin1_0_0_val_read, i16 0" [../error_pe.cpp:19->../array.cpp:47]   --->   Operation 76 'icmp' 'icmp_ln19' <Predicate = (!cmp_i_i)> <Delay = 1.01> <CoreInst = "Cmp">   --->   Core 9 'Cmp' <Latency = 0> <II = 1> <Delay = 1.01> <FuncUnit> <Opcode : 'seteq' 'setne' 'setle' 'setge' 'setlt' 'setgt'> <InPorts = 2> <OutPorts = 1>

State 3 <SV = 2> <Delay = 0.83>
ST_3 : Operation 77 [1/1] (0.00ns)   --->   "%shl_ln1 = bitconcatenate i28 @_ssdm_op_BitConcatenate.i28.i16.i12, i16 %tmp, i12 0" [../weight_pe.cpp:13->../array.cpp:29]   --->   Operation 77 'bitconcatenate' 'shl_ln1' <Predicate = true> <Delay = 0.00>
ST_3 : Operation 78 [1/3] (0.00ns) (grouped into DSP with root node sub_ln14)   --->   "%mul_ln14_3 = mul i26 %sext_ln12_1, i26 409" [../bias_pe.cpp:14->../array.cpp:37]   --->   Operation 78 'mul' 'mul_ln14_3' <Predicate = true> <Delay = 0.00> <CoreInst = "DSP48">   --->   Core 124 'DSP48' <Latency = 3> <II = 1> <Delay = 0.69> <IPBlock> <Opcode : '' 'add' 'sub' 'mul' 'select'> <InPorts = 0> <OutPorts = 1> <Sync> <CReg>
ST_3 : Operation 79 [1/1] (0.00ns)   --->   "%shl_ln14_1 = bitconcatenate i28 @_ssdm_op_BitConcatenate.i28.i16.i12, i16 %biases_0_0_val_read, i12 0" [../bias_pe.cpp:14->../array.cpp:37]   --->   Operation 79 'bitconcatenate' 'shl_ln14_1' <Predicate = true> <Delay = 0.00>
ST_3 : Operation 80 [1/1] (0.00ns) (grouped into DSP with root node sub_ln14)   --->   "%sext_ln14_1 = sext i26 %mul_ln14_3" [../bias_pe.cpp:14->../array.cpp:37]   --->   Operation 80 'sext' 'sext_ln14_1' <Predicate = true> <Delay = 0.00>
ST_3 : Operation 81 [2/2] (0.83ns) (root node of the DSP)   --->   "%sub_ln14 = sub i28 %shl_ln14_1, i28 %sext_ln14_1" [../bias_pe.cpp:14->../array.cpp:37]   --->   Operation 81 'sub' 'sub_ln14' <Predicate = true> <Delay = 0.83> <CoreInst = "DSP48">   --->   Core 124 'DSP48' <Latency = 3> <II = 1> <Delay = 0.69> <IPBlock> <Opcode : '' 'add' 'sub' 'mul' 'select'> <InPorts = 0> <OutPorts = 1> <Sync> <CReg>
ST_3 : Operation 82 [1/1] (0.00ns)   --->   "%shl_ln2 = bitconcatenate i28 @_ssdm_op_BitConcatenate.i28.i16.i12, i16 %tmp_1, i12 0" [../weight_pe.cpp:12->../array.cpp:29]   --->   Operation 82 'bitconcatenate' 'shl_ln2' <Predicate = (!cmp_i_i)> <Delay = 0.00>
ST_3 : Operation 83 [1/3] (0.00ns) (grouped into DSP with root node add_ln13)   --->   "%mul_ln13_1 = mul i28 %sext_ln12_6, i28 %sext_ln13_3" [../weight_pe.cpp:13->../array.cpp:29]   --->   Operation 83 'mul' 'mul_ln13_1' <Predicate = true> <Delay = 0.00> <CoreInst = "DSP48">   --->   Core 124 'DSP48' <Latency = 3> <II = 1> <Delay = 0.69> <IPBlock> <Opcode : '' 'add' 'sub' 'mul' 'select'> <InPorts = 0> <OutPorts = 1> <Sync> <CReg>
ST_3 : Operation 84 [2/2] (0.83ns) (root node of the DSP)   --->   "%add_ln13 = add i28 %shl_ln1, i28 %mul_ln13_1" [../weight_pe.cpp:13->../array.cpp:29]   --->   Operation 84 'add' 'add_ln13' <Predicate = true> <Delay = 0.83> <CoreInst = "DSP48">   --->   Core 124 'DSP48' <Latency = 3> <II = 1> <Delay = 0.69> <IPBlock> <Opcode : '' 'add' 'sub' 'mul' 'select'> <InPorts = 0> <OutPorts = 1> <Sync> <CReg>
ST_3 : Operation 85 [1/3] (0.00ns) (grouped into DSP with root node add_ln12)   --->   "%mul_ln12_2 = mul i28 %sext_ln12_7, i28 %sext_ln12_8" [../weight_pe.cpp:12->../array.cpp:29]   --->   Operation 85 'mul' 'mul_ln12_2' <Predicate = true> <Delay = 0.00> <CoreInst = "DSP48">   --->   Core 124 'DSP48' <Latency = 3> <II = 1> <Delay = 0.69> <IPBlock> <Opcode : '' 'add' 'sub' 'mul' 'select'> <InPorts = 0> <OutPorts = 1> <Sync> <CReg>
ST_3 : Operation 86 [2/2] (0.83ns) (root node of the DSP)   --->   "%add_ln12 = add i28 %shl_ln2, i28 %mul_ln12_2" [../weight_pe.cpp:12->../array.cpp:29]   --->   Operation 86 'add' 'add_ln12' <Predicate = (!cmp_i_i)> <Delay = 0.83> <CoreInst = "DSP48">   --->   Core 124 'DSP48' <Latency = 3> <II = 1> <Delay = 0.69> <IPBlock> <Opcode : '' 'add' 'sub' 'mul' 'select'> <InPorts = 0> <OutPorts = 1> <Sync> <CReg>
ST_3 : Operation 87 [1/1] (0.00ns)   --->   "%shl_ln12_1 = bitconcatenate i28 @_ssdm_op_BitConcatenate.i28.i16.i12, i16 %tmp_2, i12 0" [../weight_pe.cpp:12->../array.cpp:29]   --->   Operation 87 'bitconcatenate' 'shl_ln12_1' <Predicate = (!cmp_i_i)> <Delay = 0.00>
ST_3 : Operation 88 [1/3] (0.00ns) (grouped into DSP with root node add_ln12_1)   --->   "%mul_ln12_3 = mul i28 %sext_ln12_9, i28 %sext_ln12_8" [../weight_pe.cpp:12->../array.cpp:29]   --->   Operation 88 'mul' 'mul_ln12_3' <Predicate = true> <Delay = 0.00> <CoreInst = "DSP48">   --->   Core 124 'DSP48' <Latency = 3> <II = 1> <Delay = 0.69> <IPBlock> <Opcode : '' 'add' 'sub' 'mul' 'select'> <InPorts = 0> <OutPorts = 1> <Sync> <CReg>
ST_3 : Operation 89 [2/2] (0.83ns) (root node of the DSP)   --->   "%add_ln12_1 = add i28 %shl_ln12_1, i28 %mul_ln12_3" [../weight_pe.cpp:12->../array.cpp:29]   --->   Operation 89 'add' 'add_ln12_1' <Predicate = (!cmp_i_i)> <Delay = 0.83> <CoreInst = "DSP48">   --->   Core 124 'DSP48' <Latency = 3> <II = 1> <Delay = 0.69> <IPBlock> <Opcode : '' 'add' 'sub' 'mul' 'select'> <InPorts = 0> <OutPorts = 1> <Sync> <CReg>
ST_3 : Operation 90 [1/1] (0.00ns)   --->   "%shl_ln13_1 = bitconcatenate i28 @_ssdm_op_BitConcatenate.i28.i16.i12, i16 %tmp_3, i12 0" [../weight_pe.cpp:13->../array.cpp:29]   --->   Operation 90 'bitconcatenate' 'shl_ln13_1' <Predicate = true> <Delay = 0.00>
ST_3 : Operation 91 [1/3] (0.00ns) (grouped into DSP with root node add_ln13_2)   --->   "%mul_ln13_3 = mul i28 %sext_ln12_9, i28 %sext_ln13_3" [../weight_pe.cpp:13->../array.cpp:29]   --->   Operation 91 'mul' 'mul_ln13_3' <Predicate = true> <Delay = 0.00> <CoreInst = "DSP48">   --->   Core 124 'DSP48' <Latency = 3> <II = 1> <Delay = 0.69> <IPBlock> <Opcode : '' 'add' 'sub' 'mul' 'select'> <InPorts = 0> <OutPorts = 1> <Sync> <CReg>
ST_3 : Operation 92 [2/2] (0.83ns) (root node of the DSP)   --->   "%add_ln13_2 = add i28 %shl_ln13_1, i28 %mul_ln13_3" [../weight_pe.cpp:13->../array.cpp:29]   --->   Operation 92 'add' 'add_ln13_2' <Predicate = true> <Delay = 0.83> <CoreInst = "DSP48">   --->   Core 124 'DSP48' <Latency = 3> <II = 1> <Delay = 0.69> <IPBlock> <Opcode : '' 'add' 'sub' 'mul' 'select'> <InPorts = 0> <OutPorts = 1> <Sync> <CReg>
ST_3 : Operation 93 [1/3] (0.00ns) (grouped into DSP with root node sub_ln14_1)   --->   "%mul_ln14_9 = mul i26 %sext_ln12_5, i26 409" [../bias_pe.cpp:14->../array.cpp:37]   --->   Operation 93 'mul' 'mul_ln14_9' <Predicate = true> <Delay = 0.00> <CoreInst = "DSP48">   --->   Core 124 'DSP48' <Latency = 3> <II = 1> <Delay = 0.69> <IPBlock> <Opcode : '' 'add' 'sub' 'mul' 'select'> <InPorts = 0> <OutPorts = 1> <Sync> <CReg>
ST_3 : Operation 94 [1/1] (0.00ns)   --->   "%shl_ln14_5 = bitconcatenate i28 @_ssdm_op_BitConcatenate.i28.i16.i12, i16 %biases_0_1_val_read, i12 0" [../bias_pe.cpp:14->../array.cpp:37]   --->   Operation 94 'bitconcatenate' 'shl_ln14_5' <Predicate = true> <Delay = 0.00>
ST_3 : Operation 95 [1/1] (0.00ns) (grouped into DSP with root node sub_ln14_1)   --->   "%sext_ln14_3 = sext i26 %mul_ln14_9" [../bias_pe.cpp:14->../array.cpp:37]   --->   Operation 95 'sext' 'sext_ln14_3' <Predicate = true> <Delay = 0.00>
ST_3 : Operation 96 [2/2] (0.83ns) (root node of the DSP)   --->   "%sub_ln14_1 = sub i28 %shl_ln14_5, i28 %sext_ln14_3" [../bias_pe.cpp:14->../array.cpp:37]   --->   Operation 96 'sub' 'sub_ln14_1' <Predicate = true> <Delay = 0.83> <CoreInst = "DSP48">   --->   Core 124 'DSP48' <Latency = 3> <II = 1> <Delay = 0.69> <IPBlock> <Opcode : '' 'add' 'sub' 'mul' 'select'> <InPorts = 0> <OutPorts = 1> <Sync> <CReg>

State 4 <SV = 3> <Delay = 5.17>
ST_4 : Operation 97 [1/2] (0.83ns) (root node of the DSP)   --->   "%sub_ln14 = sub i28 %shl_ln14_1, i28 %sext_ln14_1" [../bias_pe.cpp:14->../array.cpp:37]   --->   Operation 97 'sub' 'sub_ln14' <Predicate = true> <Delay = 0.83> <CoreInst = "DSP48">   --->   Core 124 'DSP48' <Latency = 3> <II = 1> <Delay = 0.69> <IPBlock> <Opcode : '' 'add' 'sub' 'mul' 'select'> <InPorts = 0> <OutPorts = 1> <Sync> <CReg>
ST_4 : Operation 98 [1/1] (0.00ns)   --->   "%bias_out_bias_change = partselect i16 @_ssdm_op_PartSelect.i16.i28.i32.i32, i28 %sub_ln14, i32 12, i32 27" [../bias_pe.cpp:14->../array.cpp:37]   --->   Operation 98 'partselect' 'bias_out_bias_change' <Predicate = true> <Delay = 0.00>
ST_4 : Operation 99 [1/2] (0.83ns) (root node of the DSP)   --->   "%add_ln13 = add i28 %shl_ln1, i28 %mul_ln13_1" [../weight_pe.cpp:13->../array.cpp:29]   --->   Operation 99 'add' 'add_ln13' <Predicate = true> <Delay = 0.83> <CoreInst = "DSP48">   --->   Core 124 'DSP48' <Latency = 3> <II = 1> <Delay = 0.69> <IPBlock> <Opcode : '' 'add' 'sub' 'mul' 'select'> <InPorts = 0> <OutPorts = 1> <Sync> <CReg>
ST_4 : Operation 100 [1/1] (0.00ns)   --->   "%weight_out_sum_output_out = partselect i16 @_ssdm_op_PartSelect.i16.i28.i32.i32, i28 %add_ln13, i32 12, i32 27" [../weight_pe.cpp:13->../array.cpp:29]   --->   Operation 100 'partselect' 'weight_out_sum_output_out' <Predicate = true> <Delay = 0.00>
ST_4 : Operation 101 [1/1] (1.01ns)   --->   "%bias_out_net_sum = add i16 %weight_out_sum_output_out, i16 %biases_0_0_val_read" [../bias_pe.cpp:13->../array.cpp:37]   --->   Operation 101 'add' 'bias_out_net_sum' <Predicate = true> <Delay = 1.01> <CoreInst = "Adder">   --->   Core 1 'Adder' <Latency = 0> <II = 1> <Delay = 1.01> <FuncUnit> <Opcode : 'add' 'sub'> <InPorts = 2> <OutPorts = 1>
ST_4 : Operation 102 [1/1] (0.00ns)   --->   "%tmp_4 = bitselect i1 @_ssdm_op_BitSelect.i1.i16.i32, i16 %bias_out_net_sum, i32 15" [../act_pe.cpp:18->../array.cpp:39]   --->   Operation 102 'bitselect' 'tmp_4' <Predicate = true> <Delay = 0.00>
ST_4 : Operation 103 [1/1] (0.00ns)   --->   "%sext_ln22 = sext i16 %bias_out_net_sum" [../act_pe.cpp:22->../array.cpp:39]   --->   Operation 103 'sext' 'sext_ln22' <Predicate = true> <Delay = 0.00>
ST_4 : Operation 104 [1/1] (2.91ns)   --->   "%mul_ln22 = mul i26 %sext_ln22, i26 409" [../act_pe.cpp:22->../array.cpp:39]   --->   Operation 104 'mul' 'mul_ln22' <Predicate = true> <Delay = 2.91> <CoreInst = "Multiplier">   --->   Core 3 'Multiplier' <Latency = 0> <II = 1> <Delay = 2.91> <FuncUnit> <Opcode : 'mul'> <InPorts = 2> <OutPorts = 1>
ST_4 : Operation 105 [1/1] (0.00ns)   --->   "%output_1 = partselect i14 @_ssdm_op_PartSelect.i14.i26.i32.i32, i26 %mul_ln22, i32 12, i32 25" [../act_pe.cpp:22->../array.cpp:39]   --->   Operation 105 'partselect' 'output_1' <Predicate = true> <Delay = 0.00>
ST_4 : Operation 106 [1/1] (0.00ns)   --->   "%sext_ln22_1 = sext i14 %output_1" [../act_pe.cpp:22->../array.cpp:39]   --->   Operation 106 'sext' 'sext_ln22_1' <Predicate = true> <Delay = 0.00>
ST_4 : Operation 107 [1/1] (0.42ns)   --->   "%output_4 = select i1 %tmp_4, i16 %sext_ln22_1, i16 %bias_out_net_sum" [../act_pe.cpp:18->../array.cpp:39]   --->   Operation 107 'select' 'output_4' <Predicate = true> <Delay = 0.42> <CoreInst = "Sel">   --->   Core 73 'Sel' <Latency = 0> <II = 1> <Delay = 0.42> <FuncUnit> <Opcode : 'select'> <InPorts = 3> <OutPorts = 1>
ST_4 : Operation 108 [1/2] (0.83ns) (root node of the DSP)   --->   "%add_ln12 = add i28 %shl_ln2, i28 %mul_ln12_2" [../weight_pe.cpp:12->../array.cpp:29]   --->   Operation 108 'add' 'add_ln12' <Predicate = (!cmp_i_i)> <Delay = 0.83> <CoreInst = "DSP48">   --->   Core 124 'DSP48' <Latency = 3> <II = 1> <Delay = 0.69> <IPBlock> <Opcode : '' 'add' 'sub' 'mul' 'select'> <InPorts = 0> <OutPorts = 1> <Sync> <CReg>
ST_4 : Operation 109 [1/1] (0.00ns)   --->   "%weight_out_sum_delta_out = partselect i16 @_ssdm_op_PartSelect.i16.i28.i32.i32, i28 %add_ln12, i32 12, i32 27" [../weight_pe.cpp:12->../array.cpp:29]   --->   Operation 109 'partselect' 'weight_out_sum_delta_out' <Predicate = (!cmp_i_i)> <Delay = 0.00>
ST_4 : Operation 110 [1/2] (0.83ns) (root node of the DSP)   --->   "%add_ln12_1 = add i28 %shl_ln12_1, i28 %mul_ln12_3" [../weight_pe.cpp:12->../array.cpp:29]   --->   Operation 110 'add' 'add_ln12_1' <Predicate = (!cmp_i_i)> <Delay = 0.83> <CoreInst = "DSP48">   --->   Core 124 'DSP48' <Latency = 3> <II = 1> <Delay = 0.69> <IPBlock> <Opcode : '' 'add' 'sub' 'mul' 'select'> <InPorts = 0> <OutPorts = 1> <Sync> <CReg>
ST_4 : Operation 111 [1/1] (0.00ns)   --->   "%weight_out_sum_delta_out_1 = partselect i16 @_ssdm_op_PartSelect.i16.i28.i32.i32, i28 %add_ln12_1, i32 12, i32 27" [../weight_pe.cpp:12->../array.cpp:29]   --->   Operation 111 'partselect' 'weight_out_sum_delta_out_1' <Predicate = (!cmp_i_i)> <Delay = 0.00>
ST_4 : Operation 112 [1/2] (0.83ns) (root node of the DSP)   --->   "%add_ln13_2 = add i28 %shl_ln13_1, i28 %mul_ln13_3" [../weight_pe.cpp:13->../array.cpp:29]   --->   Operation 112 'add' 'add_ln13_2' <Predicate = true> <Delay = 0.83> <CoreInst = "DSP48">   --->   Core 124 'DSP48' <Latency = 3> <II = 1> <Delay = 0.69> <IPBlock> <Opcode : '' 'add' 'sub' 'mul' 'select'> <InPorts = 0> <OutPorts = 1> <Sync> <CReg>
ST_4 : Operation 113 [1/1] (0.00ns)   --->   "%weight_out_sum_output_out_1 = partselect i16 @_ssdm_op_PartSelect.i16.i28.i32.i32, i28 %add_ln13_2, i32 12, i32 27" [../weight_pe.cpp:13->../array.cpp:29]   --->   Operation 113 'partselect' 'weight_out_sum_output_out_1' <Predicate = true> <Delay = 0.00>
ST_4 : Operation 114 [1/1] (1.01ns)   --->   "%bias_out_net_sum_1 = add i16 %weight_out_sum_output_out_1, i16 %biases_0_1_val_read" [../bias_pe.cpp:13->../array.cpp:37]   --->   Operation 114 'add' 'bias_out_net_sum_1' <Predicate = true> <Delay = 1.01> <CoreInst = "Adder">   --->   Core 1 'Adder' <Latency = 0> <II = 1> <Delay = 1.01> <FuncUnit> <Opcode : 'add' 'sub'> <InPorts = 2> <OutPorts = 1>
ST_4 : Operation 115 [1/2] (0.83ns) (root node of the DSP)   --->   "%sub_ln14_1 = sub i28 %shl_ln14_5, i28 %sext_ln14_3" [../bias_pe.cpp:14->../array.cpp:37]   --->   Operation 115 'sub' 'sub_ln14_1' <Predicate = true> <Delay = 0.83> <CoreInst = "DSP48">   --->   Core 124 'DSP48' <Latency = 3> <II = 1> <Delay = 0.69> <IPBlock> <Opcode : '' 'add' 'sub' 'mul' 'select'> <InPorts = 0> <OutPorts = 1> <Sync> <CReg>
ST_4 : Operation 116 [1/1] (0.00ns)   --->   "%bias_out_bias_change_1 = partselect i16 @_ssdm_op_PartSelect.i16.i28.i32.i32, i28 %sub_ln14_1, i32 12, i32 27" [../bias_pe.cpp:14->../array.cpp:37]   --->   Operation 116 'partselect' 'bias_out_bias_change_1' <Predicate = true> <Delay = 0.00>
ST_4 : Operation 117 [1/1] (0.00ns)   --->   "%tmp_5 = bitselect i1 @_ssdm_op_BitSelect.i1.i16.i32, i16 %bias_out_net_sum_1, i32 15" [../act_pe.cpp:18->../array.cpp:39]   --->   Operation 117 'bitselect' 'tmp_5' <Predicate = true> <Delay = 0.00>
ST_4 : Operation 118 [1/1] (0.00ns)   --->   "%sext_ln22_2 = sext i16 %bias_out_net_sum_1" [../act_pe.cpp:22->../array.cpp:39]   --->   Operation 118 'sext' 'sext_ln22_2' <Predicate = true> <Delay = 0.00>
ST_4 : Operation 119 [1/1] (2.91ns)   --->   "%mul_ln22_1 = mul i26 %sext_ln22_2, i26 409" [../act_pe.cpp:22->../array.cpp:39]   --->   Operation 119 'mul' 'mul_ln22_1' <Predicate = true> <Delay = 2.91> <CoreInst = "Multiplier">   --->   Core 3 'Multiplier' <Latency = 0> <II = 1> <Delay = 2.91> <FuncUnit> <Opcode : 'mul'> <InPorts = 2> <OutPorts = 1>
ST_4 : Operation 120 [1/1] (0.00ns)   --->   "%output = partselect i14 @_ssdm_op_PartSelect.i14.i26.i32.i32, i26 %mul_ln22_1, i32 12, i32 25" [../act_pe.cpp:22->../array.cpp:39]   --->   Operation 120 'partselect' 'output' <Predicate = true> <Delay = 0.00>
ST_4 : Operation 121 [1/1] (0.00ns)   --->   "%sext_ln22_3 = sext i14 %output" [../act_pe.cpp:22->../array.cpp:39]   --->   Operation 121 'sext' 'sext_ln22_3' <Predicate = true> <Delay = 0.00>
ST_4 : Operation 122 [1/1] (0.42ns)   --->   "%output_3 = select i1 %tmp_5, i16 %sext_ln22_3, i16 %bias_out_net_sum_1" [../act_pe.cpp:18->../array.cpp:39]   --->   Operation 122 'select' 'output_3' <Predicate = true> <Delay = 0.42> <CoreInst = "Sel">   --->   Core 73 'Sel' <Latency = 0> <II = 1> <Delay = 0.42> <FuncUnit> <Opcode : 'select'> <InPorts = 3> <OutPorts = 1>
ST_4 : Operation 123 [1/1] (0.00ns)   --->   "%sext_ln23 = sext i16 %weight_out_sum_delta_out" [../error_pe.cpp:23->../array.cpp:47]   --->   Operation 123 'sext' 'sext_ln23' <Predicate = (!icmp_ln19 & !cmp_i_i)> <Delay = 0.00>
ST_4 : Operation 124 [1/1] (2.91ns)   --->   "%mul_ln23 = mul i26 %sext_ln23, i26 409" [../error_pe.cpp:23->../array.cpp:47]   --->   Operation 124 'mul' 'mul_ln23' <Predicate = (!icmp_ln19 & !cmp_i_i)> <Delay = 2.91> <CoreInst = "Multiplier">   --->   Core 3 'Multiplier' <Latency = 0> <II = 1> <Delay = 2.91> <FuncUnit> <Opcode : 'mul'> <InPorts = 2> <OutPorts = 1>
ST_4 : Operation 125 [1/1] (0.00ns) (grouped into LUT with out node agg_result_delta_kmin1_0_0)   --->   "%error = partselect i14 @_ssdm_op_PartSelect.i14.i26.i32.i32, i26 %mul_ln23, i32 12, i32 25" [../error_pe.cpp:23->../array.cpp:47]   --->   Operation 125 'partselect' 'error' <Predicate = (!icmp_ln19 & !cmp_i_i)> <Delay = 0.00>
ST_4 : Operation 126 [1/1] (0.00ns) (grouped into LUT with out node agg_result_delta_kmin1_0_0)   --->   "%sext_ln23_1 = sext i14 %error" [../error_pe.cpp:23->../array.cpp:47]   --->   Operation 126 'sext' 'sext_ln23_1' <Predicate = (!icmp_ln19 & !cmp_i_i)> <Delay = 0.00>
ST_4 : Operation 127 [1/1] (0.00ns) (grouped into LUT with out node agg_result_delta_kmin1_0_0)   --->   "%error_1 = select i1 %icmp_ln19, i16 %weight_out_sum_delta_out, i16 %sext_ln23_1" [../error_pe.cpp:19->../array.cpp:47]   --->   Operation 127 'select' 'error_1' <Predicate = (!cmp_i_i)> <Delay = 0.00> <CoreInst = "Sel">   --->   Core 73 'Sel' <Latency = 0> <II = 1> <Delay = 0.42> <FuncUnit> <Opcode : 'select'> <InPorts = 3> <OutPorts = 1>
ST_4 : Operation 128 [1/1] (0.00ns)   --->   "%sext_ln23_2 = sext i16 %weight_out_sum_delta_out_1" [../error_pe.cpp:23->../array.cpp:47]   --->   Operation 128 'sext' 'sext_ln23_2' <Predicate = (!icmp_ln19_1 & !cmp_i_i)> <Delay = 0.00>
ST_4 : Operation 129 [1/1] (2.91ns)   --->   "%mul_ln23_1 = mul i26 %sext_ln23_2, i26 409" [../error_pe.cpp:23->../array.cpp:47]   --->   Operation 129 'mul' 'mul_ln23_1' <Predicate = (!icmp_ln19_1 & !cmp_i_i)> <Delay = 2.91> <CoreInst = "Multiplier">   --->   Core 3 'Multiplier' <Latency = 0> <II = 1> <Delay = 2.91> <FuncUnit> <Opcode : 'mul'> <InPorts = 2> <OutPorts = 1>
ST_4 : Operation 130 [1/1] (0.00ns) (grouped into LUT with out node agg_result_delta_kmin1_1_0)   --->   "%error_2 = partselect i14 @_ssdm_op_PartSelect.i14.i26.i32.i32, i26 %mul_ln23_1, i32 12, i32 25" [../error_pe.cpp:23->../array.cpp:47]   --->   Operation 130 'partselect' 'error_2' <Predicate = (!icmp_ln19_1 & !cmp_i_i)> <Delay = 0.00>
ST_4 : Operation 131 [1/1] (0.00ns) (grouped into LUT with out node agg_result_delta_kmin1_1_0)   --->   "%sext_ln23_3 = sext i14 %error_2" [../error_pe.cpp:23->../array.cpp:47]   --->   Operation 131 'sext' 'sext_ln23_3' <Predicate = (!icmp_ln19_1 & !cmp_i_i)> <Delay = 0.00>
ST_4 : Operation 132 [1/1] (0.00ns) (grouped into LUT with out node agg_result_delta_kmin1_1_0)   --->   "%error_3 = select i1 %icmp_ln19_1, i16 %weight_out_sum_delta_out_1, i16 %sext_ln23_3" [../error_pe.cpp:19->../array.cpp:47]   --->   Operation 132 'select' 'error_3' <Predicate = (!cmp_i_i)> <Delay = 0.00> <CoreInst = "Sel">   --->   Core 73 'Sel' <Latency = 0> <II = 1> <Delay = 0.42> <FuncUnit> <Opcode : 'select'> <InPorts = 3> <OutPorts = 1>
ST_4 : Operation 133 [1/1] (0.42ns) (out node of the LUT)   --->   "%agg_result_delta_kmin1_0_0 = select i1 %cmp_i_i, i16 0, i16 %error_1" [../weight_pe.cpp:12->../array.cpp:29]   --->   Operation 133 'select' 'agg_result_delta_kmin1_0_0' <Predicate = true> <Delay = 0.42> <CoreInst = "Sel">   --->   Core 73 'Sel' <Latency = 0> <II = 1> <Delay = 0.42> <FuncUnit> <Opcode : 'select'> <InPorts = 3> <OutPorts = 1>
ST_4 : Operation 134 [1/1] (0.42ns) (out node of the LUT)   --->   "%agg_result_delta_kmin1_1_0 = select i1 %cmp_i_i, i16 0, i16 %error_3" [../weight_pe.cpp:12->../array.cpp:29]   --->   Operation 134 'select' 'agg_result_delta_kmin1_1_0' <Predicate = true> <Delay = 0.42> <CoreInst = "Sel">   --->   Core 73 'Sel' <Latency = 0> <II = 1> <Delay = 0.42> <FuncUnit> <Opcode : 'select'> <InPorts = 3> <OutPorts = 1>
ST_4 : Operation 135 [1/1] (0.00ns)   --->   "%mrv = insertvalue i160 <undef>, i16 %output_4" [../array.cpp:51]   --->   Operation 135 'insertvalue' 'mrv' <Predicate = true> <Delay = 0.00>
ST_4 : Operation 136 [1/1] (0.00ns)   --->   "%mrv_1 = insertvalue i160 %mrv, i16 %output_3" [../array.cpp:51]   --->   Operation 136 'insertvalue' 'mrv_1' <Predicate = true> <Delay = 0.00>
ST_4 : Operation 137 [1/1] (0.00ns)   --->   "%mrv_2 = insertvalue i160 %mrv_1, i16 %agg_result_delta_kmin1_0_0" [../array.cpp:51]   --->   Operation 137 'insertvalue' 'mrv_2' <Predicate = true> <Delay = 0.00>
ST_4 : Operation 138 [1/1] (0.00ns)   --->   "%mrv_3 = insertvalue i160 %mrv_2, i16 %agg_result_delta_kmin1_1_0" [../array.cpp:51]   --->   Operation 138 'insertvalue' 'mrv_3' <Predicate = true> <Delay = 0.00>
ST_4 : Operation 139 [1/1] (0.00ns)   --->   "%mrv_4 = insertvalue i160 %mrv_3, i16 %weight_out_weight_change" [../array.cpp:51]   --->   Operation 139 'insertvalue' 'mrv_4' <Predicate = true> <Delay = 0.00>
ST_4 : Operation 140 [1/1] (0.00ns)   --->   "%mrv_5 = insertvalue i160 %mrv_4, i16 %weight_out_weight_change_1" [../array.cpp:51]   --->   Operation 140 'insertvalue' 'mrv_5' <Predicate = true> <Delay = 0.00>
ST_4 : Operation 141 [1/1] (0.00ns)   --->   "%mrv_6 = insertvalue i160 %mrv_5, i16 %weight_out_weight_change_2" [../array.cpp:51]   --->   Operation 141 'insertvalue' 'mrv_6' <Predicate = true> <Delay = 0.00>
ST_4 : Operation 142 [1/1] (0.00ns)   --->   "%mrv_7 = insertvalue i160 %mrv_6, i16 %weight_out_weight_change_3" [../array.cpp:51]   --->   Operation 142 'insertvalue' 'mrv_7' <Predicate = true> <Delay = 0.00>
ST_4 : Operation 143 [1/1] (0.00ns)   --->   "%mrv_8 = insertvalue i160 %mrv_7, i16 %bias_out_bias_change" [../array.cpp:51]   --->   Operation 143 'insertvalue' 'mrv_8' <Predicate = true> <Delay = 0.00>
ST_4 : Operation 144 [1/1] (0.00ns)   --->   "%mrv_9 = insertvalue i160 %mrv_8, i16 %bias_out_bias_change_1" [../array.cpp:51]   --->   Operation 144 'insertvalue' 'mrv_9' <Predicate = true> <Delay = 0.00>
ST_4 : Operation 145 [1/1] (0.00ns)   --->   "%ret_ln51 = ret i160 %mrv_9" [../array.cpp:51]   --->   Operation 145 'ret' 'ret_ln51' <Predicate = true> <Delay = 0.00>


============================================================
+ Verbose Summary: Timing violations
============================================================
Target clock period: 10.000ns, clock uncertainty: 2.000ns.

 <State 1>: 2.910ns
The critical path consists of the following:
	wire read operation ('delta_k_0_0_val_read', ../weight_pe.cpp:12->../array.cpp:29) on port 'delta_k_0_0_val' (../weight_pe.cpp:12->../array.cpp:29) [14]  (0.000 ns)
	'mul' operation 32 bit ('mul_ln14', ../weight_pe.cpp:14->../array.cpp:29) [31]  (2.910 ns)

 <State 2>: 5.114ns
The critical path consists of the following:
	'mul' operation 40 bit ('mul_ln14_1', ../weight_pe.cpp:14->../array.cpp:29) [34]  (3.880 ns)
	'add' operation 40 bit ('add_ln14', ../weight_pe.cpp:14->../array.cpp:29) [35]  (1.234 ns)

 <State 3>: 0.831ns
The critical path consists of the following:
	'mul' operation 26 bit of DSP[45] ('mul_ln14_3', ../bias_pe.cpp:14->../array.cpp:37) [42]  (0.000 ns)
	'sub' operation 28 bit of DSP[45] ('sub_ln14', ../bias_pe.cpp:14->../array.cpp:37) [45]  (0.831 ns)

 <State 4>: 5.177ns
The critical path consists of the following:
	'add' operation 28 bit of DSP[57] ('add_ln13', ../weight_pe.cpp:13->../array.cpp:29) [57]  (0.831 ns)
	'add' operation 16 bit ('bias_out_net_sum', ../bias_pe.cpp:13->../array.cpp:37) [63]  (1.016 ns)
	'mul' operation 26 bit ('mul_ln22', ../act_pe.cpp:22->../array.cpp:39) [66]  (2.910 ns)
	'select' operation 16 bit ('output_4', ../act_pe.cpp:18->../array.cpp:39) [69]  (0.420 ns)


============================================================
+ Verbose Summary: Binding
============================================================
N/A
* FSMD analyzer results:
  - Output states:
 - Input state : 
  - Chain level:
	State 1
	State 2
	State 3
	State 4


============================================================
+ Verbose Summary: Datapath Resource usage 
============================================================
N/A
