# 
# Steps log generated by v++
# This log file contains a collection of steps that describe the kernel compilation flow
# Note: Some steps are tagged as internal, these steps are for debugging purposes and 
#       are not expected to be able to run independently.
# 

# The following environment variables are set when running vitis-run
Environment variables :
------------------------------------------
ALLUSERSPROFILE=C:\ProgramData
APPDATA=C:\Users\GIM\AppData\Roaming
arr.length=0
arr.Ubound=-1
CHARPOP=1
CMAKE_OBJECT_PATH_MAX=4096
CommonProgramFiles=C:\Program Files\Common Files
CommonProgramFiles(x86)=C:\Program Files (x86)\Common Files
CommonProgramW6432=C:\Program Files\Common Files
COMPUTERNAME=GIM_LAPTOP_1
ComSpec=C:\Windows\system32\cmd.exe
DriverData=C:\Windows\System32\Drivers\DriverData
EFC_3424=1
FPS_BROWSER_APP_PROFILE_STRING=Internet Explorer
FPS_BROWSER_USER_PROFILE_STRING=Default
HDI_APPROOT=C:/Xilinx/Vitis/2024.1
HDI_PROCESSOR=i686
HOMEDRIVE=C:
HOMEPATH=\Users\GIM
HW_SERVER_DJTG_DISABLE=1
HW_SERVER_FTDIMGR_DISABLE=1
IDE_SKIP_SERVER_LICENSE=1
INT_VARIABLE_NAME=XILINX_PATH
ISL_IOSTREAMS_RSA=C:/Xilinx/Vitis/2024.1/tps/isl
JAVA_EXE=C:/Xilinx\Vitis\2024.1\tps\win64\jre11.0.16_1\bin\java.exe
JAVA_HOME=C:/Xilinx\Vitis\2024.1\tps\win64\jre11.0.16_1
LC_NUMERIC=C
LOCALAPPDATA=C:\Users\GIM\AppData\Local
LOGONSERVER=\\GIM_LAPTOP_1
LOPPER_DTC_FLAGS=-b 0 -@
NOSPLASH=false
NUMBER_OF_PROCESSORS=4
OneDrive=C:\Users\GIM\OneDrive
ORIGINAL_XDG_CURRENT_DESKTOP=undefined
OS=Windows_NT
PATH=C:/Xilinx/Vivado/2024.1/tps/win64/binutils-2.26/bin;C:/Xilinx/Vitis/2024.1/bin/../gnu/aarch64/nt/aarch64-linux/bin;C:/Xilinx/Vitis/2024.1/bin/../gnu/ppc64le/4.9.3/win64/bin;C:/Xilinx/Vitis/2024.1/bin/../gnu/aarch32/nt/gcc-arm-linux-gnueabi/bin;C:/Xilinx\Vitis_HLS\2024.1/tps/mingw/6.2.0/win64.o/nt/bin;C:/Xilinx/Vivado/2024.1\gnuwin\bin;C:/Xilinx/Vivado/2024.1\gnu\microblaze\nt\bin;C:/Xilinx/Vitis/2024.1/bin;C:/Xilinx/Vitis/2024.1/tps/win64/java-cef-95.0.4638.69/bin/lib/win64;C:/Xilinx/Vitis/2024.1/tps/win64/javafx-sdk-11.0.2/lib;C:/Xilinx/Vitis/2024.1/tps/win64/javafx-sdk-11.0.2/bin;C:/Xilinx/Vitis/2024.1/lib/win64.o;C:/Xilinx/Vitis/2024.1/tps/win64/jre11.0.16_1/bin/server;C:/Xilinx/Vitis/2024.1/tps/win64/jre11.0.16_1/bin;C:\Xilinx\Vitis\2024.1\tps\win64\LOPPER~1.0-P\min_sdk\\usr\bin;C:/Xilinx\Vitis\2024.1\tps\win64\cmake-3.24.2\bin;C:/Xilinx\Vitis\2024.1\gnu\microblaze\nt\bin;C:/Xilinx\Vitis\2024.1\gnu\microblaze\linux_toolchain\nt64_le\bin;C:/Xilinx\Vitis\2024.1\gnu\aarch32\nt\gcc-arm-linux-gnueabi\bin;C:/Xilinx\Vitis\2024.1\gnu\aarch32\nt\gcc-arm-none-eabi\bin;C:/Xilinx\Vitis\2024.1\gnu\aarch64\nt\aarch64-linux\bin;C:/Xilinx\Vitis\2024.1\gnu\aarch64\nt\aarch64-none\bin;C:/Xilinx\Vitis\2024.1\gnu\armr5\nt\gcc-arm-none-eabi\bin;C:/Xilinx\Vitis\2024.1\gnuwin\bin;C:/Xilinx\Vitis\2024.1\tps\win64\python-3.8.3;C:/Xilinx\Vitis\2024.1\tps\win64\libxslt\bin;C:/Xilinx/Vivado/2024.1\bin;C:/Xilinx/Vitis/2024.1\gnu\arm\nt\bin;C:/Xilinx/Vitis/2024.1\gnu\microblaze\linux_toolchain\nt64_be\bin;C:/Xilinx/Vitis/2024.1\gnu\riscv\nt\riscv64-unknown-elf\bin;C:/Xilinx/Vitis/2024.1\tps\win64\git-2.16.2\bin;C:/Xilinx/Vitis/2024.1\win64\tools\clang\bin;C:/Xilinx\Vitis_HLS\2024.1\lib\win64.o;C:/Xilinx\Vitis_HLS\2024.1\bin;C:/Xilinx/Vivado/2024.1  /bin;/bin;C:\Windows\system32;C:\Windows;C:\Windows\System32\Wbem;C:\Windows\System32\WindowsPowerShell\v1.0\;C:\Windows\System32\OpenSSH\;C:\Program Files\PuTTY\;C:\Program Files\Git\cmd;C:\Users\GIM\AppData\Local\Microsoft\WindowsApps;C:\Users\GIM\AppData\Local\Programs\Microsoft VS Code\bin;C:/Xilinx/Vitis/2024.1\tps\mingw\6.2.0\win64.o\nt\bin;C:/Xilinx/Vitis/2024.1\tps\mingw\6.2.0\win64.o\nt\libexec\gcc\x86_64-w64-mingw32\6.2.0
PATHEXT=.COM;.EXE;.BAT;.CMD;.VBS;.VBE;.JS;.JSE;.WSF;.WSH;.MSC
PROCESSOR_ARCHITECTURE=AMD64
PROCESSOR_IDENTIFIER=AMD64 Family 23 Model 24 Stepping 1, AuthenticAMD
PROCESSOR_LEVEL=23
PROCESSOR_REVISION=1801
PRODVERSION_EXE=C:/Xilinx/Vitis/2024.1/bin/unwrapped/win64.o/prodversion.exe
ProgramData=C:\ProgramData
ProgramFiles=C:\Program Files
ProgramFiles(x86)=C:\Program Files (x86)
ProgramW6432=C:\Program Files
PROMPT=$P$G
PSModulePath=C:\Program Files\WindowsPowerShell\Modules;C:\Windows\system32\WindowsPowerShell\v1.0\Modules
PUBLIC=C:\Users\Public
PYTHONPATH=;C:/Xilinx/Vitis/2024.1\cli;C:/Xilinx/Vitis/2024.1\cli\python-packages\win64;C:/Xilinx/Vitis/2024.1\cli\python-packages\site-packages;C:/Xilinx/Vitis/2024.1\cli\proto;C:/Xilinx/Vitis/2024.1\scripts\python_pkg;
python_path=;C:/Xilinx/Vitis/2024.1\cli;C:/Xilinx/Vitis/2024.1\cli\python-packages\win64;C:/Xilinx/Vitis/2024.1\cli\python-packages\site-packages;C:/Xilinx/Vitis/2024.1\cli\proto;C:/Xilinx/Vitis/2024.1\scripts\python_pkg;
RDI_APPROOT=C:/Xilinx/Vitis/2024.1
RDI_ARGS= --mode hls --csim --config C:\GIM_XOR\GIM-2024-2025\zhongqi_files\hls_component\hls_config.cfg --work_dir accelerator
RDI_ARGS_FUNCTION=RDI_EXEC_DEFAULT
RDI_BASEROOT=C:/Xilinx/Vitis
RDI_BINDIR=C:/Xilinx/Vitis/2024.1/bin
RDI_BINROOT=C:/Xilinx/Vitis/2024.1/bin
RDI_BUILD=yes
RDI_CHECK_PROG=True
RDI_DATADIR=C:/Xilinx/SharedData/2024.1/data;C:/Xilinx/Vitis/2024.1/data
RDI_INSTALLROOT=C:/Xilinx
RDI_INSTALLVER=2024.1
RDI_INSTALLVERSION=2024.1
RDI_JAVACEFROOT=C:/Xilinx/Vitis/2024.1/tps/win64/java-cef-95.0.4638.69
RDI_JAVAFXROOT=C:/Xilinx/Vitis/2024.1/tps/win64/javafx-sdk-11.0.2
RDI_JAVAROOT=C:/Xilinx/Vitis/2024.1/tps/win64/jre11.0.16_1
RDI_JAVA_VERSION=11.0.16_1
RDI_LIBDIR=C:/Xilinx/Vitis/2024.1/lib/win64.o
RDI_MINGW_LIB=C:/Xilinx/Vitis/2024.1\tps\mingw\6.2.0\win64.o\nt\bin;C:/Xilinx/Vitis/2024.1\tps\mingw\6.2.0\win64.o\nt\libexec\gcc\x86_64-w64-mingw32\6.2.0
RDI_OPT_EXT=.o
RDI_OS_ARCH=64
RDI_PLATFORM=win64
RDI_PREPEND_PATH=C:/Xilinx/Vitis/2024.1/bin
RDI_PROG=C:/Xilinx/Vitis/2024.1/bin/unwrapped/win64.o/vitis-run.exe
RDI_PROGNAME=vitis-run.exe
RDI_SESSION_INFO=C:\Xilinx\Vitis\2024.1\bin:GIM_LAPTOP_1-Sat11-30-2024_20-46-38.13
RDI_SHARED_DATA=C:/Xilinx/SharedData/2024.1/data
RDI_TPS_ROOT=C:/Xilinx/Vivado/2024.1/tps/win64
RDI_USE_JDK11=1
RDI_VERBOSE=False
RT_LIBPATH=C:/Xilinx/Vitis/2024.1/scripts/rt/data
RT_TCL_PATH=C:/Xilinx/Vitis/2024.1/scripts/rt/base_tcl/tcl
SDKROOT=C:\Xilinx\Vitis\2024.1\tps\win64\LOPPER~1.0-P\min_sdk\
SESSIONNAME=Console
session_string=C:\GIM_XOR\GIM-2024-2025\zhongqi_files\hls_component:GIM_LAPTOP_1-Sat11-30-2024_21-15-46.22
SHARED_DATA_HOME="C:/Xilinx/SharedData/2024.1"
SWIG_LIB=C:\Xilinx\Vitis\2024.1\tps\win64\LOPPER~1.0-P\min_sdk\\usr\lib\swig\4.0.2
SYNTH_COMMON=C:/Xilinx/Vitis/2024.1/scripts/rt/data
SystemDrive=C:
SystemRoot=C:\Windows
TCL_LIBRARY=C:/Xilinx/Vitis/2024.1/tps/tcl/tcl8.6
TCMALLOC_LARGE_ALLOC_REPORT_THRESHOLD=4294967296
TEMP=C:\Users\GIM\AppData\Local\Temp
THEIA_APP_PROJECT_PATH=C:\Xilinx\Vitis\2024.1\ide\electron-app\win64\resources\app
THEIA_DEFAULT_PLUGINS=local-dir:C:\Xilinx\Vitis\2024.1\ide\electron-app\win64\resources\app\plugins
THEIA_ELECTRON_TOKEN={"value":"2fb5e7ae-43a5-4ba6-8901-9ad0b6ffd03b"}
THEIA_ELECTRON_VERSION=15.5.7
THEIA_PLUGINS=local-dir:C:\Users\GIM\.theia\plugins
TMP=C:\Users\GIM\AppData\Local\Temp
USERDOMAIN=GIM_Laptop_1
USERDOMAIN_ROAMINGPROFILE=GIM_Laptop_1
USERNAME=GIM
USERPROFILE=C:\Users\GIM
VITISNEW=true
VSCODE_API_VERSION=1.53.2
windir=C:\Windows
XILINX_HLS=C:/Xilinx\Vitis_HLS\2024.1
XILINX_PLANAHEAD=C:/Xilinx/Vitis/2024.1
XILINX_SDK=C:/Xilinx/Vitis/2024.1
XILINX_VERSION_DEFAULT=2024.1
XILINX_VERSION_VITIS=2024.1
XILINX_VITIS=C:/Xilinx\Vitis\2024.1
XILINX_VITIS_VERSION=Vitis v2024.1 (64-bit)
XILINX_VIVADO=C:/Xilinx/Vivado/2024.1
XILINX_VIVADO_HLS=C:/Xilinx/Vivado/2024.1
XIL_CHECK_TCL_DEBUG=False
XIL_NO_OVERRIDE=0
XIL_SUPPRESS_OVERRIDE_WARNINGS=1
XVREDIST=C:/Xilinx/Vitis/2024.1\tps\win64\xvcredist.exe
_RDI_BINROOT=C:\Xilinx\Vitis\2024.1\bin
_RDI_CWD=C:\GIM_XOR\GIM-2024-2025\zhongqi_files\hls_component
_RDI_DONT_SET_XILINX_AS_PATH=True
_RDI_VERSION_PROG=vitis-run
_valid=False
XILINX_CD_CONNECT_ID=55689
XILINX_CD_SESSION=67aabfda-b898-4082-a638-83500d715552


VITIS-RUN command line:
------------------------------------------
C:/Xilinx/Vitis/2024.1/bin/unwrapped/win64.o/vitis-run.exe --mode hls --csim --config C:\GIM_XOR\GIM-2024-2025\zhongqi_files\hls_component\hls_config.cfg --work_dir accelerator 

FINAL PROGRAM OPTIONS
--config C:\GIM_XOR\GIM-2024-2025\zhongqi_files\hls_component\hls_config.cfg
--csim
--hls.clock 10ns
--hls.clock_uncertainty 2ns
--hls.flow_target vivado
--hls.package.output.format ip_catalog
--hls.package.output.syn false
--hls.syn.file C:/GIM_XOR/GIM-2024-2025/zhongqi_files/act_pe.cpp
--hls.syn.file C:/GIM_XOR/GIM-2024-2025/zhongqi_files/array.cpp
--hls.syn.file C:/GIM_XOR/GIM-2024-2025/zhongqi_files/bias_pe.cpp
--hls.syn.file C:/GIM_XOR/GIM-2024-2025/zhongqi_files/csv_import.cpp
--hls.syn.file C:/GIM_XOR/GIM-2024-2025/zhongqi_files/error_pe.cpp
--hls.syn.file C:/GIM_XOR/GIM-2024-2025/zhongqi_files/accelerator.cpp
--hls.syn.file C:/GIM_XOR/GIM-2024-2025/zhongqi_files/weight_pe.cpp
--hls.syn.top accelerator
--hls.tb.file C:/GIM_XOR/GIM-2024-2025/zhongqi_files/main.cpp
--mode hls
--part xczu3eg-sfvc784-1-e
--work_dir accelerator

PARSED COMMAND LINE OPTIONS
--mode hls 
--csim 
--config C:\GIM_XOR\GIM-2024-2025\zhongqi_files\hls_component\hls_config.cfg 
--work_dir accelerator 

PARSED CONFIG FILE (1) OPTIONS
file: C:\GIM_XOR\GIM-2024-2025\zhongqi_files\hls_component\hls_config.cfg
part xczu3eg-sfvc784-1-e 
hls.flow_target vivado 
hls.package.output.format ip_catalog 
hls.package.output.syn false 
hls.syn.top accelerator 
hls.syn.file C:/GIM_XOR/GIM-2024-2025/zhongqi_files/act_pe.cpp 
hls.syn.file C:/GIM_XOR/GIM-2024-2025/zhongqi_files/array.cpp 
hls.syn.file C:/GIM_XOR/GIM-2024-2025/zhongqi_files/bias_pe.cpp 
hls.syn.file C:/GIM_XOR/GIM-2024-2025/zhongqi_files/csv_import.cpp 
hls.syn.file C:/GIM_XOR/GIM-2024-2025/zhongqi_files/error_pe.cpp 
hls.syn.file C:/GIM_XOR/GIM-2024-2025/zhongqi_files/accelerator.cpp 
hls.syn.file C:/GIM_XOR/GIM-2024-2025/zhongqi_files/weight_pe.cpp 
hls.tb.file C:/GIM_XOR/GIM-2024-2025/zhongqi_files/main.cpp 
hls.clock 10ns 
hls.clock_uncertainty 2ns 


==========================================
new:  steps log generated by v++ for new launch 
timestamp: 30 Nov 2024 21:15:52
------------------------------------------
VITIS-RUN internal step: writing a config file for vitis_hls: C:/GIM_XOR/GIM-2024-2025/zhongqi_files/hls_component/accelerator/hls/config.cmdline
timestamp: 30 Nov 2024 21:15:52
VITIS-RUN internal step status: success
------------------------------------------
VITIS-RUN internal step: running vitis_hls
timestamp: 30 Nov 2024 21:15:52
working dir: C:/GIM_XOR/GIM-2024-2025/zhongqi_files/hls_component
cmd: vitis_hls -nolog -run csim -work_dir C:/GIM_XOR/GIM-2024-2025/zhongqi_files/hls_component/accelerator -config C:/GIM_XOR/GIM-2024-2025/zhongqi_files/hls_component/hls_config.cfg -cmdlineconfig C:/GIM_XOR/GIM-2024-2025/zhongqi_files/hls_component/accelerator/hls/config.cmdline
VITIS-RUN internal step status: fail

------------------------------------------
VITIS-RUN command line :
------------------------------------------
C:/Xilinx/Vitis/2024.1/bin/unwrapped/win64.o/vitis-run.exe --mode hls --csim --config C:\GIM_XOR\GIM-2024-2025\zhongqi_files\hls_component\hls_config.cfg --work_dir accelerator 
  Options from -O    : 
  Options from *.ini : 
  Options from Hw Platform : 

==========================================
new:  steps log generated by v++ for new launch 
timestamp: 30 Nov 2024 21:25:38
------------------------------------------
VITIS-RUN internal step: writing a config file for vitis_hls: C:/GIM_XOR/GIM-2024-2025/zhongqi_files/hls_component/accelerator/hls/config.cmdline
timestamp: 30 Nov 2024 21:25:38
VITIS-RUN internal step status: success
------------------------------------------
VITIS-RUN internal step: running vitis_hls
timestamp: 30 Nov 2024 21:25:38
working dir: C:/GIM_XOR/GIM-2024-2025/zhongqi_files/hls_component
cmd: vitis_hls -nolog -run csim -work_dir C:/GIM_XOR/GIM-2024-2025/zhongqi_files/hls_component/accelerator -config C:/GIM_XOR/GIM-2024-2025/zhongqi_files/hls_component/hls_config.cfg -cmdlineconfig C:/GIM_XOR/GIM-2024-2025/zhongqi_files/hls_component/accelerator/hls/config.cmdline
VITIS-RUN internal step status: success

------------------------------------------
VITIS-RUN command line :
------------------------------------------
C:/Xilinx/Vitis/2024.1/bin/unwrapped/win64.o/vitis-run.exe --mode hls --csim --config C:\GIM_XOR\GIM-2024-2025\zhongqi_files\hls_component\hls_config.cfg --work_dir accelerator 
  Options from -O    : 
  Options from *.ini : 
  Options from Hw Platform : 

==========================================
new:  steps log generated by v++ for new launch 
timestamp: 30 Nov 2024 21:26:58
------------------------------------------
VITIS-RUN internal step: writing a config file for vitis_hls: C:/GIM_XOR/GIM-2024-2025/zhongqi_files/hls_component/accelerator/hls/config.cmdline
timestamp: 30 Nov 2024 21:26:58
VITIS-RUN internal step status: success
------------------------------------------
VITIS-RUN internal step: running vitis_hls
timestamp: 30 Nov 2024 21:26:58
working dir: C:/GIM_XOR/GIM-2024-2025/zhongqi_files/hls_component
cmd: vitis_hls -nolog -run csim -work_dir C:/GIM_XOR/GIM-2024-2025/zhongqi_files/hls_component/accelerator -config C:/GIM_XOR/GIM-2024-2025/zhongqi_files/hls_component/hls_config.cfg -cmdlineconfig C:/GIM_XOR/GIM-2024-2025/zhongqi_files/hls_component/accelerator/hls/config.cmdline
VITIS-RUN internal step status: success

------------------------------------------
V++ command line :
------------------------------------------
C:/Xilinx/Vitis/2024.1/bin/unwrapped/win64.o/v++.exe -c --mode hls --config C:\GIM_XOR\GIM-2024-2025\zhongqi_files\hls_component\hls_config.cfg --work_dir accelerator 
  Options from -O    : 
  Options from *.ini : 
  Options from Hw Platform : 

==========================================
new:  steps log generated by v++ for new launch 
timestamp: 30 Nov 2024 21:27:28
------------------------------------------
V++ internal step: writing a config file for vitis_hls: C:/GIM_XOR/GIM-2024-2025/zhongqi_files/hls_component/accelerator/hls/config.cmdline
timestamp: 30 Nov 2024 21:27:28
V++ internal step status: success
------------------------------------------
V++ internal step: running vitis_hls
timestamp: 30 Nov 2024 21:27:28
working dir: C:/GIM_XOR/GIM-2024-2025/zhongqi_files/hls_component
cmd: vitis_hls -nolog -run csynth -work_dir C:/GIM_XOR/GIM-2024-2025/zhongqi_files/hls_component/accelerator -config C:/GIM_XOR/GIM-2024-2025/zhongqi_files/hls_component/hls_config.cfg -cmdlineconfig C:/GIM_XOR/GIM-2024-2025/zhongqi_files/hls_component/accelerator/hls/config.cmdline
