INFO: [v++ 60-1548] Creating build summary session with primary output C:/GIM_XOR/GIM-2024-2025/zhongqi_files/hls_component/accelerator\accelerator.hlscompile_summary, at 11/30/24 21:27:28
INFO: [v++ 82-31] Launching vitis_hls: vitis_hls -nolog -run csynth -work_dir C:/GIM_XOR/GIM-2024-2025/zhongqi_files/hls_component/accelerator -config C:/GIM_XOR/GIM-2024-2025/zhongqi_files/hls_component/hls_config.cfg -cmdlineconfig C:/GIM_XOR/GIM-2024-2025/zhongqi_files/hls_component/accelerator/hls/config.cmdline

****** Vitis HLS - High-Level Synthesis from C, C++ and OpenCL v2024.1 (64-bit)
  **** SW Build 5069499 on May 21 2024
  **** IP Build 5075265 on Wed May 22 21:45:21 MDT 2024
  **** SharedData Build 5076995 on Wed May 22 18:29:18 MDT 2024
  **** Start of session at: Sat Nov 30 21:27:32 2024
    ** Copyright 1986-2022 Xilinx, Inc. All Rights Reserved.
    ** Copyright 2022-2024 Advanced Micro Devices, Inc. All Rights Reserved.

source C:/Xilinx/Vitis_HLS/2024.1/scripts/vitis_hls/hls.tcl -notrace
INFO: [HLS 200-10] For user 'GIM' on host 'gim_laptop_1' (Windows NT_amd64 version 10.0) on Sat Nov 30 21:27:35 -0600 2024
INFO: [HLS 200-10] In directory 'C:/GIM_XOR/GIM-2024-2025/zhongqi_files/hls_component'
INFO: [HLS 200-2005] Using work_dir C:/GIM_XOR/GIM-2024-2025/zhongqi_files/hls_component/accelerator 
INFO: [HLS 200-1505] Using default flow_target 'vivado'
Resolution: For help on HLS 200-1505 see docs.xilinx.com/access/sources/dita/topic?Doc_Version=2024.1%20English&url=ug1448-hls-guidance&resourceid=200-1505.html
INFO: [HLS 200-1465] Applying ini 'syn.file=C:/GIM_XOR/GIM-2024-2025/zhongqi_files/act_pe.cpp' from C:/GIM_XOR/GIM-2024-2025/zhongqi_files/hls_component/hls_config.cfg(11)
INFO: [HLS 200-10] Adding design file 'C:/GIM_XOR/GIM-2024-2025/zhongqi_files/act_pe.cpp' to the project
INFO: [HLS 200-1465] Applying ini 'syn.file=C:/GIM_XOR/GIM-2024-2025/zhongqi_files/array.cpp' from C:/GIM_XOR/GIM-2024-2025/zhongqi_files/hls_component/hls_config.cfg(12)
INFO: [HLS 200-10] Adding design file 'C:/GIM_XOR/GIM-2024-2025/zhongqi_files/array.cpp' to the project
INFO: [HLS 200-1465] Applying ini 'syn.file=C:/GIM_XOR/GIM-2024-2025/zhongqi_files/bias_pe.cpp' from C:/GIM_XOR/GIM-2024-2025/zhongqi_files/hls_component/hls_config.cfg(13)
INFO: [HLS 200-10] Adding design file 'C:/GIM_XOR/GIM-2024-2025/zhongqi_files/bias_pe.cpp' to the project
INFO: [HLS 200-1465] Applying ini 'syn.file=C:/GIM_XOR/GIM-2024-2025/zhongqi_files/error_pe.cpp' from C:/GIM_XOR/GIM-2024-2025/zhongqi_files/hls_component/hls_config.cfg(14)
INFO: [HLS 200-10] Adding design file 'C:/GIM_XOR/GIM-2024-2025/zhongqi_files/error_pe.cpp' to the project
INFO: [HLS 200-1465] Applying ini 'syn.file=C:/GIM_XOR/GIM-2024-2025/zhongqi_files/accelerator.cpp' from C:/GIM_XOR/GIM-2024-2025/zhongqi_files/hls_component/hls_config.cfg(15)
INFO: [HLS 200-10] Adding design file 'C:/GIM_XOR/GIM-2024-2025/zhongqi_files/accelerator.cpp' to the project
INFO: [HLS 200-1465] Applying ini 'syn.file=C:/GIM_XOR/GIM-2024-2025/zhongqi_files/weight_pe.cpp' from C:/GIM_XOR/GIM-2024-2025/zhongqi_files/hls_component/hls_config.cfg(16)
INFO: [HLS 200-10] Adding design file 'C:/GIM_XOR/GIM-2024-2025/zhongqi_files/weight_pe.cpp' to the project
INFO: [HLS 200-1465] Applying ini 'tb.file=C:/GIM_XOR/GIM-2024-2025/zhongqi_files/main.cpp' from C:/GIM_XOR/GIM-2024-2025/zhongqi_files/hls_component/hls_config.cfg(8)
INFO: [HLS 200-10] Adding test bench file 'C:/GIM_XOR/GIM-2024-2025/zhongqi_files/main.cpp' to the project
INFO: [HLS 200-1465] Applying ini 'syn.top=accelerator' from C:/GIM_XOR/GIM-2024-2025/zhongqi_files/hls_component/hls_config.cfg(7)
INFO: [HLS 200-1465] Applying ini 'flow_target=vivado' from C:/GIM_XOR/GIM-2024-2025/zhongqi_files/hls_component/hls_config.cfg(4)
INFO: [HLS 200-1505] Using flow_target 'vivado'
Resolution: For help on HLS 200-1505 see docs.xilinx.com/access/sources/dita/topic?Doc_Version=2024.1%20English&url=ug1448-hls-guidance&resourceid=200-1505.html
INFO: [HLS 200-1465] Applying ini 'part=xczu3eg-sfvc784-1-e' from C:/GIM_XOR/GIM-2024-2025/zhongqi_files/hls_component/hls_config.cfg(1)
INFO: [HLS 200-1611] Setting target device to 'xczu3eg-sfvc784-1-e'
INFO: [HLS 200-1465] Applying ini 'clock=10ns' from C:/GIM_XOR/GIM-2024-2025/zhongqi_files/hls_component/hls_config.cfg(9)
INFO: [SYN 201-201] Setting up clock 'default' with a period of 10ns.
INFO: [HLS 200-1465] Applying ini 'clock_uncertainty=2ns' from C:/GIM_XOR/GIM-2024-2025/zhongqi_files/hls_component/hls_config.cfg(10)
INFO: [SYN 201-201] Setting up clock 'default' with an uncertainty of 2ns.
INFO: [HLS 200-1465] Applying ini 'package.output.format=ip_catalog' from C:/GIM_XOR/GIM-2024-2025/zhongqi_files/hls_component/hls_config.cfg(5)
INFO: [HLS 200-111] Finished File checks and directory preparation: CPU user time: 5 seconds. CPU system time: 1 seconds. Elapsed time: 8.883 seconds; current allocated memory: 230.371 MB.
INFO: [HLS 200-10] Analyzing design file '../weight_pe.cpp' ... 
WARNING: [HLS 207-5292] unused parameter 'training' (../weight_pe.cpp:7:28)
INFO: [HLS 200-10] Analyzing design file '../accelerator.cpp' ... 
INFO: [HLS 200-10] Analyzing design file '../error_pe.cpp' ... 
INFO: [HLS 200-10] Analyzing design file '../bias_pe.cpp' ... 
WARNING: [HLS 207-5292] unused parameter 'training' (../bias_pe.cpp:9:14)
INFO: [HLS 200-10] Analyzing design file '../array.cpp' ... 
INFO: [HLS 200-10] Analyzing design file '../act_pe.cpp' ... 
INFO: [HLS 200-111] Finished Source Code Analysis and Preprocessing: CPU user time: 1 seconds. CPU system time: 1 seconds. Elapsed time: 97.156 seconds; current allocated memory: 233.652 MB.
INFO: [HLS 200-777] Using interface defaults for 'Vivado' flow target.
INFO: [HLS 200-1995] There were 22,415 instructions in the design after the 'Compile/Link' phase of compilation. See the Design Size Report for more details: C:/GIM_XOR/GIM-2024-2025/zhongqi_files/hls_component/accelerator/hls/syn/report/csynth_design_size.rpt
INFO: [HLS 200-1995] There were 4,799 instructions in the design after the 'Unroll/Inline (step 1)' phase of compilation. See the Design Size Report for more details: C:/GIM_XOR/GIM-2024-2025/zhongqi_files/hls_component/accelerator/hls/syn/report/csynth_design_size.rpt
INFO: [HLS 200-1995] There were 1,876 instructions in the design after the 'Unroll/Inline (step 2)' phase of compilation. See the Design Size Report for more details: C:/GIM_XOR/GIM-2024-2025/zhongqi_files/hls_component/accelerator/hls/syn/report/csynth_design_size.rpt
INFO: [HLS 200-1995] There were 1,695 instructions in the design after the 'Unroll/Inline (step 3)' phase of compilation. See the Design Size Report for more details: C:/GIM_XOR/GIM-2024-2025/zhongqi_files/hls_component/accelerator/hls/syn/report/csynth_design_size.rpt
INFO: [HLS 200-1995] There were 1,229 instructions in the design after the 'Unroll/Inline (step 4)' phase of compilation. See the Design Size Report for more details: C:/GIM_XOR/GIM-2024-2025/zhongqi_files/hls_component/accelerator/hls/syn/report/csynth_design_size.rpt
INFO: [HLS 200-1995] There were 1,227 instructions in the design after the 'Array/Struct (step 1)' phase of compilation. See the Design Size Report for more details: C:/GIM_XOR/GIM-2024-2025/zhongqi_files/hls_component/accelerator/hls/syn/report/csynth_design_size.rpt
INFO: [HLS 200-1995] There were 1,227 instructions in the design after the 'Array/Struct (step 2)' phase of compilation. See the Design Size Report for more details: C:/GIM_XOR/GIM-2024-2025/zhongqi_files/hls_component/accelerator/hls/syn/report/csynth_design_size.rpt
INFO: [HLS 200-1995] There were 1,229 instructions in the design after the 'Array/Struct (step 3)' phase of compilation. See the Design Size Report for more details: C:/GIM_XOR/GIM-2024-2025/zhongqi_files/hls_component/accelerator/hls/syn/report/csynth_design_size.rpt
INFO: [HLS 200-1995] There were 1,231 instructions in the design after the 'Array/Struct (step 4)' phase of compilation. See the Design Size Report for more details: C:/GIM_XOR/GIM-2024-2025/zhongqi_files/hls_component/accelerator/hls/syn/report/csynth_design_size.rpt
INFO: [HLS 200-1995] There were 1,231 instructions in the design after the 'Array/Struct (step 5)' phase of compilation. See the Design Size Report for more details: C:/GIM_XOR/GIM-2024-2025/zhongqi_files/hls_component/accelerator/hls/syn/report/csynth_design_size.rpt
INFO: [HLS 200-1995] There were 1,182 instructions in the design after the 'Performance (step 1)' phase of compilation. See the Design Size Report for more details: C:/GIM_XOR/GIM-2024-2025/zhongqi_files/hls_component/accelerator/hls/syn/report/csynth_design_size.rpt
INFO: [HLS 200-1995] There were 1,102 instructions in the design after the 'Performance (step 2)' phase of compilation. See the Design Size Report for more details: C:/GIM_XOR/GIM-2024-2025/zhongqi_files/hls_component/accelerator/hls/syn/report/csynth_design_size.rpt
INFO: [HLS 200-1995] There were 1,198 instructions in the design after the 'Performance (step 3)' phase of compilation. See the Design Size Report for more details: C:/GIM_XOR/GIM-2024-2025/zhongqi_files/hls_component/accelerator/hls/syn/report/csynth_design_size.rpt
INFO: [HLS 200-1995] There were 1,076 instructions in the design after the 'Performance (step 4)' phase of compilation. See the Design Size Report for more details: C:/GIM_XOR/GIM-2024-2025/zhongqi_files/hls_component/accelerator/hls/syn/report/csynth_design_size.rpt
INFO: [HLS 200-1995] There were 1,084 instructions in the design after the 'HW Transforms (step 1)' phase of compilation. See the Design Size Report for more details: C:/GIM_XOR/GIM-2024-2025/zhongqi_files/hls_component/accelerator/hls/syn/report/csynth_design_size.rpt
INFO: [HLS 200-1995] There were 1,072 instructions in the design after the 'HW Transforms (step 2)' phase of compilation. See the Design Size Report for more details: C:/GIM_XOR/GIM-2024-2025/zhongqi_files/hls_component/accelerator/hls/syn/report/csynth_design_size.rpt
INFO: [HLS 214-291] Loop 'VITIS_LOOP_127_5' is marked as complete unroll implied by the pipeline pragma (../accelerator.cpp:127:31)
INFO: [HLS 214-291] Loop 'VITIS_LOOP_129_6' is marked as complete unroll implied by the pipeline pragma (../accelerator.cpp:129:35)
INFO: [HLS 214-291] Loop 'VITIS_LOOP_137_7' is marked as complete unroll implied by the pipeline pragma (../accelerator.cpp:137:31)
INFO: [HLS 214-291] Loop 'VITIS_LOOP_139_8' is marked as complete unroll implied by the pipeline pragma (../accelerator.cpp:139:35)
INFO: [HLS 214-291] Loop 'VITIS_LOOP_43_3' is marked as complete unroll implied by the pipeline pragma (../array.cpp:43:22)
INFO: [HLS 214-291] Loop 'VITIS_LOOP_20_1' is marked as complete unroll implied by the pipeline pragma (../array.cpp:20:22)
INFO: [HLS 214-291] Loop 'VITIS_LOOP_26_2' is marked as complete unroll implied by the pipeline pragma (../array.cpp:26:26)
INFO: [HLS 214-186] Unrolling loop 'VITIS_LOOP_127_5' (../accelerator.cpp:127:31) in function 'accelerator' completely with a factor of 2 (../accelerator.cpp:9:0)
INFO: [HLS 214-186] Unrolling loop 'VITIS_LOOP_129_6' (../accelerator.cpp:129:35) in function 'accelerator' completely with a factor of 2 (../accelerator.cpp:9:0)
INFO: [HLS 214-186] Unrolling loop 'VITIS_LOOP_137_7' (../accelerator.cpp:137:31) in function 'accelerator' completely with a factor of 2 (../accelerator.cpp:9:0)
INFO: [HLS 214-186] Unrolling loop 'VITIS_LOOP_139_8' (../accelerator.cpp:139:35) in function 'accelerator' completely with a factor of 2 (../accelerator.cpp:9:0)
INFO: [HLS 214-186] Unrolling loop 'VITIS_LOOP_43_3' (../array.cpp:43:22) in function 'model_array' completely with a factor of 2 (../array.cpp:8:0)
INFO: [HLS 214-186] Unrolling loop 'VITIS_LOOP_20_1' (../array.cpp:20:22) in function 'model_array' completely with a factor of 2 (../array.cpp:8:0)
INFO: [HLS 214-186] Unrolling loop 'VITIS_LOOP_26_2' (../array.cpp:26:26) in function 'model_array' completely with a factor of 2 (../array.cpp:8:0)
INFO: [HLS 214-178] Inlining function 'weights_pe(ap_fixed<16, 4, (ap_q_mode)5, (ap_o_mode)3, 0>, ap_fixed<16, 4, (ap_q_mode)5, (ap_o_mode)3, 0>, ap_fixed<16, 4, (ap_q_mode)5, (ap_o_mode)3, 0>, ap_fixed<16, 4, (ap_q_mode)5, (ap_o_mode)3, 0>, ap_fixed<16, 4, (ap_q_mode)5, (ap_o_mode)3, 0>, ap_fixed<16, 4, (ap_q_mode)5, (ap_o_mode)3, 0>, ap_fixed<16, 4, (ap_q_mode)5, (ap_o_mode)3, 0>)' into 'model_array(ap_fixed<16, 4, (ap_q_mode)5, (ap_o_mode)3, 0> (*) [2], ap_fixed<16, 4, (ap_q_mode)5, (ap_o_mode)3, 0>*, ap_fixed<16, 4, (ap_q_mode)5, (ap_o_mode)3, 0>*, ap_fixed<16, 4, (ap_q_mode)5, (ap_o_mode)3, 0>*, ap_fixed<16, 4, (ap_q_mode)5, (ap_o_mode)3, 0>, char, ap_fixed<16, 4, (ap_q_mode)5, (ap_o_mode)3, 0>, ap_fixed<16, 4, (ap_q_mode)5, (ap_o_mode)3, 0>)' (../array.cpp:8:0)
INFO: [HLS 214-178] Inlining function 'bias_pe(ap_fixed<16, 4, (ap_q_mode)5, (ap_o_mode)3, 0>, ap_fixed<16, 4, (ap_q_mode)5, (ap_o_mode)3, 0>, ap_fixed<16, 4, (ap_q_mode)5, (ap_o_mode)3, 0>, ap_fixed<16, 4, (ap_q_mode)5, (ap_o_mode)3, 0>, ap_fixed<16, 4, (ap_q_mode)5, (ap_o_mode)3, 0>)' into 'model_array(ap_fixed<16, 4, (ap_q_mode)5, (ap_o_mode)3, 0> (*) [2], ap_fixed<16, 4, (ap_q_mode)5, (ap_o_mode)3, 0>*, ap_fixed<16, 4, (ap_q_mode)5, (ap_o_mode)3, 0>*, ap_fixed<16, 4, (ap_q_mode)5, (ap_o_mode)3, 0>*, ap_fixed<16, 4, (ap_q_mode)5, (ap_o_mode)3, 0>, char, ap_fixed<16, 4, (ap_q_mode)5, (ap_o_mode)3, 0>, ap_fixed<16, 4, (ap_q_mode)5, (ap_o_mode)3, 0>)' (../array.cpp:8:0)
INFO: [HLS 214-178] Inlining function 'act_pe(ap_fixed<16, 4, (ap_q_mode)5, (ap_o_mode)3, 0>, char, ap_fixed<16, 4, (ap_q_mode)5, (ap_o_mode)3, 0>)' into 'model_array(ap_fixed<16, 4, (ap_q_mode)5, (ap_o_mode)3, 0> (*) [2], ap_fixed<16, 4, (ap_q_mode)5, (ap_o_mode)3, 0>*, ap_fixed<16, 4, (ap_q_mode)5, (ap_o_mode)3, 0>*, ap_fixed<16, 4, (ap_q_mode)5, (ap_o_mode)3, 0>*, ap_fixed<16, 4, (ap_q_mode)5, (ap_o_mode)3, 0>, char, ap_fixed<16, 4, (ap_q_mode)5, (ap_o_mode)3, 0>, ap_fixed<16, 4, (ap_q_mode)5, (ap_o_mode)3, 0>)' (../array.cpp:8:0)
INFO: [HLS 214-178] Inlining function 'error_pe(ap_fixed<16, 4, (ap_q_mode)5, (ap_o_mode)3, 0>, ap_fixed<16, 4, (ap_q_mode)5, (ap_o_mode)3, 0>, char, ap_fixed<16, 4, (ap_q_mode)5, (ap_o_mode)3, 0>)' into 'model_array(ap_fixed<16, 4, (ap_q_mode)5, (ap_o_mode)3, 0> (*) [2], ap_fixed<16, 4, (ap_q_mode)5, (ap_o_mode)3, 0>*, ap_fixed<16, 4, (ap_q_mode)5, (ap_o_mode)3, 0>*, ap_fixed<16, 4, (ap_q_mode)5, (ap_o_mode)3, 0>*, ap_fixed<16, 4, (ap_q_mode)5, (ap_o_mode)3, 0>, char, ap_fixed<16, 4, (ap_q_mode)5, (ap_o_mode)3, 0>, ap_fixed<16, 4, (ap_q_mode)5, (ap_o_mode)3, 0>)' (../array.cpp:8:0)
INFO: [HLS 214-241] Aggregating bram variable 'w2' with compact=bit mode in 16-bits (../accelerator.cpp:9:0)
INFO: [HLS 214-241] Aggregating bram variable 'w1' with compact=bit mode in 16-bits (../accelerator.cpp:9:0)
INFO: [HLS 214-376] automatically set the pipeline for Loop< VITIS_LOOP_47_1> at ../accelerator.cpp:47:22 
INFO: [HLS 214-376] automatically set the pipeline for Loop< VITIS_LOOP_160_9> at ../accelerator.cpp:160:23 
INFO: [HLS 214-291] Loop 'VITIS_LOOP_163_10' is marked as complete unroll implied by the pipeline pragma (../accelerator.cpp:163:28)
INFO: [HLS 214-291] Loop 'VITIS_LOOP_50_2' is marked as complete unroll implied by the pipeline pragma (../accelerator.cpp:50:26)
INFO: [HLS 214-186] Unrolling loop 'VITIS_LOOP_163_10' (../accelerator.cpp:163:28) in function 'accelerator' completely with a factor of 2 (../accelerator.cpp:9:0)
INFO: [HLS 214-186] Unrolling loop 'VITIS_LOOP_50_2' (../accelerator.cpp:50:26) in function 'accelerator' completely with a factor of 2 (../accelerator.cpp:9:0)
INFO: [HLS 214-421] Automatically partitioning small array 'output_array.inference' completely based on array size. (../accelerator.cpp:12:15)
INFO: [HLS 214-421] Automatically partitioning small array 'output_array.new_w1' completely based on array size. (../accelerator.cpp:12:15)
INFO: [HLS 214-421] Automatically partitioning small array 'output_array.new_w2' completely based on array size. (../accelerator.cpp:12:15)
INFO: [HLS 214-421] Automatically partitioning small array 'output_array.new_b1' completely based on array size. (../accelerator.cpp:12:15)
INFO: [HLS 214-421] Automatically partitioning small array 'output_array.new_b2' completely based on array size. (../accelerator.cpp:12:15)
INFO: [HLS 214-421] Automatically partitioning small array 'x1' completely based on array size. (../accelerator.cpp:15:14)
INFO: [HLS 214-421] Automatically partitioning small array 'x2' completely based on array size. (../accelerator.cpp:16:14)
INFO: [HLS 214-421] Automatically partitioning small array 'y' completely based on array size. (../accelerator.cpp:17:14)
INFO: [HLS 214-421] Automatically partitioning small array 'w1_local' completely based on array size. (../accelerator.cpp:43:14)
INFO: [HLS 214-421] Automatically partitioning small array 'w2_local' completely based on array size. (../accelerator.cpp:44:14)
INFO: [HLS 214-421] Automatically partitioning small array 'bias_1_local' completely based on array size. (../accelerator.cpp:45:14)
INFO: [HLS 214-421] Automatically partitioning small array 'bias_2_local' completely based on array size. (../accelerator.cpp:46:14)
INFO: [HLS 214-421] Automatically partitioning small array 'array_out1.output_k' completely based on array size. (../accelerator.cpp:83:19)
INFO: [HLS 214-421] Automatically partitioning small array 'array_out1.delta_kmin1' completely based on array size. (../accelerator.cpp:83:19)
INFO: [HLS 214-421] Automatically partitioning small array 'array_out1.weight_changes' completely based on array size. (../accelerator.cpp:83:19)
INFO: [HLS 214-421] Automatically partitioning small array 'array_out1.bias_change' completely based on array size. (../accelerator.cpp:83:19)
INFO: [HLS 214-421] Automatically partitioning small array 'array_out2.output_k' completely based on array size. (../accelerator.cpp:88:19)
INFO: [HLS 214-421] Automatically partitioning small array 'array_out2.delta_kmin1' completely based on array size. (../accelerator.cpp:88:19)
INFO: [HLS 214-421] Automatically partitioning small array 'array_out2.weight_changes' completely based on array size. (../accelerator.cpp:88:19)
INFO: [HLS 214-421] Automatically partitioning small array 'array_out2.bias_change' completely based on array size. (../accelerator.cpp:88:19)
INFO: [HLS 214-421] Automatically partitioning small array 'array_back2.output_k' completely based on array size. (../accelerator.cpp:123:19)
INFO: [HLS 214-421] Automatically partitioning small array 'array_back2.delta_kmin1' completely based on array size. (../accelerator.cpp:123:19)
INFO: [HLS 214-421] Automatically partitioning small array 'array_back2.weight_changes' completely based on array size. (../accelerator.cpp:123:19)
INFO: [HLS 214-421] Automatically partitioning small array 'array_back2.bias_change' completely based on array size. (../accelerator.cpp:123:19)
INFO: [HLS 214-421] Automatically partitioning small array 'array_back1.output_k' completely based on array size. (../accelerator.cpp:134:19)
INFO: [HLS 214-421] Automatically partitioning small array 'array_back1.delta_kmin1' completely based on array size. (../accelerator.cpp:134:19)
INFO: [HLS 214-421] Automatically partitioning small array 'array_back1.weight_changes' completely based on array size. (../accelerator.cpp:134:19)
INFO: [HLS 214-421] Automatically partitioning small array 'array_back1.bias_change' completely based on array size. (../accelerator.cpp:134:19)
INFO: [HLS 214-270] Inferring pragma 'array_partition type=complete dim=1' for array 'retval.inference' due to pipeline pragma (../accelerator.cpp:12:15)
INFO: [HLS 214-270] Inferring pragma 'array_partition type=complete dim=1' for array 'retval.new_b1' due to pipeline pragma (../accelerator.cpp:12:15)
INFO: [HLS 214-270] Inferring pragma 'array_partition type=complete dim=1' for array 'retval.new_b2' due to pipeline pragma (../accelerator.cpp:12:15)
INFO: [HLS 214-270] Inferring pragma 'array_partition type=complete dim=1' for array 'retval.new_w1' due to pipeline pragma (../accelerator.cpp:12:15)
INFO: [HLS 214-270] Inferring pragma 'array_partition type=complete dim=2' for array 'retval.new_w1' due to pipeline pragma (../accelerator.cpp:12:15)
INFO: [HLS 214-270] Inferring pragma 'array_partition type=complete dim=1' for array 'retval.new_w2' due to pipeline pragma (../accelerator.cpp:12:15)
INFO: [HLS 214-270] Inferring pragma 'array_partition type=complete dim=2' for array 'retval.new_w2' due to pipeline pragma (../accelerator.cpp:12:15)
INFO: [HLS 214-270] Inferring pragma 'array_partition type=complete dim=1' for array 'x1' due to pipeline pragma (../accelerator.cpp:15:14)
INFO: [HLS 214-270] Inferring pragma 'array_partition type=complete dim=1' for array 'x2' due to pipeline pragma (../accelerator.cpp:16:14)
INFO: [HLS 214-270] Inferring pragma 'array_partition type=complete dim=1' for array 'y' due to pipeline pragma (../accelerator.cpp:17:14)
INFO: [HLS 214-270] Inferring pragma 'array_partition type=complete dim=1' for array 'w1_local' due to pipeline pragma (../accelerator.cpp:43:14)
INFO: [HLS 214-270] Inferring pragma 'array_partition type=complete dim=2' for array 'w1_local' due to pipeline pragma (../accelerator.cpp:43:14)
INFO: [HLS 214-270] Inferring pragma 'array_partition type=complete dim=1' for array 'w2_local' due to pipeline pragma (../accelerator.cpp:44:14)
INFO: [HLS 214-270] Inferring pragma 'array_partition type=complete dim=2' for array 'w2_local' due to pipeline pragma (../accelerator.cpp:44:14)
INFO: [HLS 214-270] Inferring pragma 'array_partition type=complete dim=1' for array 'bias_1_local' due to pipeline pragma (../accelerator.cpp:45:14)
INFO: [HLS 214-270] Inferring pragma 'array_partition type=complete dim=1' for array 'bias_2_local' due to pipeline pragma (../accelerator.cpp:46:14)
INFO: [HLS 214-270] Inferring pragma 'array_partition type=complete dim=1' for array 'array_out1.bias_change' due to pipeline pragma (../accelerator.cpp:83:19)
INFO: [HLS 214-270] Inferring pragma 'array_partition type=complete dim=1' for array 'array_out1.delta_kmin1' due to pipeline pragma (../accelerator.cpp:83:19)
INFO: [HLS 214-270] Inferring pragma 'array_partition type=complete dim=1' for array 'array_out1.output_k' due to pipeline pragma (../accelerator.cpp:83:19)
INFO: [HLS 214-270] Inferring pragma 'array_partition type=complete dim=1' for array 'array_out1.weight_changes' due to pipeline pragma (../accelerator.cpp:83:19)
INFO: [HLS 214-270] Inferring pragma 'array_partition type=complete dim=2' for array 'array_out1.weight_changes' due to pipeline pragma (../accelerator.cpp:83:19)
INFO: [HLS 214-270] Inferring pragma 'array_partition type=complete dim=1' for array 'array_out2.bias_change' due to pipeline pragma (../accelerator.cpp:88:19)
INFO: [HLS 214-270] Inferring pragma 'array_partition type=complete dim=1' for array 'array_out2.delta_kmin1' due to pipeline pragma (../accelerator.cpp:88:19)
INFO: [HLS 214-270] Inferring pragma 'array_partition type=complete dim=1' for array 'array_out2.output_k' due to pipeline pragma (../accelerator.cpp:88:19)
INFO: [HLS 214-270] Inferring pragma 'array_partition type=complete dim=1' for array 'array_out2.weight_changes' due to pipeline pragma (../accelerator.cpp:88:19)
INFO: [HLS 214-270] Inferring pragma 'array_partition type=complete dim=2' for array 'array_out2.weight_changes' due to pipeline pragma (../accelerator.cpp:88:19)
INFO: [HLS 214-270] Inferring pragma 'array_partition type=complete dim=1' for array 'array_back2.bias_change' due to pipeline pragma (../accelerator.cpp:123:19)
INFO: [HLS 214-270] Inferring pragma 'array_partition type=complete dim=1' for array 'array_back2.delta_kmin1' due to pipeline pragma (../accelerator.cpp:123:19)
INFO: [HLS 214-270] Inferring pragma 'array_partition type=complete dim=1' for array 'array_back2.output_k' due to pipeline pragma (../accelerator.cpp:123:19)
INFO: [HLS 214-270] Inferring pragma 'array_partition type=complete dim=1' for array 'array_back2.weight_changes' due to pipeline pragma (../accelerator.cpp:123:19)
INFO: [HLS 214-270] Inferring pragma 'array_partition type=complete dim=2' for array 'array_back2.weight_changes' due to pipeline pragma (../accelerator.cpp:123:19)
INFO: [HLS 214-270] Inferring pragma 'array_partition type=complete dim=1' for array 'array_back1.bias_change' due to pipeline pragma (../accelerator.cpp:134:19)
INFO: [HLS 214-270] Inferring pragma 'array_partition type=complete dim=1' for array 'array_back1.delta_kmin1' due to pipeline pragma (../accelerator.cpp:134:19)
INFO: [HLS 214-270] Inferring pragma 'array_partition type=complete dim=1' for array 'array_back1.output_k' due to pipeline pragma (../accelerator.cpp:134:19)
INFO: [HLS 214-270] Inferring pragma 'array_partition type=complete dim=1' for array 'array_back1.weight_changes' due to pipeline pragma (../accelerator.cpp:134:19)
INFO: [HLS 214-270] Inferring pragma 'array_partition type=complete dim=2' for array 'array_back1.weight_changes' due to pipeline pragma (../accelerator.cpp:134:19)
INFO: [HLS 214-248] Applying array_partition to 'retval.inference': Complete partitioning on dimension 1. (../accelerator.cpp:12:15)
INFO: [HLS 214-248] Applying array_partition to 'retval.new_w1': Complete partitioning on dimension 1. Complete partitioning on dimension 2. (../accelerator.cpp:12:15)
INFO: [HLS 214-248] Applying array_partition to 'retval.new_w2': Complete partitioning on dimension 1. Complete partitioning on dimension 2. (../accelerator.cpp:12:15)
INFO: [HLS 214-248] Applying array_partition to 'retval.new_b1': Complete partitioning on dimension 1. (../accelerator.cpp:12:15)
INFO: [HLS 214-248] Applying array_partition to 'retval.new_b2': Complete partitioning on dimension 1. (../accelerator.cpp:12:15)
INFO: [HLS 214-248] Applying array_partition to 'x1': Complete partitioning on dimension 1. (../accelerator.cpp:15:14)
INFO: [HLS 214-248] Applying array_partition to 'x2': Complete partitioning on dimension 1. (../accelerator.cpp:16:14)
INFO: [HLS 214-248] Applying array_partition to 'y': Complete partitioning on dimension 1. (../accelerator.cpp:17:14)
INFO: [HLS 214-248] Applying array_partition to 'w1_local': Complete partitioning on dimension 1. Complete partitioning on dimension 2. (../accelerator.cpp:43:14)
INFO: [HLS 214-248] Applying array_partition to 'w2_local': Complete partitioning on dimension 1. Complete partitioning on dimension 2. (../accelerator.cpp:44:14)
INFO: [HLS 214-248] Applying array_partition to 'bias_1_local': Complete partitioning on dimension 1. (../accelerator.cpp:45:14)
INFO: [HLS 214-248] Applying array_partition to 'bias_2_local': Complete partitioning on dimension 1. (../accelerator.cpp:46:14)
INFO: [HLS 214-248] Applying array_partition to 'array_out1.output_k': Complete partitioning on dimension 1. (../accelerator.cpp:83:19)
INFO: [HLS 214-248] Applying array_partition to 'array_out1.delta_kmin1': Complete partitioning on dimension 1. (../accelerator.cpp:83:19)
INFO: [HLS 214-248] Applying array_partition to 'array_out1.weight_changes': Complete partitioning on dimension 1. Complete partitioning on dimension 2. (../accelerator.cpp:83:19)
INFO: [HLS 214-248] Applying array_partition to 'array_out1.bias_change': Complete partitioning on dimension 1. (../accelerator.cpp:83:19)
INFO: [HLS 214-248] Applying array_partition to 'array_out2.output_k': Complete partitioning on dimension 1. (../accelerator.cpp:88:19)
INFO: [HLS 214-248] Applying array_partition to 'array_out2.delta_kmin1': Complete partitioning on dimension 1. (../accelerator.cpp:88:19)
INFO: [HLS 214-248] Applying array_partition to 'array_out2.weight_changes': Complete partitioning on dimension 1. Complete partitioning on dimension 2. (../accelerator.cpp:88:19)
INFO: [HLS 214-248] Applying array_partition to 'array_out2.bias_change': Complete partitioning on dimension 1. (../accelerator.cpp:88:19)
INFO: [HLS 214-248] Applying array_partition to 'array_back2.output_k': Complete partitioning on dimension 1. (../accelerator.cpp:123:19)
INFO: [HLS 214-248] Applying array_partition to 'array_back2.delta_kmin1': Complete partitioning on dimension 1. (../accelerator.cpp:123:19)
INFO: [HLS 214-248] Applying array_partition to 'array_back2.weight_changes': Complete partitioning on dimension 1. Complete partitioning on dimension 2. (../accelerator.cpp:123:19)
INFO: [HLS 214-248] Applying array_partition to 'array_back2.bias_change': Complete partitioning on dimension 1. (../accelerator.cpp:123:19)
INFO: [HLS 214-248] Applying array_partition to 'array_back1.output_k': Complete partitioning on dimension 1. (../accelerator.cpp:134:19)
INFO: [HLS 214-248] Applying array_partition to 'array_back1.delta_kmin1': Complete partitioning on dimension 1. (../accelerator.cpp:134:19)
INFO: [HLS 214-248] Applying array_partition to 'array_back1.weight_changes': Complete partitioning on dimension 1. Complete partitioning on dimension 2. (../accelerator.cpp:134:19)
INFO: [HLS 214-248] Applying array_partition to 'array_back1.bias_change': Complete partitioning on dimension 1. (../accelerator.cpp:134:19)
INFO: [HLS 200-111] Finished Compiling Optimization and Transform: CPU user time: 2 seconds. CPU system time: 0 seconds. Elapsed time: 21.53 seconds; current allocated memory: 237.434 MB.
INFO: [HLS 200-111] Finished Checking Pragmas: CPU user time: 0 seconds. CPU system time: 0 seconds. Elapsed time: 0.03 seconds; current allocated memory: 237.621 MB.
INFO: [HLS 200-10] Starting code transformations ...
INFO: [HLS 200-111] Finished Standard Transforms: CPU user time: 0 seconds. CPU system time: 0 seconds. Elapsed time: 0.224 seconds; current allocated memory: 244.070 MB.
INFO: [HLS 200-10] Checking synthesizability ...
WARNING: [SYNCHK 200-23] ../accelerator.cpp:93: variable-indexed range selection may cause suboptimal QoR.
INFO: [SYNCHK 200-10] 0 error(s), 1 warning(s).
INFO: [HLS 200-111] Finished Checking Synthesizability: CPU user time: 0 seconds. CPU system time: 0 seconds. Elapsed time: 0.192 seconds; current allocated memory: 248.164 MB.
INFO: [XFORM 203-401] Performing if-conversion on hyperblock from (../weight_pe.cpp:12:65) to (../array.cpp:51:1) in function 'model_array'... converting 3 basic blocks.
INFO: [XFORM 203-401] Performing if-conversion on hyperblock from (../accelerator.cpp:70:9) in function 'accelerator'... converting 29 basic blocks.
INFO: [XFORM 203-11] Balancing expressions in function 'accelerator' (../accelerator.cpp:7:26)...6 expression(s) balanced.
INFO: [HLS 200-111] Finished Loop, function and other optimizations: CPU user time: 0 seconds. CPU system time: 0 seconds. Elapsed time: 0.423 seconds; current allocated memory: 271.422 MB.
WARNING: [HLS 200-960] Cannot flatten loop 'VITIS_LOOP_65_3' (../accelerator.cpp:65:22) in function 'accelerator' the outer loop is not a perfect loop because there is nontrivial logic before entering the inner loop.
Resolution: For help on HLS 200-960 see docs.xilinx.com/access/sources/dita/topic?Doc_Version=2024.1%20English&url=ug1448-hls-guidance&resourceid=200-960.html
INFO: [HLS 200-111] Finished Architecture Synthesis: CPU user time: 0 seconds. CPU system time: 0 seconds. Elapsed time: 0.504 seconds; current allocated memory: 303.645 MB.
INFO: [HLS 200-10] Starting hardware synthesis ...
INFO: [HLS 200-10] Synthesizing 'accelerator' ...
INFO: [HLS 200-10] ----------------------------------------------------------------
INFO: [HLS 200-42] -- Implementing module 'accelerator_Pipeline_VITIS_LOOP_47_1' 
INFO: [HLS 200-10] ----------------------------------------------------------------
INFO: [SCHED 204-11] Starting scheduling ...
INFO: [SCHED 204-61] Pipelining loop 'VITIS_LOOP_47_1'.
INFO: [HLS 200-1470] Pipelining result : Target II = NA, Final II = 1, Depth = 2, loop 'VITIS_LOOP_47_1'
INFO: [SCHED 204-11] Finished scheduling.
INFO: [HLS 200-111] Finished Scheduling: CPU user time: 0 seconds. CPU system time: 0 seconds. Elapsed time: 0.783 seconds; current allocated memory: 307.781 MB.
INFO: [BIND 205-100] Starting micro-architecture generation ...
INFO: [BIND 205-101] Performing variable lifetime analysis.
INFO: [BIND 205-101] Exploring resource sharing.
INFO: [BIND 205-101] Binding ...
INFO: [BIND 205-100] Finished micro-architecture generation.
INFO: [HLS 200-111] Finished Binding: CPU user time: 0 seconds. CPU system time: 0 seconds. Elapsed time: 0.192 seconds; current allocated memory: 309.090 MB.
INFO: [HLS 200-10] ----------------------------------------------------------------
INFO: [HLS 200-42] -- Implementing module 'model_array' 
INFO: [HLS 200-10] ----------------------------------------------------------------
INFO: [SCHED 204-11] Starting scheduling ...
INFO: [HLS 200-486] Changing DSP latency (root=sub_ln14_1) to 3 in order to utilize available DSP registers.
INFO: [HLS 200-486] Changing DSP latency (root=add_ln13_2) to 3 in order to utilize available DSP registers.
INFO: [HLS 200-486] Changing DSP latency (root=add_ln12_1) to 3 in order to utilize available DSP registers.
INFO: [HLS 200-486] Changing DSP latency (root=add_ln12) to 3 in order to utilize available DSP registers.
INFO: [HLS 200-486] Changing DSP latency (root=add_ln13) to 3 in order to utilize available DSP registers.
INFO: [HLS 200-486] Changing DSP latency (root=sub_ln14) to 3 in order to utilize available DSP registers.
INFO: [SCHED 204-61] Pipelining function 'model_array'.
INFO: [HLS 200-1470] Pipelining result : Target II = NA, Final II = 1, Depth = 4, function 'model_array'
INFO: [SCHED 204-11] Finished scheduling.
INFO: [HLS 200-111] Finished Scheduling: CPU user time: 1 seconds. CPU system time: 0 seconds. Elapsed time: 0.524 seconds; current allocated memory: 309.914 MB.
INFO: [BIND 205-100] Starting micro-architecture generation ...
INFO: [BIND 205-101] Performing variable lifetime analysis.
INFO: [BIND 205-101] Exploring resource sharing.
INFO: [BIND 205-101] Binding ...
INFO: [BIND 205-100] Finished micro-architecture generation.
INFO: [HLS 200-111] Finished Binding: CPU user time: 0 seconds. CPU system time: 0 seconds. Elapsed time: 0.19 seconds; current allocated memory: 310.250 MB.
INFO: [HLS 200-10] ----------------------------------------------------------------
INFO: [HLS 200-42] -- Implementing module 'accelerator_Pipeline_VITIS_LOOP_69_4' 
INFO: [HLS 200-10] ----------------------------------------------------------------
INFO: [SCHED 204-11] Starting scheduling ...
INFO: [SCHED 204-61] Pipelining loop 'VITIS_LOOP_69_4'.
WARNING: [HLS 200-880] The II Violation in module 'accelerator_Pipeline_VITIS_LOOP_69_4' (loop 'VITIS_LOOP_69_4'): Unable to enforce a carried dependence constraint (II = 1, distance = 1, offset = 1) between 'call' operation 160 bit ('call_ret', ../accelerator.cpp:134) to 'model_array' and 'call' operation 160 bit ('call_ret1', ../accelerator.cpp:83) to 'model_array'.
Resolution: For help on HLS 200-880 see docs.xilinx.com/access/sources/dita/topic?Doc_Version=2024.1%20English&url=ug1448-hls-guidance&resourceid=200-880.html
WARNING: [HLS 200-880] The II Violation in module 'accelerator_Pipeline_VITIS_LOOP_69_4' (loop 'VITIS_LOOP_69_4'): Unable to enforce a carried dependence constraint (II = 2, distance = 1, offset = 1) between 'call' operation 160 bit ('call_ret', ../accelerator.cpp:134) to 'model_array' and 'call' operation 160 bit ('call_ret1', ../accelerator.cpp:83) to 'model_array'.
Resolution: For help on HLS 200-880 see docs.xilinx.com/access/sources/dita/topic?Doc_Version=2024.1%20English&url=ug1448-hls-guidance&resourceid=200-880.html
WARNING: [HLS 200-880] The II Violation in module 'accelerator_Pipeline_VITIS_LOOP_69_4' (loop 'VITIS_LOOP_69_4'): Unable to enforce a carried dependence constraint (II = 3, distance = 1, offset = 1) between 'call' operation 160 bit ('call_ret', ../accelerator.cpp:134) to 'model_array' and 'call' operation 160 bit ('call_ret1', ../accelerator.cpp:83) to 'model_array'.
Resolution: For help on HLS 200-880 see docs.xilinx.com/access/sources/dita/topic?Doc_Version=2024.1%20English&url=ug1448-hls-guidance&resourceid=200-880.html
WARNING: [HLS 200-880] The II Violation in module 'accelerator_Pipeline_VITIS_LOOP_69_4' (loop 'VITIS_LOOP_69_4'): Unable to enforce a carried dependence constraint (II = 4, distance = 1, offset = 1) between 'call' operation 160 bit ('call_ret', ../accelerator.cpp:134) to 'model_array' and 'call' operation 160 bit ('call_ret1', ../accelerator.cpp:83) to 'model_array'.
Resolution: For help on HLS 200-880 see docs.xilinx.com/access/sources/dita/topic?Doc_Version=2024.1%20English&url=ug1448-hls-guidance&resourceid=200-880.html
WARNING: [HLS 200-880] The II Violation in module 'accelerator_Pipeline_VITIS_LOOP_69_4' (loop 'VITIS_LOOP_69_4'): Unable to enforce a carried dependence constraint (II = 11, distance = 1, offset = 1) between 'call' operation 160 bit ('call_ret', ../accelerator.cpp:134) to 'model_array' and 'call' operation 160 bit ('call_ret1', ../accelerator.cpp:83) to 'model_array'.
Resolution: For help on HLS 200-880 see docs.xilinx.com/access/sources/dita/topic?Doc_Version=2024.1%20English&url=ug1448-hls-guidance&resourceid=200-880.html
WARNING: [HLS 200-880] The II Violation in module 'accelerator_Pipeline_VITIS_LOOP_69_4' (loop 'VITIS_LOOP_69_4'): Unable to enforce a carried dependence constraint (II = 15, distance = 1, offset = 1) between 'call' operation 160 bit ('call_ret', ../accelerator.cpp:134) to 'model_array' and 'call' operation 160 bit ('call_ret1', ../accelerator.cpp:83) to 'model_array'.
Resolution: For help on HLS 200-880 see docs.xilinx.com/access/sources/dita/topic?Doc_Version=2024.1%20English&url=ug1448-hls-guidance&resourceid=200-880.html
INFO: [HLS 200-1470] Pipelining result : Target II = NA, Final II = 16, Depth = 17, loop 'VITIS_LOOP_69_4'
INFO: [SCHED 204-11] Finished scheduling.
INFO: [HLS 200-111] Finished Scheduling: CPU user time: 0 seconds. CPU system time: 0 seconds. Elapsed time: 0.776 seconds; current allocated memory: 313.309 MB.
INFO: [BIND 205-100] Starting micro-architecture generation ...
INFO: [BIND 205-101] Performing variable lifetime analysis.
INFO: [BIND 205-101] Exploring resource sharing.
INFO: [BIND 205-101] Binding ...
INFO: [BIND 205-100] Finished micro-architecture generation.
INFO: [HLS 200-111] Finished Binding: CPU user time: 0 seconds. CPU system time: 0 seconds. Elapsed time: 0.286 seconds; current allocated memory: 313.723 MB.
INFO: [HLS 200-10] ----------------------------------------------------------------
INFO: [HLS 200-42] -- Implementing module 'accelerator_Pipeline_VITIS_LOOP_160_9' 
INFO: [HLS 200-10] ----------------------------------------------------------------
INFO: [SCHED 204-11] Starting scheduling ...
INFO: [SCHED 204-61] Pipelining loop 'VITIS_LOOP_160_9'.
INFO: [HLS 200-1470] Pipelining result : Target II = NA, Final II = 1, Depth = 1, loop 'VITIS_LOOP_160_9'
INFO: [SCHED 204-11] Finished scheduling.
INFO: [HLS 200-111] Finished Scheduling: CPU user time: 1 seconds. CPU system time: 0 seconds. Elapsed time: 1.313 seconds; current allocated memory: 314.473 MB.
INFO: [BIND 205-100] Starting micro-architecture generation ...
INFO: [BIND 205-101] Performing variable lifetime analysis.
INFO: [BIND 205-101] Exploring resource sharing.
INFO: [BIND 205-101] Binding ...
INFO: [BIND 205-100] Finished micro-architecture generation.
INFO: [HLS 200-111] Finished Binding: CPU user time: 0 seconds. CPU system time: 0 seconds. Elapsed time: 0.173 seconds; current allocated memory: 314.633 MB.
INFO: [HLS 200-10] ----------------------------------------------------------------
INFO: [HLS 200-42] -- Implementing module 'accelerator' 
INFO: [HLS 200-10] ----------------------------------------------------------------
INFO: [SCHED 204-11] Starting scheduling ...
INFO: [SCHED 204-11] Finished scheduling.
INFO: [HLS 200-111] Finished Scheduling: CPU user time: 0 seconds. CPU system time: 0 seconds. Elapsed time: 0.441 seconds; current allocated memory: 316.273 MB.
INFO: [BIND 205-100] Starting micro-architecture generation ...
INFO: [BIND 205-101] Performing variable lifetime analysis.
INFO: [BIND 205-101] Exploring resource sharing.
INFO: [BIND 205-101] Binding ...
INFO: [BIND 205-100] Finished micro-architecture generation.
INFO: [HLS 200-111] Finished Binding: CPU user time: 0 seconds. CPU system time: 0 seconds. Elapsed time: 0.249 seconds; current allocated memory: 316.793 MB.
INFO: [HLS 200-10] ----------------------------------------------------------------
INFO: [HLS 200-10] -- Generating RTL for module 'accelerator_Pipeline_VITIS_LOOP_47_1' 
INFO: [HLS 200-10] ----------------------------------------------------------------
INFO: [HLS 200-1030] Apply Unified Pipeline Control on module 'accelerator_Pipeline_VITIS_LOOP_47_1' pipeline 'VITIS_LOOP_47_1' pipeline type 'loop pipeline'
INFO: [RTGEN 206-100] Finished creating RTL model for 'accelerator_Pipeline_VITIS_LOOP_47_1'.
INFO: [HLS 200-111] Finished Creating RTL model: CPU user time: 0 seconds. CPU system time: 0 seconds. Elapsed time: 0.351 seconds; current allocated memory: 318.656 MB.
INFO: [HLS 200-10] ----------------------------------------------------------------
INFO: [HLS 200-10] -- Generating RTL for module 'model_array' 
INFO: [HLS 200-10] ----------------------------------------------------------------
INFO: [HLS 200-1030] Apply Unified Pipeline Control on module 'model_array' pipeline 'model_array' pipeline type 'function pipeline'
INFO: [RTGEN 206-100] Generating core module 'mac_muladd_16s_16s_28ns_28_4_1': 4 instance(s).
INFO: [RTGEN 206-100] Generating core module 'mac_mulsub_16s_9ns_28s_28_4_1': 2 instance(s).
INFO: [RTGEN 206-100] Generating core module 'mul_16s_10ns_26_1_1': 4 instance(s).
INFO: [RTGEN 206-100] Generating core module 'mul_16s_16s_28_1_1': 4 instance(s).
INFO: [RTGEN 206-100] Generating core module 'mul_16s_16s_32_1_1': 4 instance(s).
INFO: [RTGEN 206-100] Generating core module 'mul_32s_10s_40_1_1': 4 instance(s).
INFO: [RTGEN 206-100] Finished creating RTL model for 'model_array'.
INFO: [HLS 200-111] Finished Creating RTL model: CPU user time: 0 seconds. CPU system time: 0 seconds. Elapsed time: 0.881 seconds; current allocated memory: 323.113 MB.
INFO: [HLS 200-10] ----------------------------------------------------------------
INFO: [HLS 200-10] -- Generating RTL for module 'accelerator_Pipeline_VITIS_LOOP_69_4' 
INFO: [HLS 200-10] ----------------------------------------------------------------
INFO: [RTGEN 206-100] Generating core module 'dcmp_64ns_64ns_1_2_no_dsp_1': 1 instance(s).
INFO: [RTGEN 206-100] Generating core module 'mul_18s_10ns_28_1_1': 1 instance(s).
INFO: [RTGEN 206-100] Generating core module 'sparsemux_7_2_16_1_1': 4 instance(s).
INFO: [RTGEN 206-100] Generating core module 'sparsemux_9_2_13_1_1': 3 instance(s).
INFO: [RTGEN 206-100] Finished creating RTL model for 'accelerator_Pipeline_VITIS_LOOP_69_4'.
INFO: [HLS 200-111] Finished Creating RTL model: CPU user time: 0 seconds. CPU system time: 1 seconds. Elapsed time: 1.001 seconds; current allocated memory: 327.777 MB.
INFO: [HLS 200-10] ----------------------------------------------------------------
INFO: [HLS 200-10] -- Generating RTL for module 'accelerator_Pipeline_VITIS_LOOP_160_9' 
INFO: [HLS 200-10] ----------------------------------------------------------------
INFO: [RTGEN 206-100] Finished creating RTL model for 'accelerator_Pipeline_VITIS_LOOP_160_9'.
INFO: [HLS 200-111] Finished Creating RTL model: CPU user time: 1 seconds. CPU system time: 0 seconds. Elapsed time: 1.311 seconds; current allocated memory: 333.703 MB.
INFO: [HLS 200-10] ----------------------------------------------------------------
INFO: [HLS 200-10] -- Generating RTL for module 'accelerator' 
INFO: [HLS 200-10] ----------------------------------------------------------------
INFO: [RTGEN 206-500] Setting interface mode on port 'accelerator/w1' to 'ap_memory'.
INFO: [RTGEN 206-500] Setting interface mode on port 'accelerator/w2' to 'ap_memory'.
INFO: [RTGEN 206-500] Setting interface mode on port 'accelerator/bias_1' to 'ap_memory'.
INFO: [RTGEN 206-500] Setting interface mode on port 'accelerator/bias_2' to 'ap_memory'.
INFO: [RTGEN 206-500] Setting interface mode on port 'accelerator/training' to 'ap_none'.
INFO: [RTGEN 206-500] Setting interface mode on function 'accelerator' to 'ap_ctrl_hs'.
INFO: [RTGEN 206-100] Finished creating RTL model for 'accelerator'.
INFO: [HLS 200-111] Finished Creating RTL model: CPU user time: 0 seconds. CPU system time: 0 seconds. Elapsed time: 0.655 seconds; current allocated memory: 336.832 MB.
INFO: [HLS 200-111] Finished Generating all RTL models: CPU user time: 1 seconds. CPU system time: 0 seconds. Elapsed time: 1.699 seconds; current allocated memory: 343.145 MB.
INFO: [HLS 200-111] Finished Updating report files: CPU user time: 1 seconds. CPU system time: 1 seconds. Elapsed time: 2.331 seconds; current allocated memory: 347.488 MB.
INFO: [VHDL 208-304] Generating VHDL RTL for accelerator.
INFO: [VLOG 209-307] Generating Verilog RTL for accelerator.
INFO: [HLS 200-790] **** Loop Constraint Status: All loop constraints were NOT satisfied.
INFO: [HLS 200-789] **** Estimated Fmax: 139.13 MHz
INFO: [HLS 200-112] Total CPU user time: 13 seconds. Total CPU system time: 4 seconds. Total elapsed time: 142.94 seconds; peak allocated memory: 348.320 MB.
INFO: [v++ 60-791] Total elapsed time: 0h 2m 30s
