11/30/24 21:15:52: Running xcd server. This server was NOT built by gradle, but presumably rdi.
11/30/24 21:15:52: Server was asked to start on port: '55689'
11/30/24 21:15:52: Server is using token UUID: '610af519-2a7c-493d-b9c4-46b601117948'
11/30/24 21:15:52: SESSION_MGR: creating session with session uuid: '6d04a3e9-ade5-4ab9-8d63-1f78fcd2ec76' and name 'default'
11/30/24 21:15:52: Attempting to start server on port '55689'
11/30/24 21:15:52: Running Dispatch Server
11/30/24 21:15:52: Version 2.2.0
11/30/24 21:15:52: Dispatch Server: Accepted socket connection from client
11/30/24 21:15:52: Starting Socket connection
11/30/24 21:15:52: EXCHANGE_TOKEN received, server token: 610af519-2a7c-493d-b9c4-46b601117948, passed token: 610af519-2a7c-493d-b9c4-46b601117948
11/30/24 21:15:52: DISPATCH_HANDLER: Adding handler from function makeHandler in library librdi_system_diagram failed with exception: Could not dynamically load librdi_system_diagram.dll
11/30/24 21:15:52: SESSION_MGR: creating session with session uuid: '67aabfda-b898-4082-a638-83500d715552' and name 'vitis-run_compile_accelerator'
11/30/24 21:15:52: KERNEL_SVC: creating session with uuid: '67aabfda-b898-4082-a638-83500d715552' and name 'vitis-run_compile_accelerator'
11/30/24 21:15:52: GUIDANCE_SMGR: creating guidance session with uuid: '67aabfda-b898-4082-a638-83500d715552' and name 'vitis-run_compile_accelerator'
11/30/24 21:16:07: Dispatch Server: Accepted socket connection from client
11/30/24 21:16:07: Starting Socket connection
11/30/24 21:16:46: SESSION_MGR: closing session for UUID '67aabfda-b898-4082-a638-83500d715552' with name 'vitis-run_compile_accelerator'
11/30/24 21:16:46: KERNEL_SVC: closing session for UUID '67aabfda-b898-4082-a638-83500d715552' with name 'vitis-run_compile_accelerator'
11/30/24 21:16:46: GUIDANCE_SMGR: closing session for UUID '67aabfda-b898-4082-a638-83500d715552' with name 'vitis-run_compile_accelerator'
11/30/24 21:16:46: STOP_SERVER received, server token: 610af519-2a7c-493d-b9c4-46b601117948, passed token: 610af519-2a7c-493d-b9c4-46b601117948
11/30/24 21:16:46: Socket received request to stop server.
11/30/24 21:16:46: Dispatch Server: do_await_stop
11/30/24 21:16:46: SERVER: destructor for server bound to port 55689
11/30/24 21:16:46: Server exiting with status 0.
11/30/24 21:16:46: Closing log file.
11/30/24 21:25:37: Running xcd server. This server was NOT built by gradle, but presumably rdi.
11/30/24 21:25:37: Server was asked to start on port: '58478'
11/30/24 21:25:37: Server is using token UUID: 'eedb2c18-e335-4bc6-9297-dfc3f1b045b3'
11/30/24 21:25:37: SESSION_MGR: creating session with session uuid: '6d04a3e9-ade5-4ab9-8d63-1f78fcd2ec76' and name 'default'
11/30/24 21:25:37: Attempting to start server on port '58478'
11/30/24 21:25:37: Running Dispatch Server
11/30/24 21:25:37: Version 2.2.0
11/30/24 21:25:37: Dispatch Server: Accepted socket connection from client
11/30/24 21:25:37: Starting Socket connection
11/30/24 21:25:37: EXCHANGE_TOKEN received, server token: eedb2c18-e335-4bc6-9297-dfc3f1b045b3, passed token: eedb2c18-e335-4bc6-9297-dfc3f1b045b3
11/30/24 21:25:37: DISPATCH_HANDLER: Adding handler from function makeHandler in library librdi_system_diagram failed with exception: Could not dynamically load librdi_system_diagram.dll
11/30/24 21:25:37: SESSION_MGR: creating session with session uuid: '9a4ce316-fd1a-4ada-a095-51a355008ebc' and name 'vitis-run_compile_accelerator'
11/30/24 21:25:37: KERNEL_SVC: creating session with uuid: '9a4ce316-fd1a-4ada-a095-51a355008ebc' and name 'vitis-run_compile_accelerator'
11/30/24 21:25:37: GUIDANCE_SMGR: creating guidance session with uuid: '9a4ce316-fd1a-4ada-a095-51a355008ebc' and name 'vitis-run_compile_accelerator'
11/30/24 21:25:58: Dispatch Server: Accepted socket connection from client
11/30/24 21:25:58: Starting Socket connection
11/30/24 21:26:22: SESSION_MGR: closing session for UUID '9a4ce316-fd1a-4ada-a095-51a355008ebc' with name 'vitis-run_compile_accelerator'
11/30/24 21:26:22: KERNEL_SVC: closing session for UUID '9a4ce316-fd1a-4ada-a095-51a355008ebc' with name 'vitis-run_compile_accelerator'
11/30/24 21:26:22: GUIDANCE_SMGR: closing session for UUID '9a4ce316-fd1a-4ada-a095-51a355008ebc' with name 'vitis-run_compile_accelerator'
11/30/24 21:26:22: STOP_SERVER received, server token: eedb2c18-e335-4bc6-9297-dfc3f1b045b3, passed token: eedb2c18-e335-4bc6-9297-dfc3f1b045b3
11/30/24 21:26:22: Socket received request to stop server.
11/30/24 21:26:22: Dispatch Server: do_await_stop
11/30/24 21:26:22: SERVER: destructor for server bound to port 58478
11/30/24 21:26:22: Server exiting with status 0.
11/30/24 21:26:22: Closing log file.
11/30/24 21:26:57: Running xcd server. This server was NOT built by gradle, but presumably rdi.
11/30/24 21:26:57: Server was asked to start on port: '58483'
11/30/24 21:26:57: Server is using token UUID: '8560248a-3d9d-4ee0-ab8e-6099b79e2602'
11/30/24 21:26:57: SESSION_MGR: creating session with session uuid: '6d04a3e9-ade5-4ab9-8d63-1f78fcd2ec76' and name 'default'
11/30/24 21:26:57: Attempting to start server on port '58483'
11/30/24 21:26:57: Running Dispatch Server
11/30/24 21:26:57: Version 2.2.0
11/30/24 21:26:58: Dispatch Server: Accepted socket connection from client
11/30/24 21:26:58: Starting Socket connection
11/30/24 21:26:58: EXCHANGE_TOKEN received, server token: 8560248a-3d9d-4ee0-ab8e-6099b79e2602, passed token: 8560248a-3d9d-4ee0-ab8e-6099b79e2602
11/30/24 21:26:58: DISPATCH_HANDLER: Adding handler from function makeHandler in library librdi_system_diagram failed with exception: Could not dynamically load librdi_system_diagram.dll
11/30/24 21:26:58: SESSION_MGR: creating session with session uuid: '77b7b40e-c70e-49c8-b53f-e689f35179a1' and name 'vitis-run_compile_accelerator'
11/30/24 21:26:58: KERNEL_SVC: creating session with uuid: '77b7b40e-c70e-49c8-b53f-e689f35179a1' and name 'vitis-run_compile_accelerator'
11/30/24 21:26:58: GUIDANCE_SMGR: creating guidance session with uuid: '77b7b40e-c70e-49c8-b53f-e689f35179a1' and name 'vitis-run_compile_accelerator'
11/30/24 21:27:11: Dispatch Server: Accepted socket connection from client
11/30/24 21:27:11: Starting Socket connection
11/30/24 21:27:13: SESSION_MGR: closing session for UUID '77b7b40e-c70e-49c8-b53f-e689f35179a1' with name 'vitis-run_compile_accelerator'
11/30/24 21:27:13: KERNEL_SVC: closing session for UUID '77b7b40e-c70e-49c8-b53f-e689f35179a1' with name 'vitis-run_compile_accelerator'
11/30/24 21:27:13: GUIDANCE_SMGR: closing session for UUID '77b7b40e-c70e-49c8-b53f-e689f35179a1' with name 'vitis-run_compile_accelerator'
11/30/24 21:27:13: STOP_SERVER received, server token: 8560248a-3d9d-4ee0-ab8e-6099b79e2602, passed token: 8560248a-3d9d-4ee0-ab8e-6099b79e2602
11/30/24 21:27:13: Socket received request to stop server.
11/30/24 21:27:13: Dispatch Server: do_await_stop
11/30/24 21:27:13: SERVER: destructor for server bound to port 58483
11/30/24 21:27:13: Server exiting with status 0.
11/30/24 21:27:13: Closing log file.
11/30/24 21:27:27: Running xcd server. This server was NOT built by gradle, but presumably rdi.
11/30/24 21:27:27: Server was asked to start on port: '58487'
11/30/24 21:27:27: Server is using token UUID: '44a310ab-baf4-49cc-9519-007c304ea27c'
11/30/24 21:27:27: SESSION_MGR: creating session with session uuid: '6d04a3e9-ade5-4ab9-8d63-1f78fcd2ec76' and name 'default'
11/30/24 21:27:27: Attempting to start server on port '58487'
11/30/24 21:27:27: Running Dispatch Server
11/30/24 21:27:27: Version 2.2.0
11/30/24 21:27:28: Dispatch Server: Accepted socket connection from client
11/30/24 21:27:28: Starting Socket connection
11/30/24 21:27:28: EXCHANGE_TOKEN received, server token: 44a310ab-baf4-49cc-9519-007c304ea27c, passed token: 44a310ab-baf4-49cc-9519-007c304ea27c
11/30/24 21:27:28: DISPATCH_HANDLER: Adding handler from function makeHandler in library librdi_system_diagram failed with exception: Could not dynamically load librdi_system_diagram.dll
11/30/24 21:27:28: SESSION_MGR: creating session with session uuid: '7db89e64-b6e1-41ca-b6e2-8e8fc8e3875e' and name 'v++_compile_accelerator'
11/30/24 21:27:28: KERNEL_SVC: creating session with uuid: '7db89e64-b6e1-41ca-b6e2-8e8fc8e3875e' and name 'v++_compile_accelerator'
11/30/24 21:27:28: GUIDANCE_SMGR: creating guidance session with uuid: '7db89e64-b6e1-41ca-b6e2-8e8fc8e3875e' and name 'v++_compile_accelerator'
11/30/24 21:27:41: Dispatch Server: Accepted socket connection from client
11/30/24 21:27:41: Starting Socket connection
11/30/24 21:29:56: SESSION_MGR: closing session for UUID '7db89e64-b6e1-41ca-b6e2-8e8fc8e3875e' with name 'v++_compile_accelerator'
11/30/24 21:29:56: KERNEL_SVC: closing session for UUID '7db89e64-b6e1-41ca-b6e2-8e8fc8e3875e' with name 'v++_compile_accelerator'
11/30/24 21:29:56: GUIDANCE_SMGR: closing session for UUID '7db89e64-b6e1-41ca-b6e2-8e8fc8e3875e' with name 'v++_compile_accelerator'
11/30/24 21:29:56: STOP_SERVER received, server token: 44a310ab-baf4-49cc-9519-007c304ea27c, passed token: 44a310ab-baf4-49cc-9519-007c304ea27c
11/30/24 21:29:56: Socket received request to stop server.
11/30/24 21:29:56: Dispatch Server: do_await_stop
11/30/24 21:29:56: SERVER: destructor for server bound to port 58487
11/30/24 21:29:56: Server exiting with status 0.
11/30/24 21:29:56: Closing log file.
11/30/24 22:23:45: Running xcd server. This server was NOT built by gradle, but presumably rdi.
11/30/24 22:23:45: Server was asked to start on port: '60667'
11/30/24 22:23:45: Server is using token UUID: '68c66912-a25e-478f-96f5-496265843aa0'
11/30/24 22:23:45: SESSION_MGR: creating session with session uuid: '6d04a3e9-ade5-4ab9-8d63-1f78fcd2ec76' and name 'default'
11/30/24 22:23:45: Attempting to start server on port '60667'
11/30/24 22:23:45: Running Dispatch Server
11/30/24 22:23:45: Version 2.2.0
11/30/24 22:23:45: Dispatch Server: Accepted socket connection from client
11/30/24 22:23:45: Starting Socket connection
11/30/24 22:23:45: EXCHANGE_TOKEN received, server token: 68c66912-a25e-478f-96f5-496265843aa0, passed token: 68c66912-a25e-478f-96f5-496265843aa0
11/30/24 22:23:45: DISPATCH_HANDLER: Adding handler from function makeHandler in library librdi_system_diagram failed with exception: Could not dynamically load librdi_system_diagram.dll
11/30/24 22:23:45: SESSION_MGR: creating session with session uuid: '08f39f1c-09a6-4f96-af3d-1adc4e967d1a' and name 'vitis-run_compile_accelerator'
11/30/24 22:23:45: KERNEL_SVC: creating session with uuid: '08f39f1c-09a6-4f96-af3d-1adc4e967d1a' and name 'vitis-run_compile_accelerator'
11/30/24 22:23:45: GUIDANCE_SMGR: creating guidance session with uuid: '08f39f1c-09a6-4f96-af3d-1adc4e967d1a' and name 'vitis-run_compile_accelerator'
11/30/24 22:23:52: SESSION_MGR: closing session for UUID '08f39f1c-09a6-4f96-af3d-1adc4e967d1a' with name 'vitis-run_compile_accelerator'
11/30/24 22:23:52: KERNEL_SVC: closing session for UUID '08f39f1c-09a6-4f96-af3d-1adc4e967d1a' with name 'vitis-run_compile_accelerator'
11/30/24 22:23:52: GUIDANCE_SMGR: closing session for UUID '08f39f1c-09a6-4f96-af3d-1adc4e967d1a' with name 'vitis-run_compile_accelerator'
11/30/24 22:23:52: STOP_SERVER received, server token: 68c66912-a25e-478f-96f5-496265843aa0, passed token: 68c66912-a25e-478f-96f5-496265843aa0
11/30/24 22:23:52: Socket received request to stop server.
11/30/24 22:23:52: Dispatch Server: do_await_stop
11/30/24 22:23:52: SERVER: destructor for server bound to port 60667
11/30/24 22:23:52: Server exiting with status 0.
11/30/24 22:23:52: Closing log file.
11/30/24 22:26:27: Running xcd server. This server was NOT built by gradle, but presumably rdi.
11/30/24 22:26:27: Server was asked to start on port: '60678'
11/30/24 22:26:27: Server is using token UUID: 'ffae4e55-68ce-40b8-bcde-b39ab650a31b'
11/30/24 22:26:27: SESSION_MGR: creating session with session uuid: '6d04a3e9-ade5-4ab9-8d63-1f78fcd2ec76' and name 'default'
11/30/24 22:26:27: Attempting to start server on port '60678'
11/30/24 22:26:27: Running Dispatch Server
11/30/24 22:26:27: Version 2.2.0
11/30/24 22:26:27: Dispatch Server: Accepted socket connection from client
11/30/24 22:26:27: Starting Socket connection
11/30/24 22:26:27: EXCHANGE_TOKEN received, server token: ffae4e55-68ce-40b8-bcde-b39ab650a31b, passed token: ffae4e55-68ce-40b8-bcde-b39ab650a31b
11/30/24 22:26:27: DISPATCH_HANDLER: Adding handler from function makeHandler in library librdi_system_diagram failed with exception: Could not dynamically load librdi_system_diagram.dll
11/30/24 22:26:27: SESSION_MGR: creating session with session uuid: '2d193371-a82f-4c56-9176-fdc47b6b16cd' and name 'vitis-run_compile_accelerator'
11/30/24 22:26:27: KERNEL_SVC: creating session with uuid: '2d193371-a82f-4c56-9176-fdc47b6b16cd' and name 'vitis-run_compile_accelerator'
11/30/24 22:26:27: GUIDANCE_SMGR: creating guidance session with uuid: '2d193371-a82f-4c56-9176-fdc47b6b16cd' and name 'vitis-run_compile_accelerator'
11/30/24 22:26:35: SESSION_MGR: closing session for UUID '2d193371-a82f-4c56-9176-fdc47b6b16cd' with name 'vitis-run_compile_accelerator'
11/30/24 22:26:35: KERNEL_SVC: closing session for UUID '2d193371-a82f-4c56-9176-fdc47b6b16cd' with name 'vitis-run_compile_accelerator'
11/30/24 22:26:35: GUIDANCE_SMGR: closing session for UUID '2d193371-a82f-4c56-9176-fdc47b6b16cd' with name 'vitis-run_compile_accelerator'
11/30/24 22:26:35: STOP_SERVER received, server token: ffae4e55-68ce-40b8-bcde-b39ab650a31b, passed token: ffae4e55-68ce-40b8-bcde-b39ab650a31b
11/30/24 22:26:35: Socket received request to stop server.
11/30/24 22:26:35: Dispatch Server: do_await_stop
11/30/24 22:26:35: SERVER: destructor for server bound to port 60678
11/30/24 22:26:35: Server exiting with status 0.
11/30/24 22:26:35: Closing log file.
11/30/24 22:26:53: Running xcd server. This server was NOT built by gradle, but presumably rdi.
11/30/24 22:26:53: Server was asked to start on port: '60680'
11/30/24 22:26:53: Server is using token UUID: '2225a4e8-6108-4da5-a82f-1390c4556894'
11/30/24 22:26:53: SESSION_MGR: creating session with session uuid: '6d04a3e9-ade5-4ab9-8d63-1f78fcd2ec76' and name 'default'
11/30/24 22:26:53: Attempting to start server on port '60680'
11/30/24 22:26:53: Running Dispatch Server
11/30/24 22:26:53: Version 2.2.0
11/30/24 22:26:53: Dispatch Server: Accepted socket connection from client
11/30/24 22:26:53: Starting Socket connection
11/30/24 22:26:53: EXCHANGE_TOKEN received, server token: 2225a4e8-6108-4da5-a82f-1390c4556894, passed token: 2225a4e8-6108-4da5-a82f-1390c4556894
11/30/24 22:26:53: DISPATCH_HANDLER: Adding handler from function makeHandler in library librdi_system_diagram failed with exception: Could not dynamically load librdi_system_diagram.dll
11/30/24 22:26:53: SESSION_MGR: creating session with session uuid: '8b919e4a-74a9-4530-81af-751e4eea4d3a' and name 'vitis-run_compile_accelerator'
11/30/24 22:26:53: KERNEL_SVC: creating session with uuid: '8b919e4a-74a9-4530-81af-751e4eea4d3a' and name 'vitis-run_compile_accelerator'
11/30/24 22:26:53: GUIDANCE_SMGR: creating guidance session with uuid: '8b919e4a-74a9-4530-81af-751e4eea4d3a' and name 'vitis-run_compile_accelerator'
11/30/24 22:27:05: Dispatch Server: Accepted socket connection from client
11/30/24 22:27:05: Starting Socket connection
11/30/24 22:27:50: SESSION_MGR: closing session for UUID '8b919e4a-74a9-4530-81af-751e4eea4d3a' with name 'vitis-run_compile_accelerator'
11/30/24 22:27:50: KERNEL_SVC: closing session for UUID '8b919e4a-74a9-4530-81af-751e4eea4d3a' with name 'vitis-run_compile_accelerator'
11/30/24 22:27:50: GUIDANCE_SMGR: closing session for UUID '8b919e4a-74a9-4530-81af-751e4eea4d3a' with name 'vitis-run_compile_accelerator'
11/30/24 22:27:50: STOP_SERVER received, server token: 2225a4e8-6108-4da5-a82f-1390c4556894, passed token: 2225a4e8-6108-4da5-a82f-1390c4556894
11/30/24 22:27:50: Socket received request to stop server.
11/30/24 22:27:50: Dispatch Server: do_await_stop
11/30/24 22:27:50: SERVER: destructor for server bound to port 60680
11/30/24 22:27:50: Server exiting with status 0.
11/30/24 22:27:50: Closing log file.
11/30/24 22:33:36: Running xcd server. This server was NOT built by gradle, but presumably rdi.
11/30/24 22:33:36: Server was asked to start on port: '60693'
11/30/24 22:33:36: Server is using token UUID: '0345defe-f8e7-4fe4-9cb6-8818314034b1'
11/30/24 22:33:36: SESSION_MGR: creating session with session uuid: '6d04a3e9-ade5-4ab9-8d63-1f78fcd2ec76' and name 'default'
11/30/24 22:33:36: Attempting to start server on port '60693'
11/30/24 22:33:36: Running Dispatch Server
11/30/24 22:33:36: Version 2.2.0
11/30/24 22:33:37: Dispatch Server: Accepted socket connection from client
11/30/24 22:33:37: Starting Socket connection
11/30/24 22:33:37: EXCHANGE_TOKEN received, server token: 0345defe-f8e7-4fe4-9cb6-8818314034b1, passed token: 0345defe-f8e7-4fe4-9cb6-8818314034b1
11/30/24 22:33:37: DISPATCH_HANDLER: Adding handler from function makeHandler in library librdi_system_diagram failed with exception: Could not dynamically load librdi_system_diagram.dll
11/30/24 22:33:37: SESSION_MGR: creating session with session uuid: '0fe2c072-061e-4a15-a74d-b1c2ae60a78f' and name 'vitis-run_compile_accelerator'
11/30/24 22:33:37: KERNEL_SVC: creating session with uuid: '0fe2c072-061e-4a15-a74d-b1c2ae60a78f' and name 'vitis-run_compile_accelerator'
11/30/24 22:33:37: GUIDANCE_SMGR: creating guidance session with uuid: '0fe2c072-061e-4a15-a74d-b1c2ae60a78f' and name 'vitis-run_compile_accelerator'
11/30/24 22:33:44: SESSION_MGR: closing session for UUID '0fe2c072-061e-4a15-a74d-b1c2ae60a78f' with name 'vitis-run_compile_accelerator'
11/30/24 22:33:44: KERNEL_SVC: closing session for UUID '0fe2c072-061e-4a15-a74d-b1c2ae60a78f' with name 'vitis-run_compile_accelerator'
11/30/24 22:33:44: GUIDANCE_SMGR: closing session for UUID '0fe2c072-061e-4a15-a74d-b1c2ae60a78f' with name 'vitis-run_compile_accelerator'
11/30/24 22:33:44: STOP_SERVER received, server token: 0345defe-f8e7-4fe4-9cb6-8818314034b1, passed token: 0345defe-f8e7-4fe4-9cb6-8818314034b1
11/30/24 22:33:44: Socket received request to stop server.
11/30/24 22:33:44: Dispatch Server: do_await_stop
11/30/24 22:33:44: SERVER: destructor for server bound to port 60693
11/30/24 22:33:44: Server exiting with status 0.
11/30/24 22:33:44: Closing log file.
11/30/24 22:34:11: Running xcd server. This server was NOT built by gradle, but presumably rdi.
11/30/24 22:34:11: Server was asked to start on port: '60695'
11/30/24 22:34:11: Server is using token UUID: '80209d3e-abbc-492d-b98b-747984e0ec36'
11/30/24 22:34:11: SESSION_MGR: creating session with session uuid: '6d04a3e9-ade5-4ab9-8d63-1f78fcd2ec76' and name 'default'
11/30/24 22:34:11: Attempting to start server on port '60695'
11/30/24 22:34:11: Running Dispatch Server
11/30/24 22:34:11: Version 2.2.0
11/30/24 22:34:11: Dispatch Server: Accepted socket connection from client
11/30/24 22:34:11: Starting Socket connection
11/30/24 22:34:11: EXCHANGE_TOKEN received, server token: 80209d3e-abbc-492d-b98b-747984e0ec36, passed token: 80209d3e-abbc-492d-b98b-747984e0ec36
11/30/24 22:34:11: DISPATCH_HANDLER: Adding handler from function makeHandler in library librdi_system_diagram failed with exception: Could not dynamically load librdi_system_diagram.dll
11/30/24 22:34:11: SESSION_MGR: creating session with session uuid: '87bb9e26-8378-4f14-b237-c0f42ebf2116' and name 'vitis-run_compile_accelerator'
11/30/24 22:34:11: KERNEL_SVC: creating session with uuid: '87bb9e26-8378-4f14-b237-c0f42ebf2116' and name 'vitis-run_compile_accelerator'
11/30/24 22:34:11: GUIDANCE_SMGR: creating guidance session with uuid: '87bb9e26-8378-4f14-b237-c0f42ebf2116' and name 'vitis-run_compile_accelerator'
11/30/24 22:34:19: SESSION_MGR: closing session for UUID '87bb9e26-8378-4f14-b237-c0f42ebf2116' with name 'vitis-run_compile_accelerator'
11/30/24 22:34:19: KERNEL_SVC: closing session for UUID '87bb9e26-8378-4f14-b237-c0f42ebf2116' with name 'vitis-run_compile_accelerator'
11/30/24 22:34:19: GUIDANCE_SMGR: closing session for UUID '87bb9e26-8378-4f14-b237-c0f42ebf2116' with name 'vitis-run_compile_accelerator'
11/30/24 22:34:19: STOP_SERVER received, server token: 80209d3e-abbc-492d-b98b-747984e0ec36, passed token: 80209d3e-abbc-492d-b98b-747984e0ec36
11/30/24 22:34:19: Socket received request to stop server.
11/30/24 22:34:19: Dispatch Server: do_await_stop
11/30/24 22:34:19: SERVER: destructor for server bound to port 60695
11/30/24 22:34:19: Server exiting with status 0.
11/30/24 22:34:19: Closing log file.
11/30/24 22:41:52: Running xcd server. This server was NOT built by gradle, but presumably rdi.
11/30/24 22:41:52: Server was asked to start on port: '60706'
11/30/24 22:41:52: Server is using token UUID: '833d2c16-15a7-4e0e-a540-1a30ee5c5b95'
11/30/24 22:41:52: SESSION_MGR: creating session with session uuid: '6d04a3e9-ade5-4ab9-8d63-1f78fcd2ec76' and name 'default'
11/30/24 22:41:52: Attempting to start server on port '60706'
11/30/24 22:41:52: Running Dispatch Server
11/30/24 22:41:52: Version 2.2.0
11/30/24 22:41:52: Dispatch Server: Accepted socket connection from client
11/30/24 22:41:52: Starting Socket connection
11/30/24 22:41:52: EXCHANGE_TOKEN received, server token: 833d2c16-15a7-4e0e-a540-1a30ee5c5b95, passed token: 833d2c16-15a7-4e0e-a540-1a30ee5c5b95
11/30/24 22:41:52: DISPATCH_HANDLER: Adding handler from function makeHandler in library librdi_system_diagram failed with exception: Could not dynamically load librdi_system_diagram.dll
11/30/24 22:41:52: SESSION_MGR: creating session with session uuid: '00b62bb6-f3a7-4e6c-b1fd-e169d5d8c8cd' and name 'vitis-run_compile_accelerator'
11/30/24 22:41:52: KERNEL_SVC: creating session with uuid: '00b62bb6-f3a7-4e6c-b1fd-e169d5d8c8cd' and name 'vitis-run_compile_accelerator'
11/30/24 22:41:52: GUIDANCE_SMGR: creating guidance session with uuid: '00b62bb6-f3a7-4e6c-b1fd-e169d5d8c8cd' and name 'vitis-run_compile_accelerator'
11/30/24 22:41:57: SESSION_MGR: closing session for UUID '00b62bb6-f3a7-4e6c-b1fd-e169d5d8c8cd' with name 'vitis-run_compile_accelerator'
11/30/24 22:41:57: KERNEL_SVC: closing session for UUID '00b62bb6-f3a7-4e6c-b1fd-e169d5d8c8cd' with name 'vitis-run_compile_accelerator'
11/30/24 22:41:57: GUIDANCE_SMGR: closing session for UUID '00b62bb6-f3a7-4e6c-b1fd-e169d5d8c8cd' with name 'vitis-run_compile_accelerator'
11/30/24 22:41:57: STOP_SERVER received, server token: 833d2c16-15a7-4e0e-a540-1a30ee5c5b95, passed token: 833d2c16-15a7-4e0e-a540-1a30ee5c5b95
11/30/24 22:41:57: Socket received request to stop server.
11/30/24 22:41:57: Dispatch Server: do_await_stop
11/30/24 22:41:57: SERVER: destructor for server bound to port 60706
11/30/24 22:41:57: Server exiting with status 0.
11/30/24 22:41:57: Closing log file.
11/30/24 22:56:46: Running xcd server. This server was NOT built by gradle, but presumably rdi.
11/30/24 22:56:46: Server was asked to start on port: '60728'
11/30/24 22:56:46: Server is using token UUID: '4c7f7538-85a5-4ed9-a345-7e64d8b90233'
11/30/24 22:56:46: SESSION_MGR: creating session with session uuid: '6d04a3e9-ade5-4ab9-8d63-1f78fcd2ec76' and name 'default'
11/30/24 22:56:46: Attempting to start server on port '60728'
11/30/24 22:56:46: Running Dispatch Server
11/30/24 22:56:46: Version 2.2.0
11/30/24 22:56:47: Dispatch Server: Accepted socket connection from client
11/30/24 22:56:47: Starting Socket connection
11/30/24 22:56:47: EXCHANGE_TOKEN received, server token: 4c7f7538-85a5-4ed9-a345-7e64d8b90233, passed token: 4c7f7538-85a5-4ed9-a345-7e64d8b90233
11/30/24 22:56:47: DISPATCH_HANDLER: Adding handler from function makeHandler in library librdi_system_diagram failed with exception: Could not dynamically load librdi_system_diagram.dll
11/30/24 22:56:47: SESSION_MGR: creating session with session uuid: '7277ef78-4562-42b3-910a-ce3dc2403d85' and name 'vitis-run_compile_accelerator'
11/30/24 22:56:47: KERNEL_SVC: creating session with uuid: '7277ef78-4562-42b3-910a-ce3dc2403d85' and name 'vitis-run_compile_accelerator'
11/30/24 22:56:47: GUIDANCE_SMGR: creating guidance session with uuid: '7277ef78-4562-42b3-910a-ce3dc2403d85' and name 'vitis-run_compile_accelerator'
11/30/24 22:56:54: SESSION_MGR: closing session for UUID '7277ef78-4562-42b3-910a-ce3dc2403d85' with name 'vitis-run_compile_accelerator'
11/30/24 22:56:54: KERNEL_SVC: closing session for UUID '7277ef78-4562-42b3-910a-ce3dc2403d85' with name 'vitis-run_compile_accelerator'
11/30/24 22:56:54: GUIDANCE_SMGR: closing session for UUID '7277ef78-4562-42b3-910a-ce3dc2403d85' with name 'vitis-run_compile_accelerator'
11/30/24 22:56:54: STOP_SERVER received, server token: 4c7f7538-85a5-4ed9-a345-7e64d8b90233, passed token: 4c7f7538-85a5-4ed9-a345-7e64d8b90233
11/30/24 22:56:54: Socket received request to stop server.
11/30/24 22:56:54: Dispatch Server: do_await_stop
11/30/24 22:56:54: SERVER: destructor for server bound to port 60728
11/30/24 22:56:54: Server exiting with status 0.
11/30/24 22:56:54: Closing log file.
11/30/24 22:57:55: Running xcd server. This server was NOT built by gradle, but presumably rdi.
11/30/24 22:57:55: Server was asked to start on port: '60735'
11/30/24 22:57:55: Server is using token UUID: '4c739eea-9238-4903-bd71-57a628ad7e26'
11/30/24 22:57:55: SESSION_MGR: creating session with session uuid: '6d04a3e9-ade5-4ab9-8d63-1f78fcd2ec76' and name 'default'
11/30/24 22:57:55: Attempting to start server on port '60735'
11/30/24 22:57:55: Running Dispatch Server
11/30/24 22:57:55: Version 2.2.0
11/30/24 22:57:55: Dispatch Server: Accepted socket connection from client
11/30/24 22:57:55: Starting Socket connection
11/30/24 22:57:55: EXCHANGE_TOKEN received, server token: 4c739eea-9238-4903-bd71-57a628ad7e26, passed token: 4c739eea-9238-4903-bd71-57a628ad7e26
11/30/24 22:57:55: DISPATCH_HANDLER: Adding handler from function makeHandler in library librdi_system_diagram failed with exception: Could not dynamically load librdi_system_diagram.dll
11/30/24 22:57:55: SESSION_MGR: creating session with session uuid: 'd8793a4c-c1f1-4f44-8bed-9f4a08467f3f' and name 'vitis-run_compile_accelerator'
11/30/24 22:57:55: KERNEL_SVC: creating session with uuid: 'd8793a4c-c1f1-4f44-8bed-9f4a08467f3f' and name 'vitis-run_compile_accelerator'
11/30/24 22:57:55: GUIDANCE_SMGR: creating guidance session with uuid: 'd8793a4c-c1f1-4f44-8bed-9f4a08467f3f' and name 'vitis-run_compile_accelerator'
11/30/24 22:58:02: SESSION_MGR: closing session for UUID 'd8793a4c-c1f1-4f44-8bed-9f4a08467f3f' with name 'vitis-run_compile_accelerator'
11/30/24 22:58:02: KERNEL_SVC: closing session for UUID 'd8793a4c-c1f1-4f44-8bed-9f4a08467f3f' with name 'vitis-run_compile_accelerator'
11/30/24 22:58:02: GUIDANCE_SMGR: closing session for UUID 'd8793a4c-c1f1-4f44-8bed-9f4a08467f3f' with name 'vitis-run_compile_accelerator'
11/30/24 22:58:02: STOP_SERVER received, server token: 4c739eea-9238-4903-bd71-57a628ad7e26, passed token: 4c739eea-9238-4903-bd71-57a628ad7e26
11/30/24 22:58:02: Socket received request to stop server.
11/30/24 22:58:02: Dispatch Server: do_await_stop
11/30/24 22:58:02: SERVER: destructor for server bound to port 60735
11/30/24 22:58:02: Server exiting with status 0.
11/30/24 22:58:02: Closing log file.
11/30/24 23:09:57: Running xcd server. This server was NOT built by gradle, but presumably rdi.
11/30/24 23:09:57: Server was asked to start on port: '60752'
11/30/24 23:09:57: Server is using token UUID: 'befdf08a-c81f-4451-bc12-14c8a7da9dfd'
11/30/24 23:09:57: SESSION_MGR: creating session with session uuid: '6d04a3e9-ade5-4ab9-8d63-1f78fcd2ec76' and name 'default'
11/30/24 23:09:57: Attempting to start server on port '60752'
11/30/24 23:09:57: Running Dispatch Server
11/30/24 23:09:57: Version 2.2.0
11/30/24 23:09:57: Dispatch Server: Accepted socket connection from client
11/30/24 23:09:57: Starting Socket connection
11/30/24 23:09:57: EXCHANGE_TOKEN received, server token: befdf08a-c81f-4451-bc12-14c8a7da9dfd, passed token: befdf08a-c81f-4451-bc12-14c8a7da9dfd
11/30/24 23:09:57: DISPATCH_HANDLER: Adding handler from function makeHandler in library librdi_system_diagram failed with exception: Could not dynamically load librdi_system_diagram.dll
11/30/24 23:09:57: SESSION_MGR: creating session with session uuid: '41a3701f-3385-4030-9c65-6e9eba90acdb' and name 'vitis-run_compile_accelerator'
11/30/24 23:09:57: KERNEL_SVC: creating session with uuid: '41a3701f-3385-4030-9c65-6e9eba90acdb' and name 'vitis-run_compile_accelerator'
11/30/24 23:09:57: GUIDANCE_SMGR: creating guidance session with uuid: '41a3701f-3385-4030-9c65-6e9eba90acdb' and name 'vitis-run_compile_accelerator'
11/30/24 23:10:09: Dispatch Server: Accepted socket connection from client
11/30/24 23:10:09: Starting Socket connection
11/30/24 23:10:52: SESSION_MGR: closing session for UUID '41a3701f-3385-4030-9c65-6e9eba90acdb' with name 'vitis-run_compile_accelerator'
11/30/24 23:10:52: KERNEL_SVC: closing session for UUID '41a3701f-3385-4030-9c65-6e9eba90acdb' with name 'vitis-run_compile_accelerator'
11/30/24 23:10:52: GUIDANCE_SMGR: closing session for UUID '41a3701f-3385-4030-9c65-6e9eba90acdb' with name 'vitis-run_compile_accelerator'
11/30/24 23:10:52: STOP_SERVER received, server token: befdf08a-c81f-4451-bc12-14c8a7da9dfd, passed token: befdf08a-c81f-4451-bc12-14c8a7da9dfd
11/30/24 23:10:52: Socket received request to stop server.
11/30/24 23:10:52: Dispatch Server: do_await_stop
11/30/24 23:10:52: SERVER: destructor for server bound to port 60752
11/30/24 23:10:52: Server exiting with status 0.
11/30/24 23:10:52: Closing log file.
11/30/24 23:11:06: Running xcd server. This server was NOT built by gradle, but presumably rdi.
11/30/24 23:11:06: Server was asked to start on port: '60757'
11/30/24 23:11:06: Server is using token UUID: '0d65b4d0-e866-4ad2-8300-fb5173c93d51'
11/30/24 23:11:06: SESSION_MGR: creating session with session uuid: '6d04a3e9-ade5-4ab9-8d63-1f78fcd2ec76' and name 'default'
11/30/24 23:11:06: Attempting to start server on port '60757'
11/30/24 23:11:06: Running Dispatch Server
11/30/24 23:11:06: Version 2.2.0
11/30/24 23:11:07: Dispatch Server: Accepted socket connection from client
11/30/24 23:11:07: Starting Socket connection
11/30/24 23:11:07: EXCHANGE_TOKEN received, server token: 0d65b4d0-e866-4ad2-8300-fb5173c93d51, passed token: 0d65b4d0-e866-4ad2-8300-fb5173c93d51
11/30/24 23:11:07: DISPATCH_HANDLER: Adding handler from function makeHandler in library librdi_system_diagram failed with exception: Could not dynamically load librdi_system_diagram.dll
11/30/24 23:11:07: SESSION_MGR: creating session with session uuid: '3a5c7a22-c6d6-4b04-8b9d-57853f05b23f' and name 'vitis-run_compile_accelerator'
11/30/24 23:11:07: KERNEL_SVC: creating session with uuid: '3a5c7a22-c6d6-4b04-8b9d-57853f05b23f' and name 'vitis-run_compile_accelerator'
11/30/24 23:11:07: GUIDANCE_SMGR: creating guidance session with uuid: '3a5c7a22-c6d6-4b04-8b9d-57853f05b23f' and name 'vitis-run_compile_accelerator'
11/30/24 23:11:19: Dispatch Server: Accepted socket connection from client
11/30/24 23:11:19: Starting Socket connection
11/30/24 23:11:20: SESSION_MGR: closing session for UUID '3a5c7a22-c6d6-4b04-8b9d-57853f05b23f' with name 'vitis-run_compile_accelerator'
11/30/24 23:11:20: KERNEL_SVC: closing session for UUID '3a5c7a22-c6d6-4b04-8b9d-57853f05b23f' with name 'vitis-run_compile_accelerator'
11/30/24 23:11:20: GUIDANCE_SMGR: closing session for UUID '3a5c7a22-c6d6-4b04-8b9d-57853f05b23f' with name 'vitis-run_compile_accelerator'
11/30/24 23:11:20: STOP_SERVER received, server token: 0d65b4d0-e866-4ad2-8300-fb5173c93d51, passed token: 0d65b4d0-e866-4ad2-8300-fb5173c93d51
11/30/24 23:11:20: Socket received request to stop server.
11/30/24 23:11:20: Dispatch Server: do_await_stop
11/30/24 23:11:20: SERVER: destructor for server bound to port 60757
11/30/24 23:11:20: Server exiting with status 0.
11/30/24 23:11:20: Closing log file.
11/30/24 23:12:57: Running xcd server. This server was NOT built by gradle, but presumably rdi.
11/30/24 23:12:57: Server was asked to start on port: '60761'
11/30/24 23:12:57: Server is using token UUID: '8111eb15-368e-4b93-937a-79e20f7f341e'
11/30/24 23:12:57: SESSION_MGR: creating session with session uuid: '6d04a3e9-ade5-4ab9-8d63-1f78fcd2ec76' and name 'default'
11/30/24 23:12:57: Attempting to start server on port '60761'
11/30/24 23:12:57: Running Dispatch Server
11/30/24 23:12:57: Version 2.2.0
11/30/24 23:12:57: Dispatch Server: Accepted socket connection from client
11/30/24 23:12:57: Starting Socket connection
11/30/24 23:12:58: EXCHANGE_TOKEN received, server token: 8111eb15-368e-4b93-937a-79e20f7f341e, passed token: 8111eb15-368e-4b93-937a-79e20f7f341e
11/30/24 23:12:58: DISPATCH_HANDLER: Adding handler from function makeHandler in library librdi_system_diagram failed with exception: Could not dynamically load librdi_system_diagram.dll
11/30/24 23:12:58: SESSION_MGR: creating session with session uuid: '64ef253c-7304-4181-8c6a-88179b673de3' and name 'vitis-run_compile_accelerator'
11/30/24 23:12:58: KERNEL_SVC: creating session with uuid: '64ef253c-7304-4181-8c6a-88179b673de3' and name 'vitis-run_compile_accelerator'
11/30/24 23:12:58: GUIDANCE_SMGR: creating guidance session with uuid: '64ef253c-7304-4181-8c6a-88179b673de3' and name 'vitis-run_compile_accelerator'
11/30/24 23:13:09: Dispatch Server: Accepted socket connection from client
11/30/24 23:13:09: Starting Socket connection
11/30/24 23:13:10: SESSION_MGR: closing session for UUID '64ef253c-7304-4181-8c6a-88179b673de3' with name 'vitis-run_compile_accelerator'
11/30/24 23:13:10: KERNEL_SVC: closing session for UUID '64ef253c-7304-4181-8c6a-88179b673de3' with name 'vitis-run_compile_accelerator'
11/30/24 23:13:10: GUIDANCE_SMGR: closing session for UUID '64ef253c-7304-4181-8c6a-88179b673de3' with name 'vitis-run_compile_accelerator'
11/30/24 23:13:10: STOP_SERVER received, server token: 8111eb15-368e-4b93-937a-79e20f7f341e, passed token: 8111eb15-368e-4b93-937a-79e20f7f341e
11/30/24 23:13:10: Socket received request to stop server.
11/30/24 23:13:10: Dispatch Server: do_await_stop
11/30/24 23:13:10: SERVER: destructor for server bound to port 60761
11/30/24 23:13:10: Server exiting with status 0.
11/30/24 23:13:10: Closing log file.
11/30/24 23:20:36: Running xcd server. This server was NOT built by gradle, but presumably rdi.
11/30/24 23:20:36: Server was asked to start on port: '60861'
11/30/24 23:20:36: Server is using token UUID: 'a85b1cfc-1048-405d-a74b-9c06d9e90efa'
11/30/24 23:20:36: SESSION_MGR: creating session with session uuid: '6d04a3e9-ade5-4ab9-8d63-1f78fcd2ec76' and name 'default'
11/30/24 23:20:36: Attempting to start server on port '60861'
11/30/24 23:20:36: Running Dispatch Server
11/30/24 23:20:36: Version 2.2.0
11/30/24 23:20:37: Dispatch Server: Accepted socket connection from client
11/30/24 23:20:37: Starting Socket connection
11/30/24 23:20:37: EXCHANGE_TOKEN received, server token: a85b1cfc-1048-405d-a74b-9c06d9e90efa, passed token: a85b1cfc-1048-405d-a74b-9c06d9e90efa
11/30/24 23:20:37: DISPATCH_HANDLER: Adding handler from function makeHandler in library librdi_system_diagram failed with exception: Could not dynamically load librdi_system_diagram.dll
11/30/24 23:20:37: SESSION_MGR: creating session with session uuid: '5df70870-a9e7-483e-9ef6-77817c9c4c1c' and name 'vitis-run_compile_accelerator'
11/30/24 23:20:37: KERNEL_SVC: creating session with uuid: '5df70870-a9e7-483e-9ef6-77817c9c4c1c' and name 'vitis-run_compile_accelerator'
11/30/24 23:20:37: GUIDANCE_SMGR: creating guidance session with uuid: '5df70870-a9e7-483e-9ef6-77817c9c4c1c' and name 'vitis-run_compile_accelerator'
11/30/24 23:20:48: Dispatch Server: Accepted socket connection from client
11/30/24 23:20:48: Starting Socket connection
11/30/24 23:20:50: SESSION_MGR: closing session for UUID '5df70870-a9e7-483e-9ef6-77817c9c4c1c' with name 'vitis-run_compile_accelerator'
11/30/24 23:20:50: KERNEL_SVC: closing session for UUID '5df70870-a9e7-483e-9ef6-77817c9c4c1c' with name 'vitis-run_compile_accelerator'
11/30/24 23:20:50: GUIDANCE_SMGR: closing session for UUID '5df70870-a9e7-483e-9ef6-77817c9c4c1c' with name 'vitis-run_compile_accelerator'
11/30/24 23:20:50: STOP_SERVER received, server token: a85b1cfc-1048-405d-a74b-9c06d9e90efa, passed token: a85b1cfc-1048-405d-a74b-9c06d9e90efa
11/30/24 23:20:50: Socket received request to stop server.
11/30/24 23:20:50: Dispatch Server: do_await_stop
11/30/24 23:20:50: SERVER: destructor for server bound to port 60861
11/30/24 23:20:50: Server exiting with status 0.
11/30/24 23:20:50: Closing log file.
